/home/xlx9645/miniconda3/envs/maze/lib/python3.9/site-packages/gymnasium/envs/registration.py:642: UserWarning: [33mWARN: Overriding environment TrapMazeEnv already in registry.[0m
  logger.warn(f"Overriding environment {new_spec.id} already in registry.")
wandb: Using wandb-core as the SDK backend.  Please refer to https://wandb.me/wandb-core for more information.
wandb: Currently logged in as: yuxuanli2023 (yuxuanli2023-northwestern-university). Use `wandb login --relogin` to force relogin
wandb: Tracking run with wandb version 0.19.1
wandb: Run data is saved locally in /home/xlx9645/failed/Maze/update_baselines/wandb/run-20250107_194750-kem8nzt8
wandb: Run `wandb offline` to turn off syncing.
wandb: Syncing run GAIL
wandb: ⭐️ View project at https://wandb.ai/yuxuanli2023-northwestern-university/Main_Umaze
wandb: 🚀 View run at https://wandb.ai/yuxuanli2023-northwestern-university/Main_Umaze/runs/kem8nzt8
/home/xlx9645/miniconda3/envs/maze/lib/python3.9/site-packages/gymnasium/spaces/box.py:235: UserWarning: [33mWARN: Box low's precision lowered by casting to float32, current low.dtype=float64[0m
  gym.logger.warn(
/home/xlx9645/miniconda3/envs/maze/lib/python3.9/site-packages/gymnasium/spaces/box.py:305: UserWarning: [33mWARN: Box high's precision lowered by casting to float32, current high.dtype=float64[0m
  gym.logger.warn(
/home/xlx9645/miniconda3/envs/maze/lib/python3.9/site-packages/torch/optim/lr_scheduler.py:224: UserWarning: Detected call of `lr_scheduler.step()` before `optimizer.step()`. In PyTorch 1.1.0 and later, you should call them in the opposite order: `optimizer.step()` before `lr_scheduler.step()`.  Failure to do this will result in PyTorch skipping the first value of the learning rate schedule. See more details at https://pytorch.org/docs/stable/optim.html#how-to-adjust-learning-rate
  warnings.warn(
/home/xlx9645/miniconda3/envs/maze/lib/python3.9/site-packages/torch/optim/lr_scheduler.py:224: UserWarning: Detected call of `lr_scheduler.step()` before `optimizer.step()`. In PyTorch 1.1.0 and later, you should call them in the opposite order: `optimizer.step()` before `lr_scheduler.step()`.  Failure to do this will result in PyTorch skipping the first value of the learning rate schedule. See more details at https://pytorch.org/docs/stable/optim.html#how-to-adjust-learning-rate
  warnings.warn(
Total T: 300 Episode Num: 1 Episode T: 300 Reward: 0.000 PseudoReward: [[195.59479]]
Episode 1, Average Success Rate (last 10 eps): 0.00
Total T: 600 Episode Num: 2 Episode T: 300 Reward: 248.000 PseudoReward: [[351.58923]]
Episode 2, Average Success Rate (last 10 eps): 0.50
Total T: 900 Episode Num: 3 Episode T: 300 Reward: 0.000 PseudoReward: [[319.24844]]
Episode 3, Average Success Rate (last 10 eps): 0.33
Total T: 1200 Episode Num: 4 Episode T: 300 Reward: 0.000 PseudoReward: [[316.1396]]
Episode 4, Average Success Rate (last 10 eps): 0.25
Total T: 1500 Episode Num: 5 Episode T: 300 Reward: 0.000 PseudoReward: [[384.41763]]
Episode 5, Average Success Rate (last 10 eps): 0.20
Total T: 1800 Episode Num: 6 Episode T: 300 Reward: 0.000 PseudoReward: [[328.77826]]
Episode 6, Average Success Rate (last 10 eps): 0.17
Total T: 2100 Episode Num: 7 Episode T: 300 Reward: 0.000 PseudoReward: [[406.2337]]
Episode 7, Average Success Rate (last 10 eps): 0.14
Total T: 2400 Episode Num: 8 Episode T: 300 Reward: 280.000 PseudoReward: [[370.03226]]
Episode 8, Average Success Rate (last 10 eps): 0.25
Total T: 2700 Episode Num: 9 Episode T: 300 Reward: 0.000 PseudoReward: [[405.85855]]
Episode 9, Average Success Rate (last 10 eps): 0.22
Total T: 3000 Episode Num: 10 Episode T: 300 Reward: 233.000 PseudoReward: [[323.26837]]
Episode 10, Average Success Rate (last 10 eps): 0.30
Total T: 3300 Episode Num: 11 Episode T: 300 Reward: 0.000 PseudoReward: [[223.52121]]
Episode 11, Average Success Rate (last 10 eps): 0.30
Total T: 3600 Episode Num: 12 Episode T: 300 Reward: 0.000 PseudoReward: [[294.816]]
Episode 12, Average Success Rate (last 10 eps): 0.20
Total T: 3900 Episode Num: 13 Episode T: 300 Reward: 0.000 PseudoReward: [[287.68564]]
Episode 13, Average Success Rate (last 10 eps): 0.20
Total T: 4200 Episode Num: 14 Episode T: 300 Reward: 0.000 PseudoReward: [[302.43866]]
Episode 14, Average Success Rate (last 10 eps): 0.20
Total T: 4500 Episode Num: 15 Episode T: 300 Reward: 199.000 PseudoReward: [[284.1774]]
Episode 15, Average Success Rate (last 10 eps): 0.30
Total T: 4800 Episode Num: 16 Episode T: 300 Reward: 0.000 PseudoReward: [[246.0106]]
Episode 16, Average Success Rate (last 10 eps): 0.30
Total T: 5100 Episode Num: 17 Episode T: 300 Reward: 0.000 PseudoReward: [[211.00357]]
Episode 17, Average Success Rate (last 10 eps): 0.30
Total T: 5400 Episode Num: 18 Episode T: 300 Reward: 250.000 PseudoReward: [[281.46918]]
Episode 18, Average Success Rate (last 10 eps): 0.30
Total T: 5700 Episode Num: 19 Episode T: 300 Reward: 0.000 PseudoReward: [[274.7746]]
Episode 19, Average Success Rate (last 10 eps): 0.30
Total T: 6000 Episode Num: 20 Episode T: 300 Reward: 0.000 PseudoReward: [[325.36212]]
Episode 20, Average Success Rate (last 10 eps): 0.20
Total T: 6300 Episode Num: 21 Episode T: 300 Reward: 0.000 PseudoReward: [[123.09473]]
Episode 21, Average Success Rate (last 10 eps): 0.20
Total T: 6600 Episode Num: 22 Episode T: 300 Reward: 0.000 PseudoReward: [[180.90634]]
Episode 22, Average Success Rate (last 10 eps): 0.20
Total T: 6900 Episode Num: 23 Episode T: 300 Reward: 0.000 PseudoReward: [[136.79176]]
Episode 23, Average Success Rate (last 10 eps): 0.20
Total T: 7200 Episode Num: 24 Episode T: 300 Reward: 284.000 PseudoReward: [[171.08408]]
Episode 24, Average Success Rate (last 10 eps): 0.30
Total T: 7500 Episode Num: 25 Episode T: 300 Reward: 0.000 PseudoReward: [[141.31398]]
Episode 25, Average Success Rate (last 10 eps): 0.20
Total T: 7800 Episode Num: 26 Episode T: 300 Reward: 0.000 PseudoReward: [[177.38715]]
Episode 26, Average Success Rate (last 10 eps): 0.20
Total T: 8100 Episode Num: 27 Episode T: 300 Reward: 0.000 PseudoReward: [[122.18849]]
Episode 27, Average Success Rate (last 10 eps): 0.20
Total T: 8400 Episode Num: 28 Episode T: 300 Reward: 293.000 PseudoReward: [[181.78114]]
Episode 28, Average Success Rate (last 10 eps): 0.20
Total T: 8700 Episode Num: 29 Episode T: 300 Reward: 0.000 PseudoReward: [[179.28554]]
Episode 29, Average Success Rate (last 10 eps): 0.20
Total T: 9000 Episode Num: 30 Episode T: 300 Reward: 0.000 PseudoReward: [[154.37375]]
Episode 30, Average Success Rate (last 10 eps): 0.20
Total T: 9300 Episode Num: 31 Episode T: 300 Reward: 0.000 PseudoReward: [[69.28404]]
Episode 31, Average Success Rate (last 10 eps): 0.20
Total T: 9600 Episode Num: 32 Episode T: 300 Reward: 0.000 PseudoReward: [[110.38758]]
Episode 32, Average Success Rate (last 10 eps): 0.20
Total T: 9900 Episode Num: 33 Episode T: 300 Reward: 0.000 PseudoReward: [[76.82296]]
Episode 33, Average Success Rate (last 10 eps): 0.20
Total T: 10200 Episode Num: 34 Episode T: 300 Reward: 0.000 PseudoReward: [[76.00078]]
Episode 34, Average Success Rate (last 10 eps): 0.10
Total T: 10500 Episode Num: 35 Episode T: 300 Reward: 295.000 PseudoReward: [[118.289116]]
Episode 35, Average Success Rate (last 10 eps): 0.20
Total T: 10800 Episode Num: 36 Episode T: 300 Reward: 0.000 PseudoReward: [[53.928913]]
Episode 36, Average Success Rate (last 10 eps): 0.20
Total T: 11100 Episode Num: 37 Episode T: 300 Reward: 0.000 PseudoReward: [[57.95126]]
Episode 37, Average Success Rate (last 10 eps): 0.20
Total T: 11400 Episode Num: 38 Episode T: 300 Reward: 285.000 PseudoReward: [[146.66086]]
Episode 38, Average Success Rate (last 10 eps): 0.20
Total T: 11700 Episode Num: 39 Episode T: 300 Reward: 0.000 PseudoReward: [[84.86861]]
Episode 39, Average Success Rate (last 10 eps): 0.20
Total T: 12000 Episode Num: 40 Episode T: 300 Reward: 278.000 PseudoReward: [[155.75041]]
Episode 40, Average Success Rate (last 10 eps): 0.30
Total T: 12300 Episode Num: 41 Episode T: 300 Reward: 0.000 PseudoReward: [[83.29643]]
Episode 41, Average Success Rate (last 10 eps): 0.30
Total T: 12600 Episode Num: 42 Episode T: 300 Reward: 138.000 PseudoReward: [[228.2702]]
Episode 42, Average Success Rate (last 10 eps): 0.40
Total T: 12900 Episode Num: 43 Episode T: 300 Reward: 0.000 PseudoReward: [[123.969154]]
Episode 43, Average Success Rate (last 10 eps): 0.40
Total T: 13200 Episode Num: 44 Episode T: 300 Reward: 0.000 PseudoReward: [[52.580437]]
Episode 44, Average Success Rate (last 10 eps): 0.40
Total T: 13500 Episode Num: 45 Episode T: 300 Reward: 0.000 PseudoReward: [[74.90762]]
Episode 45, Average Success Rate (last 10 eps): 0.30
Total T: 13800 Episode Num: 46 Episode T: 300 Reward: 0.000 PseudoReward: [[43.137726]]
Episode 46, Average Success Rate (last 10 eps): 0.30
Total T: 14100 Episode Num: 47 Episode T: 300 Reward: 0.000 PseudoReward: [[68.78007]]
Episode 47, Average Success Rate (last 10 eps): 0.30
Total T: 14400 Episode Num: 48 Episode T: 300 Reward: 0.000 PseudoReward: [[114.14468]]
Episode 48, Average Success Rate (last 10 eps): 0.20
Total T: 14700 Episode Num: 49 Episode T: 300 Reward: 0.000 PseudoReward: [[52.66718]]
Episode 49, Average Success Rate (last 10 eps): 0.20
Total T: 15000 Episode Num: 50 Episode T: 300 Reward: 0.000 PseudoReward: [[138.1487]]
Episode 50, Average Success Rate (last 10 eps): 0.10
Total T: 15300 Episode Num: 51 Episode T: 300 Reward: 0.000 PseudoReward: [[54.39689]]
Episode 51, Average Success Rate (last 10 eps): 0.10
Total T: 15600 Episode Num: 52 Episode T: 300 Reward: 0.000 PseudoReward: [[243.7598]]
Episode 52, Average Success Rate (last 10 eps): 0.00
Total T: 15900 Episode Num: 53 Episode T: 300 Reward: 0.000 PseudoReward: [[143.03271]]
Episode 53, Average Success Rate (last 10 eps): 0.00
Total T: 16200 Episode Num: 54 Episode T: 300 Reward: 0.000 PseudoReward: [[61.7154]]
Episode 54, Average Success Rate (last 10 eps): 0.00
Total T: 16500 Episode Num: 55 Episode T: 300 Reward: 0.000 PseudoReward: [[284.20728]]
Episode 55, Average Success Rate (last 10 eps): 0.00
Total T: 16800 Episode Num: 56 Episode T: 300 Reward: 0.000 PseudoReward: [[139.20244]]
Episode 56, Average Success Rate (last 10 eps): 0.00
Total T: 17100 Episode Num: 57 Episode T: 300 Reward: 0.000 PseudoReward: [[216.40364]]
Episode 57, Average Success Rate (last 10 eps): 0.00
Total T: 17400 Episode Num: 58 Episode T: 300 Reward: 0.000 PseudoReward: [[413.19507]]
Episode 58, Average Success Rate (last 10 eps): 0.00
Total T: 17700 Episode Num: 59 Episode T: 300 Reward: 270.000 PseudoReward: [[796.96014]]
Episode 59, Average Success Rate (last 10 eps): 0.10
Total T: 18000 Episode Num: 60 Episode T: 300 Reward: 0.000 PseudoReward: [[137.58354]]
Episode 60, Average Success Rate (last 10 eps): 0.10
Total T: 18300 Episode Num: 61 Episode T: 300 Reward: 0.000 PseudoReward: [[30.483877]]
Episode 61, Average Success Rate (last 10 eps): 0.10
Total T: 18600 Episode Num: 62 Episode T: 300 Reward: 220.000 PseudoReward: [[1021.5794]]
Episode 62, Average Success Rate (last 10 eps): 0.20
Total T: 18900 Episode Num: 63 Episode T: 300 Reward: 0.000 PseudoReward: [[635.3465]]
Episode 63, Average Success Rate (last 10 eps): 0.20
Total T: 19200 Episode Num: 64 Episode T: 300 Reward: 0.000 PseudoReward: [[822.6382]]
Episode 64, Average Success Rate (last 10 eps): 0.20
Total T: 19500 Episode Num: 65 Episode T: 300 Reward: 0.000 PseudoReward: [[1288.8462]]
Episode 65, Average Success Rate (last 10 eps): 0.20
Total T: 19800 Episode Num: 66 Episode T: 300 Reward: 0.000 PseudoReward: [[160.96481]]
Episode 66, Average Success Rate (last 10 eps): 0.20
Total T: 20100 Episode Num: 67 Episode T: 300 Reward: 0.000 PseudoReward: [[1185.6022]]
Episode 67, Average Success Rate (last 10 eps): 0.20
Total T: 20400 Episode Num: 68 Episode T: 300 Reward: 0.000 PseudoReward: [[157.05551]]
Episode 68, Average Success Rate (last 10 eps): 0.20
Total T: 20700 Episode Num: 69 Episode T: 300 Reward: 238.000 PseudoReward: [[1371.8186]]
Episode 69, Average Success Rate (last 10 eps): 0.20
Total T: 21000 Episode Num: 70 Episode T: 300 Reward: 0.000 PseudoReward: [[125.66155]]
Episode 70, Average Success Rate (last 10 eps): 0.20
Total T: 21300 Episode Num: 71 Episode T: 300 Reward: 247.000 PseudoReward: [[872.16376]]
Episode 71, Average Success Rate (last 10 eps): 0.30
Total T: 21600 Episode Num: 72 Episode T: 300 Reward: 0.000 PseudoReward: [[766.1549]]
Episode 72, Average Success Rate (last 10 eps): 0.20
Total T: 21900 Episode Num: 73 Episode T: 300 Reward: 291.000 PseudoReward: [[976.942]]
Episode 73, Average Success Rate (last 10 eps): 0.30
Total T: 22200 Episode Num: 74 Episode T: 300 Reward: 0.000 PseudoReward: [[23.33109]]
Episode 74, Average Success Rate (last 10 eps): 0.30
Total T: 22500 Episode Num: 75 Episode T: 300 Reward: 0.000 PseudoReward: [[616.2622]]
Episode 75, Average Success Rate (last 10 eps): 0.30
Total T: 22800 Episode Num: 76 Episode T: 300 Reward: 277.000 PseudoReward: [[1027.4298]]
Episode 76, Average Success Rate (last 10 eps): 0.40
Total T: 23100 Episode Num: 77 Episode T: 300 Reward: 0.000 PseudoReward: [[593.3576]]
Episode 77, Average Success Rate (last 10 eps): 0.40
Total T: 23400 Episode Num: 78 Episode T: 300 Reward: 0.000 PseudoReward: [[113.578514]]
Episode 78, Average Success Rate (last 10 eps): 0.40
Total T: 23700 Episode Num: 79 Episode T: 300 Reward: 0.000 PseudoReward: [[1222.1847]]
Episode 79, Average Success Rate (last 10 eps): 0.30
Total T: 24000 Episode Num: 80 Episode T: 300 Reward: 0.000 PseudoReward: [[913.91754]]
Episode 80, Average Success Rate (last 10 eps): 0.30
Total T: 24300 Episode Num: 81 Episode T: 300 Reward: 0.000 PseudoReward: [[150.82672]]
Episode 81, Average Success Rate (last 10 eps): 0.20
Total T: 24600 Episode Num: 82 Episode T: 300 Reward: 0.000 PseudoReward: [[225.69865]]
Episode 82, Average Success Rate (last 10 eps): 0.20
Total T: 24900 Episode Num: 83 Episode T: 300 Reward: 0.000 PseudoReward: [[22.495125]]
Episode 83, Average Success Rate (last 10 eps): 0.10
Total T: 25200 Episode Num: 84 Episode T: 300 Reward: 0.000 PseudoReward: [[672.56067]]
Episode 84, Average Success Rate (last 10 eps): 0.10
Total T: 25500 Episode Num: 85 Episode T: 300 Reward: 0.000 PseudoReward: [[172.98515]]
Episode 85, Average Success Rate (last 10 eps): 0.10
Total T: 25800 Episode Num: 86 Episode T: 300 Reward: 0.000 PseudoReward: [[182.43442]]
Episode 86, Average Success Rate (last 10 eps): 0.00
Total T: 26100 Episode Num: 87 Episode T: 300 Reward: 0.000 PseudoReward: [[605.0984]]
Episode 87, Average Success Rate (last 10 eps): 0.00
Total T: 26400 Episode Num: 88 Episode T: 300 Reward: 0.000 PseudoReward: [[290.92044]]
Episode 88, Average Success Rate (last 10 eps): 0.00
Total T: 26700 Episode Num: 89 Episode T: 300 Reward: 0.000 PseudoReward: [[281.33545]]
Episode 89, Average Success Rate (last 10 eps): 0.00
Total T: 27000 Episode Num: 90 Episode T: 300 Reward: 0.000 PseudoReward: [[235.98825]]
Episode 90, Average Success Rate (last 10 eps): 0.00
Total T: 27300 Episode Num: 91 Episode T: 300 Reward: 0.000 PseudoReward: [[168.75237]]
Episode 91, Average Success Rate (last 10 eps): 0.00
Total T: 27600 Episode Num: 92 Episode T: 300 Reward: 287.000 PseudoReward: [[184.7257]]
Episode 92, Average Success Rate (last 10 eps): 0.10
Total T: 27900 Episode Num: 93 Episode T: 300 Reward: 0.000 PseudoReward: [[316.81473]]
Episode 93, Average Success Rate (last 10 eps): 0.10
Total T: 28200 Episode Num: 94 Episode T: 300 Reward: 0.000 PseudoReward: [[79.3573]]
Episode 94, Average Success Rate (last 10 eps): 0.10
Total T: 28500 Episode Num: 95 Episode T: 300 Reward: 235.000 PseudoReward: [[177.431]]
Episode 95, Average Success Rate (last 10 eps): 0.20
Total T: 28800 Episode Num: 96 Episode T: 300 Reward: 0.000 PseudoReward: [[43.696644]]
Episode 96, Average Success Rate (last 10 eps): 0.20
Total T: 29100 Episode Num: 97 Episode T: 300 Reward: 260.000 PseudoReward: [[234.55067]]
Episode 97, Average Success Rate (last 10 eps): 0.30
Total T: 29400 Episode Num: 98 Episode T: 300 Reward: 0.000 PseudoReward: [[48.231846]]
Episode 98, Average Success Rate (last 10 eps): 0.30
Total T: 29700 Episode Num: 99 Episode T: 300 Reward: 0.000 PseudoReward: [[50.12966]]
Episode 99, Average Success Rate (last 10 eps): 0.30
Total T: 30000 Episode Num: 100 Episode T: 300 Reward: 0.000 PseudoReward: [[192.8095]]
Episode 100, Average Success Rate (last 10 eps): 0.30
Total T: 30300 Episode Num: 101 Episode T: 300 Reward: 0.000 PseudoReward: [[24.28278]]
Episode 101, Average Success Rate (last 10 eps): 0.30
Total T: 30600 Episode Num: 102 Episode T: 300 Reward: 0.000 PseudoReward: [[54.873135]]
Episode 102, Average Success Rate (last 10 eps): 0.20
Total T: 30900 Episode Num: 103 Episode T: 300 Reward: 0.000 PseudoReward: [[48.13082]]
Episode 103, Average Success Rate (last 10 eps): 0.20
Total T: 31200 Episode Num: 104 Episode T: 300 Reward: 0.000 PseudoReward: [[107.994644]]
Episode 104, Average Success Rate (last 10 eps): 0.20
Total T: 31500 Episode Num: 105 Episode T: 300 Reward: 0.000 PseudoReward: [[188.69685]]
Episode 105, Average Success Rate (last 10 eps): 0.10
Total T: 31800 Episode Num: 106 Episode T: 300 Reward: 0.000 PseudoReward: [[50.25603]]
Episode 106, Average Success Rate (last 10 eps): 0.10
Total T: 32100 Episode Num: 107 Episode T: 300 Reward: 0.000 PseudoReward: [[29.137033]]
Episode 107, Average Success Rate (last 10 eps): 0.00
Total T: 32400 Episode Num: 108 Episode T: 300 Reward: 0.000 PseudoReward: [[45.468185]]
Episode 108, Average Success Rate (last 10 eps): 0.00
Total T: 32700 Episode Num: 109 Episode T: 300 Reward: 0.000 PseudoReward: [[89.551674]]
Episode 109, Average Success Rate (last 10 eps): 0.00
Total T: 33000 Episode Num: 110 Episode T: 300 Reward: 0.000 PseudoReward: [[19.845207]]
Episode 110, Average Success Rate (last 10 eps): 0.00
Total T: 33300 Episode Num: 111 Episode T: 300 Reward: 290.000 PseudoReward: [[243.48996]]
Episode 111, Average Success Rate (last 10 eps): 0.10
Total T: 33600 Episode Num: 112 Episode T: 300 Reward: 209.000 PseudoReward: [[299.3699]]
Episode 112, Average Success Rate (last 10 eps): 0.20
Total T: 33900 Episode Num: 113 Episode T: 300 Reward: 0.000 PseudoReward: [[31.224836]]
Episode 113, Average Success Rate (last 10 eps): 0.20
Total T: 34200 Episode Num: 114 Episode T: 300 Reward: 0.000 PseudoReward: [[21.380093]]
Episode 114, Average Success Rate (last 10 eps): 0.20
Total T: 34500 Episode Num: 115 Episode T: 300 Reward: 0.000 PseudoReward: [[213.43896]]
Episode 115, Average Success Rate (last 10 eps): 0.20
Total T: 34800 Episode Num: 116 Episode T: 300 Reward: 0.000 PseudoReward: [[56.7133]]
Episode 116, Average Success Rate (last 10 eps): 0.20
Total T: 35100 Episode Num: 117 Episode T: 300 Reward: 273.000 PseudoReward: [[352.5638]]
Episode 117, Average Success Rate (last 10 eps): 0.30
Total T: 35400 Episode Num: 118 Episode T: 300 Reward: 0.000 PseudoReward: [[52.440212]]
Episode 118, Average Success Rate (last 10 eps): 0.30
Total T: 35700 Episode Num: 119 Episode T: 300 Reward: 0.000 PseudoReward: [[246.33934]]
Episode 119, Average Success Rate (last 10 eps): 0.30
Total T: 36000 Episode Num: 120 Episode T: 300 Reward: 0.000 PseudoReward: [[24.027016]]
Episode 120, Average Success Rate (last 10 eps): 0.30
Total T: 36300 Episode Num: 121 Episode T: 300 Reward: 0.000 PseudoReward: [[22.456911]]
Episode 121, Average Success Rate (last 10 eps): 0.20
Total T: 36600 Episode Num: 122 Episode T: 300 Reward: 0.000 PseudoReward: [[252.62643]]
Episode 122, Average Success Rate (last 10 eps): 0.10
Total T: 36900 Episode Num: 123 Episode T: 300 Reward: 21.000 PseudoReward: [[121.66579]]
Episode 123, Average Success Rate (last 10 eps): 0.20
Total T: 37200 Episode Num: 124 Episode T: 300 Reward: 0.000 PseudoReward: [[7.1122956]]
Episode 124, Average Success Rate (last 10 eps): 0.20
Total T: 37500 Episode Num: 125 Episode T: 300 Reward: 0.000 PseudoReward: [[263.21786]]
Episode 125, Average Success Rate (last 10 eps): 0.20
Total T: 37800 Episode Num: 126 Episode T: 300 Reward: 0.000 PseudoReward: [[18.349483]]
Episode 126, Average Success Rate (last 10 eps): 0.20
Total T: 38100 Episode Num: 127 Episode T: 300 Reward: 0.000 PseudoReward: [[2.8992963]]
Episode 127, Average Success Rate (last 10 eps): 0.10
Total T: 38400 Episode Num: 128 Episode T: 300 Reward: 289.000 PseudoReward: [[277.50546]]
Episode 128, Average Success Rate (last 10 eps): 0.20
Total T: 38700 Episode Num: 129 Episode T: 300 Reward: 0.000 PseudoReward: [[19.252632]]
Episode 129, Average Success Rate (last 10 eps): 0.20
Total T: 39000 Episode Num: 130 Episode T: 300 Reward: 0.000 PseudoReward: [[3.9404976]]
Episode 130, Average Success Rate (last 10 eps): 0.20
Total T: 39300 Episode Num: 131 Episode T: 300 Reward: 0.000 PseudoReward: [[20.08162]]
Episode 131, Average Success Rate (last 10 eps): 0.20
Total T: 39600 Episode Num: 132 Episode T: 300 Reward: 0.000 PseudoReward: [[55.267807]]
Episode 132, Average Success Rate (last 10 eps): 0.20
Total T: 39900 Episode Num: 133 Episode T: 300 Reward: 0.000 PseudoReward: [[118.368454]]
Episode 133, Average Success Rate (last 10 eps): 0.10
Total T: 40200 Episode Num: 134 Episode T: 300 Reward: 0.000 PseudoReward: [[0.9530233]]
Episode 134, Average Success Rate (last 10 eps): 0.10
Total T: 40500 Episode Num: 135 Episode T: 300 Reward: 288.000 PseudoReward: [[249.02081]]
Episode 135, Average Success Rate (last 10 eps): 0.20
Total T: 40800 Episode Num: 136 Episode T: 300 Reward: 0.000 PseudoReward: [[99.94861]]
Episode 136, Average Success Rate (last 10 eps): 0.20
Total T: 41100 Episode Num: 137 Episode T: 300 Reward: 173.000 PseudoReward: [[140.90408]]
Episode 137, Average Success Rate (last 10 eps): 0.30
Total T: 41400 Episode Num: 138 Episode T: 300 Reward: 0.000 PseudoReward: [[64.68899]]
Episode 138, Average Success Rate (last 10 eps): 0.20
Total T: 41700 Episode Num: 139 Episode T: 300 Reward: 292.000 PseudoReward: [[192.13194]]
Episode 139, Average Success Rate (last 10 eps): 0.30
Total T: 42000 Episode Num: 140 Episode T: 300 Reward: 0.000 PseudoReward: [[3.0675147]]
Episode 140, Average Success Rate (last 10 eps): 0.30
Total T: 42300 Episode Num: 141 Episode T: 300 Reward: 0.000 PseudoReward: [[52.411793]]
Episode 141, Average Success Rate (last 10 eps): 0.30
Total T: 42600 Episode Num: 142 Episode T: 300 Reward: 0.000 PseudoReward: [[34.59544]]
Episode 142, Average Success Rate (last 10 eps): 0.30
Total T: 42900 Episode Num: 143 Episode T: 300 Reward: 0.000 PseudoReward: [[2.5362406]]
Episode 143, Average Success Rate (last 10 eps): 0.30
Total T: 43200 Episode Num: 144 Episode T: 300 Reward: 0.000 PseudoReward: [[57.634945]]
Episode 144, Average Success Rate (last 10 eps): 0.30
Total T: 43500 Episode Num: 145 Episode T: 300 Reward: 0.000 PseudoReward: [[33.8936]]
Episode 145, Average Success Rate (last 10 eps): 0.20
Total T: 43800 Episode Num: 146 Episode T: 300 Reward: 0.000 PseudoReward: [[49.14905]]
Episode 146, Average Success Rate (last 10 eps): 0.20
Total T: 44100 Episode Num: 147 Episode T: 300 Reward: 278.000 PseudoReward: [[170.46571]]
Episode 147, Average Success Rate (last 10 eps): 0.20
Total T: 44400 Episode Num: 148 Episode T: 300 Reward: 0.000 PseudoReward: [[2.4925325]]
Episode 148, Average Success Rate (last 10 eps): 0.20
Total T: 44700 Episode Num: 149 Episode T: 300 Reward: 292.000 PseudoReward: [[297.26297]]
Episode 149, Average Success Rate (last 10 eps): 0.20
Total T: 45000 Episode Num: 150 Episode T: 300 Reward: 286.000 PseudoReward: [[122.71223]]
Episode 150, Average Success Rate (last 10 eps): 0.30
Total T: 45300 Episode Num: 151 Episode T: 300 Reward: 289.000 PseudoReward: [[216.24385]]
Episode 151, Average Success Rate (last 10 eps): 0.40
Total T: 45600 Episode Num: 152 Episode T: 300 Reward: 0.000 PseudoReward: [[1.1895716]]
Episode 152, Average Success Rate (last 10 eps): 0.40
Total T: 45900 Episode Num: 153 Episode T: 300 Reward: 0.000 PseudoReward: [[30.115541]]
Episode 153, Average Success Rate (last 10 eps): 0.40
Total T: 46200 Episode Num: 154 Episode T: 300 Reward: 239.000 PseudoReward: [[278.1894]]
Episode 154, Average Success Rate (last 10 eps): 0.50
Total T: 46500 Episode Num: 155 Episode T: 300 Reward: 0.000 PseudoReward: [[80.15407]]
Episode 155, Average Success Rate (last 10 eps): 0.50
Total T: 46800 Episode Num: 156 Episode T: 300 Reward: 0.000 PseudoReward: [[3.21595]]
Episode 156, Average Success Rate (last 10 eps): 0.50
Total T: 47100 Episode Num: 157 Episode T: 300 Reward: 267.000 PseudoReward: [[354.14502]]
Episode 157, Average Success Rate (last 10 eps): 0.50
Total T: 47400 Episode Num: 158 Episode T: 300 Reward: 0.000 PseudoReward: [[155.29144]]
Episode 158, Average Success Rate (last 10 eps): 0.50
Total T: 47700 Episode Num: 159 Episode T: 300 Reward: 0.000 PseudoReward: [[49.128204]]
Episode 159, Average Success Rate (last 10 eps): 0.40
Total T: 48000 Episode Num: 160 Episode T: 300 Reward: 275.000 PseudoReward: [[336.12018]]
Episode 160, Average Success Rate (last 10 eps): 0.40
Total T: 48300 Episode Num: 161 Episode T: 300 Reward: 279.000 PseudoReward: [[277.5848]]
Episode 161, Average Success Rate (last 10 eps): 0.40
Total T: 48600 Episode Num: 162 Episode T: 300 Reward: 0.000 PseudoReward: [[44.87967]]
Episode 162, Average Success Rate (last 10 eps): 0.40
Total T: 48900 Episode Num: 163 Episode T: 300 Reward: 274.000 PseudoReward: [[222.86624]]
Episode 163, Average Success Rate (last 10 eps): 0.50
Total T: 49200 Episode Num: 164 Episode T: 300 Reward: 0.000 PseudoReward: [[0.3717579]]
Episode 164, Average Success Rate (last 10 eps): 0.40
Total T: 49500 Episode Num: 165 Episode T: 300 Reward: 0.000 PseudoReward: [[1.9415791]]
Episode 165, Average Success Rate (last 10 eps): 0.40
Total T: 49800 Episode Num: 166 Episode T: 300 Reward: 0.000 PseudoReward: [[108.86367]]
Episode 166, Average Success Rate (last 10 eps): 0.40
Total T: 50100 Episode Num: 167 Episode T: 300 Reward: 0.000 PseudoReward: [[69.05093]]
Episode 167, Average Success Rate (last 10 eps): 0.30
Total T: 50400 Episode Num: 168 Episode T: 300 Reward: 0.000 PseudoReward: [[3.971516]]
Episode 168, Average Success Rate (last 10 eps): 0.30
Total T: 50700 Episode Num: 169 Episode T: 300 Reward: 0.000 PseudoReward: [[10.538021]]
Episode 169, Average Success Rate (last 10 eps): 0.30
Total T: 51000 Episode Num: 170 Episode T: 300 Reward: 0.000 PseudoReward: [[7.761245]]
Episode 170, Average Success Rate (last 10 eps): 0.20
Total T: 51300 Episode Num: 171 Episode T: 300 Reward: 0.000 PseudoReward: [[23.533348]]
Episode 171, Average Success Rate (last 10 eps): 0.10
Total T: 51600 Episode Num: 172 Episode T: 300 Reward: 286.000 PseudoReward: [[259.42535]]
Episode 172, Average Success Rate (last 10 eps): 0.20
Total T: 51900 Episode Num: 173 Episode T: 300 Reward: 0.000 PseudoReward: [[3.5269969]]
Episode 173, Average Success Rate (last 10 eps): 0.10
Total T: 52200 Episode Num: 174 Episode T: 300 Reward: 0.000 PseudoReward: [[49.36922]]
Episode 174, Average Success Rate (last 10 eps): 0.10
Total T: 52500 Episode Num: 175 Episode T: 300 Reward: 0.000 PseudoReward: [[87.65797]]
Episode 175, Average Success Rate (last 10 eps): 0.10
Total T: 52800 Episode Num: 176 Episode T: 300 Reward: 0.000 PseudoReward: [[11.769757]]
Episode 176, Average Success Rate (last 10 eps): 0.10
Total T: 53100 Episode Num: 177 Episode T: 300 Reward: 0.000 PseudoReward: [[13.779504]]
Episode 177, Average Success Rate (last 10 eps): 0.10
Total T: 53400 Episode Num: 178 Episode T: 300 Reward: 0.000 PseudoReward: [[0.4352779]]
Episode 178, Average Success Rate (last 10 eps): 0.10
Total T: 53700 Episode Num: 179 Episode T: 300 Reward: 0.000 PseudoReward: [[23.190037]]
Episode 179, Average Success Rate (last 10 eps): 0.10
Total T: 54000 Episode Num: 180 Episode T: 300 Reward: 0.000 PseudoReward: [[323.28476]]
Episode 180, Average Success Rate (last 10 eps): 0.10
Total T: 54300 Episode Num: 181 Episode T: 300 Reward: 291.000 PseudoReward: [[180.21126]]
Episode 181, Average Success Rate (last 10 eps): 0.20
Total T: 54600 Episode Num: 182 Episode T: 300 Reward: 271.000 PseudoReward: [[146.75464]]
Episode 182, Average Success Rate (last 10 eps): 0.20
Total T: 54900 Episode Num: 183 Episode T: 300 Reward: 0.000 PseudoReward: [[3.5756805]]
Episode 183, Average Success Rate (last 10 eps): 0.20
Total T: 55200 Episode Num: 184 Episode T: 300 Reward: 270.000 PseudoReward: [[309.2759]]
Episode 184, Average Success Rate (last 10 eps): 0.30
Total T: 55500 Episode Num: 185 Episode T: 300 Reward: 0.000 PseudoReward: [[524.3056]]
Episode 185, Average Success Rate (last 10 eps): 0.30
Total T: 55800 Episode Num: 186 Episode T: 300 Reward: 266.000 PseudoReward: [[334.29343]]
Episode 186, Average Success Rate (last 10 eps): 0.40
Total T: 56100 Episode Num: 187 Episode T: 300 Reward: 288.000 PseudoReward: [[377.5632]]
Episode 187, Average Success Rate (last 10 eps): 0.50
Total T: 56400 Episode Num: 188 Episode T: 300 Reward: 285.000 PseudoReward: [[79.94086]]
Episode 188, Average Success Rate (last 10 eps): 0.60
Total T: 56700 Episode Num: 189 Episode T: 300 Reward: 0.000 PseudoReward: [[16.185404]]
Episode 189, Average Success Rate (last 10 eps): 0.60
Total T: 57000 Episode Num: 190 Episode T: 300 Reward: 291.000 PseudoReward: [[51.77187]]
Episode 190, Average Success Rate (last 10 eps): 0.70
Total T: 57300 Episode Num: 191 Episode T: 300 Reward: 210.000 PseudoReward: [[29.728739]]
Episode 191, Average Success Rate (last 10 eps): 0.70
Total T: 57600 Episode Num: 192 Episode T: 300 Reward: 0.000 PseudoReward: [[212.77103]]
Episode 192, Average Success Rate (last 10 eps): 0.60
Total T: 57900 Episode Num: 193 Episode T: 300 Reward: 0.000 PseudoReward: [[496.87537]]
Episode 193, Average Success Rate (last 10 eps): 0.60
Total T: 58200 Episode Num: 194 Episode T: 300 Reward: 285.000 PseudoReward: [[136.47318]]
Episode 194, Average Success Rate (last 10 eps): 0.60
Total T: 58500 Episode Num: 195 Episode T: 300 Reward: 0.000 PseudoReward: [[0.06675706]]
Episode 195, Average Success Rate (last 10 eps): 0.60
Total T: 58800 Episode Num: 196 Episode T: 300 Reward: 0.000 PseudoReward: [[202.82916]]
Episode 196, Average Success Rate (last 10 eps): 0.50
Total T: 59100 Episode Num: 197 Episode T: 300 Reward: 0.000 PseudoReward: [[102.14339]]
Episode 197, Average Success Rate (last 10 eps): 0.40
Total T: 59400 Episode Num: 198 Episode T: 300 Reward: 264.000 PseudoReward: [[480.2242]]
Episode 198, Average Success Rate (last 10 eps): 0.40
Total T: 59700 Episode Num: 199 Episode T: 300 Reward: 242.000 PseudoReward: [[605.9301]]
Episode 199, Average Success Rate (last 10 eps): 0.50
Total T: 60000 Episode Num: 200 Episode T: 300 Reward: 279.000 PseudoReward: [[210.00522]]
Episode 200, Average Success Rate (last 10 eps): 0.50
Total T: 60300 Episode Num: 201 Episode T: 300 Reward: 290.000 PseudoReward: [[388.88855]]
Episode 201, Average Success Rate (last 10 eps): 0.50
Total T: 60600 Episode Num: 202 Episode T: 300 Reward: 223.000 PseudoReward: [[55.995094]]
Episode 202, Average Success Rate (last 10 eps): 0.60
Total T: 60900 Episode Num: 203 Episode T: 300 Reward: 67.000 PseudoReward: [[233.76248]]
Episode 203, Average Success Rate (last 10 eps): 0.70
Total T: 61200 Episode Num: 204 Episode T: 300 Reward: 41.000 PseudoReward: [[392.4809]]
Episode 204, Average Success Rate (last 10 eps): 0.70
Total T: 61500 Episode Num: 205 Episode T: 300 Reward: 0.000 PseudoReward: [[0.71499497]]
Episode 205, Average Success Rate (last 10 eps): 0.70
Total T: 61800 Episode Num: 206 Episode T: 300 Reward: 270.000 PseudoReward: [[250.6726]]
Episode 206, Average Success Rate (last 10 eps): 0.80
Total T: 62100 Episode Num: 207 Episode T: 300 Reward: 269.000 PseudoReward: [[118.390175]]
Episode 207, Average Success Rate (last 10 eps): 0.90
Total T: 62400 Episode Num: 208 Episode T: 300 Reward: 0.000 PseudoReward: [[4.69085]]
Episode 208, Average Success Rate (last 10 eps): 0.80
Total T: 62700 Episode Num: 209 Episode T: 300 Reward: 0.000 PseudoReward: [[568.6116]]
Episode 209, Average Success Rate (last 10 eps): 0.70
Total T: 63000 Episode Num: 210 Episode T: 300 Reward: 0.000 PseudoReward: [[36.288567]]
Episode 210, Average Success Rate (last 10 eps): 0.60
Total T: 63300 Episode Num: 211 Episode T: 300 Reward: 65.000 PseudoReward: [[46.024784]]
Episode 211, Average Success Rate (last 10 eps): 0.60
Total T: 63600 Episode Num: 212 Episode T: 300 Reward: 286.000 PseudoReward: [[16.061602]]
Episode 212, Average Success Rate (last 10 eps): 0.60
Total T: 63900 Episode Num: 213 Episode T: 300 Reward: 0.000 PseudoReward: [[55.3939]]
Episode 213, Average Success Rate (last 10 eps): 0.50
Total T: 64200 Episode Num: 214 Episode T: 300 Reward: 0.000 PseudoReward: [[1.0224397]]
Episode 214, Average Success Rate (last 10 eps): 0.40
Total T: 64500 Episode Num: 215 Episode T: 300 Reward: 290.000 PseudoReward: [[259.12994]]
Episode 215, Average Success Rate (last 10 eps): 0.50
Total T: 64800 Episode Num: 216 Episode T: 300 Reward: 188.000 PseudoReward: [[667.47955]]
Episode 216, Average Success Rate (last 10 eps): 0.50
Total T: 65100 Episode Num: 217 Episode T: 300 Reward: 227.000 PseudoReward: [[113.0168]]
Episode 217, Average Success Rate (last 10 eps): 0.50
Total T: 65400 Episode Num: 218 Episode T: 300 Reward: 280.000 PseudoReward: [[465.6721]]
Episode 218, Average Success Rate (last 10 eps): 0.60
Total T: 65700 Episode Num: 219 Episode T: 300 Reward: 70.000 PseudoReward: [[470.07486]]
Episode 219, Average Success Rate (last 10 eps): 0.70
Total T: 66000 Episode Num: 220 Episode T: 300 Reward: 0.000 PseudoReward: [[433.90332]]
Episode 220, Average Success Rate (last 10 eps): 0.70
Total T: 66300 Episode Num: 221 Episode T: 300 Reward: 60.000 PseudoReward: [[21.374414]]
Episode 221, Average Success Rate (last 10 eps): 0.70
Total T: 66600 Episode Num: 222 Episode T: 300 Reward: 294.000 PseudoReward: [[27.125814]]
Episode 222, Average Success Rate (last 10 eps): 0.70
Total T: 66900 Episode Num: 223 Episode T: 300 Reward: 253.000 PseudoReward: [[132.07913]]
Episode 223, Average Success Rate (last 10 eps): 0.80
Total T: 67200 Episode Num: 224 Episode T: 300 Reward: 200.000 PseudoReward: [[473.81528]]
Episode 224, Average Success Rate (last 10 eps): 0.90
Total T: 67500 Episode Num: 225 Episode T: 300 Reward: 251.000 PseudoReward: [[142.92232]]
Episode 225, Average Success Rate (last 10 eps): 0.90
Total T: 67800 Episode Num: 226 Episode T: 300 Reward: 0.000 PseudoReward: [[557.2273]]
Episode 226, Average Success Rate (last 10 eps): 0.80
Total T: 68100 Episode Num: 227 Episode T: 300 Reward: 277.000 PseudoReward: [[107.153915]]
Episode 227, Average Success Rate (last 10 eps): 0.80
Total T: 68400 Episode Num: 228 Episode T: 300 Reward: 0.000 PseudoReward: [[690.7448]]
Episode 228, Average Success Rate (last 10 eps): 0.70
Total T: 68700 Episode Num: 229 Episode T: 300 Reward: 0.000 PseudoReward: [[0.66541314]]
Episode 229, Average Success Rate (last 10 eps): 0.60
Total T: 69000 Episode Num: 230 Episode T: 300 Reward: 261.000 PseudoReward: [[141.84804]]
Episode 230, Average Success Rate (last 10 eps): 0.70
Total T: 69300 Episode Num: 231 Episode T: 300 Reward: 239.000 PseudoReward: [[107.549515]]
Episode 231, Average Success Rate (last 10 eps): 0.70
Total T: 69600 Episode Num: 232 Episode T: 300 Reward: 0.000 PseudoReward: [[67.318375]]
Episode 232, Average Success Rate (last 10 eps): 0.60
Total T: 69900 Episode Num: 233 Episode T: 300 Reward: 61.000 PseudoReward: [[534.5945]]
Episode 233, Average Success Rate (last 10 eps): 0.60
Total T: 70200 Episode Num: 234 Episode T: 300 Reward: 0.000 PseudoReward: [[487.7233]]
Episode 234, Average Success Rate (last 10 eps): 0.50
Total T: 70500 Episode Num: 235 Episode T: 300 Reward: 0.000 PseudoReward: [[14.846899]]
Episode 235, Average Success Rate (last 10 eps): 0.40
Total T: 70800 Episode Num: 236 Episode T: 300 Reward: 0.000 PseudoReward: [[61.456844]]
Episode 236, Average Success Rate (last 10 eps): 0.40
Total T: 71100 Episode Num: 237 Episode T: 300 Reward: 42.000 PseudoReward: [[597.65814]]
Episode 237, Average Success Rate (last 10 eps): 0.40
Total T: 71400 Episode Num: 238 Episode T: 300 Reward: 0.000 PseudoReward: [[673.75903]]
Episode 238, Average Success Rate (last 10 eps): 0.40
Total T: 71700 Episode Num: 239 Episode T: 300 Reward: 251.000 PseudoReward: [[525.089]]
Episode 239, Average Success Rate (last 10 eps): 0.50
Total T: 72000 Episode Num: 240 Episode T: 300 Reward: 193.000 PseudoReward: [[96.5455]]
Episode 240, Average Success Rate (last 10 eps): 0.50
Total T: 72300 Episode Num: 241 Episode T: 300 Reward: 266.000 PseudoReward: [[294.40848]]
Episode 241, Average Success Rate (last 10 eps): 0.50
Total T: 72600 Episode Num: 242 Episode T: 300 Reward: 0.000 PseudoReward: [[511.7364]]
Episode 242, Average Success Rate (last 10 eps): 0.50
Total T: 72900 Episode Num: 243 Episode T: 300 Reward: 30.000 PseudoReward: [[17.896667]]
Episode 243, Average Success Rate (last 10 eps): 0.50
Total T: 73200 Episode Num: 244 Episode T: 300 Reward: 0.000 PseudoReward: [[0.00571135]]
Episode 244, Average Success Rate (last 10 eps): 0.50
Total T: 73500 Episode Num: 245 Episode T: 300 Reward: 0.000 PseudoReward: [[16.630997]]
Episode 245, Average Success Rate (last 10 eps): 0.50
Total T: 73800 Episode Num: 246 Episode T: 300 Reward: 140.000 PseudoReward: [[289.92114]]
Episode 246, Average Success Rate (last 10 eps): 0.60
Total T: 74100 Episode Num: 247 Episode T: 300 Reward: 0.000 PseudoReward: [[401.51926]]
Episode 247, Average Success Rate (last 10 eps): 0.50
Total T: 74400 Episode Num: 248 Episode T: 300 Reward: 281.000 PseudoReward: [[77.34655]]
Episode 248, Average Success Rate (last 10 eps): 0.60
Total T: 74700 Episode Num: 249 Episode T: 300 Reward: 223.000 PseudoReward: [[124.95323]]
Episode 249, Average Success Rate (last 10 eps): 0.60
Total T: 75000 Episode Num: 250 Episode T: 300 Reward: 297.000 PseudoReward: [[250.92784]]
Episode 250, Average Success Rate (last 10 eps): 0.60
Total T: 75300 Episode Num: 251 Episode T: 300 Reward: 0.000 PseudoReward: [[75.37496]]
Episode 251, Average Success Rate (last 10 eps): 0.50
Total T: 75600 Episode Num: 252 Episode T: 300 Reward: 138.000 PseudoReward: [[123.85906]]
Episode 252, Average Success Rate (last 10 eps): 0.60
Total T: 75900 Episode Num: 253 Episode T: 300 Reward: 0.000 PseudoReward: [[0.00175294]]
Episode 253, Average Success Rate (last 10 eps): 0.50
Total T: 76200 Episode Num: 254 Episode T: 300 Reward: 291.000 PseudoReward: [[508.16916]]
Episode 254, Average Success Rate (last 10 eps): 0.60
Total T: 76500 Episode Num: 255 Episode T: 300 Reward: 297.000 PseudoReward: [[577.2838]]
Episode 255, Average Success Rate (last 10 eps): 0.70
Total T: 76800 Episode Num: 256 Episode T: 300 Reward: 82.000 PseudoReward: [[20.609642]]
Episode 256, Average Success Rate (last 10 eps): 0.70
Total T: 77100 Episode Num: 257 Episode T: 300 Reward: 175.000 PseudoReward: [[366.98447]]
Episode 257, Average Success Rate (last 10 eps): 0.80
Total T: 77400 Episode Num: 258 Episode T: 300 Reward: 276.000 PseudoReward: [[438.89893]]
Episode 258, Average Success Rate (last 10 eps): 0.80
Total T: 77700 Episode Num: 259 Episode T: 300 Reward: 0.000 PseudoReward: [[0.00027376]]
Episode 259, Average Success Rate (last 10 eps): 0.70
Total T: 78000 Episode Num: 260 Episode T: 300 Reward: 0.000 PseudoReward: [[0.00186118]]
Episode 260, Average Success Rate (last 10 eps): 0.60
Total T: 78300 Episode Num: 261 Episode T: 300 Reward: 0.000 PseudoReward: [[534.6534]]
Episode 261, Average Success Rate (last 10 eps): 0.60
Total T: 78600 Episode Num: 262 Episode T: 300 Reward: 21.000 PseudoReward: [[844.22546]]
Episode 262, Average Success Rate (last 10 eps): 0.60
Total T: 78900 Episode Num: 263 Episode T: 300 Reward: 265.000 PseudoReward: [[64.81313]]
Episode 263, Average Success Rate (last 10 eps): 0.70
Total T: 79200 Episode Num: 264 Episode T: 300 Reward: 263.000 PseudoReward: [[65.896965]]
Episode 264, Average Success Rate (last 10 eps): 0.70
Total T: 79500 Episode Num: 265 Episode T: 300 Reward: 237.000 PseudoReward: [[9.834827]]
Episode 265, Average Success Rate (last 10 eps): 0.70
Total T: 79800 Episode Num: 266 Episode T: 300 Reward: 0.000 PseudoReward: [[489.89758]]
Episode 266, Average Success Rate (last 10 eps): 0.60
Total T: 80100 Episode Num: 267 Episode T: 300 Reward: 0.000 PseudoReward: [[655.752]]
Episode 267, Average Success Rate (last 10 eps): 0.50
Total T: 80400 Episode Num: 268 Episode T: 300 Reward: 0.000 PseudoReward: [[0.01164654]]
Episode 268, Average Success Rate (last 10 eps): 0.40
Total T: 80700 Episode Num: 269 Episode T: 300 Reward: 278.000 PseudoReward: [[143.51653]]
Episode 269, Average Success Rate (last 10 eps): 0.50
Total T: 81000 Episode Num: 270 Episode T: 300 Reward: 252.000 PseudoReward: [[96.77244]]
Episode 270, Average Success Rate (last 10 eps): 0.60
Total T: 81300 Episode Num: 271 Episode T: 300 Reward: 0.000 PseudoReward: [[0.00253663]]
Episode 271, Average Success Rate (last 10 eps): 0.60
Total T: 81600 Episode Num: 272 Episode T: 300 Reward: 164.000 PseudoReward: [[560.7491]]
Episode 272, Average Success Rate (last 10 eps): 0.60
Total T: 81900 Episode Num: 273 Episode T: 300 Reward: 212.000 PseudoReward: [[281.81512]]
Episode 273, Average Success Rate (last 10 eps): 0.60
Total T: 82200 Episode Num: 274 Episode T: 300 Reward: 281.000 PseudoReward: [[471.15918]]
Episode 274, Average Success Rate (last 10 eps): 0.60
Total T: 82500 Episode Num: 275 Episode T: 300 Reward: 282.000 PseudoReward: [[136.13293]]
Episode 275, Average Success Rate (last 10 eps): 0.60
Total T: 82800 Episode Num: 276 Episode T: 300 Reward: 0.000 PseudoReward: [[498.57697]]
Episode 276, Average Success Rate (last 10 eps): 0.60
Total T: 83100 Episode Num: 277 Episode T: 300 Reward: 274.000 PseudoReward: [[81.74359]]
Episode 277, Average Success Rate (last 10 eps): 0.70
Total T: 83400 Episode Num: 278 Episode T: 300 Reward: 262.000 PseudoReward: [[103.82946]]
Episode 278, Average Success Rate (last 10 eps): 0.80
Total T: 83700 Episode Num: 279 Episode T: 300 Reward: 265.000 PseudoReward: [[209.9678]]
Episode 279, Average Success Rate (last 10 eps): 0.80
Total T: 84000 Episode Num: 280 Episode T: 300 Reward: 260.000 PseudoReward: [[148.33418]]
Episode 280, Average Success Rate (last 10 eps): 0.80
Total T: 84300 Episode Num: 281 Episode T: 300 Reward: 256.000 PseudoReward: [[50.246716]]
Episode 281, Average Success Rate (last 10 eps): 0.90
Total T: 84600 Episode Num: 282 Episode T: 300 Reward: 0.000 PseudoReward: [[604.2051]]
Episode 282, Average Success Rate (last 10 eps): 0.80
Total T: 84900 Episode Num: 283 Episode T: 300 Reward: 290.000 PseudoReward: [[43.932507]]
Episode 283, Average Success Rate (last 10 eps): 0.80
Total T: 85200 Episode Num: 284 Episode T: 300 Reward: 281.000 PseudoReward: [[178.0678]]
Episode 284, Average Success Rate (last 10 eps): 0.80
Total T: 85500 Episode Num: 285 Episode T: 300 Reward: 0.000 PseudoReward: [[407.7054]]
Episode 285, Average Success Rate (last 10 eps): 0.70
Total T: 85800 Episode Num: 286 Episode T: 300 Reward: 35.000 PseudoReward: [[513.75977]]
