/home/xlx9645/miniconda3/envs/maze/lib/python3.9/site-packages/gymnasium/envs/registration.py:642: UserWarning: [33mWARN: Overriding environment TrapMazeEnv already in registry.[0m
  logger.warn(f"Overriding environment {new_spec.id} already in registry.")
wandb: Using wandb-core as the SDK backend.  Please refer to https://wandb.me/wandb-core for more information.
wandb: Currently logged in as: yuxuanli2023 (yuxuanli2023-northwestern-university). Use `wandb login --relogin` to force relogin
wandb: Tracking run with wandb version 0.19.1
wandb: Run data is saved locally in /home/xlx9645/failed/Maze/update_baselines/wandb/run-20250107_194956-pfy7nme5
wandb: Run `wandb offline` to turn off syncing.
wandb: Syncing run SASR_start0
wandb: ⭐️ View project at https://wandb.ai/yuxuanli2023-northwestern-university/Main_Umaze
wandb: 🚀 View run at https://wandb.ai/yuxuanli2023-northwestern-university/Main_Umaze/runs/pfy7nme5
/home/xlx9645/miniconda3/envs/maze/lib/python3.9/site-packages/gymnasium/spaces/box.py:235: UserWarning: [33mWARN: Box low's precision lowered by casting to float32, current low.dtype=float64[0m
  gym.logger.warn(
/home/xlx9645/miniconda3/envs/maze/lib/python3.9/site-packages/gymnasium/spaces/box.py:305: UserWarning: [33mWARN: Box high's precision lowered by casting to float32, current high.dtype=float64[0m
  gym.logger.warn(
/home/xlx9645/miniconda3/envs/maze/lib/python3.9/site-packages/torch/optim/lr_scheduler.py:224: UserWarning: Detected call of `lr_scheduler.step()` before `optimizer.step()`. In PyTorch 1.1.0 and later, you should call them in the opposite order: `optimizer.step()` before `lr_scheduler.step()`.  Failure to do this will result in PyTorch skipping the first value of the learning rate schedule. See more details at https://pytorch.org/docs/stable/optim.html#how-to-adjust-learning-rate
  warnings.warn(
Total T: 300 Episode Num: 1 Episode T: 300 Reward: 296.000 PseudoReward: [271.7733452]
Episode 1, Average Success Rate (last 10 eps): 1.00
Total T: 600 Episode Num: 2 Episode T: 300 Reward: 0.000 PseudoReward: [90.07550267]
Episode 2, Average Success Rate (last 10 eps): 0.50
Total T: 900 Episode Num: 3 Episode T: 300 Reward: 0.000 PseudoReward: [90.69087368]
Episode 3, Average Success Rate (last 10 eps): 0.33
Total T: 1200 Episode Num: 4 Episode T: 300 Reward: 243.000 PseudoReward: [187.17206451]
Episode 4, Average Success Rate (last 10 eps): 0.50
Total T: 1500 Episode Num: 5 Episode T: 300 Reward: 0.000 PseudoReward: [70.09032956]
Episode 5, Average Success Rate (last 10 eps): 0.40
Total T: 1800 Episode Num: 6 Episode T: 300 Reward: 288.000 PseudoReward: [205.2000157]
Episode 6, Average Success Rate (last 10 eps): 0.50
Total T: 2100 Episode Num: 7 Episode T: 300 Reward: 0.000 PseudoReward: [90.7344926]
Episode 7, Average Success Rate (last 10 eps): 0.43
Total T: 2400 Episode Num: 8 Episode T: 300 Reward: 191.000 PseudoReward: [207.70194433]
Episode 8, Average Success Rate (last 10 eps): 0.50
Total T: 2700 Episode Num: 9 Episode T: 300 Reward: 296.000 PseudoReward: [208.42436863]
Episode 9, Average Success Rate (last 10 eps): 0.56
Total T: 3000 Episode Num: 10 Episode T: 300 Reward: 261.000 PseudoReward: [209.29207673]
Episode 10, Average Success Rate (last 10 eps): 0.60
Total T: 3300 Episode Num: 11 Episode T: 300 Reward: 102.000 PseudoReward: [130.16863651]
Episode 11, Average Success Rate (last 10 eps): 0.60
Total T: 3600 Episode Num: 12 Episode T: 300 Reward: 182.000 PseudoReward: [190.04526489]
Episode 12, Average Success Rate (last 10 eps): 0.70
Total T: 3900 Episode Num: 13 Episode T: 300 Reward: 295.000 PseudoReward: [122.25905678]
Episode 13, Average Success Rate (last 10 eps): 0.80
Total T: 4200 Episode Num: 14 Episode T: 300 Reward: 219.000 PseudoReward: [180.13685813]
Episode 14, Average Success Rate (last 10 eps): 0.80
Total T: 4500 Episode Num: 15 Episode T: 300 Reward: 244.000 PseudoReward: [200.54085557]
Episode 15, Average Success Rate (last 10 eps): 0.90
Total T: 4800 Episode Num: 16 Episode T: 300 Reward: 0.000 PseudoReward: [114.88027676]
Episode 16, Average Success Rate (last 10 eps): 0.80
Total T: 5100 Episode Num: 17 Episode T: 300 Reward: 296.000 PseudoReward: [296.77224841]
Episode 17, Average Success Rate (last 10 eps): 0.90
Total T: 5400 Episode Num: 18 Episode T: 300 Reward: 228.000 PseudoReward: [181.20002363]
Episode 18, Average Success Rate (last 10 eps): 0.90
Total T: 5700 Episode Num: 19 Episode T: 300 Reward: 283.000 PseudoReward: [128.56159152]
Episode 19, Average Success Rate (last 10 eps): 0.90
Total T: 6000 Episode Num: 20 Episode T: 300 Reward: 246.000 PseudoReward: [266.81018426]
Episode 20, Average Success Rate (last 10 eps): 0.90
Total T: 6300 Episode Num: 21 Episode T: 300 Reward: 0.000 PseudoReward: [44.10024784]
Episode 21, Average Success Rate (last 10 eps): 0.80
Total T: 6600 Episode Num: 22 Episode T: 300 Reward: 86.000 PseudoReward: [85.92757795]
Episode 22, Average Success Rate (last 10 eps): 0.80
Total T: 6900 Episode Num: 23 Episode T: 300 Reward: 293.000 PseudoReward: [207.1994818]
Episode 23, Average Success Rate (last 10 eps): 0.80
Total T: 7200 Episode Num: 24 Episode T: 300 Reward: 297.000 PseudoReward: [202.60267688]
Episode 24, Average Success Rate (last 10 eps): 0.80
Total T: 7500 Episode Num: 25 Episode T: 300 Reward: 248.000 PseudoReward: [189.77833687]
Episode 25, Average Success Rate (last 10 eps): 0.80
Total T: 7800 Episode Num: 26 Episode T: 300 Reward: 249.000 PseudoReward: [272.03066072]
Episode 26, Average Success Rate (last 10 eps): 0.90
Total T: 8100 Episode Num: 27 Episode T: 300 Reward: 258.000 PseudoReward: [197.37018479]
Episode 27, Average Success Rate (last 10 eps): 0.90
Total T: 8400 Episode Num: 28 Episode T: 300 Reward: 289.000 PseudoReward: [205.53988548]
Episode 28, Average Success Rate (last 10 eps): 0.90
Total T: 8700 Episode Num: 29 Episode T: 300 Reward: 297.000 PseudoReward: [208.7999739]
Episode 29, Average Success Rate (last 10 eps): 0.90
Total T: 9000 Episode Num: 30 Episode T: 300 Reward: 258.000 PseudoReward: [140.19117254]
Episode 30, Average Success Rate (last 10 eps): 0.90
Total T: 9300 Episode Num: 31 Episode T: 300 Reward: 287.000 PseudoReward: [204.70366441]
Episode 31, Average Success Rate (last 10 eps): 1.00
Total T: 9600 Episode Num: 32 Episode T: 300 Reward: 283.000 PseudoReward: [203.19200179]
Episode 32, Average Success Rate (last 10 eps): 1.00
Total T: 9900 Episode Num: 33 Episode T: 300 Reward: 255.000 PseudoReward: [112.74240186]
Episode 33, Average Success Rate (last 10 eps): 1.00
Total T: 10200 Episode Num: 34 Episode T: 300 Reward: 285.000 PseudoReward: [204.27683398]
Episode 34, Average Success Rate (last 10 eps): 1.00
Total T: 10500 Episode Num: 35 Episode T: 300 Reward: 259.000 PseudoReward: [273.178416]
Episode 35, Average Success Rate (last 10 eps): 1.00
Total T: 10800 Episode Num: 36 Episode T: 300 Reward: 288.000 PseudoReward: [204.12913675]
Episode 36, Average Success Rate (last 10 eps): 1.00
Total T: 11100 Episode Num: 37 Episode T: 300 Reward: 284.000 PseudoReward: [289.8388186]
Episode 37, Average Success Rate (last 10 eps): 1.00
Total T: 11400 Episode Num: 38 Episode T: 300 Reward: 254.000 PseudoReward: [105.84415766]
Episode 38, Average Success Rate (last 10 eps): 1.00
Total T: 11700 Episode Num: 39 Episode T: 300 Reward: 248.000 PseudoReward: [121.63593806]
Episode 39, Average Success Rate (last 10 eps): 1.00
Total T: 12000 Episode Num: 40 Episode T: 300 Reward: 42.000 PseudoReward: [157.85781813]
Episode 40, Average Success Rate (last 10 eps): 1.00
Total T: 12300 Episode Num: 41 Episode T: 300 Reward: 293.000 PseudoReward: [118.33362159]
Episode 41, Average Success Rate (last 10 eps): 1.00
Total T: 12600 Episode Num: 42 Episode T: 300 Reward: 283.000 PseudoReward: [289.29082826]
Episode 42, Average Success Rate (last 10 eps): 1.00
Total T: 12900 Episode Num: 43 Episode T: 300 Reward: 279.000 PseudoReward: [125.0330843]
Episode 43, Average Success Rate (last 10 eps): 1.00
Total T: 13200 Episode Num: 44 Episode T: 300 Reward: 293.000 PseudoReward: [233.9700893]
Episode 44, Average Success Rate (last 10 eps): 1.00
Total T: 13500 Episode Num: 45 Episode T: 300 Reward: 156.000 PseudoReward: [208.89371138]
Episode 45, Average Success Rate (last 10 eps): 1.00
Total T: 13800 Episode Num: 46 Episode T: 300 Reward: 279.000 PseudoReward: [214.94973468]
Episode 46, Average Success Rate (last 10 eps): 1.00
Total T: 14100 Episode Num: 47 Episode T: 300 Reward: 286.000 PseudoReward: [291.08234618]
Episode 47, Average Success Rate (last 10 eps): 1.00
Total T: 14400 Episode Num: 48 Episode T: 300 Reward: 291.000 PseudoReward: [206.40099701]
Episode 48, Average Success Rate (last 10 eps): 1.00
Total T: 14700 Episode Num: 49 Episode T: 300 Reward: 269.000 PseudoReward: [199.99830206]
Episode 49, Average Success Rate (last 10 eps): 1.00
Total T: 15000 Episode Num: 50 Episode T: 300 Reward: 251.000 PseudoReward: [183.15351854]
Episode 50, Average Success Rate (last 10 eps): 1.00
Total T: 15300 Episode Num: 51 Episode T: 300 Reward: 294.000 PseudoReward: [207.88243854]
Episode 51, Average Success Rate (last 10 eps): 1.00
Total T: 15600 Episode Num: 52 Episode T: 300 Reward: 74.000 PseudoReward: [160.24330026]
Episode 52, Average Success Rate (last 10 eps): 1.00
Total T: 15900 Episode Num: 53 Episode T: 300 Reward: 299.000 PseudoReward: [212.96489189]
Episode 53, Average Success Rate (last 10 eps): 1.00
Total T: 16200 Episode Num: 54 Episode T: 300 Reward: 275.000 PseudoReward: [203.50163246]
Episode 54, Average Success Rate (last 10 eps): 1.00
Total T: 16500 Episode Num: 55 Episode T: 300 Reward: 262.000 PseudoReward: [200.16743165]
Episode 55, Average Success Rate (last 10 eps): 1.00
Total T: 16800 Episode Num: 56 Episode T: 300 Reward: 291.000 PseudoReward: [294.58240223]
Episode 56, Average Success Rate (last 10 eps): 1.00
Total T: 17100 Episode Num: 57 Episode T: 300 Reward: 290.000 PseudoReward: [206.78010077]
Episode 57, Average Success Rate (last 10 eps): 1.00
Total T: 17400 Episode Num: 58 Episode T: 300 Reward: 265.000 PseudoReward: [204.17770123]
Episode 58, Average Success Rate (last 10 eps): 1.00
Total T: 17700 Episode Num: 59 Episode T: 300 Reward: 270.000 PseudoReward: [180.36024235]
Episode 59, Average Success Rate (last 10 eps): 1.00
Total T: 18000 Episode Num: 60 Episode T: 300 Reward: 287.000 PseudoReward: [206.46785942]
Episode 60, Average Success Rate (last 10 eps): 1.00
Total T: 18300 Episode Num: 61 Episode T: 300 Reward: 270.000 PseudoReward: [198.07714045]
Episode 61, Average Success Rate (last 10 eps): 1.00
Total T: 18600 Episode Num: 62 Episode T: 300 Reward: 260.000 PseudoReward: [276.47709253]
Episode 62, Average Success Rate (last 10 eps): 1.00
Total T: 18900 Episode Num: 63 Episode T: 300 Reward: 285.000 PseudoReward: [121.6284861]
Episode 63, Average Success Rate (last 10 eps): 1.00
Total T: 19200 Episode Num: 64 Episode T: 300 Reward: 276.000 PseudoReward: [202.86174104]
Episode 64, Average Success Rate (last 10 eps): 1.00
Total T: 19500 Episode Num: 65 Episode T: 300 Reward: 197.000 PseudoReward: [168.8855815]
Episode 65, Average Success Rate (last 10 eps): 1.00
Total T: 19800 Episode Num: 66 Episode T: 300 Reward: 201.000 PseudoReward: [171.55634553]
Episode 66, Average Success Rate (last 10 eps): 1.00
Total T: 20100 Episode Num: 67 Episode T: 300 Reward: 293.000 PseudoReward: [295.30447457]
Episode 67, Average Success Rate (last 10 eps): 1.00
Total T: 20400 Episode Num: 68 Episode T: 300 Reward: 211.000 PseudoReward: [245.19615186]
Episode 68, Average Success Rate (last 10 eps): 1.00
Total T: 20700 Episode Num: 69 Episode T: 300 Reward: 261.000 PseudoReward: [198.39859145]
Episode 69, Average Success Rate (last 10 eps): 1.00
Total T: 21000 Episode Num: 70 Episode T: 300 Reward: 275.000 PseudoReward: [283.48374656]
Episode 70, Average Success Rate (last 10 eps): 1.00
Total T: 21300 Episode Num: 71 Episode T: 300 Reward: 256.000 PseudoReward: [195.32111455]
Episode 71, Average Success Rate (last 10 eps): 1.00
Total T: 21600 Episode Num: 72 Episode T: 300 Reward: 242.000 PseudoReward: [170.80520832]
Episode 72, Average Success Rate (last 10 eps): 1.00
Total T: 21900 Episode Num: 73 Episode T: 300 Reward: 268.000 PseudoReward: [281.53816307]
Episode 73, Average Success Rate (last 10 eps): 1.00
Total T: 22200 Episode Num: 74 Episode T: 300 Reward: 255.000 PseudoReward: [193.72232124]
Episode 74, Average Success Rate (last 10 eps): 1.00
Total T: 22500 Episode Num: 75 Episode T: 300 Reward: 267.000 PseudoReward: [281.91580098]
Episode 75, Average Success Rate (last 10 eps): 1.00
Total T: 22800 Episode Num: 76 Episode T: 300 Reward: 287.000 PseudoReward: [121.85870663]
Episode 76, Average Success Rate (last 10 eps): 1.00
Total T: 23100 Episode Num: 77 Episode T: 300 Reward: 232.000 PseudoReward: [184.04758216]
Episode 77, Average Success Rate (last 10 eps): 1.00
Total T: 23400 Episode Num: 78 Episode T: 300 Reward: 284.000 PseudoReward: [205.95386685]
Episode 78, Average Success Rate (last 10 eps): 1.00
Total T: 23700 Episode Num: 79 Episode T: 300 Reward: 283.000 PseudoReward: [291.16892556]
Episode 79, Average Success Rate (last 10 eps): 1.00
Total T: 24000 Episode Num: 80 Episode T: 300 Reward: 277.000 PseudoReward: [130.08455624]
Episode 80, Average Success Rate (last 10 eps): 1.00
Total T: 24300 Episode Num: 81 Episode T: 300 Reward: 269.000 PseudoReward: [282.6379659]
Episode 81, Average Success Rate (last 10 eps): 1.00
Total T: 24600 Episode Num: 82 Episode T: 300 Reward: 298.000 PseudoReward: [209.4980243]
Episode 82, Average Success Rate (last 10 eps): 1.00
Total T: 24900 Episode Num: 83 Episode T: 300 Reward: 282.000 PseudoReward: [202.34566599]
Episode 83, Average Success Rate (last 10 eps): 1.00
Total T: 25200 Episode Num: 84 Episode T: 300 Reward: 288.000 PseudoReward: [205.45288548]
Episode 84, Average Success Rate (last 10 eps): 1.00
Total T: 25500 Episode Num: 85 Episode T: 300 Reward: 284.000 PseudoReward: [287.91423685]
Episode 85, Average Success Rate (last 10 eps): 1.00
Total T: 25800 Episode Num: 86 Episode T: 300 Reward: 297.000 PseudoReward: [209.45337923]
Episode 86, Average Success Rate (last 10 eps): 1.00
Total T: 26100 Episode Num: 87 Episode T: 300 Reward: 275.000 PseudoReward: [117.85830698]
Episode 87, Average Success Rate (last 10 eps): 1.00
Total T: 26400 Episode Num: 88 Episode T: 300 Reward: 290.000 PseudoReward: [295.57438701]
Episode 88, Average Success Rate (last 10 eps): 1.00
Total T: 26700 Episode Num: 89 Episode T: 300 Reward: 253.000 PseudoReward: [270.35790926]
Episode 89, Average Success Rate (last 10 eps): 1.00
Total T: 27000 Episode Num: 90 Episode T: 300 Reward: 260.000 PseudoReward: [196.86314615]
Episode 90, Average Success Rate (last 10 eps): 1.00
Total T: 27300 Episode Num: 91 Episode T: 300 Reward: 291.000 PseudoReward: [294.5546681]
Episode 91, Average Success Rate (last 10 eps): 1.00
Total T: 27600 Episode Num: 92 Episode T: 300 Reward: 264.000 PseudoReward: [273.77346186]
Episode 92, Average Success Rate (last 10 eps): 1.00
Total T: 27900 Episode Num: 93 Episode T: 300 Reward: 265.000 PseudoReward: [196.81375311]
Episode 93, Average Success Rate (last 10 eps): 1.00
Total T: 28200 Episode Num: 94 Episode T: 300 Reward: 262.000 PseudoReward: [195.93137825]
Episode 94, Average Success Rate (last 10 eps): 1.00
Total T: 28500 Episode Num: 95 Episode T: 300 Reward: 263.000 PseudoReward: [198.20618529]
Episode 95, Average Success Rate (last 10 eps): 1.00
Total T: 28800 Episode Num: 96 Episode T: 300 Reward: 286.000 PseudoReward: [282.44802065]
Episode 96, Average Success Rate (last 10 eps): 1.00
Total T: 29100 Episode Num: 97 Episode T: 300 Reward: 201.000 PseudoReward: [238.53669592]
Episode 97, Average Success Rate (last 10 eps): 1.00
Total T: 29400 Episode Num: 98 Episode T: 300 Reward: 268.000 PseudoReward: [197.56972069]
Episode 98, Average Success Rate (last 10 eps): 1.00
Total T: 29700 Episode Num: 99 Episode T: 300 Reward: 286.000 PseudoReward: [204.61450609]
Episode 99, Average Success Rate (last 10 eps): 1.00
Total T: 30000 Episode Num: 100 Episode T: 300 Reward: 262.000 PseudoReward: [277.57438057]
Episode 100, Average Success Rate (last 10 eps): 1.00
Total T: 30300 Episode Num: 101 Episode T: 300 Reward: 281.000 PseudoReward: [202.86231025]
Episode 101, Average Success Rate (last 10 eps): 1.00
Total T: 30600 Episode Num: 102 Episode T: 300 Reward: 289.000 PseudoReward: [207.36808448]
Episode 102, Average Success Rate (last 10 eps): 1.00
Total T: 30900 Episode Num: 103 Episode T: 300 Reward: 259.000 PseudoReward: [278.36687947]
Episode 103, Average Success Rate (last 10 eps): 1.00
Total T: 31200 Episode Num: 104 Episode T: 300 Reward: 257.000 PseudoReward: [196.02428715]
Episode 104, Average Success Rate (last 10 eps): 1.00
Total T: 31500 Episode Num: 105 Episode T: 300 Reward: 247.000 PseudoReward: [193.86296565]
Episode 105, Average Success Rate (last 10 eps): 1.00
Total T: 31800 Episode Num: 106 Episode T: 300 Reward: 291.000 PseudoReward: [293.45943651]
Episode 106, Average Success Rate (last 10 eps): 1.00
Total T: 32100 Episode Num: 107 Episode T: 300 Reward: 271.000 PseudoReward: [203.29303903]
Episode 107, Average Success Rate (last 10 eps): 1.00
Total T: 32400 Episode Num: 108 Episode T: 300 Reward: 277.000 PseudoReward: [284.48323222]
Episode 108, Average Success Rate (last 10 eps): 1.00
Total T: 32700 Episode Num: 109 Episode T: 300 Reward: 291.000 PseudoReward: [294.73568409]
Episode 109, Average Success Rate (last 10 eps): 1.00
Total T: 33000 Episode Num: 110 Episode T: 300 Reward: 281.000 PseudoReward: [207.12888555]
Episode 110, Average Success Rate (last 10 eps): 1.00
Total T: 33300 Episode Num: 111 Episode T: 300 Reward: 245.000 PseudoReward: [189.07248754]
Episode 111, Average Success Rate (last 10 eps): 1.00
Total T: 33600 Episode Num: 112 Episode T: 300 Reward: 275.000 PseudoReward: [201.95785433]
Episode 112, Average Success Rate (last 10 eps): 1.00
Total T: 33900 Episode Num: 113 Episode T: 300 Reward: 288.000 PseudoReward: [263.40314436]
Episode 113, Average Success Rate (last 10 eps): 1.00
Total T: 34200 Episode Num: 114 Episode T: 300 Reward: 280.000 PseudoReward: [232.16173267]
Episode 114, Average Success Rate (last 10 eps): 1.00
Total T: 34500 Episode Num: 115 Episode T: 300 Reward: 297.000 PseudoReward: [209.8309663]
Episode 115, Average Success Rate (last 10 eps): 1.00
Total T: 34800 Episode Num: 116 Episode T: 300 Reward: 291.000 PseudoReward: [217.84199076]
Episode 116, Average Success Rate (last 10 eps): 1.00
Total T: 35100 Episode Num: 117 Episode T: 300 Reward: 249.000 PseudoReward: [191.88692258]
Episode 117, Average Success Rate (last 10 eps): 1.00
Total T: 35400 Episode Num: 118 Episode T: 300 Reward: 284.000 PseudoReward: [205.12204439]
Episode 118, Average Success Rate (last 10 eps): 1.00
Total T: 35700 Episode Num: 119 Episode T: 300 Reward: 249.000 PseudoReward: [195.46996245]
Episode 119, Average Success Rate (last 10 eps): 1.00
Total T: 36000 Episode Num: 120 Episode T: 300 Reward: 256.000 PseudoReward: [201.32202707]
Episode 120, Average Success Rate (last 10 eps): 1.00
Total T: 36300 Episode Num: 121 Episode T: 300 Reward: 295.000 PseudoReward: [208.88498697]
Episode 121, Average Success Rate (last 10 eps): 1.00
Total T: 36600 Episode Num: 122 Episode T: 300 Reward: 0.000 PseudoReward: [95.09383991]
Episode 122, Average Success Rate (last 10 eps): 0.90
Total T: 36900 Episode Num: 123 Episode T: 300 Reward: 272.000 PseudoReward: [205.78028857]
Episode 123, Average Success Rate (last 10 eps): 0.90
Total T: 37200 Episode Num: 124 Episode T: 300 Reward: 253.000 PseudoReward: [273.57064757]
Episode 124, Average Success Rate (last 10 eps): 0.90
Total T: 37500 Episode Num: 125 Episode T: 300 Reward: 292.000 PseudoReward: [296.20892865]
Episode 125, Average Success Rate (last 10 eps): 0.90
Total T: 37800 Episode Num: 126 Episode T: 300 Reward: 277.000 PseudoReward: [202.41652412]
Episode 126, Average Success Rate (last 10 eps): 0.90
Total T: 38100 Episode Num: 127 Episode T: 300 Reward: 283.000 PseudoReward: [201.11053606]
Episode 127, Average Success Rate (last 10 eps): 0.90
Total T: 38400 Episode Num: 128 Episode T: 300 Reward: 260.000 PseudoReward: [196.21159476]
Episode 128, Average Success Rate (last 10 eps): 0.90
Total T: 38700 Episode Num: 129 Episode T: 300 Reward: 288.000 PseudoReward: [121.63275137]
Episode 129, Average Success Rate (last 10 eps): 0.90
Total T: 39000 Episode Num: 130 Episode T: 300 Reward: 254.000 PseudoReward: [193.68987915]
Episode 130, Average Success Rate (last 10 eps): 0.90
Total T: 39300 Episode Num: 131 Episode T: 300 Reward: 181.000 PseudoReward: [175.6805175]
Episode 131, Average Success Rate (last 10 eps): 0.90
Total T: 39600 Episode Num: 132 Episode T: 300 Reward: 290.000 PseudoReward: [295.8086808]
Episode 132, Average Success Rate (last 10 eps): 1.00
Total T: 39900 Episode Num: 133 Episode T: 300 Reward: 56.000 PseudoReward: [136.81317813]
Episode 133, Average Success Rate (last 10 eps): 1.00
Total T: 40200 Episode Num: 134 Episode T: 300 Reward: 283.000 PseudoReward: [288.7087564]
Episode 134, Average Success Rate (last 10 eps): 1.00
Total T: 40500 Episode Num: 135 Episode T: 300 Reward: 196.000 PseudoReward: [215.72000273]
Episode 135, Average Success Rate (last 10 eps): 1.00
Total T: 40800 Episode Num: 136 Episode T: 300 Reward: 286.000 PseudoReward: [206.39155649]
Episode 136, Average Success Rate (last 10 eps): 1.00
Total T: 41100 Episode Num: 137 Episode T: 300 Reward: 288.000 PseudoReward: [206.23048305]
Episode 137, Average Success Rate (last 10 eps): 1.00
Total T: 41400 Episode Num: 138 Episode T: 300 Reward: 279.000 PseudoReward: [204.9024701]
Episode 138, Average Success Rate (last 10 eps): 1.00
Total T: 41700 Episode Num: 139 Episode T: 300 Reward: 269.000 PseudoReward: [201.23263278]
Episode 139, Average Success Rate (last 10 eps): 1.00
Total T: 42000 Episode Num: 140 Episode T: 300 Reward: 286.000 PseudoReward: [206.14344129]
Episode 140, Average Success Rate (last 10 eps): 1.00
Total T: 42300 Episode Num: 141 Episode T: 300 Reward: 288.000 PseudoReward: [208.2154727]
Episode 141, Average Success Rate (last 10 eps): 1.00
Total T: 42600 Episode Num: 142 Episode T: 300 Reward: 240.000 PseudoReward: [193.07934738]
Episode 142, Average Success Rate (last 10 eps): 1.00
Total T: 42900 Episode Num: 143 Episode T: 300 Reward: 232.000 PseudoReward: [115.7536799]
Episode 143, Average Success Rate (last 10 eps): 1.00
Total T: 43200 Episode Num: 144 Episode T: 300 Reward: 236.000 PseudoReward: [192.04032608]
Episode 144, Average Success Rate (last 10 eps): 1.00
Total T: 43500 Episode Num: 145 Episode T: 300 Reward: 276.000 PseudoReward: [286.32518312]
Episode 145, Average Success Rate (last 10 eps): 1.00
Total T: 43800 Episode Num: 146 Episode T: 300 Reward: 267.000 PseudoReward: [276.84852716]
Episode 146, Average Success Rate (last 10 eps): 1.00
Total T: 44100 Episode Num: 147 Episode T: 300 Reward: 270.000 PseudoReward: [203.60480101]
Episode 147, Average Success Rate (last 10 eps): 1.00
Total T: 44400 Episode Num: 148 Episode T: 300 Reward: 248.000 PseudoReward: [196.93310679]
Episode 148, Average Success Rate (last 10 eps): 1.00
Total T: 44700 Episode Num: 149 Episode T: 300 Reward: 264.000 PseudoReward: [119.02806655]
Episode 149, Average Success Rate (last 10 eps): 1.00
Total T: 45000 Episode Num: 150 Episode T: 300 Reward: 262.000 PseudoReward: [199.92100266]
Episode 150, Average Success Rate (last 10 eps): 1.00
Total T: 45300 Episode Num: 151 Episode T: 300 Reward: 281.000 PseudoReward: [202.99128098]
Episode 151, Average Success Rate (last 10 eps): 1.00
Total T: 45600 Episode Num: 152 Episode T: 300 Reward: 275.000 PseudoReward: [124.51930288]
Episode 152, Average Success Rate (last 10 eps): 1.00
Total T: 45900 Episode Num: 153 Episode T: 300 Reward: 281.000 PseudoReward: [177.64811842]
Episode 153, Average Success Rate (last 10 eps): 1.00
Total T: 46200 Episode Num: 154 Episode T: 300 Reward: 254.000 PseudoReward: [269.75049514]
Episode 154, Average Success Rate (last 10 eps): 1.00
Total T: 46500 Episode Num: 155 Episode T: 300 Reward: 291.000 PseudoReward: [151.45125764]
Episode 155, Average Success Rate (last 10 eps): 1.00
Total T: 46800 Episode Num: 156 Episode T: 300 Reward: 298.000 PseudoReward: [209.40748166]
Episode 156, Average Success Rate (last 10 eps): 1.00
Total T: 47100 Episode Num: 157 Episode T: 300 Reward: 293.000 PseudoReward: [209.65574531]
Episode 157, Average Success Rate (last 10 eps): 1.00
Total T: 47400 Episode Num: 158 Episode T: 300 Reward: 269.000 PseudoReward: [282.48695186]
Episode 158, Average Success Rate (last 10 eps): 1.00
Total T: 47700 Episode Num: 159 Episode T: 300 Reward: 281.000 PseudoReward: [205.12158285]
Episode 159, Average Success Rate (last 10 eps): 1.00
Total T: 48000 Episode Num: 160 Episode T: 300 Reward: 287.000 PseudoReward: [205.39691214]
Episode 160, Average Success Rate (last 10 eps): 1.00
Total T: 48300 Episode Num: 161 Episode T: 300 Reward: 265.000 PseudoReward: [201.61668873]
Episode 161, Average Success Rate (last 10 eps): 1.00
Total T: 48600 Episode Num: 162 Episode T: 300 Reward: 267.000 PseudoReward: [199.84750556]
Episode 162, Average Success Rate (last 10 eps): 1.00
Total T: 48900 Episode Num: 163 Episode T: 300 Reward: 290.000 PseudoReward: [206.26353685]
Episode 163, Average Success Rate (last 10 eps): 1.00
Total T: 49200 Episode Num: 164 Episode T: 300 Reward: 294.000 PseudoReward: [207.68096509]
Episode 164, Average Success Rate (last 10 eps): 1.00
Total T: 49500 Episode Num: 165 Episode T: 300 Reward: 212.000 PseudoReward: [181.92385199]
Episode 165, Average Success Rate (last 10 eps): 1.00
Total T: 49800 Episode Num: 166 Episode T: 300 Reward: 242.000 PseudoReward: [194.13043414]
Episode 166, Average Success Rate (last 10 eps): 1.00
Total T: 50100 Episode Num: 167 Episode T: 300 Reward: 295.000 PseudoReward: [154.89081849]
Episode 167, Average Success Rate (last 10 eps): 1.00
Total T: 50400 Episode Num: 168 Episode T: 300 Reward: 284.000 PseudoReward: [290.35340926]
Episode 168, Average Success Rate (last 10 eps): 1.00
Total T: 50700 Episode Num: 169 Episode T: 300 Reward: 261.000 PseudoReward: [196.71896245]
Episode 169, Average Success Rate (last 10 eps): 1.00
Total T: 51000 Episode Num: 170 Episode T: 300 Reward: 271.000 PseudoReward: [217.50214443]
Episode 170, Average Success Rate (last 10 eps): 1.00
Total T: 51300 Episode Num: 171 Episode T: 300 Reward: 241.000 PseudoReward: [131.13662503]
Episode 171, Average Success Rate (last 10 eps): 1.00
Total T: 51600 Episode Num: 172 Episode T: 300 Reward: 284.000 PseudoReward: [123.15159383]
Episode 172, Average Success Rate (last 10 eps): 1.00
Total T: 51900 Episode Num: 173 Episode T: 300 Reward: 276.000 PseudoReward: [140.61948495]
Episode 173, Average Success Rate (last 10 eps): 1.00
Total T: 52200 Episode Num: 174 Episode T: 300 Reward: 265.000 PseudoReward: [265.08683126]
Episode 174, Average Success Rate (last 10 eps): 1.00
Total T: 52500 Episode Num: 175 Episode T: 300 Reward: 288.000 PseudoReward: [213.86755294]
Episode 175, Average Success Rate (last 10 eps): 1.00
Total T: 52800 Episode Num: 176 Episode T: 300 Reward: 295.000 PseudoReward: [190.00227645]
Episode 176, Average Success Rate (last 10 eps): 1.00
Total T: 53100 Episode Num: 177 Episode T: 300 Reward: 272.000 PseudoReward: [200.35970605]
Episode 177, Average Success Rate (last 10 eps): 1.00
Total T: 53400 Episode Num: 178 Episode T: 300 Reward: 288.000 PseudoReward: [206.42051306]
Episode 178, Average Success Rate (last 10 eps): 1.00
Total T: 53700 Episode Num: 179 Episode T: 300 Reward: 273.000 PseudoReward: [211.52449851]
Episode 179, Average Success Rate (last 10 eps): 1.00
Total T: 54000 Episode Num: 180 Episode T: 300 Reward: 295.000 PseudoReward: [123.50929]
Episode 180, Average Success Rate (last 10 eps): 1.00
Total T: 54300 Episode Num: 181 Episode T: 300 Reward: 269.000 PseudoReward: [200.42252099]
Episode 181, Average Success Rate (last 10 eps): 1.00
Total T: 54600 Episode Num: 182 Episode T: 300 Reward: 289.000 PseudoReward: [207.91987234]
Episode 182, Average Success Rate (last 10 eps): 1.00
Total T: 54900 Episode Num: 183 Episode T: 300 Reward: 251.000 PseudoReward: [191.59128272]
Episode 183, Average Success Rate (last 10 eps): 1.00
Total T: 55200 Episode Num: 184 Episode T: 300 Reward: 271.000 PseudoReward: [201.09368039]
Episode 184, Average Success Rate (last 10 eps): 1.00
Total T: 55500 Episode Num: 185 Episode T: 300 Reward: 276.000 PseudoReward: [202.34558172]
Episode 185, Average Success Rate (last 10 eps): 1.00
Total T: 55800 Episode Num: 186 Episode T: 300 Reward: 262.000 PseudoReward: [121.29203333]
Episode 186, Average Success Rate (last 10 eps): 1.00
Total T: 56100 Episode Num: 187 Episode T: 300 Reward: 255.000 PseudoReward: [198.57497653]
Episode 187, Average Success Rate (last 10 eps): 1.00
Total T: 56400 Episode Num: 188 Episode T: 300 Reward: 268.000 PseudoReward: [200.97474324]
Episode 188, Average Success Rate (last 10 eps): 1.00
Total T: 56700 Episode Num: 189 Episode T: 300 Reward: 246.000 PseudoReward: [123.90343717]
Episode 189, Average Success Rate (last 10 eps): 1.00
Total T: 57000 Episode Num: 190 Episode T: 300 Reward: 282.000 PseudoReward: [205.28821033]
Episode 190, Average Success Rate (last 10 eps): 1.00
Total T: 57300 Episode Num: 191 Episode T: 300 Reward: 263.000 PseudoReward: [280.77173855]
Episode 191, Average Success Rate (last 10 eps): 1.00
Total T: 57600 Episode Num: 192 Episode T: 300 Reward: 287.000 PseudoReward: [206.00996069]
Episode 192, Average Success Rate (last 10 eps): 1.00
Total T: 57900 Episode Num: 193 Episode T: 300 Reward: 253.000 PseudoReward: [194.06094296]
Episode 193, Average Success Rate (last 10 eps): 1.00
Total T: 58200 Episode Num: 194 Episode T: 300 Reward: 256.000 PseudoReward: [224.64037813]
Episode 194, Average Success Rate (last 10 eps): 1.00
Total T: 58500 Episode Num: 195 Episode T: 300 Reward: 250.000 PseudoReward: [195.14900649]
Episode 195, Average Success Rate (last 10 eps): 1.00
Total T: 58800 Episode Num: 196 Episode T: 300 Reward: 295.000 PseudoReward: [208.76409386]
Episode 196, Average Success Rate (last 10 eps): 1.00
Total T: 59100 Episode Num: 197 Episode T: 300 Reward: 297.000 PseudoReward: [211.55212475]
Episode 197, Average Success Rate (last 10 eps): 1.00
Total T: 59400 Episode Num: 198 Episode T: 300 Reward: 276.000 PseudoReward: [281.33138704]
Episode 198, Average Success Rate (last 10 eps): 1.00
Total T: 59700 Episode Num: 199 Episode T: 300 Reward: 285.000 PseudoReward: [125.31816421]
Episode 199, Average Success Rate (last 10 eps): 1.00
Total T: 60000 Episode Num: 200 Episode T: 300 Reward: 215.000 PseudoReward: [241.18865617]
Episode 200, Average Success Rate (last 10 eps): 1.00
Total T: 60300 Episode Num: 201 Episode T: 300 Reward: 278.000 PseudoReward: [205.07139953]
Episode 201, Average Success Rate (last 10 eps): 1.00
Total T: 60600 Episode Num: 202 Episode T: 300 Reward: 234.000 PseudoReward: [267.02042953]
Episode 202, Average Success Rate (last 10 eps): 1.00
Total T: 60900 Episode Num: 203 Episode T: 300 Reward: 215.000 PseudoReward: [191.22041883]
Episode 203, Average Success Rate (last 10 eps): 1.00
Total T: 61200 Episode Num: 204 Episode T: 300 Reward: 242.000 PseudoReward: [265.20451375]
Episode 204, Average Success Rate (last 10 eps): 1.00
Total T: 61500 Episode Num: 205 Episode T: 300 Reward: 282.000 PseudoReward: [207.58444576]
Episode 205, Average Success Rate (last 10 eps): 1.00
Total T: 61800 Episode Num: 206 Episode T: 300 Reward: 297.000 PseudoReward: [209.72946556]
Episode 206, Average Success Rate (last 10 eps): 1.00
Total T: 62100 Episode Num: 207 Episode T: 300 Reward: 260.000 PseudoReward: [196.85073425]
Episode 207, Average Success Rate (last 10 eps): 1.00
Total T: 62400 Episode Num: 208 Episode T: 300 Reward: 269.000 PseudoReward: [115.77094909]
Episode 208, Average Success Rate (last 10 eps): 1.00
Total T: 62700 Episode Num: 209 Episode T: 300 Reward: 286.000 PseudoReward: [292.07306977]
Episode 209, Average Success Rate (last 10 eps): 1.00
Total T: 63000 Episode Num: 210 Episode T: 300 Reward: 280.000 PseudoReward: [288.19240933]
Episode 210, Average Success Rate (last 10 eps): 1.00
Total T: 63300 Episode Num: 211 Episode T: 300 Reward: 283.000 PseudoReward: [119.46069685]
Episode 211, Average Success Rate (last 10 eps): 1.00
Total T: 63600 Episode Num: 212 Episode T: 300 Reward: 286.000 PseudoReward: [292.2411262]
Episode 212, Average Success Rate (last 10 eps): 1.00
Total T: 63900 Episode Num: 213 Episode T: 300 Reward: 294.000 PseudoReward: [207.63408914]
Episode 213, Average Success Rate (last 10 eps): 1.00
Total T: 64200 Episode Num: 214 Episode T: 300 Reward: 208.000 PseudoReward: [193.48971067]
Episode 214, Average Success Rate (last 10 eps): 1.00
Total T: 64500 Episode Num: 215 Episode T: 300 Reward: 285.000 PseudoReward: [212.46152015]
Episode 215, Average Success Rate (last 10 eps): 1.00
Total T: 64800 Episode Num: 216 Episode T: 300 Reward: 277.000 PseudoReward: [286.7034901]
Episode 216, Average Success Rate (last 10 eps): 1.00
Total T: 65100 Episode Num: 217 Episode T: 300 Reward: 258.000 PseudoReward: [195.26106531]
Episode 217, Average Success Rate (last 10 eps): 1.00
Total T: 65400 Episode Num: 218 Episode T: 300 Reward: 276.000 PseudoReward: [202.31157497]
Episode 218, Average Success Rate (last 10 eps): 1.00
Total T: 65700 Episode Num: 219 Episode T: 300 Reward: 247.000 PseudoReward: [260.04433112]
Episode 219, Average Success Rate (last 10 eps): 1.00
Total T: 66000 Episode Num: 220 Episode T: 300 Reward: 291.000 PseudoReward: [271.01088972]
Episode 220, Average Success Rate (last 10 eps): 1.00
Total T: 66300 Episode Num: 221 Episode T: 300 Reward: 293.000 PseudoReward: [207.92626142]
Episode 221, Average Success Rate (last 10 eps): 1.00
Total T: 66600 Episode Num: 222 Episode T: 300 Reward: 277.000 PseudoReward: [286.51942058]
Episode 222, Average Success Rate (last 10 eps): 1.00
Total T: 66900 Episode Num: 223 Episode T: 300 Reward: 289.000 PseudoReward: [207.19302043]
Episode 223, Average Success Rate (last 10 eps): 1.00
Total T: 67200 Episode Num: 224 Episode T: 300 Reward: 271.000 PseudoReward: [203.01857836]
Episode 224, Average Success Rate (last 10 eps): 1.00
Total T: 67500 Episode Num: 225 Episode T: 300 Reward: 246.000 PseudoReward: [199.26492918]
Episode 225, Average Success Rate (last 10 eps): 1.00
Total T: 67800 Episode Num: 226 Episode T: 300 Reward: 278.000 PseudoReward: [203.4451689]
Episode 226, Average Success Rate (last 10 eps): 1.00
Total T: 68100 Episode Num: 227 Episode T: 300 Reward: 247.000 PseudoReward: [197.36608173]
Episode 227, Average Success Rate (last 10 eps): 1.00
Total T: 68400 Episode Num: 228 Episode T: 300 Reward: 271.000 PseudoReward: [278.88804169]
Episode 228, Average Success Rate (last 10 eps): 1.00
Total T: 68700 Episode Num: 229 Episode T: 300 Reward: 282.000 PseudoReward: [239.73862828]
Episode 229, Average Success Rate (last 10 eps): 1.00
Total T: 69000 Episode Num: 230 Episode T: 300 Reward: 276.000 PseudoReward: [203.57311898]
Episode 230, Average Success Rate (last 10 eps): 1.00
Total T: 69300 Episode Num: 231 Episode T: 300 Reward: 293.000 PseudoReward: [295.87678618]
Episode 231, Average Success Rate (last 10 eps): 1.00
Total T: 69600 Episode Num: 232 Episode T: 300 Reward: 248.000 PseudoReward: [237.94744063]
Episode 232, Average Success Rate (last 10 eps): 1.00
Total T: 69900 Episode Num: 233 Episode T: 300 Reward: 296.000 PseudoReward: [208.62962222]
Episode 233, Average Success Rate (last 10 eps): 1.00
Total T: 70200 Episode Num: 234 Episode T: 300 Reward: 237.000 PseudoReward: [267.40675537]
Episode 234, Average Success Rate (last 10 eps): 1.00
Total T: 70500 Episode Num: 235 Episode T: 300 Reward: 278.000 PseudoReward: [203.38748838]
Episode 235, Average Success Rate (last 10 eps): 1.00
Total T: 70800 Episode Num: 236 Episode T: 300 Reward: 274.000 PseudoReward: [201.38491527]
Episode 236, Average Success Rate (last 10 eps): 1.00
Total T: 71100 Episode Num: 237 Episode T: 300 Reward: 266.000 PseudoReward: [199.68661134]
Episode 237, Average Success Rate (last 10 eps): 1.00
Total T: 71400 Episode Num: 238 Episode T: 300 Reward: 281.000 PseudoReward: [272.62244626]
Episode 238, Average Success Rate (last 10 eps): 1.00
Total T: 71700 Episode Num: 239 Episode T: 300 Reward: 215.000 PseudoReward: [178.66041487]
Episode 239, Average Success Rate (last 10 eps): 1.00
Total T: 72000 Episode Num: 240 Episode T: 300 Reward: 282.000 PseudoReward: [203.1959856]
Episode 240, Average Success Rate (last 10 eps): 1.00
Total T: 72300 Episode Num: 241 Episode T: 300 Reward: 254.000 PseudoReward: [273.59640899]
Episode 241, Average Success Rate (last 10 eps): 1.00
Total T: 72600 Episode Num: 242 Episode T: 300 Reward: 257.000 PseudoReward: [201.75967177]
Episode 242, Average Success Rate (last 10 eps): 1.00
Total T: 72900 Episode Num: 243 Episode T: 300 Reward: 288.000 PseudoReward: [205.53906859]
Episode 243, Average Success Rate (last 10 eps): 1.00
Total T: 73200 Episode Num: 244 Episode T: 300 Reward: 290.000 PseudoReward: [207.12977638]
Episode 244, Average Success Rate (last 10 eps): 1.00
Total T: 73500 Episode Num: 245 Episode T: 300 Reward: 249.000 PseudoReward: [274.94569051]
Episode 245, Average Success Rate (last 10 eps): 1.00
Total T: 73800 Episode Num: 246 Episode T: 300 Reward: 270.000 PseudoReward: [136.39975533]
Episode 246, Average Success Rate (last 10 eps): 1.00
Total T: 74100 Episode Num: 247 Episode T: 300 Reward: 277.000 PseudoReward: [203.7878454]
Episode 247, Average Success Rate (last 10 eps): 1.00
Total T: 74400 Episode Num: 248 Episode T: 300 Reward: 254.000 PseudoReward: [195.8133397]
Episode 248, Average Success Rate (last 10 eps): 1.00
Total T: 74700 Episode Num: 249 Episode T: 300 Reward: 270.000 PseudoReward: [203.12041512]
Episode 249, Average Success Rate (last 10 eps): 1.00
Total T: 75000 Episode Num: 250 Episode T: 300 Reward: 291.000 PseudoReward: [207.21458269]
Episode 250, Average Success Rate (last 10 eps): 1.00
Total T: 75300 Episode Num: 251 Episode T: 300 Reward: 276.000 PseudoReward: [207.54511451]
Episode 251, Average Success Rate (last 10 eps): 1.00
Total T: 75600 Episode Num: 252 Episode T: 300 Reward: 296.000 PseudoReward: [298.2803596]
Episode 252, Average Success Rate (last 10 eps): 1.00
Total T: 75900 Episode Num: 253 Episode T: 300 Reward: 287.000 PseudoReward: [294.4496929]
Episode 253, Average Success Rate (last 10 eps): 1.00
Total T: 76200 Episode Num: 254 Episode T: 300 Reward: 286.000 PseudoReward: [205.4215837]
Episode 254, Average Success Rate (last 10 eps): 1.00
Total T: 76500 Episode Num: 255 Episode T: 300 Reward: 295.000 PseudoReward: [297.10830616]
Episode 255, Average Success Rate (last 10 eps): 1.00
Total T: 76800 Episode Num: 256 Episode T: 300 Reward: 252.000 PseudoReward: [192.98798883]
Episode 256, Average Success Rate (last 10 eps): 1.00
Total T: 77100 Episode Num: 257 Episode T: 300 Reward: 289.000 PseudoReward: [204.69980152]
Episode 257, Average Success Rate (last 10 eps): 1.00
Total T: 77400 Episode Num: 258 Episode T: 300 Reward: 291.000 PseudoReward: [208.57920366]
Episode 258, Average Success Rate (last 10 eps): 1.00
Total T: 77700 Episode Num: 259 Episode T: 300 Reward: 267.000 PseudoReward: [279.97816093]
Episode 259, Average Success Rate (last 10 eps): 1.00
Total T: 78000 Episode Num: 260 Episode T: 300 Reward: 273.000 PseudoReward: [203.35020925]
Episode 260, Average Success Rate (last 10 eps): 1.00
Total T: 78300 Episode Num: 261 Episode T: 300 Reward: 282.000 PseudoReward: [205.98250712]
Episode 261, Average Success Rate (last 10 eps): 1.00
Total T: 78600 Episode Num: 262 Episode T: 300 Reward: 282.000 PseudoReward: [204.74113915]
Episode 262, Average Success Rate (last 10 eps): 1.00
Total T: 78900 Episode Num: 263 Episode T: 300 Reward: 257.000 PseudoReward: [201.81973648]
Episode 263, Average Success Rate (last 10 eps): 1.00
Total T: 79200 Episode Num: 264 Episode T: 300 Reward: 290.000 PseudoReward: [207.19093015]
Episode 264, Average Success Rate (last 10 eps): 1.00
Total T: 79500 Episode Num: 265 Episode T: 300 Reward: 246.000 PseudoReward: [192.87397701]
Episode 265, Average Success Rate (last 10 eps): 1.00
Total T: 79800 Episode Num: 266 Episode T: 300 Reward: 272.000 PseudoReward: [200.15389994]
Episode 266, Average Success Rate (last 10 eps): 1.00
Total T: 80100 Episode Num: 267 Episode T: 300 Reward: 210.000 PseudoReward: [247.04506786]
Episode 267, Average Success Rate (last 10 eps): 1.00
Total T: 80400 Episode Num: 268 Episode T: 300 Reward: 265.000 PseudoReward: [197.4926631]
Episode 268, Average Success Rate (last 10 eps): 1.00
Total T: 80700 Episode Num: 269 Episode T: 300 Reward: 270.000 PseudoReward: [202.7449429]
Episode 269, Average Success Rate (last 10 eps): 1.00
Total T: 81000 Episode Num: 270 Episode T: 300 Reward: 274.000 PseudoReward: [200.34711368]
Episode 270, Average Success Rate (last 10 eps): 1.00
Total T: 81300 Episode Num: 271 Episode T: 300 Reward: 255.000 PseudoReward: [272.64878043]
Episode 271, Average Success Rate (last 10 eps): 1.00
Total T: 81600 Episode Num: 272 Episode T: 300 Reward: 264.000 PseudoReward: [280.02242678]
Episode 272, Average Success Rate (last 10 eps): 1.00
Total T: 81900 Episode Num: 273 Episode T: 300 Reward: 253.000 PseudoReward: [195.85240518]
Episode 273, Average Success Rate (last 10 eps): 1.00
Total T: 82200 Episode Num: 274 Episode T: 300 Reward: 278.000 PseudoReward: [204.63872428]
Episode 274, Average Success Rate (last 10 eps): 1.00
Total T: 82500 Episode Num: 275 Episode T: 300 Reward: 292.000 PseudoReward: [208.00636163]
Episode 275, Average Success Rate (last 10 eps): 1.00
Total T: 82800 Episode Num: 276 Episode T: 300 Reward: 265.000 PseudoReward: [267.05309494]
Episode 276, Average Success Rate (last 10 eps): 1.00
Total T: 83100 Episode Num: 277 Episode T: 300 Reward: 259.000 PseudoReward: [198.90454091]
Episode 277, Average Success Rate (last 10 eps): 1.00
Total T: 83400 Episode Num: 278 Episode T: 300 Reward: 278.000 PseudoReward: [205.51445747]
Episode 278, Average Success Rate (last 10 eps): 1.00
Total T: 83700 Episode Num: 279 Episode T: 300 Reward: 248.000 PseudoReward: [200.64663658]
Episode 279, Average Success Rate (last 10 eps): 1.00
Total T: 84000 Episode Num: 280 Episode T: 300 Reward: 289.000 PseudoReward: [125.21242401]
Episode 280, Average Success Rate (last 10 eps): 1.00
Total T: 84300 Episode Num: 281 Episode T: 300 Reward: 249.000 PseudoReward: [198.41424258]
Episode 281, Average Success Rate (last 10 eps): 1.00
Total T: 84600 Episode Num: 282 Episode T: 300 Reward: 248.000 PseudoReward: [192.67086851]
