/home/xlx9645/miniconda3/envs/maze/lib/python3.9/site-packages/gymnasium/envs/registration.py:642: UserWarning: [33mWARN: Overriding environment TrapMazeEnv already in registry.[0m
  logger.warn(f"Overriding environment {new_spec.id} already in registry.")
wandb: Using wandb-core as the SDK backend.  Please refer to https://wandb.me/wandb-core for more information.
wandb: Currently logged in as: yuxuanli2023 (yuxuanli2023-northwestern-university). Use `wandb login --relogin` to force relogin
wandb: - Waiting for wandb.init()...wandb: \ Waiting for wandb.init()...wandb: Tracking run with wandb version 0.19.1
wandb: Run data is saved locally in /home/xlx9645/failed/Maze/update_baselines/wandb/run-20250107_194726-nk0vdyl7
wandb: Run `wandb offline` to turn off syncing.
wandb: Syncing run AIRL
wandb: ⭐️ View project at https://wandb.ai/yuxuanli2023-northwestern-university/Main_Umaze
wandb: 🚀 View run at https://wandb.ai/yuxuanli2023-northwestern-university/Main_Umaze/runs/nk0vdyl7
/home/xlx9645/miniconda3/envs/maze/lib/python3.9/site-packages/gymnasium/spaces/box.py:235: UserWarning: [33mWARN: Box low's precision lowered by casting to float32, current low.dtype=float64[0m
  gym.logger.warn(
/home/xlx9645/miniconda3/envs/maze/lib/python3.9/site-packages/gymnasium/spaces/box.py:305: UserWarning: [33mWARN: Box high's precision lowered by casting to float32, current high.dtype=float64[0m
  gym.logger.warn(
/home/xlx9645/miniconda3/envs/maze/lib/python3.9/site-packages/torch/optim/lr_scheduler.py:224: UserWarning: Detected call of `lr_scheduler.step()` before `optimizer.step()`. In PyTorch 1.1.0 and later, you should call them in the opposite order: `optimizer.step()` before `lr_scheduler.step()`.  Failure to do this will result in PyTorch skipping the first value of the learning rate schedule. See more details at https://pytorch.org/docs/stable/optim.html#how-to-adjust-learning-rate
  warnings.warn(
/home/xlx9645/miniconda3/envs/maze/lib/python3.9/site-packages/torch/optim/lr_scheduler.py:224: UserWarning: Detected call of `lr_scheduler.step()` before `optimizer.step()`. In PyTorch 1.1.0 and later, you should call them in the opposite order: `optimizer.step()` before `lr_scheduler.step()`.  Failure to do this will result in PyTorch skipping the first value of the learning rate schedule. See more details at https://pytorch.org/docs/stable/optim.html#how-to-adjust-learning-rate
  warnings.warn(
Total T: 300 Episode Num: 1 Episode T: 300 Reward: 0.000 PseudoReward: [[-255.75354]]
Episode 1, Average Success Rate (last 10 eps): 0.00
Total T: 600 Episode Num: 2 Episode T: 300 Reward: 0.000 PseudoReward: [[565.63934]]
Episode 2, Average Success Rate (last 10 eps): 0.00
Total T: 900 Episode Num: 3 Episode T: 300 Reward: 0.000 PseudoReward: [[468.78967]]
Episode 3, Average Success Rate (last 10 eps): 0.00
Total T: 1200 Episode Num: 4 Episode T: 300 Reward: 247.000 PseudoReward: [[318.0587]]
Episode 4, Average Success Rate (last 10 eps): 0.25
Total T: 1500 Episode Num: 5 Episode T: 300 Reward: 0.000 PseudoReward: [[-52.01263]]
Episode 5, Average Success Rate (last 10 eps): 0.20
Total T: 1800 Episode Num: 6 Episode T: 300 Reward: 0.000 PseudoReward: [[-300.28378]]
Episode 6, Average Success Rate (last 10 eps): 0.17
Total T: 2100 Episode Num: 7 Episode T: 300 Reward: 0.000 PseudoReward: [[2.547705]]
Episode 7, Average Success Rate (last 10 eps): 0.14
Total T: 2400 Episode Num: 8 Episode T: 300 Reward: 0.000 PseudoReward: [[-31.600979]]
Episode 8, Average Success Rate (last 10 eps): 0.12
Total T: 2700 Episode Num: 9 Episode T: 300 Reward: 0.000 PseudoReward: [[-490.46417]]
Episode 9, Average Success Rate (last 10 eps): 0.11
Total T: 3000 Episode Num: 10 Episode T: 300 Reward: 0.000 PseudoReward: [[-829.33563]]
Episode 10, Average Success Rate (last 10 eps): 0.10
Total T: 3300 Episode Num: 11 Episode T: 300 Reward: 0.000 PseudoReward: [[-994.1482]]
Episode 11, Average Success Rate (last 10 eps): 0.10
Total T: 3600 Episode Num: 12 Episode T: 300 Reward: 0.000 PseudoReward: [[223.78038]]
Episode 12, Average Success Rate (last 10 eps): 0.10
Total T: 3900 Episode Num: 13 Episode T: 300 Reward: 207.000 PseudoReward: [[-300.34995]]
Episode 13, Average Success Rate (last 10 eps): 0.20
Total T: 4200 Episode Num: 14 Episode T: 300 Reward: 0.000 PseudoReward: [[-1569.47]]
Episode 14, Average Success Rate (last 10 eps): 0.10
Total T: 4500 Episode Num: 15 Episode T: 300 Reward: 0.000 PseudoReward: [[1816.3481]]
Episode 15, Average Success Rate (last 10 eps): 0.10
Total T: 4800 Episode Num: 16 Episode T: 300 Reward: 35.000 PseudoReward: [[236.46107]]
Episode 16, Average Success Rate (last 10 eps): 0.20
Total T: 5100 Episode Num: 17 Episode T: 300 Reward: 0.000 PseudoReward: [[928.14685]]
Episode 17, Average Success Rate (last 10 eps): 0.20
Total T: 5400 Episode Num: 18 Episode T: 300 Reward: 204.000 PseudoReward: [[432.81262]]
Episode 18, Average Success Rate (last 10 eps): 0.30
Total T: 5700 Episode Num: 19 Episode T: 300 Reward: 0.000 PseudoReward: [[-3944.3018]]
Episode 19, Average Success Rate (last 10 eps): 0.30
Total T: 6000 Episode Num: 20 Episode T: 300 Reward: 0.000 PseudoReward: [[3799.5713]]
Episode 20, Average Success Rate (last 10 eps): 0.30
Total T: 6300 Episode Num: 21 Episode T: 300 Reward: 280.000 PseudoReward: [[915.65955]]
Episode 21, Average Success Rate (last 10 eps): 0.40
Total T: 6600 Episode Num: 22 Episode T: 300 Reward: 237.000 PseudoReward: [[733.1134]]
Episode 22, Average Success Rate (last 10 eps): 0.50
Total T: 6900 Episode Num: 23 Episode T: 300 Reward: 0.000 PseudoReward: [[435.7027]]
Episode 23, Average Success Rate (last 10 eps): 0.40
Total T: 7200 Episode Num: 24 Episode T: 300 Reward: 0.000 PseudoReward: [[-547.9745]]
Episode 24, Average Success Rate (last 10 eps): 0.40
Total T: 7500 Episode Num: 25 Episode T: 300 Reward: 0.000 PseudoReward: [[-8731.312]]
Episode 25, Average Success Rate (last 10 eps): 0.40
Total T: 7800 Episode Num: 26 Episode T: 300 Reward: 173.000 PseudoReward: [[-233.75357]]
Episode 26, Average Success Rate (last 10 eps): 0.40
Total T: 8100 Episode Num: 27 Episode T: 300 Reward: 0.000 PseudoReward: [[-5337.794]]
Episode 27, Average Success Rate (last 10 eps): 0.40
Total T: 8400 Episode Num: 28 Episode T: 300 Reward: 269.000 PseudoReward: [[466.38165]]
Episode 28, Average Success Rate (last 10 eps): 0.40
Total T: 8700 Episode Num: 29 Episode T: 300 Reward: 0.000 PseudoReward: [[-4051.0996]]
Episode 29, Average Success Rate (last 10 eps): 0.40
Total T: 9000 Episode Num: 30 Episode T: 300 Reward: 0.000 PseudoReward: [[-8780.119]]
Episode 30, Average Success Rate (last 10 eps): 0.40
Total T: 9300 Episode Num: 31 Episode T: 300 Reward: 240.000 PseudoReward: [[-2550.4062]]
Episode 31, Average Success Rate (last 10 eps): 0.40
Total T: 9600 Episode Num: 32 Episode T: 300 Reward: 20.000 PseudoReward: [[-7443.463]]
Episode 32, Average Success Rate (last 10 eps): 0.40
Total T: 9900 Episode Num: 33 Episode T: 300 Reward: 252.000 PseudoReward: [[-2525.3552]]
Episode 33, Average Success Rate (last 10 eps): 0.50
Total T: 10200 Episode Num: 34 Episode T: 300 Reward: 0.000 PseudoReward: [[-8628.361]]
Episode 34, Average Success Rate (last 10 eps): 0.50
Total T: 10500 Episode Num: 35 Episode T: 300 Reward: 249.000 PseudoReward: [[-3055.2283]]
Episode 35, Average Success Rate (last 10 eps): 0.60
Total T: 10800 Episode Num: 36 Episode T: 300 Reward: 29.000 PseudoReward: [[-8564.062]]
Episode 36, Average Success Rate (last 10 eps): 0.60
Total T: 11100 Episode Num: 37 Episode T: 300 Reward: 0.000 PseudoReward: [[2200.6125]]
Episode 37, Average Success Rate (last 10 eps): 0.60
Total T: 11400 Episode Num: 38 Episode T: 300 Reward: 0.000 PseudoReward: [[5015.4995]]
Episode 38, Average Success Rate (last 10 eps): 0.50
Total T: 11700 Episode Num: 39 Episode T: 300 Reward: 279.000 PseudoReward: [[1969.8013]]
Episode 39, Average Success Rate (last 10 eps): 0.60
Total T: 12000 Episode Num: 40 Episode T: 300 Reward: 296.000 PseudoReward: [[-6426.778]]
Episode 40, Average Success Rate (last 10 eps): 0.70
Total T: 12300 Episode Num: 41 Episode T: 300 Reward: 87.000 PseudoReward: [[-3641.6414]]
Episode 41, Average Success Rate (last 10 eps): 0.70
Total T: 12600 Episode Num: 42 Episode T: 300 Reward: 0.000 PseudoReward: [[2495.1472]]
Episode 42, Average Success Rate (last 10 eps): 0.60
Total T: 12900 Episode Num: 43 Episode T: 300 Reward: 67.000 PseudoReward: [[-338.35632]]
Episode 43, Average Success Rate (last 10 eps): 0.60
Total T: 13200 Episode Num: 44 Episode T: 300 Reward: 243.000 PseudoReward: [[-1295.2299]]
Episode 44, Average Success Rate (last 10 eps): 0.70
Total T: 13500 Episode Num: 45 Episode T: 300 Reward: 280.000 PseudoReward: [[-1803.2539]]
Episode 45, Average Success Rate (last 10 eps): 0.70
Total T: 13800 Episode Num: 46 Episode T: 300 Reward: 188.000 PseudoReward: [[-4297.537]]
Episode 46, Average Success Rate (last 10 eps): 0.70
Total T: 14100 Episode Num: 47 Episode T: 300 Reward: 231.000 PseudoReward: [[1079.4055]]
Episode 47, Average Success Rate (last 10 eps): 0.80
Total T: 14400 Episode Num: 48 Episode T: 300 Reward: 155.000 PseudoReward: [[-2168.8918]]
Episode 48, Average Success Rate (last 10 eps): 0.90
Total T: 14700 Episode Num: 49 Episode T: 300 Reward: 258.000 PseudoReward: [[-3397.933]]
Episode 49, Average Success Rate (last 10 eps): 0.90
Total T: 15000 Episode Num: 50 Episode T: 300 Reward: 139.000 PseudoReward: [[-6392.88]]
Episode 50, Average Success Rate (last 10 eps): 0.90
Total T: 15300 Episode Num: 51 Episode T: 300 Reward: 0.000 PseudoReward: [[-10673.389]]
Episode 51, Average Success Rate (last 10 eps): 0.80
Total T: 15600 Episode Num: 52 Episode T: 300 Reward: 0.000 PseudoReward: [[-4467.255]]
Episode 52, Average Success Rate (last 10 eps): 0.80
Total T: 15900 Episode Num: 53 Episode T: 300 Reward: 0.000 PseudoReward: [[-8592.845]]
Episode 53, Average Success Rate (last 10 eps): 0.70
Total T: 16200 Episode Num: 54 Episode T: 300 Reward: 271.000 PseudoReward: [[147.94753]]
Episode 54, Average Success Rate (last 10 eps): 0.70
Total T: 16500 Episode Num: 55 Episode T: 300 Reward: 277.000 PseudoReward: [[-25.209515]]
Episode 55, Average Success Rate (last 10 eps): 0.70
Total T: 16800 Episode Num: 56 Episode T: 300 Reward: 0.000 PseudoReward: [[154.82745]]
Episode 56, Average Success Rate (last 10 eps): 0.60
Total T: 17100 Episode Num: 57 Episode T: 300 Reward: 261.000 PseudoReward: [[-785.6891]]
Episode 57, Average Success Rate (last 10 eps): 0.60
Total T: 17400 Episode Num: 58 Episode T: 300 Reward: 199.000 PseudoReward: [[-2383.7327]]
Episode 58, Average Success Rate (last 10 eps): 0.60
Total T: 17700 Episode Num: 59 Episode T: 300 Reward: 0.000 PseudoReward: [[-50.32912]]
Episode 59, Average Success Rate (last 10 eps): 0.50
Total T: 18000 Episode Num: 60 Episode T: 300 Reward: 0.000 PseudoReward: [[-610.92035]]
Episode 60, Average Success Rate (last 10 eps): 0.40
Total T: 18300 Episode Num: 61 Episode T: 300 Reward: 221.000 PseudoReward: [[-778.29333]]
Episode 61, Average Success Rate (last 10 eps): 0.50
Total T: 18600 Episode Num: 62 Episode T: 300 Reward: 0.000 PseudoReward: [[-11564.1875]]
Episode 62, Average Success Rate (last 10 eps): 0.50
Total T: 18900 Episode Num: 63 Episode T: 300 Reward: 37.000 PseudoReward: [[-2098.3667]]
Episode 63, Average Success Rate (last 10 eps): 0.60
Total T: 19200 Episode Num: 64 Episode T: 300 Reward: 0.000 PseudoReward: [[191.29414]]
Episode 64, Average Success Rate (last 10 eps): 0.50
Total T: 19500 Episode Num: 65 Episode T: 300 Reward: 109.000 PseudoReward: [[-1786.4716]]
Episode 65, Average Success Rate (last 10 eps): 0.50
Total T: 19800 Episode Num: 66 Episode T: 300 Reward: 22.000 PseudoReward: [[-4982.3374]]
Episode 66, Average Success Rate (last 10 eps): 0.60
Total T: 20100 Episode Num: 67 Episode T: 300 Reward: 0.000 PseudoReward: [[-1251.6996]]
Episode 67, Average Success Rate (last 10 eps): 0.50
Total T: 20400 Episode Num: 68 Episode T: 300 Reward: 24.000 PseudoReward: [[-5751.428]]
Episode 68, Average Success Rate (last 10 eps): 0.50
Total T: 20700 Episode Num: 69 Episode T: 300 Reward: 296.000 PseudoReward: [[-9271.055]]
Episode 69, Average Success Rate (last 10 eps): 0.60
Total T: 21000 Episode Num: 70 Episode T: 300 Reward: 285.000 PseudoReward: [[-6492.705]]
Episode 70, Average Success Rate (last 10 eps): 0.70
Total T: 21300 Episode Num: 71 Episode T: 300 Reward: 0.000 PseudoReward: [[-4259.1943]]
Episode 71, Average Success Rate (last 10 eps): 0.60
Total T: 21600 Episode Num: 72 Episode T: 300 Reward: 240.000 PseudoReward: [[-7132.963]]
Episode 72, Average Success Rate (last 10 eps): 0.70
Total T: 21900 Episode Num: 73 Episode T: 300 Reward: 282.000 PseudoReward: [[-7450.3496]]
Episode 73, Average Success Rate (last 10 eps): 0.70
Total T: 22200 Episode Num: 74 Episode T: 300 Reward: 0.000 PseudoReward: [[-13737.948]]
Episode 74, Average Success Rate (last 10 eps): 0.70
Total T: 22500 Episode Num: 75 Episode T: 300 Reward: 0.000 PseudoReward: [[-13014.322]]
Episode 75, Average Success Rate (last 10 eps): 0.60
Total T: 22800 Episode Num: 76 Episode T: 300 Reward: 0.000 PseudoReward: [[-13262.317]]
Episode 76, Average Success Rate (last 10 eps): 0.50
Total T: 23100 Episode Num: 77 Episode T: 300 Reward: 0.000 PseudoReward: [[-13706.013]]
Episode 77, Average Success Rate (last 10 eps): 0.50
Total T: 23400 Episode Num: 78 Episode T: 300 Reward: 0.000 PseudoReward: [[-13540.694]]
Episode 78, Average Success Rate (last 10 eps): 0.40
Total T: 23700 Episode Num: 79 Episode T: 300 Reward: 88.000 PseudoReward: [[-4800.651]]
Episode 79, Average Success Rate (last 10 eps): 0.40
Total T: 24000 Episode Num: 80 Episode T: 300 Reward: 250.000 PseudoReward: [[-7774.54]]
Episode 80, Average Success Rate (last 10 eps): 0.40
Total T: 24300 Episode Num: 81 Episode T: 300 Reward: 0.000 PseudoReward: [[-2924.3435]]
Episode 81, Average Success Rate (last 10 eps): 0.40
Total T: 24600 Episode Num: 82 Episode T: 300 Reward: 0.000 PseudoReward: [[-3528.6885]]
Episode 82, Average Success Rate (last 10 eps): 0.30
Total T: 24900 Episode Num: 83 Episode T: 300 Reward: 0.000 PseudoReward: [[-3439.7192]]
Episode 83, Average Success Rate (last 10 eps): 0.20
Total T: 25200 Episode Num: 84 Episode T: 300 Reward: 0.000 PseudoReward: [[-2011.8485]]
Episode 84, Average Success Rate (last 10 eps): 0.20
Total T: 25500 Episode Num: 85 Episode T: 300 Reward: 244.000 PseudoReward: [[-11287.697]]
Episode 85, Average Success Rate (last 10 eps): 0.30
Total T: 25800 Episode Num: 86 Episode T: 300 Reward: 293.000 PseudoReward: [[-4632.467]]
Episode 86, Average Success Rate (last 10 eps): 0.40
Total T: 26100 Episode Num: 87 Episode T: 300 Reward: 0.000 PseudoReward: [[-4173.791]]
Episode 87, Average Success Rate (last 10 eps): 0.40
Total T: 26400 Episode Num: 88 Episode T: 300 Reward: 185.000 PseudoReward: [[-6520.9844]]
Episode 88, Average Success Rate (last 10 eps): 0.50
Total T: 26700 Episode Num: 89 Episode T: 300 Reward: 0.000 PseudoReward: [[-9453.458]]
Episode 89, Average Success Rate (last 10 eps): 0.40
Total T: 27000 Episode Num: 90 Episode T: 300 Reward: 0.000 PseudoReward: [[-8332.354]]
Episode 90, Average Success Rate (last 10 eps): 0.30
Total T: 27300 Episode Num: 91 Episode T: 300 Reward: 284.000 PseudoReward: [[-13508.209]]
Episode 91, Average Success Rate (last 10 eps): 0.40
Total T: 27600 Episode Num: 92 Episode T: 300 Reward: 0.000 PseudoReward: [[-5276.651]]
Episode 92, Average Success Rate (last 10 eps): 0.40
Total T: 27900 Episode Num: 93 Episode T: 300 Reward: 0.000 PseudoReward: [[-4697.0615]]
Episode 93, Average Success Rate (last 10 eps): 0.40
Total T: 28200 Episode Num: 94 Episode T: 300 Reward: 293.000 PseudoReward: [[-7963.003]]
Episode 94, Average Success Rate (last 10 eps): 0.50
Total T: 28500 Episode Num: 95 Episode T: 300 Reward: 231.000 PseudoReward: [[-6979.5767]]
Episode 95, Average Success Rate (last 10 eps): 0.50
Total T: 28800 Episode Num: 96 Episode T: 300 Reward: 0.000 PseudoReward: [[-7740.4565]]
Episode 96, Average Success Rate (last 10 eps): 0.40
Total T: 29100 Episode Num: 97 Episode T: 300 Reward: 0.000 PseudoReward: [[-4119.62]]
Episode 97, Average Success Rate (last 10 eps): 0.40
Total T: 29400 Episode Num: 98 Episode T: 300 Reward: 0.000 PseudoReward: [[-13526.062]]
Episode 98, Average Success Rate (last 10 eps): 0.30
Total T: 29700 Episode Num: 99 Episode T: 300 Reward: 0.000 PseudoReward: [[-5039.5522]]
Episode 99, Average Success Rate (last 10 eps): 0.30
Total T: 30000 Episode Num: 100 Episode T: 300 Reward: 266.000 PseudoReward: [[-6907.5713]]
Episode 100, Average Success Rate (last 10 eps): 0.40
Total T: 30300 Episode Num: 101 Episode T: 300 Reward: 287.000 PseudoReward: [[-13364.171]]
Episode 101, Average Success Rate (last 10 eps): 0.40
Total T: 30600 Episode Num: 102 Episode T: 300 Reward: 0.000 PseudoReward: [[-11070.651]]
Episode 102, Average Success Rate (last 10 eps): 0.40
Total T: 30900 Episode Num: 103 Episode T: 300 Reward: 0.000 PseudoReward: [[-5472.366]]
Episode 103, Average Success Rate (last 10 eps): 0.40
Total T: 31200 Episode Num: 104 Episode T: 300 Reward: 207.000 PseudoReward: [[-12498.716]]
Episode 104, Average Success Rate (last 10 eps): 0.40
Total T: 31500 Episode Num: 105 Episode T: 300 Reward: 248.000 PseudoReward: [[-4146.8496]]
Episode 105, Average Success Rate (last 10 eps): 0.40
Total T: 31800 Episode Num: 106 Episode T: 300 Reward: 229.000 PseudoReward: [[-4047.8333]]
Episode 106, Average Success Rate (last 10 eps): 0.50
Total T: 32100 Episode Num: 107 Episode T: 300 Reward: 28.000 PseudoReward: [[-10483.261]]
Episode 107, Average Success Rate (last 10 eps): 0.60
Total T: 32400 Episode Num: 108 Episode T: 300 Reward: 0.000 PseudoReward: [[-10619.693]]
Episode 108, Average Success Rate (last 10 eps): 0.60
Total T: 32700 Episode Num: 109 Episode T: 300 Reward: 0.000 PseudoReward: [[-5506.0396]]
Episode 109, Average Success Rate (last 10 eps): 0.60
Total T: 33000 Episode Num: 110 Episode T: 300 Reward: 0.000 PseudoReward: [[-6202.3604]]
Episode 110, Average Success Rate (last 10 eps): 0.50
Total T: 33300 Episode Num: 111 Episode T: 300 Reward: 0.000 PseudoReward: [[-10970.032]]
Episode 111, Average Success Rate (last 10 eps): 0.40
Total T: 33600 Episode Num: 112 Episode T: 300 Reward: 278.000 PseudoReward: [[-11936.645]]
Episode 112, Average Success Rate (last 10 eps): 0.50
Total T: 33900 Episode Num: 113 Episode T: 300 Reward: 288.000 PseudoReward: [[-13725.328]]
Episode 113, Average Success Rate (last 10 eps): 0.60
Total T: 34200 Episode Num: 114 Episode T: 300 Reward: 279.000 PseudoReward: [[-13429.418]]
Episode 114, Average Success Rate (last 10 eps): 0.60
Total T: 34500 Episode Num: 115 Episode T: 300 Reward: 177.000 PseudoReward: [[-12860.433]]
Episode 115, Average Success Rate (last 10 eps): 0.60
Total T: 34800 Episode Num: 116 Episode T: 300 Reward: 0.000 PseudoReward: [[-5943.1187]]
Episode 116, Average Success Rate (last 10 eps): 0.50
Total T: 35100 Episode Num: 117 Episode T: 300 Reward: 0.000 PseudoReward: [[-10481.558]]
Episode 117, Average Success Rate (last 10 eps): 0.40
Total T: 35400 Episode Num: 118 Episode T: 300 Reward: 94.000 PseudoReward: [[-10190.456]]
Episode 118, Average Success Rate (last 10 eps): 0.50
Total T: 35700 Episode Num: 119 Episode T: 300 Reward: 282.000 PseudoReward: [[-9232.179]]
Episode 119, Average Success Rate (last 10 eps): 0.60
Total T: 36000 Episode Num: 120 Episode T: 300 Reward: 287.000 PseudoReward: [[-9925.927]]
Episode 120, Average Success Rate (last 10 eps): 0.70
Total T: 36300 Episode Num: 121 Episode T: 300 Reward: 206.000 PseudoReward: [[-8287.984]]
Episode 121, Average Success Rate (last 10 eps): 0.80
Total T: 36600 Episode Num: 122 Episode T: 300 Reward: 266.000 PseudoReward: [[-4902.6704]]
Episode 122, Average Success Rate (last 10 eps): 0.80
Total T: 36900 Episode Num: 123 Episode T: 300 Reward: 235.000 PseudoReward: [[-6694.2847]]
Episode 123, Average Success Rate (last 10 eps): 0.80
Total T: 37200 Episode Num: 124 Episode T: 300 Reward: 269.000 PseudoReward: [[-12950.991]]
Episode 124, Average Success Rate (last 10 eps): 0.80
Total T: 37500 Episode Num: 125 Episode T: 300 Reward: 294.000 PseudoReward: [[-8474.908]]
Episode 125, Average Success Rate (last 10 eps): 0.80
Total T: 37800 Episode Num: 126 Episode T: 300 Reward: 221.000 PseudoReward: [[-6520.2056]]
Episode 126, Average Success Rate (last 10 eps): 0.90
Total T: 38100 Episode Num: 127 Episode T: 300 Reward: 197.000 PseudoReward: [[-6784.1504]]
Episode 127, Average Success Rate (last 10 eps): 1.00
Total T: 38400 Episode Num: 128 Episode T: 300 Reward: 0.000 PseudoReward: [[-6177.7324]]
Episode 128, Average Success Rate (last 10 eps): 0.90
Total T: 38700 Episode Num: 129 Episode T: 300 Reward: 243.000 PseudoReward: [[-13429.61]]
Episode 129, Average Success Rate (last 10 eps): 0.90
Total T: 39000 Episode Num: 130 Episode T: 300 Reward: 0.000 PseudoReward: [[-6765.298]]
Episode 130, Average Success Rate (last 10 eps): 0.80
Total T: 39300 Episode Num: 131 Episode T: 300 Reward: 0.000 PseudoReward: [[-6901.123]]
Episode 131, Average Success Rate (last 10 eps): 0.70
Total T: 39600 Episode Num: 132 Episode T: 300 Reward: 0.000 PseudoReward: [[-13789.283]]
Episode 132, Average Success Rate (last 10 eps): 0.60
Total T: 39900 Episode Num: 133 Episode T: 300 Reward: 284.000 PseudoReward: [[-10267.94]]
Episode 133, Average Success Rate (last 10 eps): 0.60
Total T: 40200 Episode Num: 134 Episode T: 300 Reward: 0.000 PseudoReward: [[-13774.041]]
Episode 134, Average Success Rate (last 10 eps): 0.50
Total T: 40500 Episode Num: 135 Episode T: 300 Reward: 8.000 PseudoReward: [[-8568.635]]
Episode 135, Average Success Rate (last 10 eps): 0.50
Total T: 40800 Episode Num: 136 Episode T: 300 Reward: 281.000 PseudoReward: [[-7227.821]]
Episode 136, Average Success Rate (last 10 eps): 0.50
Total T: 41100 Episode Num: 137 Episode T: 300 Reward: 0.000 PseudoReward: [[-7693.993]]
Episode 137, Average Success Rate (last 10 eps): 0.40
Total T: 41400 Episode Num: 138 Episode T: 300 Reward: 0.000 PseudoReward: [[-12163.543]]
Episode 138, Average Success Rate (last 10 eps): 0.40
Total T: 41700 Episode Num: 139 Episode T: 300 Reward: 14.000 PseudoReward: [[-8666.577]]
Episode 139, Average Success Rate (last 10 eps): 0.40
Total T: 42000 Episode Num: 140 Episode T: 300 Reward: 148.000 PseudoReward: [[-10789.929]]
Episode 140, Average Success Rate (last 10 eps): 0.50
Total T: 42300 Episode Num: 141 Episode T: 300 Reward: 0.000 PseudoReward: [[-13651.978]]
Episode 141, Average Success Rate (last 10 eps): 0.50
Total T: 42600 Episode Num: 142 Episode T: 300 Reward: 139.000 PseudoReward: [[-8557.3]]
Episode 142, Average Success Rate (last 10 eps): 0.60
Total T: 42900 Episode Num: 143 Episode T: 300 Reward: 90.000 PseudoReward: [[-8223.034]]
Episode 143, Average Success Rate (last 10 eps): 0.60
Total T: 43200 Episode Num: 144 Episode T: 300 Reward: 0.000 PseudoReward: [[-13432.089]]
Episode 144, Average Success Rate (last 10 eps): 0.60
Total T: 43500 Episode Num: 145 Episode T: 300 Reward: 0.000 PseudoReward: [[-9279.394]]
Episode 145, Average Success Rate (last 10 eps): 0.50
Total T: 43800 Episode Num: 146 Episode T: 300 Reward: 61.000 PseudoReward: [[-9057.222]]
Episode 146, Average Success Rate (last 10 eps): 0.50
Total T: 44100 Episode Num: 147 Episode T: 300 Reward: 292.000 PseudoReward: [[-12254.197]]
Episode 147, Average Success Rate (last 10 eps): 0.60
Total T: 44400 Episode Num: 148 Episode T: 300 Reward: 0.000 PseudoReward: [[-11515.86]]
Episode 148, Average Success Rate (last 10 eps): 0.60
Total T: 44700 Episode Num: 149 Episode T: 300 Reward: 0.000 PseudoReward: [[-13441.43]]
Episode 149, Average Success Rate (last 10 eps): 0.50
Total T: 45000 Episode Num: 150 Episode T: 300 Reward: 0.000 PseudoReward: [[-6570.176]]
Episode 150, Average Success Rate (last 10 eps): 0.40
Total T: 45300 Episode Num: 151 Episode T: 300 Reward: 0.000 PseudoReward: [[-10460.005]]
Episode 151, Average Success Rate (last 10 eps): 0.40
Total T: 45600 Episode Num: 152 Episode T: 300 Reward: 278.000 PseudoReward: [[-11694.265]]
Episode 152, Average Success Rate (last 10 eps): 0.40
Total T: 45900 Episode Num: 153 Episode T: 300 Reward: 0.000 PseudoReward: [[-7598.1245]]
Episode 153, Average Success Rate (last 10 eps): 0.30
Total T: 46200 Episode Num: 154 Episode T: 300 Reward: 284.000 PseudoReward: [[-9166.364]]
Episode 154, Average Success Rate (last 10 eps): 0.40
Total T: 46500 Episode Num: 155 Episode T: 300 Reward: 251.000 PseudoReward: [[-12168.464]]
Episode 155, Average Success Rate (last 10 eps): 0.50
Total T: 46800 Episode Num: 156 Episode T: 300 Reward: 0.000 PseudoReward: [[-13644.999]]
Episode 156, Average Success Rate (last 10 eps): 0.40
Total T: 47100 Episode Num: 157 Episode T: 300 Reward: 0.000 PseudoReward: [[-13225.81]]
Episode 157, Average Success Rate (last 10 eps): 0.30
Total T: 47400 Episode Num: 158 Episode T: 300 Reward: 246.000 PseudoReward: [[-11141.958]]
Episode 158, Average Success Rate (last 10 eps): 0.40
Total T: 47700 Episode Num: 159 Episode T: 300 Reward: 0.000 PseudoReward: [[-13375.594]]
Episode 159, Average Success Rate (last 10 eps): 0.40
Total T: 48000 Episode Num: 160 Episode T: 300 Reward: 211.000 PseudoReward: [[-10141.527]]
Episode 160, Average Success Rate (last 10 eps): 0.50
Total T: 48300 Episode Num: 161 Episode T: 300 Reward: 192.000 PseudoReward: [[-7819.426]]
Episode 161, Average Success Rate (last 10 eps): 0.60
Total T: 48600 Episode Num: 162 Episode T: 300 Reward: 241.000 PseudoReward: [[-7257.6763]]
Episode 162, Average Success Rate (last 10 eps): 0.60
Total T: 48900 Episode Num: 163 Episode T: 300 Reward: 0.000 PseudoReward: [[-13583.896]]
Episode 163, Average Success Rate (last 10 eps): 0.60
Total T: 49200 Episode Num: 164 Episode T: 300 Reward: 0.000 PseudoReward: [[-9716.813]]
Episode 164, Average Success Rate (last 10 eps): 0.50
Total T: 49500 Episode Num: 165 Episode T: 300 Reward: 282.000 PseudoReward: [[-11788.124]]
Episode 165, Average Success Rate (last 10 eps): 0.50
Total T: 49800 Episode Num: 166 Episode T: 300 Reward: 0.000 PseudoReward: [[-13737.017]]
Episode 166, Average Success Rate (last 10 eps): 0.50
Total T: 50100 Episode Num: 167 Episode T: 300 Reward: 0.000 PseudoReward: [[-10706.025]]
Episode 167, Average Success Rate (last 10 eps): 0.50
Total T: 50400 Episode Num: 168 Episode T: 300 Reward: 206.000 PseudoReward: [[-9217.471]]
Episode 168, Average Success Rate (last 10 eps): 0.50
Total T: 50700 Episode Num: 169 Episode T: 300 Reward: 154.000 PseudoReward: [[-12506.877]]
Episode 169, Average Success Rate (last 10 eps): 0.60
Total T: 51000 Episode Num: 170 Episode T: 300 Reward: 0.000 PseudoReward: [[-13757.981]]
Episode 170, Average Success Rate (last 10 eps): 0.50
Total T: 51300 Episode Num: 171 Episode T: 300 Reward: 0.000 PseudoReward: [[-13579.905]]
Episode 171, Average Success Rate (last 10 eps): 0.40
Total T: 51600 Episode Num: 172 Episode T: 300 Reward: 71.000 PseudoReward: [[-8673.576]]
Episode 172, Average Success Rate (last 10 eps): 0.40
Total T: 51900 Episode Num: 173 Episode T: 300 Reward: 0.000 PseudoReward: [[-7698.3564]]
Episode 173, Average Success Rate (last 10 eps): 0.40
Total T: 52200 Episode Num: 174 Episode T: 300 Reward: 0.000 PseudoReward: [[-8577.602]]
Episode 174, Average Success Rate (last 10 eps): 0.40
Total T: 52500 Episode Num: 175 Episode T: 300 Reward: 0.000 PseudoReward: [[-13784.809]]
Episode 175, Average Success Rate (last 10 eps): 0.30
Total T: 52800 Episode Num: 176 Episode T: 300 Reward: 288.000 PseudoReward: [[-12188.185]]
Episode 176, Average Success Rate (last 10 eps): 0.40
Total T: 53100 Episode Num: 177 Episode T: 300 Reward: 0.000 PseudoReward: [[-13099.305]]
Episode 177, Average Success Rate (last 10 eps): 0.40
Total T: 53400 Episode Num: 178 Episode T: 300 Reward: 0.000 PseudoReward: [[-13779.399]]
Episode 178, Average Success Rate (last 10 eps): 0.30
Total T: 53700 Episode Num: 179 Episode T: 300 Reward: 222.000 PseudoReward: [[-9901.152]]
Episode 179, Average Success Rate (last 10 eps): 0.30
Total T: 54000 Episode Num: 180 Episode T: 300 Reward: 0.000 PseudoReward: [[-8907.365]]
Episode 180, Average Success Rate (last 10 eps): 0.30
Total T: 54300 Episode Num: 181 Episode T: 300 Reward: 0.000 PseudoReward: [[-11278.325]]
Episode 181, Average Success Rate (last 10 eps): 0.30
Total T: 54600 Episode Num: 182 Episode T: 300 Reward: 280.000 PseudoReward: [[-7199.9634]]
Episode 182, Average Success Rate (last 10 eps): 0.30
Total T: 54900 Episode Num: 183 Episode T: 300 Reward: 0.000 PseudoReward: [[-8900.882]]
Episode 183, Average Success Rate (last 10 eps): 0.30
Total T: 55200 Episode Num: 184 Episode T: 300 Reward: 295.000 PseudoReward: [[-10932.505]]
Episode 184, Average Success Rate (last 10 eps): 0.40
Total T: 55500 Episode Num: 185 Episode T: 300 Reward: 0.000 PseudoReward: [[-8462.994]]
Episode 185, Average Success Rate (last 10 eps): 0.40
Total T: 55800 Episode Num: 186 Episode T: 300 Reward: 0.000 PseudoReward: [[-13712.147]]
Episode 186, Average Success Rate (last 10 eps): 0.30
Total T: 56100 Episode Num: 187 Episode T: 300 Reward: 292.000 PseudoReward: [[-11842.084]]
Episode 187, Average Success Rate (last 10 eps): 0.40
Total T: 56400 Episode Num: 188 Episode T: 300 Reward: 294.000 PseudoReward: [[-8857.633]]
Episode 188, Average Success Rate (last 10 eps): 0.50
Total T: 56700 Episode Num: 189 Episode T: 300 Reward: 256.000 PseudoReward: [[-7571.1157]]
Episode 189, Average Success Rate (last 10 eps): 0.50
Total T: 57000 Episode Num: 190 Episode T: 300 Reward: 224.000 PseudoReward: [[-9639.057]]
Episode 190, Average Success Rate (last 10 eps): 0.60
Total T: 57300 Episode Num: 191 Episode T: 300 Reward: 0.000 PseudoReward: [[-13688.034]]
Episode 191, Average Success Rate (last 10 eps): 0.60
Total T: 57600 Episode Num: 192 Episode T: 300 Reward: 0.000 PseudoReward: [[-10368.075]]
Episode 192, Average Success Rate (last 10 eps): 0.50
Total T: 57900 Episode Num: 193 Episode T: 300 Reward: 0.000 PseudoReward: [[-7723.6743]]
Episode 193, Average Success Rate (last 10 eps): 0.50
Total T: 58200 Episode Num: 194 Episode T: 300 Reward: 262.000 PseudoReward: [[-11755.629]]
Episode 194, Average Success Rate (last 10 eps): 0.50
Total T: 58500 Episode Num: 195 Episode T: 300 Reward: 289.000 PseudoReward: [[-13641.043]]
Episode 195, Average Success Rate (last 10 eps): 0.60
Total T: 58800 Episode Num: 196 Episode T: 300 Reward: 0.000 PseudoReward: [[-13677.039]]
Episode 196, Average Success Rate (last 10 eps): 0.60
Total T: 59100 Episode Num: 197 Episode T: 300 Reward: 0.000 PseudoReward: [[-13496.581]]
Episode 197, Average Success Rate (last 10 eps): 0.50
Total T: 59400 Episode Num: 198 Episode T: 300 Reward: 0.000 PseudoReward: [[-13101.858]]
Episode 198, Average Success Rate (last 10 eps): 0.40
Total T: 59700 Episode Num: 199 Episode T: 300 Reward: 294.000 PseudoReward: [[-13018.235]]
Episode 199, Average Success Rate (last 10 eps): 0.40
Total T: 60000 Episode Num: 200 Episode T: 300 Reward: 264.000 PseudoReward: [[-12387.31]]
Episode 200, Average Success Rate (last 10 eps): 0.40
Total T: 60300 Episode Num: 201 Episode T: 300 Reward: 159.000 PseudoReward: [[-9544.8]]
Episode 201, Average Success Rate (last 10 eps): 0.50
Total T: 60600 Episode Num: 202 Episode T: 300 Reward: 0.000 PseudoReward: [[-11039.266]]
Episode 202, Average Success Rate (last 10 eps): 0.50
Total T: 60900 Episode Num: 203 Episode T: 300 Reward: 219.000 PseudoReward: [[-12272.49]]
Episode 203, Average Success Rate (last 10 eps): 0.60
Total T: 61200 Episode Num: 204 Episode T: 300 Reward: 0.000 PseudoReward: [[-13567.477]]
Episode 204, Average Success Rate (last 10 eps): 0.50
Total T: 61500 Episode Num: 205 Episode T: 300 Reward: 219.000 PseudoReward: [[-9446.57]]
Episode 205, Average Success Rate (last 10 eps): 0.50
Total T: 61800 Episode Num: 206 Episode T: 300 Reward: 187.000 PseudoReward: [[-10330.827]]
Episode 206, Average Success Rate (last 10 eps): 0.60
Total T: 62100 Episode Num: 207 Episode T: 300 Reward: 0.000 PseudoReward: [[-10651.047]]
Episode 207, Average Success Rate (last 10 eps): 0.60
Total T: 62400 Episode Num: 208 Episode T: 300 Reward: 284.000 PseudoReward: [[-13695.58]]
Episode 208, Average Success Rate (last 10 eps): 0.70
Total T: 62700 Episode Num: 209 Episode T: 300 Reward: 262.000 PseudoReward: [[-13611.77]]
Episode 209, Average Success Rate (last 10 eps): 0.70
Total T: 63000 Episode Num: 210 Episode T: 300 Reward: 110.000 PseudoReward: [[-9828.255]]
Episode 210, Average Success Rate (last 10 eps): 0.70
Total T: 63300 Episode Num: 211 Episode T: 300 Reward: 0.000 PseudoReward: [[-12649.255]]
Episode 211, Average Success Rate (last 10 eps): 0.60
Total T: 63600 Episode Num: 212 Episode T: 300 Reward: 0.000 PseudoReward: [[-11534.926]]
Episode 212, Average Success Rate (last 10 eps): 0.60
Total T: 63900 Episode Num: 213 Episode T: 300 Reward: 292.000 PseudoReward: [[-10154.041]]
Episode 213, Average Success Rate (last 10 eps): 0.60
Total T: 64200 Episode Num: 214 Episode T: 300 Reward: 260.000 PseudoReward: [[-9821.011]]
Episode 214, Average Success Rate (last 10 eps): 0.70
Total T: 64500 Episode Num: 215 Episode T: 300 Reward: 295.000 PseudoReward: [[-13628.939]]
Episode 215, Average Success Rate (last 10 eps): 0.70
Total T: 64800 Episode Num: 216 Episode T: 300 Reward: 0.000 PseudoReward: [[-12245.155]]
Episode 216, Average Success Rate (last 10 eps): 0.60
Total T: 65100 Episode Num: 217 Episode T: 300 Reward: 287.000 PseudoReward: [[-12875.135]]
Episode 217, Average Success Rate (last 10 eps): 0.70
Total T: 65400 Episode Num: 218 Episode T: 300 Reward: 281.000 PseudoReward: [[-12443.744]]
Episode 218, Average Success Rate (last 10 eps): 0.70
Total T: 65700 Episode Num: 219 Episode T: 300 Reward: 0.000 PseudoReward: [[-11203.968]]
Episode 219, Average Success Rate (last 10 eps): 0.60
Total T: 66000 Episode Num: 220 Episode T: 300 Reward: 0.000 PseudoReward: [[-12564.096]]
Episode 220, Average Success Rate (last 10 eps): 0.50
Total T: 66300 Episode Num: 221 Episode T: 300 Reward: 0.000 PseudoReward: [[-12941.152]]
Episode 221, Average Success Rate (last 10 eps): 0.50
Total T: 66600 Episode Num: 222 Episode T: 300 Reward: 255.000 PseudoReward: [[-11540.963]]
Episode 222, Average Success Rate (last 10 eps): 0.60
Total T: 66900 Episode Num: 223 Episode T: 300 Reward: 181.000 PseudoReward: [[-13236.123]]
Episode 223, Average Success Rate (last 10 eps): 0.60
Total T: 67200 Episode Num: 224 Episode T: 300 Reward: 264.000 PseudoReward: [[-13411.583]]
Episode 224, Average Success Rate (last 10 eps): 0.60
Total T: 67500 Episode Num: 225 Episode T: 300 Reward: 248.000 PseudoReward: [[-6113.1426]]
Episode 225, Average Success Rate (last 10 eps): 0.60
Total T: 67800 Episode Num: 226 Episode T: 300 Reward: 0.000 PseudoReward: [[-12318.991]]
Episode 226, Average Success Rate (last 10 eps): 0.60
Total T: 68100 Episode Num: 227 Episode T: 300 Reward: 73.000 PseudoReward: [[-10137.08]]
Episode 227, Average Success Rate (last 10 eps): 0.60
Total T: 68400 Episode Num: 228 Episode T: 300 Reward: 285.000 PseudoReward: [[-12660.121]]
Episode 228, Average Success Rate (last 10 eps): 0.60
Total T: 68700 Episode Num: 229 Episode T: 300 Reward: 0.000 PseudoReward: [[-12626.901]]
Episode 229, Average Success Rate (last 10 eps): 0.60
Total T: 69000 Episode Num: 230 Episode T: 300 Reward: 250.000 PseudoReward: [[-11378.1455]]
Episode 230, Average Success Rate (last 10 eps): 0.70
Total T: 69300 Episode Num: 231 Episode T: 300 Reward: 253.000 PseudoReward: [[-7444.409]]
Episode 231, Average Success Rate (last 10 eps): 0.80
Total T: 69600 Episode Num: 232 Episode T: 300 Reward: 296.000 PseudoReward: [[-11561.163]]
Episode 232, Average Success Rate (last 10 eps): 0.80
Total T: 69900 Episode Num: 233 Episode T: 300 Reward: 281.000 PseudoReward: [[-10845.965]]
Episode 233, Average Success Rate (last 10 eps): 0.80
Total T: 70200 Episode Num: 234 Episode T: 300 Reward: 239.000 PseudoReward: [[-12735.989]]
Episode 234, Average Success Rate (last 10 eps): 0.80
Total T: 70500 Episode Num: 235 Episode T: 300 Reward: 285.000 PseudoReward: [[-12681.]]
Episode 235, Average Success Rate (last 10 eps): 0.80
Total T: 70800 Episode Num: 236 Episode T: 300 Reward: 289.000 PseudoReward: [[-12418.859]]
Episode 236, Average Success Rate (last 10 eps): 0.90
Total T: 71100 Episode Num: 237 Episode T: 300 Reward: 204.000 PseudoReward: [[-11122.014]]
Episode 237, Average Success Rate (last 10 eps): 0.90
Total T: 71400 Episode Num: 238 Episode T: 300 Reward: 190.000 PseudoReward: [[-9491.844]]
Episode 238, Average Success Rate (last 10 eps): 0.90
Total T: 71700 Episode Num: 239 Episode T: 300 Reward: 0.000 PseudoReward: [[-13756.147]]
Episode 239, Average Success Rate (last 10 eps): 0.90
Total T: 72000 Episode Num: 240 Episode T: 300 Reward: 204.000 PseudoReward: [[-9809.093]]
Episode 240, Average Success Rate (last 10 eps): 0.90
Total T: 72300 Episode Num: 241 Episode T: 300 Reward: 0.000 PseudoReward: [[-13570.609]]
Episode 241, Average Success Rate (last 10 eps): 0.80
Total T: 72600 Episode Num: 242 Episode T: 300 Reward: 294.000 PseudoReward: [[-12912.111]]
Episode 242, Average Success Rate (last 10 eps): 0.80
Total T: 72900 Episode Num: 243 Episode T: 300 Reward: 241.000 PseudoReward: [[-12365.727]]
Episode 243, Average Success Rate (last 10 eps): 0.80
Total T: 73200 Episode Num: 244 Episode T: 300 Reward: 267.000 PseudoReward: [[-12924.735]]
Episode 244, Average Success Rate (last 10 eps): 0.80
Total T: 73500 Episode Num: 245 Episode T: 300 Reward: 226.000 PseudoReward: [[-13376.028]]
Episode 245, Average Success Rate (last 10 eps): 0.80
Total T: 73800 Episode Num: 246 Episode T: 300 Reward: 298.000 PseudoReward: [[-11690.029]]
Episode 246, Average Success Rate (last 10 eps): 0.80
Total T: 74100 Episode Num: 247 Episode T: 300 Reward: 0.000 PseudoReward: [[-12308.875]]
Episode 247, Average Success Rate (last 10 eps): 0.70
Total T: 74400 Episode Num: 248 Episode T: 300 Reward: 200.000 PseudoReward: [[-10274.433]]
Episode 248, Average Success Rate (last 10 eps): 0.70
Total T: 74700 Episode Num: 249 Episode T: 300 Reward: 295.000 PseudoReward: [[-12006.399]]
Episode 249, Average Success Rate (last 10 eps): 0.80
Total T: 75000 Episode Num: 250 Episode T: 300 Reward: 0.000 PseudoReward: [[-12720.071]]
Episode 250, Average Success Rate (last 10 eps): 0.70
Total T: 75300 Episode Num: 251 Episode T: 300 Reward: 0.000 PseudoReward: [[-13363.17]]
Episode 251, Average Success Rate (last 10 eps): 0.70
Total T: 75600 Episode Num: 252 Episode T: 300 Reward: 210.000 PseudoReward: [[-8199.878]]
Episode 252, Average Success Rate (last 10 eps): 0.70
Total T: 75900 Episode Num: 253 Episode T: 300 Reward: 293.000 PseudoReward: [[-13105.334]]
Episode 253, Average Success Rate (last 10 eps): 0.70
Total T: 76200 Episode Num: 254 Episode T: 300 Reward: 0.000 PseudoReward: [[-13589.931]]
Episode 254, Average Success Rate (last 10 eps): 0.60
Total T: 76500 Episode Num: 255 Episode T: 300 Reward: 0.000 PseudoReward: [[-12665.326]]
Episode 255, Average Success Rate (last 10 eps): 0.50
Total T: 76800 Episode Num: 256 Episode T: 300 Reward: 284.000 PseudoReward: [[-8965.567]]
Episode 256, Average Success Rate (last 10 eps): 0.50
Total T: 77100 Episode Num: 257 Episode T: 300 Reward: 103.000 PseudoReward: [[-13617.8125]]
Episode 257, Average Success Rate (last 10 eps): 0.60
Total T: 77400 Episode Num: 258 Episode T: 300 Reward: 247.000 PseudoReward: [[-13285.046]]
Episode 258, Average Success Rate (last 10 eps): 0.60
Total T: 77700 Episode Num: 259 Episode T: 300 Reward: 284.000 PseudoReward: [[-10825.636]]
Episode 259, Average Success Rate (last 10 eps): 0.60
Total T: 78000 Episode Num: 260 Episode T: 300 Reward: 0.000 PseudoReward: [[-12045.048]]
Episode 260, Average Success Rate (last 10 eps): 0.60
Total T: 78300 Episode Num: 261 Episode T: 300 Reward: 0.000 PseudoReward: [[-12948.556]]
Episode 261, Average Success Rate (last 10 eps): 0.60
Total T: 78600 Episode Num: 262 Episode T: 300 Reward: 167.000 PseudoReward: [[-13592.9795]]
Episode 262, Average Success Rate (last 10 eps): 0.60
Total T: 78900 Episode Num: 263 Episode T: 300 Reward: 231.000 PseudoReward: [[-9975.156]]
Episode 263, Average Success Rate (last 10 eps): 0.60
Total T: 79200 Episode Num: 264 Episode T: 300 Reward: 291.000 PseudoReward: [[-13193.53]]
Episode 264, Average Success Rate (last 10 eps): 0.70
Total T: 79500 Episode Num: 265 Episode T: 300 Reward: 234.000 PseudoReward: [[-12474.526]]
Episode 265, Average Success Rate (last 10 eps): 0.80
Total T: 79800 Episode Num: 266 Episode T: 300 Reward: 288.000 PseudoReward: [[-13389.47]]
Episode 266, Average Success Rate (last 10 eps): 0.80
Total T: 80100 Episode Num: 267 Episode T: 300 Reward: 291.000 PseudoReward: [[-12770.861]]
Episode 267, Average Success Rate (last 10 eps): 0.80
Total T: 80400 Episode Num: 268 Episode T: 300 Reward: 297.000 PseudoReward: [[-13091.83]]
Episode 268, Average Success Rate (last 10 eps): 0.80
Total T: 80700 Episode Num: 269 Episode T: 300 Reward: 281.000 PseudoReward: [[-8388.93]]
Episode 269, Average Success Rate (last 10 eps): 0.80
Total T: 81000 Episode Num: 270 Episode T: 300 Reward: 0.000 PseudoReward: [[-13538.834]]
Episode 270, Average Success Rate (last 10 eps): 0.80
Total T: 81300 Episode Num: 271 Episode T: 300 Reward: 188.000 PseudoReward: [[-13382.736]]
Episode 271, Average Success Rate (last 10 eps): 0.90
Total T: 81600 Episode Num: 272 Episode T: 300 Reward: 294.000 PseudoReward: [[-13473.625]]
Episode 272, Average Success Rate (last 10 eps): 0.90
Total T: 81900 Episode Num: 273 Episode T: 300 Reward: 0.000 PseudoReward: [[-12916.155]]
Episode 273, Average Success Rate (last 10 eps): 0.80
Total T: 82200 Episode Num: 274 Episode T: 300 Reward: 0.000 PseudoReward: [[-11675.724]]
Episode 274, Average Success Rate (last 10 eps): 0.70
Total T: 82500 Episode Num: 275 Episode T: 300 Reward: 294.000 PseudoReward: [[-13215.264]]
Episode 275, Average Success Rate (last 10 eps): 0.70
Total T: 82800 Episode Num: 276 Episode T: 300 Reward: 152.000 PseudoReward: [[-10806.551]]
Episode 276, Average Success Rate (last 10 eps): 0.70
Total T: 83100 Episode Num: 277 Episode T: 300 Reward: 244.000 PseudoReward: [[-13572.206]]
Episode 277, Average Success Rate (last 10 eps): 0.70
Total T: 83400 Episode Num: 278 Episode T: 300 Reward: 298.000 PseudoReward: [[-13666.404]]
Episode 278, Average Success Rate (last 10 eps): 0.70
Total T: 83700 Episode Num: 279 Episode T: 300 Reward: 158.000 PseudoReward: [[-11509.008]]
Episode 279, Average Success Rate (last 10 eps): 0.70
Total T: 84000 Episode Num: 280 Episode T: 300 Reward: 280.000 PseudoReward: [[-8013.632]]
Episode 280, Average Success Rate (last 10 eps): 0.80
Total T: 84300 Episode Num: 281 Episode T: 300 Reward: 59.000 PseudoReward: [[-9882.6455]]
Episode 281, Average Success Rate (last 10 eps): 0.80
Total T: 84600 Episode Num: 282 Episode T: 300 Reward: 72.000 PseudoReward: [[-10619.053]]
Episode 282, Average Success Rate (last 10 eps): 0.80
Total T: 84900 Episode Num: 283 Episode T: 300 Reward: 242.000 PseudoReward: [[-13347.069]]
Episode 283, Average Success Rate (last 10 eps): 0.90
Total T: 85200 Episode Num: 284 Episode T: 300 Reward: 294.000 PseudoReward: [[-13290.223]]
Episode 284, Average Success Rate (last 10 eps): 1.00
