/home/xlx9645/miniconda3/envs/maze/lib/python3.9/site-packages/gymnasium/envs/registration.py:642: UserWarning: [33mWARN: Overriding environment TrapMazeEnv already in registry.[0m
  logger.warn(f"Overriding environment {new_spec.id} already in registry.")
wandb: Using wandb-core as the SDK backend.  Please refer to https://wandb.me/wandb-core for more information.
wandb: Currently logged in as: yuxuanli2023 (yuxuanli2023-northwestern-university). Use `wandb login --relogin` to force relogin
wandb: Tracking run with wandb version 0.19.1
wandb: Run data is saved locally in /home/xlx9645/failed/Maze/update_baselines/wandb/run-20250107_194750-gs5oi8sf
wandb: Run `wandb offline` to turn off syncing.
wandb: Syncing run GAIL
wandb: ⭐️ View project at https://wandb.ai/yuxuanli2023-northwestern-university/Main_Umaze
wandb: 🚀 View run at https://wandb.ai/yuxuanli2023-northwestern-university/Main_Umaze/runs/gs5oi8sf
/home/xlx9645/miniconda3/envs/maze/lib/python3.9/site-packages/gymnasium/spaces/box.py:235: UserWarning: [33mWARN: Box low's precision lowered by casting to float32, current low.dtype=float64[0m
  gym.logger.warn(
/home/xlx9645/miniconda3/envs/maze/lib/python3.9/site-packages/gymnasium/spaces/box.py:305: UserWarning: [33mWARN: Box high's precision lowered by casting to float32, current high.dtype=float64[0m
  gym.logger.warn(
/home/xlx9645/miniconda3/envs/maze/lib/python3.9/site-packages/torch/optim/lr_scheduler.py:224: UserWarning: Detected call of `lr_scheduler.step()` before `optimizer.step()`. In PyTorch 1.1.0 and later, you should call them in the opposite order: `optimizer.step()` before `lr_scheduler.step()`.  Failure to do this will result in PyTorch skipping the first value of the learning rate schedule. See more details at https://pytorch.org/docs/stable/optim.html#how-to-adjust-learning-rate
  warnings.warn(
/home/xlx9645/miniconda3/envs/maze/lib/python3.9/site-packages/torch/optim/lr_scheduler.py:224: UserWarning: Detected call of `lr_scheduler.step()` before `optimizer.step()`. In PyTorch 1.1.0 and later, you should call them in the opposite order: `optimizer.step()` before `lr_scheduler.step()`.  Failure to do this will result in PyTorch skipping the first value of the learning rate schedule. See more details at https://pytorch.org/docs/stable/optim.html#how-to-adjust-learning-rate
  warnings.warn(
Total T: 300 Episode Num: 1 Episode T: 300 Reward: 164.000 PseudoReward: [[191.95914]]
Episode 1, Average Success Rate (last 10 eps): 1.00
Total T: 600 Episode Num: 2 Episode T: 300 Reward: 0.000 PseudoReward: [[445.84106]]
Episode 2, Average Success Rate (last 10 eps): 0.50
Total T: 900 Episode Num: 3 Episode T: 300 Reward: 0.000 PseudoReward: [[483.12137]]
Episode 3, Average Success Rate (last 10 eps): 0.33
Total T: 1200 Episode Num: 4 Episode T: 300 Reward: 0.000 PseudoReward: [[522.8574]]
Episode 4, Average Success Rate (last 10 eps): 0.25
Total T: 1500 Episode Num: 5 Episode T: 300 Reward: 73.000 PseudoReward: [[475.48923]]
Episode 5, Average Success Rate (last 10 eps): 0.40
Total T: 1800 Episode Num: 6 Episode T: 300 Reward: 239.000 PseudoReward: [[339.68976]]
Episode 6, Average Success Rate (last 10 eps): 0.50
Total T: 2100 Episode Num: 7 Episode T: 300 Reward: 0.000 PseudoReward: [[531.95685]]
Episode 7, Average Success Rate (last 10 eps): 0.43
Total T: 2400 Episode Num: 8 Episode T: 300 Reward: 128.000 PseudoReward: [[389.22495]]
Episode 8, Average Success Rate (last 10 eps): 0.50
Total T: 2700 Episode Num: 9 Episode T: 300 Reward: 293.000 PseudoReward: [[224.39761]]
Episode 9, Average Success Rate (last 10 eps): 0.56
Total T: 3000 Episode Num: 10 Episode T: 300 Reward: 0.000 PseudoReward: [[480.22955]]
Episode 10, Average Success Rate (last 10 eps): 0.50
Total T: 3300 Episode Num: 11 Episode T: 300 Reward: 0.000 PseudoReward: [[307.40027]]
Episode 11, Average Success Rate (last 10 eps): 0.40
Total T: 3600 Episode Num: 12 Episode T: 300 Reward: 282.000 PseudoReward: [[303.6097]]
Episode 12, Average Success Rate (last 10 eps): 0.50
Total T: 3900 Episode Num: 13 Episode T: 300 Reward: 0.000 PseudoReward: [[292.0239]]
Episode 13, Average Success Rate (last 10 eps): 0.50
Total T: 4200 Episode Num: 14 Episode T: 300 Reward: 0.000 PseudoReward: [[360.3945]]
Episode 14, Average Success Rate (last 10 eps): 0.50
Total T: 4500 Episode Num: 15 Episode T: 300 Reward: 0.000 PseudoReward: [[308.35114]]
Episode 15, Average Success Rate (last 10 eps): 0.40
Total T: 4800 Episode Num: 16 Episode T: 300 Reward: 0.000 PseudoReward: [[308.7231]]
Episode 16, Average Success Rate (last 10 eps): 0.30
Total T: 5100 Episode Num: 17 Episode T: 300 Reward: 0.000 PseudoReward: [[331.75876]]
Episode 17, Average Success Rate (last 10 eps): 0.30
Total T: 5400 Episode Num: 18 Episode T: 300 Reward: 0.000 PseudoReward: [[309.03656]]
Episode 18, Average Success Rate (last 10 eps): 0.20
Total T: 5700 Episode Num: 19 Episode T: 300 Reward: 292.000 PseudoReward: [[181.72603]]
Episode 19, Average Success Rate (last 10 eps): 0.20
Total T: 6000 Episode Num: 20 Episode T: 300 Reward: 0.000 PseudoReward: [[314.50348]]
Episode 20, Average Success Rate (last 10 eps): 0.20
Total T: 6300 Episode Num: 21 Episode T: 300 Reward: 0.000 PseudoReward: [[173.39934]]
Episode 21, Average Success Rate (last 10 eps): 0.20
Total T: 6600 Episode Num: 22 Episode T: 300 Reward: 0.000 PseudoReward: [[189.66553]]
Episode 22, Average Success Rate (last 10 eps): 0.10
Total T: 6900 Episode Num: 23 Episode T: 300 Reward: 0.000 PseudoReward: [[167.67754]]
Episode 23, Average Success Rate (last 10 eps): 0.10
Total T: 7200 Episode Num: 24 Episode T: 300 Reward: 0.000 PseudoReward: [[216.00897]]
Episode 24, Average Success Rate (last 10 eps): 0.10
Total T: 7500 Episode Num: 25 Episode T: 300 Reward: 0.000 PseudoReward: [[179.03253]]
Episode 25, Average Success Rate (last 10 eps): 0.10
Total T: 7800 Episode Num: 26 Episode T: 300 Reward: 0.000 PseudoReward: [[196.71266]]
Episode 26, Average Success Rate (last 10 eps): 0.10
Total T: 8100 Episode Num: 27 Episode T: 300 Reward: 268.000 PseudoReward: [[168.02013]]
Episode 27, Average Success Rate (last 10 eps): 0.20
Total T: 8400 Episode Num: 28 Episode T: 300 Reward: 294.000 PseudoReward: [[167.26181]]
Episode 28, Average Success Rate (last 10 eps): 0.30
Total T: 8700 Episode Num: 29 Episode T: 300 Reward: 0.000 PseudoReward: [[210.66772]]
Episode 29, Average Success Rate (last 10 eps): 0.20
Total T: 9000 Episode Num: 30 Episode T: 300 Reward: 0.000 PseudoReward: [[160.09889]]
Episode 30, Average Success Rate (last 10 eps): 0.20
Total T: 9300 Episode Num: 31 Episode T: 300 Reward: 0.000 PseudoReward: [[152.52806]]
Episode 31, Average Success Rate (last 10 eps): 0.20
Total T: 9600 Episode Num: 32 Episode T: 300 Reward: 289.000 PseudoReward: [[156.46306]]
Episode 32, Average Success Rate (last 10 eps): 0.30
Total T: 9900 Episode Num: 33 Episode T: 300 Reward: 0.000 PseudoReward: [[102.96127]]
Episode 33, Average Success Rate (last 10 eps): 0.30
Total T: 10200 Episode Num: 34 Episode T: 300 Reward: 296.000 PseudoReward: [[198.91556]]
Episode 34, Average Success Rate (last 10 eps): 0.40
Total T: 10500 Episode Num: 35 Episode T: 300 Reward: 258.000 PseudoReward: [[163.80156]]
Episode 35, Average Success Rate (last 10 eps): 0.50
Total T: 10800 Episode Num: 36 Episode T: 300 Reward: 0.000 PseudoReward: [[115.24319]]
Episode 36, Average Success Rate (last 10 eps): 0.50
Total T: 11100 Episode Num: 37 Episode T: 300 Reward: 0.000 PseudoReward: [[151.65233]]
Episode 37, Average Success Rate (last 10 eps): 0.40
Total T: 11400 Episode Num: 38 Episode T: 300 Reward: 278.000 PseudoReward: [[162.06659]]
Episode 38, Average Success Rate (last 10 eps): 0.40
Total T: 11700 Episode Num: 39 Episode T: 300 Reward: 0.000 PseudoReward: [[118.36737]]
Episode 39, Average Success Rate (last 10 eps): 0.40
Total T: 12000 Episode Num: 40 Episode T: 300 Reward: 0.000 PseudoReward: [[145.00528]]
Episode 40, Average Success Rate (last 10 eps): 0.40
Total T: 12300 Episode Num: 41 Episode T: 300 Reward: 0.000 PseudoReward: [[73.96349]]
Episode 41, Average Success Rate (last 10 eps): 0.40
Total T: 12600 Episode Num: 42 Episode T: 300 Reward: 0.000 PseudoReward: [[110.10418]]
Episode 42, Average Success Rate (last 10 eps): 0.30
Total T: 12900 Episode Num: 43 Episode T: 300 Reward: 249.000 PseudoReward: [[138.24167]]
Episode 43, Average Success Rate (last 10 eps): 0.40
Total T: 13200 Episode Num: 44 Episode T: 300 Reward: 0.000 PseudoReward: [[82.29532]]
Episode 44, Average Success Rate (last 10 eps): 0.30
Total T: 13500 Episode Num: 45 Episode T: 300 Reward: 0.000 PseudoReward: [[111.973854]]
Episode 45, Average Success Rate (last 10 eps): 0.20
Total T: 13800 Episode Num: 46 Episode T: 300 Reward: 0.000 PseudoReward: [[111.93359]]
Episode 46, Average Success Rate (last 10 eps): 0.20
Total T: 14100 Episode Num: 47 Episode T: 300 Reward: 0.000 PseudoReward: [[77.874565]]
Episode 47, Average Success Rate (last 10 eps): 0.20
Total T: 14400 Episode Num: 48 Episode T: 300 Reward: 0.000 PseudoReward: [[98.877945]]
Episode 48, Average Success Rate (last 10 eps): 0.10
Total T: 14700 Episode Num: 49 Episode T: 300 Reward: 228.000 PseudoReward: [[145.43239]]
Episode 49, Average Success Rate (last 10 eps): 0.20
Total T: 15000 Episode Num: 50 Episode T: 300 Reward: 0.000 PseudoReward: [[116.08508]]
Episode 50, Average Success Rate (last 10 eps): 0.20
Total T: 15300 Episode Num: 51 Episode T: 300 Reward: 0.000 PseudoReward: [[50.427605]]
Episode 51, Average Success Rate (last 10 eps): 0.20
Total T: 15600 Episode Num: 52 Episode T: 300 Reward: 0.000 PseudoReward: [[53.486458]]
Episode 52, Average Success Rate (last 10 eps): 0.20
Total T: 15900 Episode Num: 53 Episode T: 300 Reward: 0.000 PseudoReward: [[121.70876]]
Episode 53, Average Success Rate (last 10 eps): 0.10
Total T: 16200 Episode Num: 54 Episode T: 300 Reward: 0.000 PseudoReward: [[105.428314]]
Episode 54, Average Success Rate (last 10 eps): 0.10
Total T: 16500 Episode Num: 55 Episode T: 300 Reward: 259.000 PseudoReward: [[116.191605]]
Episode 55, Average Success Rate (last 10 eps): 0.20
Total T: 16800 Episode Num: 56 Episode T: 300 Reward: 0.000 PseudoReward: [[52.728165]]
Episode 56, Average Success Rate (last 10 eps): 0.20
Total T: 17100 Episode Num: 57 Episode T: 300 Reward: 284.000 PseudoReward: [[208.10458]]
Episode 57, Average Success Rate (last 10 eps): 0.30
Total T: 17400 Episode Num: 58 Episode T: 300 Reward: 0.000 PseudoReward: [[103.67831]]
Episode 58, Average Success Rate (last 10 eps): 0.30
Total T: 17700 Episode Num: 59 Episode T: 300 Reward: 0.000 PseudoReward: [[98.5134]]
Episode 59, Average Success Rate (last 10 eps): 0.20
Total T: 18000 Episode Num: 60 Episode T: 300 Reward: 293.000 PseudoReward: [[161.95561]]
Episode 60, Average Success Rate (last 10 eps): 0.30
Total T: 18300 Episode Num: 61 Episode T: 300 Reward: 0.000 PseudoReward: [[151.45718]]
Episode 61, Average Success Rate (last 10 eps): 0.30
Total T: 18600 Episode Num: 62 Episode T: 300 Reward: 295.000 PseudoReward: [[166.45047]]
Episode 62, Average Success Rate (last 10 eps): 0.40
Total T: 18900 Episode Num: 63 Episode T: 300 Reward: 0.000 PseudoReward: [[113.103226]]
Episode 63, Average Success Rate (last 10 eps): 0.40
Total T: 19200 Episode Num: 64 Episode T: 300 Reward: 245.000 PseudoReward: [[245.73047]]
Episode 64, Average Success Rate (last 10 eps): 0.50
Total T: 19500 Episode Num: 65 Episode T: 300 Reward: 0.000 PseudoReward: [[84.26129]]
Episode 65, Average Success Rate (last 10 eps): 0.40
Total T: 19800 Episode Num: 66 Episode T: 300 Reward: 0.000 PseudoReward: [[94.44413]]
Episode 66, Average Success Rate (last 10 eps): 0.40
Total T: 20100 Episode Num: 67 Episode T: 300 Reward: 0.000 PseudoReward: [[126.49776]]
Episode 67, Average Success Rate (last 10 eps): 0.30
Total T: 20400 Episode Num: 68 Episode T: 300 Reward: 0.000 PseudoReward: [[48.07642]]
Episode 68, Average Success Rate (last 10 eps): 0.30
Total T: 20700 Episode Num: 69 Episode T: 300 Reward: 0.000 PseudoReward: [[164.49397]]
Episode 69, Average Success Rate (last 10 eps): 0.30
Total T: 21000 Episode Num: 70 Episode T: 300 Reward: 285.000 PseudoReward: [[270.5276]]
Episode 70, Average Success Rate (last 10 eps): 0.30
Total T: 21300 Episode Num: 71 Episode T: 300 Reward: 0.000 PseudoReward: [[65.95666]]
Episode 71, Average Success Rate (last 10 eps): 0.30
Total T: 21600 Episode Num: 72 Episode T: 300 Reward: 291.000 PseudoReward: [[222.06842]]
Episode 72, Average Success Rate (last 10 eps): 0.30
Total T: 21900 Episode Num: 73 Episode T: 300 Reward: 0.000 PseudoReward: [[80.69362]]
Episode 73, Average Success Rate (last 10 eps): 0.30
Total T: 22200 Episode Num: 74 Episode T: 300 Reward: 283.000 PseudoReward: [[192.9269]]
Episode 74, Average Success Rate (last 10 eps): 0.30
Total T: 22500 Episode Num: 75 Episode T: 300 Reward: 0.000 PseudoReward: [[110.290794]]
Episode 75, Average Success Rate (last 10 eps): 0.30
Total T: 22800 Episode Num: 76 Episode T: 300 Reward: 299.000 PseudoReward: [[390.22113]]
Episode 76, Average Success Rate (last 10 eps): 0.40
Total T: 23100 Episode Num: 77 Episode T: 300 Reward: 261.000 PseudoReward: [[156.0634]]
Episode 77, Average Success Rate (last 10 eps): 0.50
Total T: 23400 Episode Num: 78 Episode T: 300 Reward: 292.000 PseudoReward: [[302.1293]]
Episode 78, Average Success Rate (last 10 eps): 0.60
Total T: 23700 Episode Num: 79 Episode T: 300 Reward: 0.000 PseudoReward: [[128.30971]]
Episode 79, Average Success Rate (last 10 eps): 0.60
Total T: 24000 Episode Num: 80 Episode T: 300 Reward: 277.000 PseudoReward: [[191.36742]]
Episode 80, Average Success Rate (last 10 eps): 0.60
Total T: 24300 Episode Num: 81 Episode T: 300 Reward: 0.000 PseudoReward: [[148.3263]]
Episode 81, Average Success Rate (last 10 eps): 0.60
Total T: 24600 Episode Num: 82 Episode T: 300 Reward: 0.000 PseudoReward: [[118.33413]]
Episode 82, Average Success Rate (last 10 eps): 0.50
Total T: 24900 Episode Num: 83 Episode T: 300 Reward: 229.000 PseudoReward: [[216.05304]]
Episode 83, Average Success Rate (last 10 eps): 0.60
Total T: 25200 Episode Num: 84 Episode T: 300 Reward: 0.000 PseudoReward: [[103.46662]]
Episode 84, Average Success Rate (last 10 eps): 0.50
Total T: 25500 Episode Num: 85 Episode T: 300 Reward: 211.000 PseudoReward: [[129.36418]]
Episode 85, Average Success Rate (last 10 eps): 0.60
Total T: 25800 Episode Num: 86 Episode T: 300 Reward: 286.000 PseudoReward: [[121.74201]]
Episode 86, Average Success Rate (last 10 eps): 0.60
Total T: 26100 Episode Num: 87 Episode T: 300 Reward: 0.000 PseudoReward: [[116.270454]]
Episode 87, Average Success Rate (last 10 eps): 0.50
Total T: 26400 Episode Num: 88 Episode T: 300 Reward: 0.000 PseudoReward: [[178.70459]]
Episode 88, Average Success Rate (last 10 eps): 0.40
Total T: 26700 Episode Num: 89 Episode T: 300 Reward: 288.000 PseudoReward: [[255.4349]]
Episode 89, Average Success Rate (last 10 eps): 0.50
Total T: 27000 Episode Num: 90 Episode T: 300 Reward: 138.000 PseudoReward: [[183.14288]]
Episode 90, Average Success Rate (last 10 eps): 0.50
Total T: 27300 Episode Num: 91 Episode T: 300 Reward: 0.000 PseudoReward: [[562.61816]]
Episode 91, Average Success Rate (last 10 eps): 0.50
Total T: 27600 Episode Num: 92 Episode T: 300 Reward: 0.000 PseudoReward: [[472.86566]]
Episode 92, Average Success Rate (last 10 eps): 0.50
Total T: 27900 Episode Num: 93 Episode T: 300 Reward: 294.000 PseudoReward: [[269.6731]]
Episode 93, Average Success Rate (last 10 eps): 0.50
Total T: 28200 Episode Num: 94 Episode T: 300 Reward: 242.000 PseudoReward: [[180.73578]]
Episode 94, Average Success Rate (last 10 eps): 0.60
Total T: 28500 Episode Num: 95 Episode T: 300 Reward: 0.000 PseudoReward: [[466.95288]]
Episode 95, Average Success Rate (last 10 eps): 0.50
Total T: 28800 Episode Num: 96 Episode T: 300 Reward: 0.000 PseudoReward: [[54.21922]]
Episode 96, Average Success Rate (last 10 eps): 0.40
Total T: 29100 Episode Num: 97 Episode T: 300 Reward: 81.000 PseudoReward: [[96.192726]]
Episode 97, Average Success Rate (last 10 eps): 0.50
Total T: 29400 Episode Num: 98 Episode T: 300 Reward: 262.000 PseudoReward: [[83.86593]]
Episode 98, Average Success Rate (last 10 eps): 0.60
Total T: 29700 Episode Num: 99 Episode T: 300 Reward: 0.000 PseudoReward: [[176.6962]]
Episode 99, Average Success Rate (last 10 eps): 0.50
Total T: 30000 Episode Num: 100 Episode T: 300 Reward: 244.000 PseudoReward: [[654.0318]]
Episode 100, Average Success Rate (last 10 eps): 0.50
Total T: 30300 Episode Num: 101 Episode T: 300 Reward: 260.000 PseudoReward: [[220.45189]]
Episode 101, Average Success Rate (last 10 eps): 0.60
Total T: 30600 Episode Num: 102 Episode T: 300 Reward: 278.000 PseudoReward: [[242.78172]]
Episode 102, Average Success Rate (last 10 eps): 0.70
Total T: 30900 Episode Num: 103 Episode T: 300 Reward: 257.000 PseudoReward: [[53.72535]]
Episode 103, Average Success Rate (last 10 eps): 0.70
Total T: 31200 Episode Num: 104 Episode T: 300 Reward: 277.000 PseudoReward: [[201.57613]]
Episode 104, Average Success Rate (last 10 eps): 0.70
Total T: 31500 Episode Num: 105 Episode T: 300 Reward: 283.000 PseudoReward: [[212.57434]]
Episode 105, Average Success Rate (last 10 eps): 0.80
Total T: 31800 Episode Num: 106 Episode T: 300 Reward: 0.000 PseudoReward: [[10.375937]]
Episode 106, Average Success Rate (last 10 eps): 0.80
Total T: 32100 Episode Num: 107 Episode T: 300 Reward: 0.000 PseudoReward: [[114.756355]]
Episode 107, Average Success Rate (last 10 eps): 0.70
Total T: 32400 Episode Num: 108 Episode T: 300 Reward: 260.000 PseudoReward: [[223.67818]]
Episode 108, Average Success Rate (last 10 eps): 0.70
Total T: 32700 Episode Num: 109 Episode T: 300 Reward: 0.000 PseudoReward: [[849.66766]]
Episode 109, Average Success Rate (last 10 eps): 0.70
Total T: 33000 Episode Num: 110 Episode T: 300 Reward: 258.000 PseudoReward: [[401.32895]]
Episode 110, Average Success Rate (last 10 eps): 0.70
Total T: 33300 Episode Num: 111 Episode T: 300 Reward: 102.000 PseudoReward: [[79.66202]]
Episode 111, Average Success Rate (last 10 eps): 0.70
Total T: 33600 Episode Num: 112 Episode T: 300 Reward: 199.000 PseudoReward: [[49.897682]]
Episode 112, Average Success Rate (last 10 eps): 0.70
Total T: 33900 Episode Num: 113 Episode T: 300 Reward: 261.000 PseudoReward: [[199.56226]]
Episode 113, Average Success Rate (last 10 eps): 0.70
Total T: 34200 Episode Num: 114 Episode T: 300 Reward: 254.000 PseudoReward: [[205.94426]]
Episode 114, Average Success Rate (last 10 eps): 0.70
Total T: 34500 Episode Num: 115 Episode T: 300 Reward: 8.000 PseudoReward: [[46.80279]]
Episode 115, Average Success Rate (last 10 eps): 0.70
Total T: 34800 Episode Num: 116 Episode T: 300 Reward: 203.000 PseudoReward: [[49.238937]]
Episode 116, Average Success Rate (last 10 eps): 0.80
Total T: 35100 Episode Num: 117 Episode T: 300 Reward: 0.000 PseudoReward: [[2.1341174]]
Episode 117, Average Success Rate (last 10 eps): 0.80
Total T: 35400 Episode Num: 118 Episode T: 300 Reward: 0.000 PseudoReward: [[63.557762]]
Episode 118, Average Success Rate (last 10 eps): 0.70
Total T: 35700 Episode Num: 119 Episode T: 300 Reward: 0.000 PseudoReward: [[1.7462052]]
Episode 119, Average Success Rate (last 10 eps): 0.70
Total T: 36000 Episode Num: 120 Episode T: 300 Reward: 291.000 PseudoReward: [[76.218254]]
Episode 120, Average Success Rate (last 10 eps): 0.70
Total T: 36300 Episode Num: 121 Episode T: 300 Reward: 285.000 PseudoReward: [[97.50783]]
Episode 121, Average Success Rate (last 10 eps): 0.70
Total T: 36600 Episode Num: 122 Episode T: 300 Reward: 244.000 PseudoReward: [[93.84802]]
Episode 122, Average Success Rate (last 10 eps): 0.70
Total T: 36900 Episode Num: 123 Episode T: 300 Reward: 0.000 PseudoReward: [[728.7869]]
Episode 123, Average Success Rate (last 10 eps): 0.60
Total T: 37200 Episode Num: 124 Episode T: 300 Reward: 0.000 PseudoReward: [[117.70166]]
Episode 124, Average Success Rate (last 10 eps): 0.50
Total T: 37500 Episode Num: 125 Episode T: 300 Reward: 0.000 PseudoReward: [[925.31946]]
Episode 125, Average Success Rate (last 10 eps): 0.40
Total T: 37800 Episode Num: 126 Episode T: 300 Reward: 199.000 PseudoReward: [[122.141205]]
Episode 126, Average Success Rate (last 10 eps): 0.40
Total T: 38100 Episode Num: 127 Episode T: 300 Reward: 280.000 PseudoReward: [[67.41757]]
Episode 127, Average Success Rate (last 10 eps): 0.50
Total T: 38400 Episode Num: 128 Episode T: 300 Reward: 0.000 PseudoReward: [[101.14119]]
Episode 128, Average Success Rate (last 10 eps): 0.50
Total T: 38700 Episode Num: 129 Episode T: 300 Reward: 236.000 PseudoReward: [[47.240387]]
Episode 129, Average Success Rate (last 10 eps): 0.60
Total T: 39000 Episode Num: 130 Episode T: 300 Reward: 288.000 PseudoReward: [[192.65294]]
Episode 130, Average Success Rate (last 10 eps): 0.60
Total T: 39300 Episode Num: 131 Episode T: 300 Reward: 268.000 PseudoReward: [[63.4737]]
Episode 131, Average Success Rate (last 10 eps): 0.60
Total T: 39600 Episode Num: 132 Episode T: 300 Reward: 254.000 PseudoReward: [[237.25761]]
Episode 132, Average Success Rate (last 10 eps): 0.60
Total T: 39900 Episode Num: 133 Episode T: 300 Reward: 0.000 PseudoReward: [[163.72375]]
Episode 133, Average Success Rate (last 10 eps): 0.60
Total T: 40200 Episode Num: 134 Episode T: 300 Reward: 267.000 PseudoReward: [[34.189014]]
Episode 134, Average Success Rate (last 10 eps): 0.70
Total T: 40500 Episode Num: 135 Episode T: 300 Reward: 251.000 PseudoReward: [[26.91578]]
Episode 135, Average Success Rate (last 10 eps): 0.80
Total T: 40800 Episode Num: 136 Episode T: 300 Reward: 293.000 PseudoReward: [[221.18832]]
Episode 136, Average Success Rate (last 10 eps): 0.80
Total T: 41100 Episode Num: 137 Episode T: 300 Reward: 0.000 PseudoReward: [[716.5795]]
Episode 137, Average Success Rate (last 10 eps): 0.70
Total T: 41400 Episode Num: 138 Episode T: 300 Reward: 274.000 PseudoReward: [[202.98743]]
Episode 138, Average Success Rate (last 10 eps): 0.80
Total T: 41700 Episode Num: 139 Episode T: 300 Reward: 288.000 PseudoReward: [[214.86307]]
Episode 139, Average Success Rate (last 10 eps): 0.80
Total T: 42000 Episode Num: 140 Episode T: 300 Reward: 277.000 PseudoReward: [[179.72093]]
Episode 140, Average Success Rate (last 10 eps): 0.80
Total T: 42300 Episode Num: 141 Episode T: 300 Reward: 229.000 PseudoReward: [[519.49054]]
Episode 141, Average Success Rate (last 10 eps): 0.80
Total T: 42600 Episode Num: 142 Episode T: 300 Reward: 0.000 PseudoReward: [[378.4677]]
Episode 142, Average Success Rate (last 10 eps): 0.70
Total T: 42900 Episode Num: 143 Episode T: 300 Reward: 272.000 PseudoReward: [[222.91867]]
Episode 143, Average Success Rate (last 10 eps): 0.80
Total T: 43200 Episode Num: 144 Episode T: 300 Reward: 289.000 PseudoReward: [[178.1927]]
Episode 144, Average Success Rate (last 10 eps): 0.80
Total T: 43500 Episode Num: 145 Episode T: 300 Reward: 272.000 PseudoReward: [[210.75995]]
Episode 145, Average Success Rate (last 10 eps): 0.80
Total T: 43800 Episode Num: 146 Episode T: 300 Reward: 0.000 PseudoReward: [[584.80365]]
Episode 146, Average Success Rate (last 10 eps): 0.70
Total T: 44100 Episode Num: 147 Episode T: 300 Reward: 0.000 PseudoReward: [[474.3473]]
Episode 147, Average Success Rate (last 10 eps): 0.70
Total T: 44400 Episode Num: 148 Episode T: 300 Reward: 292.000 PseudoReward: [[66.143745]]
Episode 148, Average Success Rate (last 10 eps): 0.70
Total T: 44700 Episode Num: 149 Episode T: 300 Reward: 254.000 PseudoReward: [[30.617533]]
Episode 149, Average Success Rate (last 10 eps): 0.70
Total T: 45000 Episode Num: 150 Episode T: 300 Reward: 272.000 PseudoReward: [[463.0741]]
Episode 150, Average Success Rate (last 10 eps): 0.70
Total T: 45300 Episode Num: 151 Episode T: 300 Reward: 252.000 PseudoReward: [[51.90336]]
Episode 151, Average Success Rate (last 10 eps): 0.70
Total T: 45600 Episode Num: 152 Episode T: 300 Reward: 278.000 PseudoReward: [[164.39969]]
Episode 152, Average Success Rate (last 10 eps): 0.80
Total T: 45900 Episode Num: 153 Episode T: 300 Reward: 0.000 PseudoReward: [[431.25397]]
Episode 153, Average Success Rate (last 10 eps): 0.70
Total T: 46200 Episode Num: 154 Episode T: 300 Reward: 0.000 PseudoReward: [[371.66727]]
Episode 154, Average Success Rate (last 10 eps): 0.60
Total T: 46500 Episode Num: 155 Episode T: 300 Reward: 69.000 PseudoReward: [[395.51617]]
Episode 155, Average Success Rate (last 10 eps): 0.60
Total T: 46800 Episode Num: 156 Episode T: 300 Reward: 9.000 PseudoReward: [[18.883463]]
Episode 156, Average Success Rate (last 10 eps): 0.70
Total T: 47100 Episode Num: 157 Episode T: 300 Reward: 291.000 PseudoReward: [[198.64476]]
Episode 157, Average Success Rate (last 10 eps): 0.80
Total T: 47400 Episode Num: 158 Episode T: 300 Reward: 280.000 PseudoReward: [[187.0018]]
Episode 158, Average Success Rate (last 10 eps): 0.80
Total T: 47700 Episode Num: 159 Episode T: 300 Reward: 263.000 PseudoReward: [[36.62253]]
Episode 159, Average Success Rate (last 10 eps): 0.80
Total T: 48000 Episode Num: 160 Episode T: 300 Reward: 290.000 PseudoReward: [[229.1259]]
Episode 160, Average Success Rate (last 10 eps): 0.80
Total T: 48300 Episode Num: 161 Episode T: 300 Reward: 257.000 PseudoReward: [[28.62574]]
Episode 161, Average Success Rate (last 10 eps): 0.80
Total T: 48600 Episode Num: 162 Episode T: 300 Reward: 0.000 PseudoReward: [[506.4048]]
Episode 162, Average Success Rate (last 10 eps): 0.70
Total T: 48900 Episode Num: 163 Episode T: 300 Reward: 269.000 PseudoReward: [[13.602925]]
Episode 163, Average Success Rate (last 10 eps): 0.80
Total T: 49200 Episode Num: 164 Episode T: 300 Reward: 269.000 PseudoReward: [[223.47327]]
Episode 164, Average Success Rate (last 10 eps): 0.90
Total T: 49500 Episode Num: 165 Episode T: 300 Reward: 0.000 PseudoReward: [[94.93349]]
Episode 165, Average Success Rate (last 10 eps): 0.80
Total T: 49800 Episode Num: 166 Episode T: 300 Reward: 280.000 PseudoReward: [[35.0747]]
Episode 166, Average Success Rate (last 10 eps): 0.80
Total T: 50100 Episode Num: 167 Episode T: 300 Reward: 0.000 PseudoReward: [[6.4678674]]
Episode 167, Average Success Rate (last 10 eps): 0.70
Total T: 50400 Episode Num: 168 Episode T: 300 Reward: 287.000 PseudoReward: [[238.5522]]
Episode 168, Average Success Rate (last 10 eps): 0.70
Total T: 50700 Episode Num: 169 Episode T: 300 Reward: 0.000 PseudoReward: [[331.6995]]
Episode 169, Average Success Rate (last 10 eps): 0.60
Total T: 51000 Episode Num: 170 Episode T: 300 Reward: 266.000 PseudoReward: [[287.16995]]
Episode 170, Average Success Rate (last 10 eps): 0.60
Total T: 51300 Episode Num: 171 Episode T: 300 Reward: 252.000 PseudoReward: [[388.18915]]
Episode 171, Average Success Rate (last 10 eps): 0.60
Total T: 51600 Episode Num: 172 Episode T: 300 Reward: 262.000 PseudoReward: [[360.88126]]
Episode 172, Average Success Rate (last 10 eps): 0.70
Total T: 51900 Episode Num: 173 Episode T: 300 Reward: 250.000 PseudoReward: [[172.44536]]
Episode 173, Average Success Rate (last 10 eps): 0.70
Total T: 52200 Episode Num: 174 Episode T: 300 Reward: 239.000 PseudoReward: [[278.23026]]
Episode 174, Average Success Rate (last 10 eps): 0.70
Total T: 52500 Episode Num: 175 Episode T: 300 Reward: 34.000 PseudoReward: [[83.976364]]
Episode 175, Average Success Rate (last 10 eps): 0.80
Total T: 52800 Episode Num: 176 Episode T: 300 Reward: 0.000 PseudoReward: [[200.39743]]
Episode 176, Average Success Rate (last 10 eps): 0.70
Total T: 53100 Episode Num: 177 Episode T: 300 Reward: 180.000 PseudoReward: [[176.69107]]
Episode 177, Average Success Rate (last 10 eps): 0.80
Total T: 53400 Episode Num: 178 Episode T: 300 Reward: 0.000 PseudoReward: [[161.52475]]
Episode 178, Average Success Rate (last 10 eps): 0.70
Total T: 53700 Episode Num: 179 Episode T: 300 Reward: 45.000 PseudoReward: [[6.6542187]]
Episode 179, Average Success Rate (last 10 eps): 0.80
Total T: 54000 Episode Num: 180 Episode T: 300 Reward: 0.000 PseudoReward: [[423.14594]]
Episode 180, Average Success Rate (last 10 eps): 0.70
Total T: 54300 Episode Num: 181 Episode T: 300 Reward: 234.000 PseudoReward: [[580.2788]]
Episode 181, Average Success Rate (last 10 eps): 0.70
Total T: 54600 Episode Num: 182 Episode T: 300 Reward: 254.000 PseudoReward: [[167.75903]]
Episode 182, Average Success Rate (last 10 eps): 0.70
Total T: 54900 Episode Num: 183 Episode T: 300 Reward: 281.000 PseudoReward: [[180.10358]]
Episode 183, Average Success Rate (last 10 eps): 0.70
Total T: 55200 Episode Num: 184 Episode T: 300 Reward: 249.000 PseudoReward: [[171.28598]]
Episode 184, Average Success Rate (last 10 eps): 0.70
Total T: 55500 Episode Num: 185 Episode T: 300 Reward: 0.000 PseudoReward: [[185.99936]]
Episode 185, Average Success Rate (last 10 eps): 0.60
Total T: 55800 Episode Num: 186 Episode T: 300 Reward: 0.000 PseudoReward: [[354.7549]]
Episode 186, Average Success Rate (last 10 eps): 0.60
Total T: 56100 Episode Num: 187 Episode T: 300 Reward: 279.000 PseudoReward: [[181.30788]]
Episode 187, Average Success Rate (last 10 eps): 0.60
Total T: 56400 Episode Num: 188 Episode T: 300 Reward: 240.000 PseudoReward: [[142.1058]]
Episode 188, Average Success Rate (last 10 eps): 0.70
Total T: 56700 Episode Num: 189 Episode T: 300 Reward: 260.000 PseudoReward: [[6.807972]]
Episode 189, Average Success Rate (last 10 eps): 0.70
Total T: 57000 Episode Num: 190 Episode T: 300 Reward: 0.000 PseudoReward: [[199.2909]]
Episode 190, Average Success Rate (last 10 eps): 0.70
Total T: 57300 Episode Num: 191 Episode T: 300 Reward: 217.000 PseudoReward: [[339.02728]]
Episode 191, Average Success Rate (last 10 eps): 0.70
Total T: 57600 Episode Num: 192 Episode T: 300 Reward: 275.000 PseudoReward: [[205.98158]]
Episode 192, Average Success Rate (last 10 eps): 0.70
Total T: 57900 Episode Num: 193 Episode T: 300 Reward: 0.000 PseudoReward: [[3.8749466]]
Episode 193, Average Success Rate (last 10 eps): 0.60
Total T: 58200 Episode Num: 194 Episode T: 300 Reward: 263.000 PseudoReward: [[201.04413]]
Episode 194, Average Success Rate (last 10 eps): 0.60
Total T: 58500 Episode Num: 195 Episode T: 300 Reward: 0.000 PseudoReward: [[10.679869]]
Episode 195, Average Success Rate (last 10 eps): 0.60
Total T: 58800 Episode Num: 196 Episode T: 300 Reward: 0.000 PseudoReward: [[304.69516]]
Episode 196, Average Success Rate (last 10 eps): 0.60
Total T: 59100 Episode Num: 197 Episode T: 300 Reward: 0.000 PseudoReward: [[15.643199]]
Episode 197, Average Success Rate (last 10 eps): 0.50
Total T: 59400 Episode Num: 198 Episode T: 300 Reward: 230.000 PseudoReward: [[8.059074]]
Episode 198, Average Success Rate (last 10 eps): 0.50
Total T: 59700 Episode Num: 199 Episode T: 300 Reward: 0.000 PseudoReward: [[147.91042]]
Episode 199, Average Success Rate (last 10 eps): 0.40
Total T: 60000 Episode Num: 200 Episode T: 300 Reward: 288.000 PseudoReward: [[228.65543]]
Episode 200, Average Success Rate (last 10 eps): 0.50
Total T: 60300 Episode Num: 201 Episode T: 300 Reward: 0.000 PseudoReward: [[24.249094]]
Episode 201, Average Success Rate (last 10 eps): 0.40
Total T: 60600 Episode Num: 202 Episode T: 300 Reward: 287.000 PseudoReward: [[171.5644]]
Episode 202, Average Success Rate (last 10 eps): 0.40
Total T: 60900 Episode Num: 203 Episode T: 300 Reward: 290.000 PseudoReward: [[164.54182]]
Episode 203, Average Success Rate (last 10 eps): 0.50
Total T: 61200 Episode Num: 204 Episode T: 300 Reward: 266.000 PseudoReward: [[173.75865]]
Episode 204, Average Success Rate (last 10 eps): 0.50
Total T: 61500 Episode Num: 205 Episode T: 300 Reward: 0.000 PseudoReward: [[5.024603]]
Episode 205, Average Success Rate (last 10 eps): 0.50
Total T: 61800 Episode Num: 206 Episode T: 300 Reward: 0.000 PseudoReward: [[203.62842]]
Episode 206, Average Success Rate (last 10 eps): 0.50
Total T: 62100 Episode Num: 207 Episode T: 300 Reward: 0.000 PseudoReward: [[1.4036115]]
Episode 207, Average Success Rate (last 10 eps): 0.50
Total T: 62400 Episode Num: 208 Episode T: 300 Reward: 283.000 PseudoReward: [[425.49527]]
Episode 208, Average Success Rate (last 10 eps): 0.50
Total T: 62700 Episode Num: 209 Episode T: 300 Reward: 278.000 PseudoReward: [[156.03694]]
Episode 209, Average Success Rate (last 10 eps): 0.60
Total T: 63000 Episode Num: 210 Episode T: 300 Reward: 268.000 PseudoReward: [[219.68457]]
Episode 210, Average Success Rate (last 10 eps): 0.60
Total T: 63300 Episode Num: 211 Episode T: 300 Reward: 259.000 PseudoReward: [[7.0372305]]
Episode 211, Average Success Rate (last 10 eps): 0.70
Total T: 63600 Episode Num: 212 Episode T: 300 Reward: 0.000 PseudoReward: [[0.8685013]]
Episode 212, Average Success Rate (last 10 eps): 0.60
Total T: 63900 Episode Num: 213 Episode T: 300 Reward: 0.000 PseudoReward: [[862.2938]]
Episode 213, Average Success Rate (last 10 eps): 0.50
Total T: 64200 Episode Num: 214 Episode T: 300 Reward: 0.000 PseudoReward: [[6.9969583]]
Episode 214, Average Success Rate (last 10 eps): 0.40
Total T: 64500 Episode Num: 215 Episode T: 300 Reward: 0.000 PseudoReward: [[772.5482]]
Episode 215, Average Success Rate (last 10 eps): 0.40
Total T: 64800 Episode Num: 216 Episode T: 300 Reward: 263.000 PseudoReward: [[132.23776]]
Episode 216, Average Success Rate (last 10 eps): 0.50
Total T: 65100 Episode Num: 217 Episode T: 300 Reward: 298.000 PseudoReward: [[443.86237]]
Episode 217, Average Success Rate (last 10 eps): 0.60
Total T: 65400 Episode Num: 218 Episode T: 300 Reward: 99.000 PseudoReward: [[6.0295825]]
Episode 218, Average Success Rate (last 10 eps): 0.60
Total T: 65700 Episode Num: 219 Episode T: 300 Reward: 271.000 PseudoReward: [[260.62595]]
Episode 219, Average Success Rate (last 10 eps): 0.60
Total T: 66000 Episode Num: 220 Episode T: 300 Reward: 102.000 PseudoReward: [[484.7552]]
Episode 220, Average Success Rate (last 10 eps): 0.60
Total T: 66300 Episode Num: 221 Episode T: 300 Reward: 206.000 PseudoReward: [[410.77887]]
Episode 221, Average Success Rate (last 10 eps): 0.60
Total T: 66600 Episode Num: 222 Episode T: 300 Reward: 241.000 PseudoReward: [[1.6279202]]
Episode 222, Average Success Rate (last 10 eps): 0.70
Total T: 66900 Episode Num: 223 Episode T: 300 Reward: 121.000 PseudoReward: [[21.308012]]
Episode 223, Average Success Rate (last 10 eps): 0.80
Total T: 67200 Episode Num: 224 Episode T: 300 Reward: 0.000 PseudoReward: [[105.57393]]
Episode 224, Average Success Rate (last 10 eps): 0.80
Total T: 67500 Episode Num: 225 Episode T: 300 Reward: 262.000 PseudoReward: [[386.95764]]
Episode 225, Average Success Rate (last 10 eps): 0.90
Total T: 67800 Episode Num: 226 Episode T: 300 Reward: 296.000 PseudoReward: [[5.7538347]]
Episode 226, Average Success Rate (last 10 eps): 0.90
Total T: 68100 Episode Num: 227 Episode T: 300 Reward: 0.000 PseudoReward: [[21.654047]]
Episode 227, Average Success Rate (last 10 eps): 0.80
Total T: 68400 Episode Num: 228 Episode T: 300 Reward: 203.000 PseudoReward: [[336.60632]]
Episode 228, Average Success Rate (last 10 eps): 0.80
Total T: 68700 Episode Num: 229 Episode T: 300 Reward: 288.000 PseudoReward: [[18.282764]]
Episode 229, Average Success Rate (last 10 eps): 0.80
Total T: 69000 Episode Num: 230 Episode T: 300 Reward: 0.000 PseudoReward: [[0.8704243]]
Episode 230, Average Success Rate (last 10 eps): 0.70
Total T: 69300 Episode Num: 231 Episode T: 300 Reward: 0.000 PseudoReward: [[54.13541]]
Episode 231, Average Success Rate (last 10 eps): 0.60
Total T: 69600 Episode Num: 232 Episode T: 300 Reward: 293.000 PseudoReward: [[2.1537602]]
Episode 232, Average Success Rate (last 10 eps): 0.60
Total T: 69900 Episode Num: 233 Episode T: 300 Reward: 0.000 PseudoReward: [[71.32411]]
Episode 233, Average Success Rate (last 10 eps): 0.50
Total T: 70200 Episode Num: 234 Episode T: 300 Reward: 0.000 PseudoReward: [[828.1184]]
Episode 234, Average Success Rate (last 10 eps): 0.50
Total T: 70500 Episode Num: 235 Episode T: 300 Reward: 0.000 PseudoReward: [[5.831448]]
Episode 235, Average Success Rate (last 10 eps): 0.40
Total T: 70800 Episode Num: 236 Episode T: 300 Reward: 53.000 PseudoReward: [[9.90883]]
Episode 236, Average Success Rate (last 10 eps): 0.40
Total T: 71100 Episode Num: 237 Episode T: 300 Reward: 298.000 PseudoReward: [[5.43723]]
Episode 237, Average Success Rate (last 10 eps): 0.50
Total T: 71400 Episode Num: 238 Episode T: 300 Reward: 290.000 PseudoReward: [[383.60767]]
Episode 238, Average Success Rate (last 10 eps): 0.50
Total T: 71700 Episode Num: 239 Episode T: 300 Reward: 278.000 PseudoReward: [[7.630448]]
Episode 239, Average Success Rate (last 10 eps): 0.50
Total T: 72000 Episode Num: 240 Episode T: 300 Reward: 91.000 PseudoReward: [[6.38382]]
Episode 240, Average Success Rate (last 10 eps): 0.60
Total T: 72300 Episode Num: 241 Episode T: 300 Reward: 0.000 PseudoReward: [[50.529247]]
Episode 241, Average Success Rate (last 10 eps): 0.60
Total T: 72600 Episode Num: 242 Episode T: 300 Reward: 277.000 PseudoReward: [[187.40291]]
Episode 242, Average Success Rate (last 10 eps): 0.60
Total T: 72900 Episode Num: 243 Episode T: 300 Reward: 247.000 PseudoReward: [[8.565276]]
Episode 243, Average Success Rate (last 10 eps): 0.70
Total T: 73200 Episode Num: 244 Episode T: 300 Reward: 0.000 PseudoReward: [[129.48853]]
Episode 244, Average Success Rate (last 10 eps): 0.70
Total T: 73500 Episode Num: 245 Episode T: 300 Reward: 0.000 PseudoReward: [[793.14417]]
Episode 245, Average Success Rate (last 10 eps): 0.70
Total T: 73800 Episode Num: 246 Episode T: 300 Reward: 289.000 PseudoReward: [[7.922533]]
Episode 246, Average Success Rate (last 10 eps): 0.70
Total T: 74100 Episode Num: 247 Episode T: 300 Reward: 0.000 PseudoReward: [[1.3454545]]
Episode 247, Average Success Rate (last 10 eps): 0.60
Total T: 74400 Episode Num: 248 Episode T: 300 Reward: 281.000 PseudoReward: [[213.45459]]
Episode 248, Average Success Rate (last 10 eps): 0.60
Total T: 74700 Episode Num: 249 Episode T: 300 Reward: 282.000 PseudoReward: [[47.828228]]
Episode 249, Average Success Rate (last 10 eps): 0.60
Total T: 75000 Episode Num: 250 Episode T: 300 Reward: 0.000 PseudoReward: [[16.300299]]
Episode 250, Average Success Rate (last 10 eps): 0.50
Total T: 75300 Episode Num: 251 Episode T: 300 Reward: 0.000 PseudoReward: [[4.926821]]
Episode 251, Average Success Rate (last 10 eps): 0.50
Total T: 75600 Episode Num: 252 Episode T: 300 Reward: 299.000 PseudoReward: [[437.50455]]
Episode 252, Average Success Rate (last 10 eps): 0.50
Total T: 75900 Episode Num: 253 Episode T: 300 Reward: 276.000 PseudoReward: [[31.35451]]
Episode 253, Average Success Rate (last 10 eps): 0.50
Total T: 76200 Episode Num: 254 Episode T: 300 Reward: 294.000 PseudoReward: [[152.35956]]
Episode 254, Average Success Rate (last 10 eps): 0.60
Total T: 76500 Episode Num: 255 Episode T: 300 Reward: 0.000 PseudoReward: [[0.22543594]]
Episode 255, Average Success Rate (last 10 eps): 0.60
Total T: 76800 Episode Num: 256 Episode T: 300 Reward: 0.000 PseudoReward: [[718.627]]
Episode 256, Average Success Rate (last 10 eps): 0.50
Total T: 77100 Episode Num: 257 Episode T: 300 Reward: 286.000 PseudoReward: [[16.828592]]
Episode 257, Average Success Rate (last 10 eps): 0.60
Total T: 77400 Episode Num: 258 Episode T: 300 Reward: 0.000 PseudoReward: [[51.383163]]
Episode 258, Average Success Rate (last 10 eps): 0.50
Total T: 77700 Episode Num: 259 Episode T: 300 Reward: 226.000 PseudoReward: [[0.7465774]]
Episode 259, Average Success Rate (last 10 eps): 0.50
Total T: 78000 Episode Num: 260 Episode T: 300 Reward: 0.000 PseudoReward: [[1.6850611]]
Episode 260, Average Success Rate (last 10 eps): 0.50
Total T: 78300 Episode Num: 261 Episode T: 300 Reward: 0.000 PseudoReward: [[25.643438]]
Episode 261, Average Success Rate (last 10 eps): 0.50
Total T: 78600 Episode Num: 262 Episode T: 300 Reward: 250.000 PseudoReward: [[11.651476]]
Episode 262, Average Success Rate (last 10 eps): 0.50
Total T: 78900 Episode Num: 263 Episode T: 300 Reward: 0.000 PseudoReward: [[915.5458]]
Episode 263, Average Success Rate (last 10 eps): 0.40
Total T: 79200 Episode Num: 264 Episode T: 300 Reward: 0.000 PseudoReward: [[32.004295]]
Episode 264, Average Success Rate (last 10 eps): 0.30
Total T: 79500 Episode Num: 265 Episode T: 300 Reward: 292.000 PseudoReward: [[41.458244]]
Episode 265, Average Success Rate (last 10 eps): 0.40
Total T: 79800 Episode Num: 266 Episode T: 300 Reward: 248.000 PseudoReward: [[95.70153]]
Episode 266, Average Success Rate (last 10 eps): 0.50
Total T: 80100 Episode Num: 267 Episode T: 300 Reward: 296.000 PseudoReward: [[10.71882]]
Episode 267, Average Success Rate (last 10 eps): 0.50
Total T: 80400 Episode Num: 268 Episode T: 300 Reward: 0.000 PseudoReward: [[933.2637]]
Episode 268, Average Success Rate (last 10 eps): 0.50
Total T: 80700 Episode Num: 269 Episode T: 300 Reward: 161.000 PseudoReward: [[327.2011]]
Episode 269, Average Success Rate (last 10 eps): 0.50
Total T: 81000 Episode Num: 270 Episode T: 300 Reward: 0.000 PseudoReward: [[120.02283]]
Episode 270, Average Success Rate (last 10 eps): 0.50
Total T: 81300 Episode Num: 271 Episode T: 300 Reward: 286.000 PseudoReward: [[128.9995]]
Episode 271, Average Success Rate (last 10 eps): 0.60
Total T: 81600 Episode Num: 272 Episode T: 300 Reward: 0.000 PseudoReward: [[0.78429466]]
Episode 272, Average Success Rate (last 10 eps): 0.50
Total T: 81900 Episode Num: 273 Episode T: 300 Reward: 184.000 PseudoReward: [[538.1883]]
Episode 273, Average Success Rate (last 10 eps): 0.60
Total T: 82200 Episode Num: 274 Episode T: 300 Reward: 288.000 PseudoReward: [[97.44405]]
Episode 274, Average Success Rate (last 10 eps): 0.70
Total T: 82500 Episode Num: 275 Episode T: 300 Reward: 253.000 PseudoReward: [[145.06352]]
Episode 275, Average Success Rate (last 10 eps): 0.70
Total T: 82800 Episode Num: 276 Episode T: 300 Reward: 149.000 PseudoReward: [[299.3769]]
Episode 276, Average Success Rate (last 10 eps): 0.70
Total T: 83100 Episode Num: 277 Episode T: 300 Reward: 43.000 PseudoReward: [[881.932]]
Episode 277, Average Success Rate (last 10 eps): 0.70
Total T: 83400 Episode Num: 278 Episode T: 300 Reward: 0.000 PseudoReward: [[1113.6887]]
Episode 278, Average Success Rate (last 10 eps): 0.70
Total T: 83700 Episode Num: 279 Episode T: 300 Reward: 265.000 PseudoReward: [[0.9658717]]
Episode 279, Average Success Rate (last 10 eps): 0.70
Total T: 84000 Episode Num: 280 Episode T: 300 Reward: 0.000 PseudoReward: [[40.701267]]
Episode 280, Average Success Rate (last 10 eps): 0.70
Total T: 84300 Episode Num: 281 Episode T: 300 Reward: 0.000 PseudoReward: [[1.2676373]]
Episode 281, Average Success Rate (last 10 eps): 0.60
Total T: 84600 Episode Num: 282 Episode T: 300 Reward: 286.000 PseudoReward: [[92.11555]]
Episode 282, Average Success Rate (last 10 eps): 0.70
Total T: 84900 Episode Num: 283 Episode T: 300 Reward: 285.000 PseudoReward: [[95.67914]]
Episode 283, Average Success Rate (last 10 eps): 0.70
Total T: 85200 Episode Num: 284 Episode T: 300 Reward: 0.000 PseudoReward: [[1.7439466]]
Episode 284, Average Success Rate (last 10 eps): 0.60
Total T: 85500 Episode Num: 285 Episode T: 300 Reward: 236.000 PseudoReward: [[1.6812849]]
Episode 285, Average Success Rate (last 10 eps): 0.60
