/home/xlx9645/miniconda3/envs/maze/lib/python3.9/site-packages/gymnasium/envs/registration.py:642: UserWarning: [33mWARN: Overriding environment TrapMazeEnv already in registry.[0m
  logger.warn(f"Overriding environment {new_spec.id} already in registry.")
wandb: Using wandb-core as the SDK backend.  Please refer to https://wandb.me/wandb-core for more information.
wandb: Currently logged in as: yuxuanli2023 (yuxuanli2023-northwestern-university). Use `wandb login --relogin` to force relogin
wandb: Tracking run with wandb version 0.19.1
wandb: Run data is saved locally in /home/xlx9645/failed/Maze/update_baselines/wandb/run-20250107_194726-8cr9hv1u
wandb: Run `wandb offline` to turn off syncing.
wandb: Syncing run AIRL
wandb: ⭐️ View project at https://wandb.ai/yuxuanli2023-northwestern-university/Main_Umaze
wandb: 🚀 View run at https://wandb.ai/yuxuanli2023-northwestern-university/Main_Umaze/runs/8cr9hv1u
/home/xlx9645/miniconda3/envs/maze/lib/python3.9/site-packages/gymnasium/spaces/box.py:235: UserWarning: [33mWARN: Box low's precision lowered by casting to float32, current low.dtype=float64[0m
  gym.logger.warn(
/home/xlx9645/miniconda3/envs/maze/lib/python3.9/site-packages/gymnasium/spaces/box.py:305: UserWarning: [33mWARN: Box high's precision lowered by casting to float32, current high.dtype=float64[0m
  gym.logger.warn(
/home/xlx9645/miniconda3/envs/maze/lib/python3.9/site-packages/torch/optim/lr_scheduler.py:224: UserWarning: Detected call of `lr_scheduler.step()` before `optimizer.step()`. In PyTorch 1.1.0 and later, you should call them in the opposite order: `optimizer.step()` before `lr_scheduler.step()`.  Failure to do this will result in PyTorch skipping the first value of the learning rate schedule. See more details at https://pytorch.org/docs/stable/optim.html#how-to-adjust-learning-rate
  warnings.warn(
/home/xlx9645/miniconda3/envs/maze/lib/python3.9/site-packages/torch/optim/lr_scheduler.py:224: UserWarning: Detected call of `lr_scheduler.step()` before `optimizer.step()`. In PyTorch 1.1.0 and later, you should call them in the opposite order: `optimizer.step()` before `lr_scheduler.step()`.  Failure to do this will result in PyTorch skipping the first value of the learning rate schedule. See more details at https://pytorch.org/docs/stable/optim.html#how-to-adjust-learning-rate
  warnings.warn(
Total T: 300 Episode Num: 1 Episode T: 300 Reward: 0.000 PseudoReward: [[-231.02274]]
Episode 1, Average Success Rate (last 10 eps): 0.00
Total T: 600 Episode Num: 2 Episode T: 300 Reward: 0.000 PseudoReward: [[678.0265]]
Episode 2, Average Success Rate (last 10 eps): 0.00
Total T: 900 Episode Num: 3 Episode T: 300 Reward: 0.000 PseudoReward: [[642.3748]]
Episode 3, Average Success Rate (last 10 eps): 0.00
Total T: 1200 Episode Num: 4 Episode T: 300 Reward: 0.000 PseudoReward: [[367.7632]]
Episode 4, Average Success Rate (last 10 eps): 0.00
Total T: 1500 Episode Num: 5 Episode T: 300 Reward: 76.000 PseudoReward: [[50.311745]]
Episode 5, Average Success Rate (last 10 eps): 0.20
Total T: 1800 Episode Num: 6 Episode T: 300 Reward: 0.000 PseudoReward: [[-303.3758]]
Episode 6, Average Success Rate (last 10 eps): 0.17
Total T: 2100 Episode Num: 7 Episode T: 300 Reward: 0.000 PseudoReward: [[-383.87103]]
Episode 7, Average Success Rate (last 10 eps): 0.14
Total T: 2400 Episode Num: 8 Episode T: 300 Reward: 282.000 PseudoReward: [[-329.2873]]
Episode 8, Average Success Rate (last 10 eps): 0.25
Total T: 2700 Episode Num: 9 Episode T: 300 Reward: 0.000 PseudoReward: [[-1201.9626]]
Episode 9, Average Success Rate (last 10 eps): 0.22
Total T: 3000 Episode Num: 10 Episode T: 300 Reward: 0.000 PseudoReward: [[-1125.1982]]
Episode 10, Average Success Rate (last 10 eps): 0.20
Total T: 3300 Episode Num: 11 Episode T: 300 Reward: 281.000 PseudoReward: [[-693.2867]]
Episode 11, Average Success Rate (last 10 eps): 0.30
Total T: 3600 Episode Num: 12 Episode T: 300 Reward: 0.000 PseudoReward: [[-1782.6644]]
Episode 12, Average Success Rate (last 10 eps): 0.30
Total T: 3900 Episode Num: 13 Episode T: 300 Reward: 0.000 PseudoReward: [[-4543.686]]
Episode 13, Average Success Rate (last 10 eps): 0.30
Total T: 4200 Episode Num: 14 Episode T: 300 Reward: 0.000 PseudoReward: [[-1376.4886]]
Episode 14, Average Success Rate (last 10 eps): 0.30
Total T: 4500 Episode Num: 15 Episode T: 300 Reward: 0.000 PseudoReward: [[-6799.008]]
Episode 15, Average Success Rate (last 10 eps): 0.20
Total T: 4800 Episode Num: 16 Episode T: 300 Reward: 0.000 PseudoReward: [[-10268.98]]
Episode 16, Average Success Rate (last 10 eps): 0.20
Total T: 5100 Episode Num: 17 Episode T: 300 Reward: 0.000 PseudoReward: [[-3490.6685]]
Episode 17, Average Success Rate (last 10 eps): 0.20
Total T: 5400 Episode Num: 18 Episode T: 300 Reward: 0.000 PseudoReward: [[-1855.1547]]
Episode 18, Average Success Rate (last 10 eps): 0.10
Total T: 5700 Episode Num: 19 Episode T: 300 Reward: 0.000 PseudoReward: [[-4776.614]]
Episode 19, Average Success Rate (last 10 eps): 0.10
Total T: 6000 Episode Num: 20 Episode T: 300 Reward: 282.000 PseudoReward: [[-189.0295]]
Episode 20, Average Success Rate (last 10 eps): 0.20
Total T: 6300 Episode Num: 21 Episode T: 300 Reward: 0.000 PseudoReward: [[1618.4248]]
Episode 21, Average Success Rate (last 10 eps): 0.10
Total T: 6600 Episode Num: 22 Episode T: 300 Reward: 0.000 PseudoReward: [[-115.16869]]
Episode 22, Average Success Rate (last 10 eps): 0.10
Total T: 6900 Episode Num: 23 Episode T: 300 Reward: 0.000 PseudoReward: [[-5685.4478]]
Episode 23, Average Success Rate (last 10 eps): 0.10
Total T: 7200 Episode Num: 24 Episode T: 300 Reward: 0.000 PseudoReward: [[-3394.5647]]
Episode 24, Average Success Rate (last 10 eps): 0.10
Total T: 7500 Episode Num: 25 Episode T: 300 Reward: 0.000 PseudoReward: [[-2900.417]]
Episode 25, Average Success Rate (last 10 eps): 0.10
Total T: 7800 Episode Num: 26 Episode T: 300 Reward: 0.000 PseudoReward: [[-2459.559]]
Episode 26, Average Success Rate (last 10 eps): 0.10
Total T: 8100 Episode Num: 27 Episode T: 300 Reward: 0.000 PseudoReward: [[-1754.7043]]
Episode 27, Average Success Rate (last 10 eps): 0.10
Total T: 8400 Episode Num: 28 Episode T: 300 Reward: 0.000 PseudoReward: [[-855.4775]]
Episode 28, Average Success Rate (last 10 eps): 0.10
Total T: 8700 Episode Num: 29 Episode T: 300 Reward: 0.000 PseudoReward: [[-1106.08]]
Episode 29, Average Success Rate (last 10 eps): 0.10
Total T: 9000 Episode Num: 30 Episode T: 300 Reward: 270.000 PseudoReward: [[705.15497]]
Episode 30, Average Success Rate (last 10 eps): 0.10
Total T: 9300 Episode Num: 31 Episode T: 300 Reward: 238.000 PseudoReward: [[-1028.3605]]
Episode 31, Average Success Rate (last 10 eps): 0.20
Total T: 9600 Episode Num: 32 Episode T: 300 Reward: 0.000 PseudoReward: [[-13567.578]]
Episode 32, Average Success Rate (last 10 eps): 0.20
Total T: 9900 Episode Num: 33 Episode T: 300 Reward: 0.000 PseudoReward: [[-12732.619]]
Episode 33, Average Success Rate (last 10 eps): 0.20
Total T: 10200 Episode Num: 34 Episode T: 300 Reward: 272.000 PseudoReward: [[1209.6744]]
Episode 34, Average Success Rate (last 10 eps): 0.30
Total T: 10500 Episode Num: 35 Episode T: 300 Reward: 205.000 PseudoReward: [[370.38522]]
Episode 35, Average Success Rate (last 10 eps): 0.40
Total T: 10800 Episode Num: 36 Episode T: 300 Reward: 0.000 PseudoReward: [[-10758.311]]
Episode 36, Average Success Rate (last 10 eps): 0.40
Total T: 11100 Episode Num: 37 Episode T: 300 Reward: 277.000 PseudoReward: [[1164.7385]]
Episode 37, Average Success Rate (last 10 eps): 0.50
Total T: 11400 Episode Num: 38 Episode T: 300 Reward: 0.000 PseudoReward: [[-386.67743]]
Episode 38, Average Success Rate (last 10 eps): 0.50
Total T: 11700 Episode Num: 39 Episode T: 300 Reward: 0.000 PseudoReward: [[-2209.8682]]
Episode 39, Average Success Rate (last 10 eps): 0.50
Total T: 12000 Episode Num: 40 Episode T: 300 Reward: 0.000 PseudoReward: [[-2354.6829]]
Episode 40, Average Success Rate (last 10 eps): 0.40
Total T: 12300 Episode Num: 41 Episode T: 300 Reward: 41.000 PseudoReward: [[402.60767]]
Episode 41, Average Success Rate (last 10 eps): 0.40
Total T: 12600 Episode Num: 42 Episode T: 300 Reward: 0.000 PseudoReward: [[-1213.973]]
Episode 42, Average Success Rate (last 10 eps): 0.40
Total T: 12900 Episode Num: 43 Episode T: 300 Reward: 0.000 PseudoReward: [[-4064.065]]
Episode 43, Average Success Rate (last 10 eps): 0.40
Total T: 13200 Episode Num: 44 Episode T: 300 Reward: 234.000 PseudoReward: [[-720.2633]]
Episode 44, Average Success Rate (last 10 eps): 0.40
Total T: 13500 Episode Num: 45 Episode T: 300 Reward: 0.000 PseudoReward: [[1603.3777]]
Episode 45, Average Success Rate (last 10 eps): 0.30
Total T: 13800 Episode Num: 46 Episode T: 300 Reward: 0.000 PseudoReward: [[-2597.7153]]
Episode 46, Average Success Rate (last 10 eps): 0.30
Total T: 14100 Episode Num: 47 Episode T: 300 Reward: 282.000 PseudoReward: [[-3203.228]]
Episode 47, Average Success Rate (last 10 eps): 0.30
Total T: 14400 Episode Num: 48 Episode T: 300 Reward: 260.000 PseudoReward: [[1084.7826]]
Episode 48, Average Success Rate (last 10 eps): 0.40
Total T: 14700 Episode Num: 49 Episode T: 300 Reward: 197.000 PseudoReward: [[218.36497]]
Episode 49, Average Success Rate (last 10 eps): 0.50
Total T: 15000 Episode Num: 50 Episode T: 300 Reward: 278.000 PseudoReward: [[-460.45285]]
Episode 50, Average Success Rate (last 10 eps): 0.60
Total T: 15300 Episode Num: 51 Episode T: 300 Reward: 275.000 PseudoReward: [[-5821.3555]]
Episode 51, Average Success Rate (last 10 eps): 0.60
Total T: 15600 Episode Num: 52 Episode T: 300 Reward: 255.000 PseudoReward: [[-2734.1062]]
Episode 52, Average Success Rate (last 10 eps): 0.70
Total T: 15900 Episode Num: 53 Episode T: 300 Reward: 0.000 PseudoReward: [[-4857.9556]]
Episode 53, Average Success Rate (last 10 eps): 0.70
Total T: 16200 Episode Num: 54 Episode T: 300 Reward: 38.000 PseudoReward: [[1661.1125]]
Episode 54, Average Success Rate (last 10 eps): 0.70
Total T: 16500 Episode Num: 55 Episode T: 300 Reward: 0.000 PseudoReward: [[-5454.927]]
Episode 55, Average Success Rate (last 10 eps): 0.70
Total T: 16800 Episode Num: 56 Episode T: 300 Reward: 265.000 PseudoReward: [[-126.653244]]
Episode 56, Average Success Rate (last 10 eps): 0.80
Total T: 17100 Episode Num: 57 Episode T: 300 Reward: 277.000 PseudoReward: [[-2057.1257]]
Episode 57, Average Success Rate (last 10 eps): 0.80
Total T: 17400 Episode Num: 58 Episode T: 300 Reward: 180.000 PseudoReward: [[-5503.0103]]
Episode 58, Average Success Rate (last 10 eps): 0.80
Total T: 17700 Episode Num: 59 Episode T: 300 Reward: 0.000 PseudoReward: [[-13356.445]]
Episode 59, Average Success Rate (last 10 eps): 0.70
Total T: 18000 Episode Num: 60 Episode T: 300 Reward: 296.000 PseudoReward: [[918.4826]]
Episode 60, Average Success Rate (last 10 eps): 0.70
Total T: 18300 Episode Num: 61 Episode T: 300 Reward: 238.000 PseudoReward: [[-6931.0493]]
Episode 61, Average Success Rate (last 10 eps): 0.70
Total T: 18600 Episode Num: 62 Episode T: 300 Reward: 0.000 PseudoReward: [[-13699.456]]
Episode 62, Average Success Rate (last 10 eps): 0.60
Total T: 18900 Episode Num: 63 Episode T: 300 Reward: 0.000 PseudoReward: [[-11172.796]]
Episode 63, Average Success Rate (last 10 eps): 0.60
Total T: 19200 Episode Num: 64 Episode T: 300 Reward: 212.000 PseudoReward: [[-2401.4365]]
Episode 64, Average Success Rate (last 10 eps): 0.60
Total T: 19500 Episode Num: 65 Episode T: 300 Reward: 0.000 PseudoReward: [[-1800.556]]
Episode 65, Average Success Rate (last 10 eps): 0.60
Total T: 19800 Episode Num: 66 Episode T: 300 Reward: 0.000 PseudoReward: [[2132.1565]]
Episode 66, Average Success Rate (last 10 eps): 0.50
Total T: 20100 Episode Num: 67 Episode T: 300 Reward: 275.000 PseudoReward: [[-2317.8425]]
Episode 67, Average Success Rate (last 10 eps): 0.50
Total T: 20400 Episode Num: 68 Episode T: 300 Reward: 0.000 PseudoReward: [[634.30493]]
Episode 68, Average Success Rate (last 10 eps): 0.40
Total T: 20700 Episode Num: 69 Episode T: 300 Reward: 0.000 PseudoReward: [[868.866]]
Episode 69, Average Success Rate (last 10 eps): 0.40
Total T: 21000 Episode Num: 70 Episode T: 300 Reward: 21.000 PseudoReward: [[-12460.069]]
Episode 70, Average Success Rate (last 10 eps): 0.40
Total T: 21300 Episode Num: 71 Episode T: 300 Reward: 0.000 PseudoReward: [[3.1438494]]
Episode 71, Average Success Rate (last 10 eps): 0.30
Total T: 21600 Episode Num: 72 Episode T: 300 Reward: 0.000 PseudoReward: [[-5513.758]]
Episode 72, Average Success Rate (last 10 eps): 0.30
Total T: 21900 Episode Num: 73 Episode T: 300 Reward: 0.000 PseudoReward: [[-39.418324]]
Episode 73, Average Success Rate (last 10 eps): 0.30
Total T: 22200 Episode Num: 74 Episode T: 300 Reward: 142.000 PseudoReward: [[-1695.5074]]
Episode 74, Average Success Rate (last 10 eps): 0.30
Total T: 22500 Episode Num: 75 Episode T: 300 Reward: 0.000 PseudoReward: [[-4575.172]]
Episode 75, Average Success Rate (last 10 eps): 0.30
Total T: 22800 Episode Num: 76 Episode T: 300 Reward: 269.000 PseudoReward: [[-6518.8325]]
Episode 76, Average Success Rate (last 10 eps): 0.40
Total T: 23100 Episode Num: 77 Episode T: 300 Reward: 0.000 PseudoReward: [[-2608.6494]]
Episode 77, Average Success Rate (last 10 eps): 0.30
Total T: 23400 Episode Num: 78 Episode T: 300 Reward: 279.000 PseudoReward: [[-7319.395]]
Episode 78, Average Success Rate (last 10 eps): 0.40
Total T: 23700 Episode Num: 79 Episode T: 300 Reward: 242.000 PseudoReward: [[-10854.825]]
Episode 79, Average Success Rate (last 10 eps): 0.50
Total T: 24000 Episode Num: 80 Episode T: 300 Reward: 291.000 PseudoReward: [[-6495.4175]]
Episode 80, Average Success Rate (last 10 eps): 0.50
Total T: 24300 Episode Num: 81 Episode T: 300 Reward: 1.000 PseudoReward: [[-4130.0854]]
Episode 81, Average Success Rate (last 10 eps): 0.60
Total T: 24600 Episode Num: 82 Episode T: 300 Reward: 272.000 PseudoReward: [[-7519.094]]
Episode 82, Average Success Rate (last 10 eps): 0.70
Total T: 24900 Episode Num: 83 Episode T: 300 Reward: 273.000 PseudoReward: [[-7979.777]]
Episode 83, Average Success Rate (last 10 eps): 0.80
Total T: 25200 Episode Num: 84 Episode T: 300 Reward: 0.000 PseudoReward: [[-4586.999]]
Episode 84, Average Success Rate (last 10 eps): 0.70
Total T: 25500 Episode Num: 85 Episode T: 300 Reward: 0.000 PseudoReward: [[-3503.7976]]
Episode 85, Average Success Rate (last 10 eps): 0.70
Total T: 25800 Episode Num: 86 Episode T: 300 Reward: 0.000 PseudoReward: [[-5080.8984]]
Episode 86, Average Success Rate (last 10 eps): 0.60
Total T: 26100 Episode Num: 87 Episode T: 300 Reward: 0.000 PseudoReward: [[-4359.425]]
Episode 87, Average Success Rate (last 10 eps): 0.60
Total T: 26400 Episode Num: 88 Episode T: 300 Reward: 0.000 PseudoReward: [[-12743.889]]
Episode 88, Average Success Rate (last 10 eps): 0.50
Total T: 26700 Episode Num: 89 Episode T: 300 Reward: 0.000 PseudoReward: [[-5526.494]]
Episode 89, Average Success Rate (last 10 eps): 0.40
Total T: 27000 Episode Num: 90 Episode T: 300 Reward: 0.000 PseudoReward: [[-13802.457]]
Episode 90, Average Success Rate (last 10 eps): 0.30
Total T: 27300 Episode Num: 91 Episode T: 300 Reward: 0.000 PseudoReward: [[-2272.319]]
Episode 91, Average Success Rate (last 10 eps): 0.20
Total T: 27600 Episode Num: 92 Episode T: 300 Reward: 154.000 PseudoReward: [[-6978.265]]
Episode 92, Average Success Rate (last 10 eps): 0.20
Total T: 27900 Episode Num: 93 Episode T: 300 Reward: 269.000 PseudoReward: [[-13313.024]]
Episode 93, Average Success Rate (last 10 eps): 0.20
Total T: 28200 Episode Num: 94 Episode T: 300 Reward: 74.000 PseudoReward: [[-6784.987]]
Episode 94, Average Success Rate (last 10 eps): 0.30
Total T: 28500 Episode Num: 95 Episode T: 300 Reward: 178.000 PseudoReward: [[-4889.71]]
Episode 95, Average Success Rate (last 10 eps): 0.40
Total T: 28800 Episode Num: 96 Episode T: 300 Reward: 172.000 PseudoReward: [[-7010.3604]]
Episode 96, Average Success Rate (last 10 eps): 0.50
Total T: 29100 Episode Num: 97 Episode T: 300 Reward: 291.000 PseudoReward: [[-10983.319]]
Episode 97, Average Success Rate (last 10 eps): 0.60
Total T: 29400 Episode Num: 98 Episode T: 300 Reward: 0.000 PseudoReward: [[-5988.092]]
Episode 98, Average Success Rate (last 10 eps): 0.60
Total T: 29700 Episode Num: 99 Episode T: 300 Reward: 281.000 PseudoReward: [[-11608.853]]
Episode 99, Average Success Rate (last 10 eps): 0.70
Total T: 30000 Episode Num: 100 Episode T: 300 Reward: 280.000 PseudoReward: [[-10321.155]]
Episode 100, Average Success Rate (last 10 eps): 0.80
Total T: 30300 Episode Num: 101 Episode T: 300 Reward: 280.000 PseudoReward: [[-6639.1147]]
Episode 101, Average Success Rate (last 10 eps): 0.90
Total T: 30600 Episode Num: 102 Episode T: 300 Reward: 0.000 PseudoReward: [[-3777.2576]]
Episode 102, Average Success Rate (last 10 eps): 0.80
Total T: 30900 Episode Num: 103 Episode T: 300 Reward: 164.000 PseudoReward: [[-6186.9688]]
Episode 103, Average Success Rate (last 10 eps): 0.80
Total T: 31200 Episode Num: 104 Episode T: 300 Reward: 255.000 PseudoReward: [[-12024.627]]
Episode 104, Average Success Rate (last 10 eps): 0.80
Total T: 31500 Episode Num: 105 Episode T: 300 Reward: 225.000 PseudoReward: [[-9385.797]]
Episode 105, Average Success Rate (last 10 eps): 0.80
Total T: 31800 Episode Num: 106 Episode T: 300 Reward: 201.000 PseudoReward: [[-8207.764]]
Episode 106, Average Success Rate (last 10 eps): 0.80
Total T: 32100 Episode Num: 107 Episode T: 300 Reward: 297.000 PseudoReward: [[-12003.804]]
Episode 107, Average Success Rate (last 10 eps): 0.80
Total T: 32400 Episode Num: 108 Episode T: 300 Reward: 0.000 PseudoReward: [[-9496.596]]
Episode 108, Average Success Rate (last 10 eps): 0.80
Total T: 32700 Episode Num: 109 Episode T: 300 Reward: 277.000 PseudoReward: [[-9718.595]]
Episode 109, Average Success Rate (last 10 eps): 0.80
Total T: 33000 Episode Num: 110 Episode T: 300 Reward: 0.000 PseudoReward: [[-8090.2495]]
Episode 110, Average Success Rate (last 10 eps): 0.70
Total T: 33300 Episode Num: 111 Episode T: 300 Reward: 0.000 PseudoReward: [[-10150.816]]
Episode 111, Average Success Rate (last 10 eps): 0.60
Total T: 33600 Episode Num: 112 Episode T: 300 Reward: 0.000 PseudoReward: [[-10170.018]]
Episode 112, Average Success Rate (last 10 eps): 0.60
Total T: 33900 Episode Num: 113 Episode T: 300 Reward: 0.000 PseudoReward: [[-9618.697]]
Episode 113, Average Success Rate (last 10 eps): 0.50
Total T: 34200 Episode Num: 114 Episode T: 300 Reward: 0.000 PseudoReward: [[-7403.0215]]
Episode 114, Average Success Rate (last 10 eps): 0.40
Total T: 34500 Episode Num: 115 Episode T: 300 Reward: 277.000 PseudoReward: [[-11771.081]]
Episode 115, Average Success Rate (last 10 eps): 0.40
Total T: 34800 Episode Num: 116 Episode T: 300 Reward: 0.000 PseudoReward: [[-13781.981]]
Episode 116, Average Success Rate (last 10 eps): 0.30
Total T: 35100 Episode Num: 117 Episode T: 300 Reward: 0.000 PseudoReward: [[-13794.783]]
Episode 117, Average Success Rate (last 10 eps): 0.20
Total T: 35400 Episode Num: 118 Episode T: 300 Reward: 0.000 PseudoReward: [[-13775.272]]
Episode 118, Average Success Rate (last 10 eps): 0.20
Total T: 35700 Episode Num: 119 Episode T: 300 Reward: 287.000 PseudoReward: [[-7859.09]]
Episode 119, Average Success Rate (last 10 eps): 0.20
Total T: 36000 Episode Num: 120 Episode T: 300 Reward: 0.000 PseudoReward: [[-13768.727]]
Episode 120, Average Success Rate (last 10 eps): 0.20
Total T: 36300 Episode Num: 121 Episode T: 300 Reward: 0.000 PseudoReward: [[-9643.691]]
Episode 121, Average Success Rate (last 10 eps): 0.20
Total T: 36600 Episode Num: 122 Episode T: 300 Reward: 295.000 PseudoReward: [[-11837.105]]
Episode 122, Average Success Rate (last 10 eps): 0.30
Total T: 36900 Episode Num: 123 Episode T: 300 Reward: 0.000 PseudoReward: [[-5732.9375]]
Episode 123, Average Success Rate (last 10 eps): 0.30
Total T: 37200 Episode Num: 124 Episode T: 300 Reward: 26.000 PseudoReward: [[-7090.668]]
Episode 124, Average Success Rate (last 10 eps): 0.40
Total T: 37500 Episode Num: 125 Episode T: 300 Reward: 0.000 PseudoReward: [[-6335.818]]
Episode 125, Average Success Rate (last 10 eps): 0.30
Total T: 37800 Episode Num: 126 Episode T: 300 Reward: 0.000 PseudoReward: [[-9695.512]]
Episode 126, Average Success Rate (last 10 eps): 0.30
Total T: 38100 Episode Num: 127 Episode T: 300 Reward: 294.000 PseudoReward: [[-12934.803]]
Episode 127, Average Success Rate (last 10 eps): 0.40
Total T: 38400 Episode Num: 128 Episode T: 300 Reward: 181.000 PseudoReward: [[-7026.9087]]
Episode 128, Average Success Rate (last 10 eps): 0.50
Total T: 38700 Episode Num: 129 Episode T: 300 Reward: 285.000 PseudoReward: [[-13177.086]]
Episode 129, Average Success Rate (last 10 eps): 0.50
Total T: 39000 Episode Num: 130 Episode T: 300 Reward: 282.000 PseudoReward: [[-12520.492]]
Episode 130, Average Success Rate (last 10 eps): 0.60
Total T: 39300 Episode Num: 131 Episode T: 300 Reward: 253.000 PseudoReward: [[-12838.93]]
Episode 131, Average Success Rate (last 10 eps): 0.70
Total T: 39600 Episode Num: 132 Episode T: 300 Reward: 0.000 PseudoReward: [[-9984.621]]
Episode 132, Average Success Rate (last 10 eps): 0.60
Total T: 39900 Episode Num: 133 Episode T: 300 Reward: 0.000 PseudoReward: [[-11400.371]]
Episode 133, Average Success Rate (last 10 eps): 0.60
Total T: 40200 Episode Num: 134 Episode T: 300 Reward: 0.000 PseudoReward: [[-11422.318]]
Episode 134, Average Success Rate (last 10 eps): 0.50
Total T: 40500 Episode Num: 135 Episode T: 300 Reward: 286.000 PseudoReward: [[-11699.163]]
Episode 135, Average Success Rate (last 10 eps): 0.60
Total T: 40800 Episode Num: 136 Episode T: 300 Reward: 0.000 PseudoReward: [[-11285.427]]
Episode 136, Average Success Rate (last 10 eps): 0.60
Total T: 41100 Episode Num: 137 Episode T: 300 Reward: 0.000 PseudoReward: [[-11262.3955]]
Episode 137, Average Success Rate (last 10 eps): 0.50
Total T: 41400 Episode Num: 138 Episode T: 300 Reward: 0.000 PseudoReward: [[-8104.4634]]
Episode 138, Average Success Rate (last 10 eps): 0.40
Total T: 41700 Episode Num: 139 Episode T: 300 Reward: 0.000 PseudoReward: [[-11295.586]]
Episode 139, Average Success Rate (last 10 eps): 0.30
Total T: 42000 Episode Num: 140 Episode T: 300 Reward: 0.000 PseudoReward: [[-13806.431]]
Episode 140, Average Success Rate (last 10 eps): 0.20
Total T: 42300 Episode Num: 141 Episode T: 300 Reward: 0.000 PseudoReward: [[-8659.487]]
Episode 141, Average Success Rate (last 10 eps): 0.10
Total T: 42600 Episode Num: 142 Episode T: 300 Reward: 0.000 PseudoReward: [[-12880.917]]
Episode 142, Average Success Rate (last 10 eps): 0.10
Total T: 42900 Episode Num: 143 Episode T: 300 Reward: 0.000 PseudoReward: [[-11172.613]]
Episode 143, Average Success Rate (last 10 eps): 0.10
Total T: 43200 Episode Num: 144 Episode T: 300 Reward: 283.000 PseudoReward: [[-13118.411]]
Episode 144, Average Success Rate (last 10 eps): 0.20
Total T: 43500 Episode Num: 145 Episode T: 300 Reward: 0.000 PseudoReward: [[-13086.69]]
Episode 145, Average Success Rate (last 10 eps): 0.10
Total T: 43800 Episode Num: 146 Episode T: 300 Reward: 152.000 PseudoReward: [[-9034.832]]
Episode 146, Average Success Rate (last 10 eps): 0.20
Total T: 44100 Episode Num: 147 Episode T: 300 Reward: 284.000 PseudoReward: [[-12754.435]]
Episode 147, Average Success Rate (last 10 eps): 0.30
Total T: 44400 Episode Num: 148 Episode T: 300 Reward: 0.000 PseudoReward: [[-8213.368]]
Episode 148, Average Success Rate (last 10 eps): 0.30
Total T: 44700 Episode Num: 149 Episode T: 300 Reward: 0.000 PseudoReward: [[-9704.9375]]
Episode 149, Average Success Rate (last 10 eps): 0.30
Total T: 45000 Episode Num: 150 Episode T: 300 Reward: 202.000 PseudoReward: [[-8667.726]]
Episode 150, Average Success Rate (last 10 eps): 0.40
Total T: 45300 Episode Num: 151 Episode T: 300 Reward: 0.000 PseudoReward: [[-11981.052]]
Episode 151, Average Success Rate (last 10 eps): 0.40
Total T: 45600 Episode Num: 152 Episode T: 300 Reward: 117.000 PseudoReward: [[-6763.24]]
Episode 152, Average Success Rate (last 10 eps): 0.50
Total T: 45900 Episode Num: 153 Episode T: 300 Reward: 246.000 PseudoReward: [[-8853.1]]
Episode 153, Average Success Rate (last 10 eps): 0.60
Total T: 46200 Episode Num: 154 Episode T: 300 Reward: 0.000 PseudoReward: [[-12183.038]]
Episode 154, Average Success Rate (last 10 eps): 0.50
Total T: 46500 Episode Num: 155 Episode T: 300 Reward: 0.000 PseudoReward: [[-11900.129]]
Episode 155, Average Success Rate (last 10 eps): 0.50
Total T: 46800 Episode Num: 156 Episode T: 300 Reward: 295.000 PseudoReward: [[-12588.876]]
Episode 156, Average Success Rate (last 10 eps): 0.50
Total T: 47100 Episode Num: 157 Episode T: 300 Reward: 262.000 PseudoReward: [[-12430.891]]
Episode 157, Average Success Rate (last 10 eps): 0.50
Total T: 47400 Episode Num: 158 Episode T: 300 Reward: 0.000 PseudoReward: [[-13454.164]]
Episode 158, Average Success Rate (last 10 eps): 0.50
Total T: 47700 Episode Num: 159 Episode T: 300 Reward: 0.000 PseudoReward: [[-13275.423]]
Episode 159, Average Success Rate (last 10 eps): 0.50
Total T: 48000 Episode Num: 160 Episode T: 300 Reward: 191.000 PseudoReward: [[-12332.249]]
Episode 160, Average Success Rate (last 10 eps): 0.50
Total T: 48300 Episode Num: 161 Episode T: 300 Reward: 154.000 PseudoReward: [[-12202.218]]
Episode 161, Average Success Rate (last 10 eps): 0.60
Total T: 48600 Episode Num: 162 Episode T: 300 Reward: 289.000 PseudoReward: [[-12732.16]]
Episode 162, Average Success Rate (last 10 eps): 0.60
Total T: 48900 Episode Num: 163 Episode T: 300 Reward: 0.000 PseudoReward: [[-13786.7705]]
Episode 163, Average Success Rate (last 10 eps): 0.50
Total T: 49200 Episode Num: 164 Episode T: 300 Reward: 0.000 PseudoReward: [[-13120.426]]
Episode 164, Average Success Rate (last 10 eps): 0.50
Total T: 49500 Episode Num: 165 Episode T: 300 Reward: 0.000 PseudoReward: [[-11061.02]]
Episode 165, Average Success Rate (last 10 eps): 0.50
Total T: 49800 Episode Num: 166 Episode T: 300 Reward: 0.000 PseudoReward: [[-13023.064]]
Episode 166, Average Success Rate (last 10 eps): 0.40
Total T: 50100 Episode Num: 167 Episode T: 300 Reward: 285.000 PseudoReward: [[-12246.623]]
Episode 167, Average Success Rate (last 10 eps): 0.40
Total T: 50400 Episode Num: 168 Episode T: 300 Reward: 0.000 PseudoReward: [[-13721.4795]]
Episode 168, Average Success Rate (last 10 eps): 0.40
Total T: 50700 Episode Num: 169 Episode T: 300 Reward: 297.000 PseudoReward: [[-13013.994]]
Episode 169, Average Success Rate (last 10 eps): 0.50
Total T: 51000 Episode Num: 170 Episode T: 300 Reward: 0.000 PseudoReward: [[-9442.595]]
Episode 170, Average Success Rate (last 10 eps): 0.40
Total T: 51300 Episode Num: 171 Episode T: 300 Reward: 0.000 PseudoReward: [[-12621.148]]
Episode 171, Average Success Rate (last 10 eps): 0.30
Total T: 51600 Episode Num: 172 Episode T: 300 Reward: 0.000 PseudoReward: [[-13391.159]]
Episode 172, Average Success Rate (last 10 eps): 0.20
Total T: 51900 Episode Num: 173 Episode T: 300 Reward: 0.000 PseudoReward: [[-13322.121]]
Episode 173, Average Success Rate (last 10 eps): 0.20
Total T: 52200 Episode Num: 174 Episode T: 300 Reward: 72.000 PseudoReward: [[-13335.441]]
Episode 174, Average Success Rate (last 10 eps): 0.30
Total T: 52500 Episode Num: 175 Episode T: 300 Reward: 0.000 PseudoReward: [[-9954.36]]
Episode 175, Average Success Rate (last 10 eps): 0.30
Total T: 52800 Episode Num: 176 Episode T: 300 Reward: 230.000 PseudoReward: [[-5679.137]]
Episode 176, Average Success Rate (last 10 eps): 0.40
Total T: 53100 Episode Num: 177 Episode T: 300 Reward: 287.000 PseudoReward: [[-11933.783]]
Episode 177, Average Success Rate (last 10 eps): 0.40
Total T: 53400 Episode Num: 178 Episode T: 300 Reward: 262.000 PseudoReward: [[-9603.6875]]
Episode 178, Average Success Rate (last 10 eps): 0.50
Total T: 53700 Episode Num: 179 Episode T: 300 Reward: 285.000 PseudoReward: [[-9698.018]]
Episode 179, Average Success Rate (last 10 eps): 0.50
Total T: 54000 Episode Num: 180 Episode T: 300 Reward: 279.000 PseudoReward: [[-13768.272]]
Episode 180, Average Success Rate (last 10 eps): 0.60
Total T: 54300 Episode Num: 181 Episode T: 300 Reward: 276.000 PseudoReward: [[-10957.363]]
Episode 181, Average Success Rate (last 10 eps): 0.70
Total T: 54600 Episode Num: 182 Episode T: 300 Reward: 80.000 PseudoReward: [[-9861.053]]
Episode 182, Average Success Rate (last 10 eps): 0.80
Total T: 54900 Episode Num: 183 Episode T: 300 Reward: 279.000 PseudoReward: [[-11837.368]]
Episode 183, Average Success Rate (last 10 eps): 0.90
Total T: 55200 Episode Num: 184 Episode T: 300 Reward: 208.000 PseudoReward: [[-13597.141]]
Episode 184, Average Success Rate (last 10 eps): 0.90
Total T: 55500 Episode Num: 185 Episode T: 300 Reward: 0.000 PseudoReward: [[-13815.332]]
Episode 185, Average Success Rate (last 10 eps): 0.90
Total T: 55800 Episode Num: 186 Episode T: 300 Reward: 140.000 PseudoReward: [[-10542.7295]]
Episode 186, Average Success Rate (last 10 eps): 0.90
Total T: 56100 Episode Num: 187 Episode T: 300 Reward: 286.000 PseudoReward: [[-10953.127]]
Episode 187, Average Success Rate (last 10 eps): 0.90
Total T: 56400 Episode Num: 188 Episode T: 300 Reward: 0.000 PseudoReward: [[-12381.684]]
Episode 188, Average Success Rate (last 10 eps): 0.80
Total T: 56700 Episode Num: 189 Episode T: 300 Reward: 0.000 PseudoReward: [[-12273.18]]
Episode 189, Average Success Rate (last 10 eps): 0.70
Total T: 57000 Episode Num: 190 Episode T: 300 Reward: 258.000 PseudoReward: [[-9690.985]]
Episode 190, Average Success Rate (last 10 eps): 0.70
Total T: 57300 Episode Num: 191 Episode T: 300 Reward: 0.000 PseudoReward: [[-13815.467]]
Episode 191, Average Success Rate (last 10 eps): 0.60
Total T: 57600 Episode Num: 192 Episode T: 300 Reward: 270.000 PseudoReward: [[-13589.25]]
Episode 192, Average Success Rate (last 10 eps): 0.60
Total T: 57900 Episode Num: 193 Episode T: 300 Reward: 251.000 PseudoReward: [[-11587.636]]
Episode 193, Average Success Rate (last 10 eps): 0.60
Total T: 58200 Episode Num: 194 Episode T: 300 Reward: 0.000 PseudoReward: [[-13810.053]]
Episode 194, Average Success Rate (last 10 eps): 0.50
Total T: 58500 Episode Num: 195 Episode T: 300 Reward: 0.000 PseudoReward: [[-12520.801]]
Episode 195, Average Success Rate (last 10 eps): 0.50
Total T: 58800 Episode Num: 196 Episode T: 300 Reward: 0.000 PseudoReward: [[-10897.112]]
Episode 196, Average Success Rate (last 10 eps): 0.40
Total T: 59100 Episode Num: 197 Episode T: 300 Reward: 265.000 PseudoReward: [[-9848.564]]
Episode 197, Average Success Rate (last 10 eps): 0.40
Total T: 59400 Episode Num: 198 Episode T: 300 Reward: 0.000 PseudoReward: [[-13294.119]]
Episode 198, Average Success Rate (last 10 eps): 0.40
Total T: 59700 Episode Num: 199 Episode T: 300 Reward: 86.000 PseudoReward: [[-8978.104]]
Episode 199, Average Success Rate (last 10 eps): 0.50
Total T: 60000 Episode Num: 200 Episode T: 300 Reward: 199.000 PseudoReward: [[-13581.867]]
Episode 200, Average Success Rate (last 10 eps): 0.50
Total T: 60300 Episode Num: 201 Episode T: 300 Reward: 243.000 PseudoReward: [[-8454.967]]
Episode 201, Average Success Rate (last 10 eps): 0.60
Total T: 60600 Episode Num: 202 Episode T: 300 Reward: 0.000 PseudoReward: [[-10796.932]]
Episode 202, Average Success Rate (last 10 eps): 0.50
Total T: 60900 Episode Num: 203 Episode T: 300 Reward: 248.000 PseudoReward: [[-11990.878]]
Episode 203, Average Success Rate (last 10 eps): 0.50
Total T: 61200 Episode Num: 204 Episode T: 300 Reward: 283.000 PseudoReward: [[-13577.095]]
Episode 204, Average Success Rate (last 10 eps): 0.60
Total T: 61500 Episode Num: 205 Episode T: 300 Reward: 277.000 PseudoReward: [[-12347.472]]
Episode 205, Average Success Rate (last 10 eps): 0.70
Total T: 61800 Episode Num: 206 Episode T: 300 Reward: 280.000 PseudoReward: [[-13014.265]]
Episode 206, Average Success Rate (last 10 eps): 0.80
Total T: 62100 Episode Num: 207 Episode T: 300 Reward: 232.000 PseudoReward: [[-13560.837]]
Episode 207, Average Success Rate (last 10 eps): 0.80
Total T: 62400 Episode Num: 208 Episode T: 300 Reward: 277.000 PseudoReward: [[-8731.13]]
Episode 208, Average Success Rate (last 10 eps): 0.90
Total T: 62700 Episode Num: 209 Episode T: 300 Reward: 0.000 PseudoReward: [[-13081.305]]
Episode 209, Average Success Rate (last 10 eps): 0.80
Total T: 63000 Episode Num: 210 Episode T: 300 Reward: 268.000 PseudoReward: [[-10698.732]]
Episode 210, Average Success Rate (last 10 eps): 0.80
Total T: 63300 Episode Num: 211 Episode T: 300 Reward: 0.000 PseudoReward: [[-13165.414]]
Episode 211, Average Success Rate (last 10 eps): 0.70
Total T: 63600 Episode Num: 212 Episode T: 300 Reward: 0.000 PseudoReward: [[-11001.569]]
Episode 212, Average Success Rate (last 10 eps): 0.70
Total T: 63900 Episode Num: 213 Episode T: 300 Reward: 0.000 PseudoReward: [[-13106.267]]
Episode 213, Average Success Rate (last 10 eps): 0.60
Total T: 64200 Episode Num: 214 Episode T: 300 Reward: 0.000 PseudoReward: [[-13747.118]]
Episode 214, Average Success Rate (last 10 eps): 0.50
Total T: 64500 Episode Num: 215 Episode T: 300 Reward: 200.000 PseudoReward: [[-10299.664]]
Episode 215, Average Success Rate (last 10 eps): 0.50
Total T: 64800 Episode Num: 216 Episode T: 300 Reward: 239.000 PseudoReward: [[-12118.64]]
Episode 216, Average Success Rate (last 10 eps): 0.50
Total T: 65100 Episode Num: 217 Episode T: 300 Reward: 271.000 PseudoReward: [[-13441.567]]
Episode 217, Average Success Rate (last 10 eps): 0.50
Total T: 65400 Episode Num: 218 Episode T: 300 Reward: 271.000 PseudoReward: [[-13697.534]]
Episode 218, Average Success Rate (last 10 eps): 0.50
Total T: 65700 Episode Num: 219 Episode T: 300 Reward: 286.000 PseudoReward: [[-13061.0625]]
Episode 219, Average Success Rate (last 10 eps): 0.60
Total T: 66000 Episode Num: 220 Episode T: 300 Reward: 0.000 PseudoReward: [[-12352.177]]
Episode 220, Average Success Rate (last 10 eps): 0.50
Total T: 66300 Episode Num: 221 Episode T: 300 Reward: 0.000 PseudoReward: [[-12628.577]]
Episode 221, Average Success Rate (last 10 eps): 0.50
Total T: 66600 Episode Num: 222 Episode T: 300 Reward: 0.000 PseudoReward: [[-11008.276]]
Episode 222, Average Success Rate (last 10 eps): 0.50
Total T: 66900 Episode Num: 223 Episode T: 300 Reward: 290.000 PseudoReward: [[-13811.636]]
Episode 223, Average Success Rate (last 10 eps): 0.60
Total T: 67200 Episode Num: 224 Episode T: 300 Reward: 38.000 PseudoReward: [[-11603.944]]
Episode 224, Average Success Rate (last 10 eps): 0.70
Total T: 67500 Episode Num: 225 Episode T: 300 Reward: 279.000 PseudoReward: [[-13502.565]]
Episode 225, Average Success Rate (last 10 eps): 0.70
Total T: 67800 Episode Num: 226 Episode T: 300 Reward: 0.000 PseudoReward: [[-13554.365]]
Episode 226, Average Success Rate (last 10 eps): 0.60
Total T: 68100 Episode Num: 227 Episode T: 300 Reward: 0.000 PseudoReward: [[-12151.111]]
Episode 227, Average Success Rate (last 10 eps): 0.50
Total T: 68400 Episode Num: 228 Episode T: 300 Reward: 294.000 PseudoReward: [[-13434.647]]
Episode 228, Average Success Rate (last 10 eps): 0.50
Total T: 68700 Episode Num: 229 Episode T: 300 Reward: 82.000 PseudoReward: [[-13218.433]]
Episode 229, Average Success Rate (last 10 eps): 0.50
Total T: 69000 Episode Num: 230 Episode T: 300 Reward: 135.000 PseudoReward: [[-13636.237]]
Episode 230, Average Success Rate (last 10 eps): 0.60
Total T: 69300 Episode Num: 231 Episode T: 300 Reward: 0.000 PseudoReward: [[-12716.077]]
Episode 231, Average Success Rate (last 10 eps): 0.60
Total T: 69600 Episode Num: 232 Episode T: 300 Reward: 245.000 PseudoReward: [[-12726.6045]]
Episode 232, Average Success Rate (last 10 eps): 0.70
Total T: 69900 Episode Num: 233 Episode T: 300 Reward: 263.000 PseudoReward: [[-13092.706]]
Episode 233, Average Success Rate (last 10 eps): 0.70
Total T: 70200 Episode Num: 234 Episode T: 300 Reward: 214.000 PseudoReward: [[-10842.175]]
Episode 234, Average Success Rate (last 10 eps): 0.70
Total T: 70500 Episode Num: 235 Episode T: 300 Reward: 0.000 PseudoReward: [[-12691.028]]
Episode 235, Average Success Rate (last 10 eps): 0.60
Total T: 70800 Episode Num: 236 Episode T: 300 Reward: 282.000 PseudoReward: [[-12997.727]]
Episode 236, Average Success Rate (last 10 eps): 0.70
Total T: 71100 Episode Num: 237 Episode T: 300 Reward: 256.000 PseudoReward: [[-9740.49]]
Episode 237, Average Success Rate (last 10 eps): 0.80
Total T: 71400 Episode Num: 238 Episode T: 300 Reward: 233.000 PseudoReward: [[-12134.743]]
Episode 238, Average Success Rate (last 10 eps): 0.80
Total T: 71700 Episode Num: 239 Episode T: 300 Reward: 0.000 PseudoReward: [[-10928.843]]
Episode 239, Average Success Rate (last 10 eps): 0.70
Total T: 72000 Episode Num: 240 Episode T: 300 Reward: 276.000 PseudoReward: [[-10805.337]]
Episode 240, Average Success Rate (last 10 eps): 0.70
Total T: 72300 Episode Num: 241 Episode T: 300 Reward: 219.000 PseudoReward: [[-11535.484]]
Episode 241, Average Success Rate (last 10 eps): 0.80
Total T: 72600 Episode Num: 242 Episode T: 300 Reward: 279.000 PseudoReward: [[-13267.414]]
Episode 242, Average Success Rate (last 10 eps): 0.80
Total T: 72900 Episode Num: 243 Episode T: 300 Reward: 46.000 PseudoReward: [[-9754.47]]
Episode 243, Average Success Rate (last 10 eps): 0.80
Total T: 73200 Episode Num: 244 Episode T: 300 Reward: 246.000 PseudoReward: [[-12284.966]]
Episode 244, Average Success Rate (last 10 eps): 0.80
Total T: 73500 Episode Num: 245 Episode T: 300 Reward: 274.000 PseudoReward: [[-12310.735]]
Episode 245, Average Success Rate (last 10 eps): 0.90
Total T: 73800 Episode Num: 246 Episode T: 300 Reward: 0.000 PseudoReward: [[-13781.053]]
Episode 246, Average Success Rate (last 10 eps): 0.80
Total T: 74100 Episode Num: 247 Episode T: 300 Reward: 260.000 PseudoReward: [[-11968.825]]
Episode 247, Average Success Rate (last 10 eps): 0.80
Total T: 74400 Episode Num: 248 Episode T: 300 Reward: 0.000 PseudoReward: [[-13317.692]]
Episode 248, Average Success Rate (last 10 eps): 0.70
Total T: 74700 Episode Num: 249 Episode T: 300 Reward: 294.000 PseudoReward: [[-11127.717]]
Episode 249, Average Success Rate (last 10 eps): 0.80
Total T: 75000 Episode Num: 250 Episode T: 300 Reward: 0.000 PseudoReward: [[-13748.289]]
Episode 250, Average Success Rate (last 10 eps): 0.70
Total T: 75300 Episode Num: 251 Episode T: 300 Reward: 267.000 PseudoReward: [[-10515.92]]
Episode 251, Average Success Rate (last 10 eps): 0.70
Total T: 75600 Episode Num: 252 Episode T: 300 Reward: 292.000 PseudoReward: [[-12230.1045]]
Episode 252, Average Success Rate (last 10 eps): 0.70
Total T: 75900 Episode Num: 253 Episode T: 300 Reward: 0.000 PseudoReward: [[-12687.222]]
Episode 253, Average Success Rate (last 10 eps): 0.60
Total T: 76200 Episode Num: 254 Episode T: 300 Reward: 273.000 PseudoReward: [[-9537.138]]
Episode 254, Average Success Rate (last 10 eps): 0.60
Total T: 76500 Episode Num: 255 Episode T: 300 Reward: 232.000 PseudoReward: [[-10545.765]]
Episode 255, Average Success Rate (last 10 eps): 0.60
Total T: 76800 Episode Num: 256 Episode T: 300 Reward: 278.000 PseudoReward: [[-11835.134]]
Episode 256, Average Success Rate (last 10 eps): 0.70
Total T: 77100 Episode Num: 257 Episode T: 300 Reward: 286.000 PseudoReward: [[-13765.333]]
Episode 257, Average Success Rate (last 10 eps): 0.70
Total T: 77400 Episode Num: 258 Episode T: 300 Reward: 0.000 PseudoReward: [[-12711.005]]
Episode 258, Average Success Rate (last 10 eps): 0.70
Total T: 77700 Episode Num: 259 Episode T: 300 Reward: 0.000 PseudoReward: [[-13646.95]]
Episode 259, Average Success Rate (last 10 eps): 0.60
Total T: 78000 Episode Num: 260 Episode T: 300 Reward: 289.000 PseudoReward: [[-13814.129]]
Episode 260, Average Success Rate (last 10 eps): 0.70
Total T: 78300 Episode Num: 261 Episode T: 300 Reward: 0.000 PseudoReward: [[-13809.332]]
Episode 261, Average Success Rate (last 10 eps): 0.60
Total T: 78600 Episode Num: 262 Episode T: 300 Reward: 72.000 PseudoReward: [[-13097.541]]
Episode 262, Average Success Rate (last 10 eps): 0.60
Total T: 78900 Episode Num: 263 Episode T: 300 Reward: 268.000 PseudoReward: [[-10862.688]]
Episode 263, Average Success Rate (last 10 eps): 0.70
Total T: 79200 Episode Num: 264 Episode T: 300 Reward: 218.000 PseudoReward: [[-13764.901]]
Episode 264, Average Success Rate (last 10 eps): 0.70
Total T: 79500 Episode Num: 265 Episode T: 300 Reward: 214.000 PseudoReward: [[-12347.264]]
Episode 265, Average Success Rate (last 10 eps): 0.70
Total T: 79800 Episode Num: 266 Episode T: 300 Reward: 0.000 PseudoReward: [[-13700.095]]
Episode 266, Average Success Rate (last 10 eps): 0.60
Total T: 80100 Episode Num: 267 Episode T: 300 Reward: 116.000 PseudoReward: [[-11018.873]]
Episode 267, Average Success Rate (last 10 eps): 0.60
Total T: 80400 Episode Num: 268 Episode T: 300 Reward: 0.000 PseudoReward: [[-11353.969]]
Episode 268, Average Success Rate (last 10 eps): 0.60
Total T: 80700 Episode Num: 269 Episode T: 300 Reward: 244.000 PseudoReward: [[-13381.394]]
Episode 269, Average Success Rate (last 10 eps): 0.70
Total T: 81000 Episode Num: 270 Episode T: 300 Reward: 0.000 PseudoReward: [[-13582.867]]
Episode 270, Average Success Rate (last 10 eps): 0.60
Total T: 81300 Episode Num: 271 Episode T: 300 Reward: 87.000 PseudoReward: [[-8975.659]]
Episode 271, Average Success Rate (last 10 eps): 0.70
Total T: 81600 Episode Num: 272 Episode T: 300 Reward: 0.000 PseudoReward: [[-13193.118]]
Episode 272, Average Success Rate (last 10 eps): 0.60
Total T: 81900 Episode Num: 273 Episode T: 300 Reward: 269.000 PseudoReward: [[-13791.211]]
Episode 273, Average Success Rate (last 10 eps): 0.60
Total T: 82200 Episode Num: 274 Episode T: 300 Reward: 256.000 PseudoReward: [[-13725.999]]
Episode 274, Average Success Rate (last 10 eps): 0.60
Total T: 82500 Episode Num: 275 Episode T: 300 Reward: 0.000 PseudoReward: [[-12373.347]]
Episode 275, Average Success Rate (last 10 eps): 0.50
Total T: 82800 Episode Num: 276 Episode T: 300 Reward: 218.000 PseudoReward: [[-11325.675]]
Episode 276, Average Success Rate (last 10 eps): 0.60
Total T: 83100 Episode Num: 277 Episode T: 300 Reward: 0.000 PseudoReward: [[-13670.27]]
Episode 277, Average Success Rate (last 10 eps): 0.50
Total T: 83400 Episode Num: 278 Episode T: 300 Reward: 291.000 PseudoReward: [[-9801.969]]
Episode 278, Average Success Rate (last 10 eps): 0.60
Total T: 83700 Episode Num: 279 Episode T: 300 Reward: 266.000 PseudoReward: [[-12752.192]]
Episode 279, Average Success Rate (last 10 eps): 0.60
Total T: 84000 Episode Num: 280 Episode T: 300 Reward: 0.000 PseudoReward: [[-13364.772]]
Episode 280, Average Success Rate (last 10 eps): 0.60
Total T: 84300 Episode Num: 281 Episode T: 300 Reward: 0.000 PseudoReward: [[-13778.96]]
Episode 281, Average Success Rate (last 10 eps): 0.50
Total T: 84600 Episode Num: 282 Episode T: 300 Reward: 0.000 PseudoReward: [[-13583.816]]
Episode 282, Average Success Rate (last 10 eps): 0.50
Total T: 84900 Episode Num: 283 Episode T: 300 Reward: 265.000 PseudoReward: [[-12967.185]]
Episode 283, Average Success Rate (last 10 eps): 0.50
Total T: 85200 Episode Num: 284 Episode T: 300 Reward: 282.000 PseudoReward: [[-13529.133]]
Episode 284, Average Success Rate (last 10 eps): 0.50
