/home/xlx9645/miniconda3/envs/maze/lib/python3.9/site-packages/gymnasium/envs/registration.py:642: UserWarning: [33mWARN: Overriding environment TrapMazeEnv already in registry.[0m
  logger.warn(f"Overriding environment {new_spec.id} already in registry.")
wandb: Using wandb-core as the SDK backend.  Please refer to https://wandb.me/wandb-core for more information.
wandb: Currently logged in as: yuxuanli2023 (yuxuanli2023-northwestern-university). Use `wandb login --relogin` to force relogin
wandb: Tracking run with wandb version 0.19.1
wandb: Run data is saved locally in /home/xlx9645/failed/Maze/update_baselines/wandb/run-20250107_194726-b7n56s2d
wandb: Run `wandb offline` to turn off syncing.
wandb: Syncing run AIRL
wandb: ⭐️ View project at https://wandb.ai/yuxuanli2023-northwestern-university/Main_Umaze
wandb: 🚀 View run at https://wandb.ai/yuxuanli2023-northwestern-university/Main_Umaze/runs/b7n56s2d
/home/xlx9645/miniconda3/envs/maze/lib/python3.9/site-packages/gymnasium/spaces/box.py:235: UserWarning: [33mWARN: Box low's precision lowered by casting to float32, current low.dtype=float64[0m
  gym.logger.warn(
/home/xlx9645/miniconda3/envs/maze/lib/python3.9/site-packages/gymnasium/spaces/box.py:305: UserWarning: [33mWARN: Box high's precision lowered by casting to float32, current high.dtype=float64[0m
  gym.logger.warn(
/home/xlx9645/miniconda3/envs/maze/lib/python3.9/site-packages/torch/optim/lr_scheduler.py:224: UserWarning: Detected call of `lr_scheduler.step()` before `optimizer.step()`. In PyTorch 1.1.0 and later, you should call them in the opposite order: `optimizer.step()` before `lr_scheduler.step()`.  Failure to do this will result in PyTorch skipping the first value of the learning rate schedule. See more details at https://pytorch.org/docs/stable/optim.html#how-to-adjust-learning-rate
  warnings.warn(
/home/xlx9645/miniconda3/envs/maze/lib/python3.9/site-packages/torch/optim/lr_scheduler.py:224: UserWarning: Detected call of `lr_scheduler.step()` before `optimizer.step()`. In PyTorch 1.1.0 and later, you should call them in the opposite order: `optimizer.step()` before `lr_scheduler.step()`.  Failure to do this will result in PyTorch skipping the first value of the learning rate schedule. See more details at https://pytorch.org/docs/stable/optim.html#how-to-adjust-learning-rate
  warnings.warn(
Total T: 300 Episode Num: 1 Episode T: 300 Reward: 254.000 PseudoReward: [[-209.58295]]
Episode 1, Average Success Rate (last 10 eps): 1.00
Total T: 600 Episode Num: 2 Episode T: 300 Reward: 0.000 PseudoReward: [[447.88174]]
Episode 2, Average Success Rate (last 10 eps): 0.50
Total T: 900 Episode Num: 3 Episode T: 300 Reward: 0.000 PseudoReward: [[873.6449]]
Episode 3, Average Success Rate (last 10 eps): 0.33
Total T: 1200 Episode Num: 4 Episode T: 300 Reward: 0.000 PseudoReward: [[428.97934]]
Episode 4, Average Success Rate (last 10 eps): 0.25
Total T: 1500 Episode Num: 5 Episode T: 300 Reward: 0.000 PseudoReward: [[101.47232]]
Episode 5, Average Success Rate (last 10 eps): 0.20
Total T: 1800 Episode Num: 6 Episode T: 300 Reward: 0.000 PseudoReward: [[7.201104]]
Episode 6, Average Success Rate (last 10 eps): 0.17
Total T: 2100 Episode Num: 7 Episode T: 300 Reward: 263.000 PseudoReward: [[-48.638844]]
Episode 7, Average Success Rate (last 10 eps): 0.29
Total T: 2400 Episode Num: 8 Episode T: 300 Reward: 0.000 PseudoReward: [[-297.49054]]
Episode 8, Average Success Rate (last 10 eps): 0.25
Total T: 2700 Episode Num: 9 Episode T: 300 Reward: 0.000 PseudoReward: [[-466.34564]]
Episode 9, Average Success Rate (last 10 eps): 0.22
Total T: 3000 Episode Num: 10 Episode T: 300 Reward: 0.000 PseudoReward: [[-550.19183]]
Episode 10, Average Success Rate (last 10 eps): 0.20
Total T: 3300 Episode Num: 11 Episode T: 300 Reward: 0.000 PseudoReward: [[-1047.2262]]
Episode 11, Average Success Rate (last 10 eps): 0.10
Total T: 3600 Episode Num: 12 Episode T: 300 Reward: 0.000 PseudoReward: [[-1094.3625]]
Episode 12, Average Success Rate (last 10 eps): 0.10
Total T: 3900 Episode Num: 13 Episode T: 300 Reward: 0.000 PseudoReward: [[-1677.971]]
Episode 13, Average Success Rate (last 10 eps): 0.10
Total T: 4200 Episode Num: 14 Episode T: 300 Reward: 0.000 PseudoReward: [[-2725.292]]
Episode 14, Average Success Rate (last 10 eps): 0.10
Total T: 4500 Episode Num: 15 Episode T: 300 Reward: 0.000 PseudoReward: [[-2883.2764]]
Episode 15, Average Success Rate (last 10 eps): 0.10
Total T: 4800 Episode Num: 16 Episode T: 300 Reward: 0.000 PseudoReward: [[-5220.2407]]
Episode 16, Average Success Rate (last 10 eps): 0.10
Total T: 5100 Episode Num: 17 Episode T: 300 Reward: 0.000 PseudoReward: [[-6057.8154]]
Episode 17, Average Success Rate (last 10 eps): 0.00
Total T: 5400 Episode Num: 18 Episode T: 300 Reward: 0.000 PseudoReward: [[-4594.5435]]
Episode 18, Average Success Rate (last 10 eps): 0.00
Total T: 5700 Episode Num: 19 Episode T: 300 Reward: 0.000 PseudoReward: [[-6275.6626]]
Episode 19, Average Success Rate (last 10 eps): 0.00
Total T: 6000 Episode Num: 20 Episode T: 300 Reward: 0.000 PseudoReward: [[-8245.748]]
Episode 20, Average Success Rate (last 10 eps): 0.00
Total T: 6300 Episode Num: 21 Episode T: 300 Reward: 0.000 PseudoReward: [[-8162.385]]
Episode 21, Average Success Rate (last 10 eps): 0.00
Total T: 6600 Episode Num: 22 Episode T: 300 Reward: 0.000 PseudoReward: [[-10209.056]]
Episode 22, Average Success Rate (last 10 eps): 0.00
Total T: 6900 Episode Num: 23 Episode T: 300 Reward: 0.000 PseudoReward: [[360.46313]]
Episode 23, Average Success Rate (last 10 eps): 0.00
Total T: 7200 Episode Num: 24 Episode T: 300 Reward: 0.000 PseudoReward: [[3108.338]]
Episode 24, Average Success Rate (last 10 eps): 0.00
Total T: 7500 Episode Num: 25 Episode T: 300 Reward: 0.000 PseudoReward: [[457.8852]]
Episode 25, Average Success Rate (last 10 eps): 0.00
Total T: 7800 Episode Num: 26 Episode T: 300 Reward: 0.000 PseudoReward: [[-2500.4753]]
Episode 26, Average Success Rate (last 10 eps): 0.00
Total T: 8100 Episode Num: 27 Episode T: 300 Reward: 0.000 PseudoReward: [[1494.9122]]
Episode 27, Average Success Rate (last 10 eps): 0.00
Total T: 8400 Episode Num: 28 Episode T: 300 Reward: 295.000 PseudoReward: [[1308.9124]]
Episode 28, Average Success Rate (last 10 eps): 0.10
Total T: 8700 Episode Num: 29 Episode T: 300 Reward: 0.000 PseudoReward: [[-5678.591]]
Episode 29, Average Success Rate (last 10 eps): 0.10
Total T: 9000 Episode Num: 30 Episode T: 300 Reward: 0.000 PseudoReward: [[-2028.2236]]
Episode 30, Average Success Rate (last 10 eps): 0.10
Total T: 9300 Episode Num: 31 Episode T: 300 Reward: 0.000 PseudoReward: [[-6941.3726]]
Episode 31, Average Success Rate (last 10 eps): 0.10
Total T: 9600 Episode Num: 32 Episode T: 300 Reward: 0.000 PseudoReward: [[-5959.8726]]
Episode 32, Average Success Rate (last 10 eps): 0.10
Total T: 9900 Episode Num: 33 Episode T: 300 Reward: 0.000 PseudoReward: [[-7226.588]]
Episode 33, Average Success Rate (last 10 eps): 0.10
Total T: 10200 Episode Num: 34 Episode T: 300 Reward: 0.000 PseudoReward: [[-5676.5327]]
Episode 34, Average Success Rate (last 10 eps): 0.10
Total T: 10500 Episode Num: 35 Episode T: 300 Reward: 0.000 PseudoReward: [[-12013.105]]
Episode 35, Average Success Rate (last 10 eps): 0.10
Total T: 10800 Episode Num: 36 Episode T: 300 Reward: 285.000 PseudoReward: [[-191.82298]]
Episode 36, Average Success Rate (last 10 eps): 0.20
Total T: 11100 Episode Num: 37 Episode T: 300 Reward: 0.000 PseudoReward: [[-6706.1787]]
Episode 37, Average Success Rate (last 10 eps): 0.20
Total T: 11400 Episode Num: 38 Episode T: 300 Reward: 0.000 PseudoReward: [[-7778.574]]
Episode 38, Average Success Rate (last 10 eps): 0.10
Total T: 11700 Episode Num: 39 Episode T: 300 Reward: 293.000 PseudoReward: [[583.1253]]
Episode 39, Average Success Rate (last 10 eps): 0.20
Total T: 12000 Episode Num: 40 Episode T: 300 Reward: 203.000 PseudoReward: [[-3427.0574]]
Episode 40, Average Success Rate (last 10 eps): 0.30
Total T: 12300 Episode Num: 41 Episode T: 300 Reward: 0.000 PseudoReward: [[-11740.106]]
Episode 41, Average Success Rate (last 10 eps): 0.30
Total T: 12600 Episode Num: 42 Episode T: 300 Reward: 0.000 PseudoReward: [[-9996.002]]
Episode 42, Average Success Rate (last 10 eps): 0.30
Total T: 12900 Episode Num: 43 Episode T: 300 Reward: 0.000 PseudoReward: [[-6261.455]]
Episode 43, Average Success Rate (last 10 eps): 0.30
Total T: 13200 Episode Num: 44 Episode T: 300 Reward: 52.000 PseudoReward: [[-831.26587]]
Episode 44, Average Success Rate (last 10 eps): 0.40
Total T: 13500 Episode Num: 45 Episode T: 300 Reward: 287.000 PseudoReward: [[-4341.0557]]
Episode 45, Average Success Rate (last 10 eps): 0.50
Total T: 13800 Episode Num: 46 Episode T: 300 Reward: 0.000 PseudoReward: [[-8563.613]]
Episode 46, Average Success Rate (last 10 eps): 0.40
Total T: 14100 Episode Num: 47 Episode T: 300 Reward: 268.000 PseudoReward: [[-2671.6956]]
Episode 47, Average Success Rate (last 10 eps): 0.50
Total T: 14400 Episode Num: 48 Episode T: 300 Reward: 0.000 PseudoReward: [[-2608.0637]]
Episode 48, Average Success Rate (last 10 eps): 0.50
Total T: 14700 Episode Num: 49 Episode T: 300 Reward: 0.000 PseudoReward: [[-13596.252]]
Episode 49, Average Success Rate (last 10 eps): 0.40
Total T: 15000 Episode Num: 50 Episode T: 300 Reward: 97.000 PseudoReward: [[-789.8937]]
Episode 50, Average Success Rate (last 10 eps): 0.40
Total T: 15300 Episode Num: 51 Episode T: 300 Reward: 78.000 PseudoReward: [[-2163.4424]]
Episode 51, Average Success Rate (last 10 eps): 0.50
Total T: 15600 Episode Num: 52 Episode T: 300 Reward: 278.000 PseudoReward: [[-2934.9888]]
Episode 52, Average Success Rate (last 10 eps): 0.60
Total T: 15900 Episode Num: 53 Episode T: 300 Reward: 293.000 PseudoReward: [[-2878.7708]]
Episode 53, Average Success Rate (last 10 eps): 0.70
Total T: 16200 Episode Num: 54 Episode T: 300 Reward: 140.000 PseudoReward: [[-4637.992]]
Episode 54, Average Success Rate (last 10 eps): 0.70
Total T: 16500 Episode Num: 55 Episode T: 300 Reward: 0.000 PseudoReward: [[6270.0884]]
Episode 55, Average Success Rate (last 10 eps): 0.60
Total T: 16800 Episode Num: 56 Episode T: 300 Reward: 226.000 PseudoReward: [[-745.5948]]
Episode 56, Average Success Rate (last 10 eps): 0.70
Total T: 17100 Episode Num: 57 Episode T: 300 Reward: 0.000 PseudoReward: [[4741.637]]
Episode 57, Average Success Rate (last 10 eps): 0.60
Total T: 17400 Episode Num: 58 Episode T: 300 Reward: 0.000 PseudoReward: [[-13538.197]]
Episode 58, Average Success Rate (last 10 eps): 0.60
Total T: 17700 Episode Num: 59 Episode T: 300 Reward: 292.000 PseudoReward: [[1996.9928]]
Episode 59, Average Success Rate (last 10 eps): 0.70
Total T: 18000 Episode Num: 60 Episode T: 300 Reward: 299.000 PseudoReward: [[-2710.0164]]
Episode 60, Average Success Rate (last 10 eps): 0.70
Total T: 18300 Episode Num: 61 Episode T: 300 Reward: 0.000 PseudoReward: [[-13524.125]]
Episode 61, Average Success Rate (last 10 eps): 0.60
Total T: 18600 Episode Num: 62 Episode T: 300 Reward: 0.000 PseudoReward: [[-7229.977]]
Episode 62, Average Success Rate (last 10 eps): 0.50
Total T: 18900 Episode Num: 63 Episode T: 300 Reward: 0.000 PseudoReward: [[-10952.882]]
Episode 63, Average Success Rate (last 10 eps): 0.40
Total T: 19200 Episode Num: 64 Episode T: 300 Reward: 115.000 PseudoReward: [[-5561.2876]]
Episode 64, Average Success Rate (last 10 eps): 0.40
Total T: 19500 Episode Num: 65 Episode T: 300 Reward: 231.000 PseudoReward: [[-1820.3973]]
Episode 65, Average Success Rate (last 10 eps): 0.50
Total T: 19800 Episode Num: 66 Episode T: 300 Reward: 175.000 PseudoReward: [[-2181.6953]]
Episode 66, Average Success Rate (last 10 eps): 0.50
Total T: 20100 Episode Num: 67 Episode T: 300 Reward: 268.000 PseudoReward: [[-1751.0883]]
Episode 67, Average Success Rate (last 10 eps): 0.60
Total T: 20400 Episode Num: 68 Episode T: 300 Reward: 87.000 PseudoReward: [[-7103.6255]]
Episode 68, Average Success Rate (last 10 eps): 0.70
Total T: 20700 Episode Num: 69 Episode T: 300 Reward: 0.000 PseudoReward: [[255.2621]]
Episode 69, Average Success Rate (last 10 eps): 0.60
Total T: 21000 Episode Num: 70 Episode T: 300 Reward: 189.000 PseudoReward: [[2595.8164]]
Episode 70, Average Success Rate (last 10 eps): 0.60
Total T: 21300 Episode Num: 71 Episode T: 300 Reward: 0.000 PseudoReward: [[2370.4214]]
Episode 71, Average Success Rate (last 10 eps): 0.60
Total T: 21600 Episode Num: 72 Episode T: 300 Reward: 0.000 PseudoReward: [[308.46756]]
Episode 72, Average Success Rate (last 10 eps): 0.60
Total T: 21900 Episode Num: 73 Episode T: 300 Reward: 0.000 PseudoReward: [[-1791.5604]]
Episode 73, Average Success Rate (last 10 eps): 0.60
Total T: 22200 Episode Num: 74 Episode T: 300 Reward: 136.000 PseudoReward: [[739.9955]]
Episode 74, Average Success Rate (last 10 eps): 0.60
Total T: 22500 Episode Num: 75 Episode T: 300 Reward: 272.000 PseudoReward: [[-4942.5005]]
Episode 75, Average Success Rate (last 10 eps): 0.60
Total T: 22800 Episode Num: 76 Episode T: 300 Reward: 0.000 PseudoReward: [[-2552.8748]]
Episode 76, Average Success Rate (last 10 eps): 0.50
Total T: 23100 Episode Num: 77 Episode T: 300 Reward: 0.000 PseudoReward: [[2819.7563]]
Episode 77, Average Success Rate (last 10 eps): 0.40
Total T: 23400 Episode Num: 78 Episode T: 300 Reward: 249.000 PseudoReward: [[-8237.453]]
Episode 78, Average Success Rate (last 10 eps): 0.40
Total T: 23700 Episode Num: 79 Episode T: 300 Reward: 0.000 PseudoReward: [[-422.57895]]
Episode 79, Average Success Rate (last 10 eps): 0.40
Total T: 24000 Episode Num: 80 Episode T: 300 Reward: 0.000 PseudoReward: [[-1034.5552]]
Episode 80, Average Success Rate (last 10 eps): 0.30
Total T: 24300 Episode Num: 81 Episode T: 300 Reward: 0.000 PseudoReward: [[-3819.9937]]
Episode 81, Average Success Rate (last 10 eps): 0.30
Total T: 24600 Episode Num: 82 Episode T: 300 Reward: 253.000 PseudoReward: [[-8986.169]]
Episode 82, Average Success Rate (last 10 eps): 0.40
Total T: 24900 Episode Num: 83 Episode T: 300 Reward: 167.000 PseudoReward: [[-2013.8715]]
Episode 83, Average Success Rate (last 10 eps): 0.50
Total T: 25200 Episode Num: 84 Episode T: 300 Reward: 213.000 PseudoReward: [[-9882.73]]
Episode 84, Average Success Rate (last 10 eps): 0.50
Total T: 25500 Episode Num: 85 Episode T: 300 Reward: 0.000 PseudoReward: [[-2169.62]]
Episode 85, Average Success Rate (last 10 eps): 0.40
Total T: 25800 Episode Num: 86 Episode T: 300 Reward: 291.000 PseudoReward: [[-5156.746]]
Episode 86, Average Success Rate (last 10 eps): 0.50
Total T: 26100 Episode Num: 87 Episode T: 300 Reward: 194.000 PseudoReward: [[-3777.218]]
Episode 87, Average Success Rate (last 10 eps): 0.60
Total T: 26400 Episode Num: 88 Episode T: 300 Reward: 236.000 PseudoReward: [[-958.3058]]
Episode 88, Average Success Rate (last 10 eps): 0.60
Total T: 26700 Episode Num: 89 Episode T: 300 Reward: 238.000 PseudoReward: [[-9993.1455]]
Episode 89, Average Success Rate (last 10 eps): 0.70
Total T: 27000 Episode Num: 90 Episode T: 300 Reward: 0.000 PseudoReward: [[-2771.466]]
Episode 90, Average Success Rate (last 10 eps): 0.70
Total T: 27300 Episode Num: 91 Episode T: 300 Reward: 278.000 PseudoReward: [[-12441.835]]
Episode 91, Average Success Rate (last 10 eps): 0.80
Total T: 27600 Episode Num: 92 Episode T: 300 Reward: 0.000 PseudoReward: [[-3671.141]]
Episode 92, Average Success Rate (last 10 eps): 0.70
Total T: 27900 Episode Num: 93 Episode T: 300 Reward: 0.000 PseudoReward: [[-6179.563]]
Episode 93, Average Success Rate (last 10 eps): 0.60
Total T: 28200 Episode Num: 94 Episode T: 300 Reward: 275.000 PseudoReward: [[-1422.2677]]
Episode 94, Average Success Rate (last 10 eps): 0.60
Total T: 28500 Episode Num: 95 Episode T: 300 Reward: 296.000 PseudoReward: [[-11313.617]]
Episode 95, Average Success Rate (last 10 eps): 0.70
Total T: 28800 Episode Num: 96 Episode T: 300 Reward: 230.000 PseudoReward: [[-7278.2534]]
Episode 96, Average Success Rate (last 10 eps): 0.70
Total T: 29100 Episode Num: 97 Episode T: 300 Reward: 0.000 PseudoReward: [[-13471.477]]
Episode 97, Average Success Rate (last 10 eps): 0.60
Total T: 29400 Episode Num: 98 Episode T: 300 Reward: 293.000 PseudoReward: [[-2246.438]]
Episode 98, Average Success Rate (last 10 eps): 0.60
Total T: 29700 Episode Num: 99 Episode T: 300 Reward: 233.000 PseudoReward: [[-5976.387]]
Episode 99, Average Success Rate (last 10 eps): 0.60
Total T: 30000 Episode Num: 100 Episode T: 300 Reward: 210.000 PseudoReward: [[-9705.543]]
Episode 100, Average Success Rate (last 10 eps): 0.70
Total T: 30300 Episode Num: 101 Episode T: 300 Reward: 0.000 PseudoReward: [[-13237.01]]
Episode 101, Average Success Rate (last 10 eps): 0.60
Total T: 30600 Episode Num: 102 Episode T: 300 Reward: 240.000 PseudoReward: [[-8152.999]]
Episode 102, Average Success Rate (last 10 eps): 0.70
Total T: 30900 Episode Num: 103 Episode T: 300 Reward: 0.000 PseudoReward: [[-5126.7896]]
Episode 103, Average Success Rate (last 10 eps): 0.70
Total T: 31200 Episode Num: 104 Episode T: 300 Reward: 0.000 PseudoReward: [[-8838.268]]
Episode 104, Average Success Rate (last 10 eps): 0.60
Total T: 31500 Episode Num: 105 Episode T: 300 Reward: 0.000 PseudoReward: [[-5147.687]]
Episode 105, Average Success Rate (last 10 eps): 0.50
Total T: 31800 Episode Num: 106 Episode T: 300 Reward: 0.000 PseudoReward: [[-3834.4702]]
Episode 106, Average Success Rate (last 10 eps): 0.40
Total T: 32100 Episode Num: 107 Episode T: 300 Reward: 200.000 PseudoReward: [[-11873.072]]
Episode 107, Average Success Rate (last 10 eps): 0.50
Total T: 32400 Episode Num: 108 Episode T: 300 Reward: 280.000 PseudoReward: [[-8497.3545]]
Episode 108, Average Success Rate (last 10 eps): 0.50
Total T: 32700 Episode Num: 109 Episode T: 300 Reward: 268.000 PseudoReward: [[-11370.872]]
Episode 109, Average Success Rate (last 10 eps): 0.50
Total T: 33000 Episode Num: 110 Episode T: 300 Reward: 274.000 PseudoReward: [[-7895.88]]
Episode 110, Average Success Rate (last 10 eps): 0.50
Total T: 33300 Episode Num: 111 Episode T: 300 Reward: 0.000 PseudoReward: [[-2886.4243]]
Episode 111, Average Success Rate (last 10 eps): 0.50
Total T: 33600 Episode Num: 112 Episode T: 300 Reward: 288.000 PseudoReward: [[-12299.897]]
Episode 112, Average Success Rate (last 10 eps): 0.50
Total T: 33900 Episode Num: 113 Episode T: 300 Reward: 291.000 PseudoReward: [[-7139.4263]]
Episode 113, Average Success Rate (last 10 eps): 0.60
Total T: 34200 Episode Num: 114 Episode T: 300 Reward: 295.000 PseudoReward: [[-9111.655]]
Episode 114, Average Success Rate (last 10 eps): 0.70
Total T: 34500 Episode Num: 115 Episode T: 300 Reward: 269.000 PseudoReward: [[-7816.4775]]
Episode 115, Average Success Rate (last 10 eps): 0.80
Total T: 34800 Episode Num: 116 Episode T: 300 Reward: 0.000 PseudoReward: [[-5974.6357]]
Episode 116, Average Success Rate (last 10 eps): 0.80
Total T: 35100 Episode Num: 117 Episode T: 300 Reward: 271.000 PseudoReward: [[-5502.7812]]
Episode 117, Average Success Rate (last 10 eps): 0.80
Total T: 35400 Episode Num: 118 Episode T: 300 Reward: 0.000 PseudoReward: [[-5647.4785]]
Episode 118, Average Success Rate (last 10 eps): 0.70
Total T: 35700 Episode Num: 119 Episode T: 300 Reward: 282.000 PseudoReward: [[-12842.1455]]
Episode 119, Average Success Rate (last 10 eps): 0.70
Total T: 36000 Episode Num: 120 Episode T: 300 Reward: 0.000 PseudoReward: [[-8493.027]]
Episode 120, Average Success Rate (last 10 eps): 0.60
Total T: 36300 Episode Num: 121 Episode T: 300 Reward: 0.000 PseudoReward: [[-9788.471]]
Episode 121, Average Success Rate (last 10 eps): 0.60
Total T: 36600 Episode Num: 122 Episode T: 300 Reward: 296.000 PseudoReward: [[-11310.085]]
Episode 122, Average Success Rate (last 10 eps): 0.60
Total T: 36900 Episode Num: 123 Episode T: 300 Reward: 0.000 PseudoReward: [[-6400.075]]
Episode 123, Average Success Rate (last 10 eps): 0.50
Total T: 37200 Episode Num: 124 Episode T: 300 Reward: 0.000 PseudoReward: [[-13549.081]]
Episode 124, Average Success Rate (last 10 eps): 0.40
Total T: 37500 Episode Num: 125 Episode T: 300 Reward: 101.000 PseudoReward: [[-6941.8125]]
Episode 125, Average Success Rate (last 10 eps): 0.40
Total T: 37800 Episode Num: 126 Episode T: 300 Reward: 24.000 PseudoReward: [[-7150.569]]
Episode 126, Average Success Rate (last 10 eps): 0.50
Total T: 38100 Episode Num: 127 Episode T: 300 Reward: 34.000 PseudoReward: [[-13327.793]]
Episode 127, Average Success Rate (last 10 eps): 0.50
Total T: 38400 Episode Num: 128 Episode T: 300 Reward: 271.000 PseudoReward: [[-10632.128]]
Episode 128, Average Success Rate (last 10 eps): 0.60
Total T: 38700 Episode Num: 129 Episode T: 300 Reward: 269.000 PseudoReward: [[-10258.402]]
Episode 129, Average Success Rate (last 10 eps): 0.60
Total T: 39000 Episode Num: 130 Episode T: 300 Reward: 156.000 PseudoReward: [[-6224.3467]]
Episode 130, Average Success Rate (last 10 eps): 0.70
Total T: 39300 Episode Num: 131 Episode T: 300 Reward: 0.000 PseudoReward: [[-12296.674]]
Episode 131, Average Success Rate (last 10 eps): 0.70
Total T: 39600 Episode Num: 132 Episode T: 300 Reward: 4.000 PseudoReward: [[-10952.876]]
Episode 132, Average Success Rate (last 10 eps): 0.70
Total T: 39900 Episode Num: 133 Episode T: 300 Reward: 32.000 PseudoReward: [[-13450.53]]
Episode 133, Average Success Rate (last 10 eps): 0.80
Total T: 40200 Episode Num: 134 Episode T: 300 Reward: 205.000 PseudoReward: [[-13168.234]]
Episode 134, Average Success Rate (last 10 eps): 0.90
Total T: 40500 Episode Num: 135 Episode T: 300 Reward: 130.000 PseudoReward: [[-8881.856]]
Episode 135, Average Success Rate (last 10 eps): 0.90
Total T: 40800 Episode Num: 136 Episode T: 300 Reward: 278.000 PseudoReward: [[-9212.556]]
Episode 136, Average Success Rate (last 10 eps): 0.90
Total T: 41100 Episode Num: 137 Episode T: 300 Reward: 280.000 PseudoReward: [[-11318.085]]
Episode 137, Average Success Rate (last 10 eps): 0.90
Total T: 41400 Episode Num: 138 Episode T: 300 Reward: 0.000 PseudoReward: [[-13156.237]]
Episode 138, Average Success Rate (last 10 eps): 0.80
Total T: 41700 Episode Num: 139 Episode T: 300 Reward: 0.000 PseudoReward: [[-6834.7646]]
Episode 139, Average Success Rate (last 10 eps): 0.70
Total T: 42000 Episode Num: 140 Episode T: 300 Reward: 294.000 PseudoReward: [[-13605.206]]
Episode 140, Average Success Rate (last 10 eps): 0.70
Total T: 42300 Episode Num: 141 Episode T: 300 Reward: 136.000 PseudoReward: [[-8811.223]]
Episode 141, Average Success Rate (last 10 eps): 0.80
Total T: 42600 Episode Num: 142 Episode T: 300 Reward: 0.000 PseudoReward: [[-9412.967]]
Episode 142, Average Success Rate (last 10 eps): 0.70
Total T: 42900 Episode Num: 143 Episode T: 300 Reward: 0.000 PseudoReward: [[-8772.29]]
Episode 143, Average Success Rate (last 10 eps): 0.60
Total T: 43200 Episode Num: 144 Episode T: 300 Reward: 288.000 PseudoReward: [[-10570.882]]
Episode 144, Average Success Rate (last 10 eps): 0.60
Total T: 43500 Episode Num: 145 Episode T: 300 Reward: 258.000 PseudoReward: [[-13245.142]]
Episode 145, Average Success Rate (last 10 eps): 0.60
Total T: 43800 Episode Num: 146 Episode T: 300 Reward: 0.000 PseudoReward: [[-9321.808]]
Episode 146, Average Success Rate (last 10 eps): 0.50
Total T: 44100 Episode Num: 147 Episode T: 300 Reward: 0.000 PseudoReward: [[-13000.597]]
Episode 147, Average Success Rate (last 10 eps): 0.40
Total T: 44400 Episode Num: 148 Episode T: 300 Reward: 0.000 PseudoReward: [[-10561.51]]
Episode 148, Average Success Rate (last 10 eps): 0.40
Total T: 44700 Episode Num: 149 Episode T: 300 Reward: 0.000 PseudoReward: [[-12676.529]]
Episode 149, Average Success Rate (last 10 eps): 0.40
Total T: 45000 Episode Num: 150 Episode T: 300 Reward: 245.000 PseudoReward: [[-12318.112]]
Episode 150, Average Success Rate (last 10 eps): 0.40
Total T: 45300 Episode Num: 151 Episode T: 300 Reward: 0.000 PseudoReward: [[-7966.638]]
Episode 151, Average Success Rate (last 10 eps): 0.30
Total T: 45600 Episode Num: 152 Episode T: 300 Reward: 222.000 PseudoReward: [[-11950.934]]
Episode 152, Average Success Rate (last 10 eps): 0.40
Total T: 45900 Episode Num: 153 Episode T: 300 Reward: 0.000 PseudoReward: [[-7548.0654]]
Episode 153, Average Success Rate (last 10 eps): 0.40
Total T: 46200 Episode Num: 154 Episode T: 300 Reward: 45.000 PseudoReward: [[-9433.92]]
Episode 154, Average Success Rate (last 10 eps): 0.40
Total T: 46500 Episode Num: 155 Episode T: 300 Reward: 193.000 PseudoReward: [[-11708.67]]
Episode 155, Average Success Rate (last 10 eps): 0.40
Total T: 46800 Episode Num: 156 Episode T: 300 Reward: 282.000 PseudoReward: [[-12125.302]]
Episode 156, Average Success Rate (last 10 eps): 0.50
Total T: 47100 Episode Num: 157 Episode T: 300 Reward: 288.000 PseudoReward: [[-12955.274]]
Episode 157, Average Success Rate (last 10 eps): 0.60
Total T: 47400 Episode Num: 158 Episode T: 300 Reward: 0.000 PseudoReward: [[-8439.505]]
Episode 158, Average Success Rate (last 10 eps): 0.60
Total T: 47700 Episode Num: 159 Episode T: 300 Reward: 253.000 PseudoReward: [[-10130.]]
Episode 159, Average Success Rate (last 10 eps): 0.70
Total T: 48000 Episode Num: 160 Episode T: 300 Reward: 279.000 PseudoReward: [[-10750.057]]
Episode 160, Average Success Rate (last 10 eps): 0.70
Total T: 48300 Episode Num: 161 Episode T: 300 Reward: 0.000 PseudoReward: [[-9737.186]]
Episode 161, Average Success Rate (last 10 eps): 0.70
Total T: 48600 Episode Num: 162 Episode T: 300 Reward: 130.000 PseudoReward: [[-13044.768]]
Episode 162, Average Success Rate (last 10 eps): 0.70
Total T: 48900 Episode Num: 163 Episode T: 300 Reward: 265.000 PseudoReward: [[-12833.794]]
Episode 163, Average Success Rate (last 10 eps): 0.80
Total T: 49200 Episode Num: 164 Episode T: 300 Reward: 288.000 PseudoReward: [[-11285.902]]
Episode 164, Average Success Rate (last 10 eps): 0.80
Total T: 49500 Episode Num: 165 Episode T: 300 Reward: 0.000 PseudoReward: [[-13072.934]]
Episode 165, Average Success Rate (last 10 eps): 0.70
Total T: 49800 Episode Num: 166 Episode T: 300 Reward: 264.000 PseudoReward: [[-9386.234]]
Episode 166, Average Success Rate (last 10 eps): 0.70
Total T: 50100 Episode Num: 167 Episode T: 300 Reward: 0.000 PseudoReward: [[-9282.431]]
Episode 167, Average Success Rate (last 10 eps): 0.60
Total T: 50400 Episode Num: 168 Episode T: 300 Reward: 256.000 PseudoReward: [[-12447.047]]
Episode 168, Average Success Rate (last 10 eps): 0.70
Total T: 50700 Episode Num: 169 Episode T: 300 Reward: 0.000 PseudoReward: [[-13516.093]]
Episode 169, Average Success Rate (last 10 eps): 0.60
Total T: 51000 Episode Num: 170 Episode T: 300 Reward: 257.000 PseudoReward: [[-12892.152]]
Episode 170, Average Success Rate (last 10 eps): 0.60
Total T: 51300 Episode Num: 171 Episode T: 300 Reward: 0.000 PseudoReward: [[-12057.744]]
Episode 171, Average Success Rate (last 10 eps): 0.60
Total T: 51600 Episode Num: 172 Episode T: 300 Reward: 183.000 PseudoReward: [[-7709.257]]
Episode 172, Average Success Rate (last 10 eps): 0.60
Total T: 51900 Episode Num: 173 Episode T: 300 Reward: 285.000 PseudoReward: [[-13677.411]]
Episode 173, Average Success Rate (last 10 eps): 0.60
Total T: 52200 Episode Num: 174 Episode T: 300 Reward: 0.000 PseudoReward: [[-13643.317]]
Episode 174, Average Success Rate (last 10 eps): 0.50
Total T: 52500 Episode Num: 175 Episode T: 300 Reward: 0.000 PseudoReward: [[-10089.301]]
Episode 175, Average Success Rate (last 10 eps): 0.50
Total T: 52800 Episode Num: 176 Episode T: 300 Reward: 127.000 PseudoReward: [[-9681.401]]
Episode 176, Average Success Rate (last 10 eps): 0.50
Total T: 53100 Episode Num: 177 Episode T: 300 Reward: 205.000 PseudoReward: [[-13643.901]]
Episode 177, Average Success Rate (last 10 eps): 0.60
Total T: 53400 Episode Num: 178 Episode T: 300 Reward: 256.000 PseudoReward: [[-11800.875]]
Episode 178, Average Success Rate (last 10 eps): 0.60
Total T: 53700 Episode Num: 179 Episode T: 300 Reward: 278.000 PseudoReward: [[-10427.496]]
Episode 179, Average Success Rate (last 10 eps): 0.70
Total T: 54000 Episode Num: 180 Episode T: 300 Reward: 0.000 PseudoReward: [[-11913.572]]
Episode 180, Average Success Rate (last 10 eps): 0.60
Total T: 54300 Episode Num: 181 Episode T: 300 Reward: 268.000 PseudoReward: [[-12919.649]]
Episode 181, Average Success Rate (last 10 eps): 0.70
Total T: 54600 Episode Num: 182 Episode T: 300 Reward: 229.000 PseudoReward: [[-7471.048]]
Episode 182, Average Success Rate (last 10 eps): 0.70
Total T: 54900 Episode Num: 183 Episode T: 300 Reward: 81.000 PseudoReward: [[-11956.918]]
Episode 183, Average Success Rate (last 10 eps): 0.70
Total T: 55200 Episode Num: 184 Episode T: 300 Reward: 219.000 PseudoReward: [[-10832.562]]
Episode 184, Average Success Rate (last 10 eps): 0.80
Total T: 55500 Episode Num: 185 Episode T: 300 Reward: 276.000 PseudoReward: [[-13108.208]]
Episode 185, Average Success Rate (last 10 eps): 0.90
Total T: 55800 Episode Num: 186 Episode T: 300 Reward: 242.000 PseudoReward: [[-12850.595]]
Episode 186, Average Success Rate (last 10 eps): 0.90
Total T: 56100 Episode Num: 187 Episode T: 300 Reward: 241.000 PseudoReward: [[-13089.959]]
Episode 187, Average Success Rate (last 10 eps): 0.90
Total T: 56400 Episode Num: 188 Episode T: 300 Reward: 282.000 PseudoReward: [[-12870.103]]
Episode 188, Average Success Rate (last 10 eps): 0.90
Total T: 56700 Episode Num: 189 Episode T: 300 Reward: 0.000 PseudoReward: [[-9548.734]]
Episode 189, Average Success Rate (last 10 eps): 0.80
Total T: 57000 Episode Num: 190 Episode T: 300 Reward: 0.000 PseudoReward: [[-10680.204]]
Episode 190, Average Success Rate (last 10 eps): 0.80
Total T: 57300 Episode Num: 191 Episode T: 300 Reward: 120.000 PseudoReward: [[-10409.027]]
Episode 191, Average Success Rate (last 10 eps): 0.80
Total T: 57600 Episode Num: 192 Episode T: 300 Reward: 0.000 PseudoReward: [[-13778.03]]
Episode 192, Average Success Rate (last 10 eps): 0.70
Total T: 57900 Episode Num: 193 Episode T: 300 Reward: 226.000 PseudoReward: [[-12409.113]]
Episode 193, Average Success Rate (last 10 eps): 0.70
Total T: 58200 Episode Num: 194 Episode T: 300 Reward: 290.000 PseudoReward: [[-12497.201]]
Episode 194, Average Success Rate (last 10 eps): 0.70
Total T: 58500 Episode Num: 195 Episode T: 300 Reward: 263.000 PseudoReward: [[-11775.305]]
Episode 195, Average Success Rate (last 10 eps): 0.70
Total T: 58800 Episode Num: 196 Episode T: 300 Reward: 0.000 PseudoReward: [[-9869.819]]
Episode 196, Average Success Rate (last 10 eps): 0.60
Total T: 59100 Episode Num: 197 Episode T: 300 Reward: 208.000 PseudoReward: [[-8016.1455]]
Episode 197, Average Success Rate (last 10 eps): 0.60
Total T: 59400 Episode Num: 198 Episode T: 300 Reward: 258.000 PseudoReward: [[-9732.154]]
Episode 198, Average Success Rate (last 10 eps): 0.60
Total T: 59700 Episode Num: 199 Episode T: 300 Reward: 215.000 PseudoReward: [[-12987.923]]
Episode 199, Average Success Rate (last 10 eps): 0.70
Total T: 60000 Episode Num: 200 Episode T: 300 Reward: 290.000 PseudoReward: [[-13812.745]]
Episode 200, Average Success Rate (last 10 eps): 0.80
Total T: 60300 Episode Num: 201 Episode T: 300 Reward: 250.000 PseudoReward: [[-13344.616]]
Episode 201, Average Success Rate (last 10 eps): 0.80
Total T: 60600 Episode Num: 202 Episode T: 300 Reward: 0.000 PseudoReward: [[-11918.473]]
Episode 202, Average Success Rate (last 10 eps): 0.80
Total T: 60900 Episode Num: 203 Episode T: 300 Reward: 248.000 PseudoReward: [[-13602.856]]
Episode 203, Average Success Rate (last 10 eps): 0.80
Total T: 61200 Episode Num: 204 Episode T: 300 Reward: 231.000 PseudoReward: [[-9221.101]]
Episode 204, Average Success Rate (last 10 eps): 0.80
Total T: 61500 Episode Num: 205 Episode T: 300 Reward: 163.000 PseudoReward: [[-11113.799]]
Episode 205, Average Success Rate (last 10 eps): 0.80
Total T: 61800 Episode Num: 206 Episode T: 300 Reward: 0.000 PseudoReward: [[-11963.399]]
Episode 206, Average Success Rate (last 10 eps): 0.80
Total T: 62100 Episode Num: 207 Episode T: 300 Reward: 0.000 PseudoReward: [[-10608.977]]
Episode 207, Average Success Rate (last 10 eps): 0.70
Total T: 62400 Episode Num: 208 Episode T: 300 Reward: 261.000 PseudoReward: [[-12323.179]]
Episode 208, Average Success Rate (last 10 eps): 0.70
Total T: 62700 Episode Num: 209 Episode T: 300 Reward: 280.000 PseudoReward: [[-12938.563]]
Episode 209, Average Success Rate (last 10 eps): 0.70
Total T: 63000 Episode Num: 210 Episode T: 300 Reward: 278.000 PseudoReward: [[-13252.753]]
Episode 210, Average Success Rate (last 10 eps): 0.70
Total T: 63300 Episode Num: 211 Episode T: 300 Reward: 228.000 PseudoReward: [[-9757.625]]
Episode 211, Average Success Rate (last 10 eps): 0.70
Total T: 63600 Episode Num: 212 Episode T: 300 Reward: 0.000 PseudoReward: [[-10609.838]]
Episode 212, Average Success Rate (last 10 eps): 0.70
Total T: 63900 Episode Num: 213 Episode T: 300 Reward: 0.000 PseudoReward: [[-10546.336]]
Episode 213, Average Success Rate (last 10 eps): 0.60
Total T: 64200 Episode Num: 214 Episode T: 300 Reward: 0.000 PseudoReward: [[-10990.433]]
Episode 214, Average Success Rate (last 10 eps): 0.50
Total T: 64500 Episode Num: 215 Episode T: 300 Reward: 278.000 PseudoReward: [[-13584.19]]
Episode 215, Average Success Rate (last 10 eps): 0.50
Total T: 64800 Episode Num: 216 Episode T: 300 Reward: 0.000 PseudoReward: [[-11542.609]]
Episode 216, Average Success Rate (last 10 eps): 0.50
Total T: 65100 Episode Num: 217 Episode T: 300 Reward: 286.000 PseudoReward: [[-13129.522]]
Episode 217, Average Success Rate (last 10 eps): 0.60
Total T: 65400 Episode Num: 218 Episode T: 300 Reward: 0.000 PseudoReward: [[-13267.37]]
Episode 218, Average Success Rate (last 10 eps): 0.50
Total T: 65700 Episode Num: 219 Episode T: 300 Reward: 0.000 PseudoReward: [[-13804.951]]
Episode 219, Average Success Rate (last 10 eps): 0.40
Total T: 66000 Episode Num: 220 Episode T: 300 Reward: 262.000 PseudoReward: [[-13509.297]]
Episode 220, Average Success Rate (last 10 eps): 0.40
Total T: 66300 Episode Num: 221 Episode T: 300 Reward: 0.000 PseudoReward: [[-13736.304]]
Episode 221, Average Success Rate (last 10 eps): 0.30
Total T: 66600 Episode Num: 222 Episode T: 300 Reward: 0.000 PseudoReward: [[-13800.073]]
Episode 222, Average Success Rate (last 10 eps): 0.30
Total T: 66900 Episode Num: 223 Episode T: 300 Reward: 0.000 PseudoReward: [[-13659.178]]
Episode 223, Average Success Rate (last 10 eps): 0.30
Total T: 67200 Episode Num: 224 Episode T: 300 Reward: 279.000 PseudoReward: [[-11854.456]]
Episode 224, Average Success Rate (last 10 eps): 0.40
Total T: 67500 Episode Num: 225 Episode T: 300 Reward: 279.000 PseudoReward: [[-11692.679]]
Episode 225, Average Success Rate (last 10 eps): 0.40
Total T: 67800 Episode Num: 226 Episode T: 300 Reward: 0.000 PseudoReward: [[-13751.674]]
Episode 226, Average Success Rate (last 10 eps): 0.40
Total T: 68100 Episode Num: 227 Episode T: 300 Reward: 0.000 PseudoReward: [[-13724.79]]
Episode 227, Average Success Rate (last 10 eps): 0.30
Total T: 68400 Episode Num: 228 Episode T: 300 Reward: 0.000 PseudoReward: [[-13778.333]]
Episode 228, Average Success Rate (last 10 eps): 0.30
Total T: 68700 Episode Num: 229 Episode T: 300 Reward: 0.000 PseudoReward: [[-12798.63]]
Episode 229, Average Success Rate (last 10 eps): 0.30
Total T: 69000 Episode Num: 230 Episode T: 300 Reward: 146.000 PseudoReward: [[-13048.802]]
Episode 230, Average Success Rate (last 10 eps): 0.30
Total T: 69300 Episode Num: 231 Episode T: 300 Reward: 0.000 PseudoReward: [[-11399.267]]
Episode 231, Average Success Rate (last 10 eps): 0.30
Total T: 69600 Episode Num: 232 Episode T: 300 Reward: 264.000 PseudoReward: [[-13666.258]]
Episode 232, Average Success Rate (last 10 eps): 0.40
Total T: 69900 Episode Num: 233 Episode T: 300 Reward: 286.000 PseudoReward: [[-13558.976]]
Episode 233, Average Success Rate (last 10 eps): 0.50
Total T: 70200 Episode Num: 234 Episode T: 300 Reward: 112.000 PseudoReward: [[-13727.831]]
Episode 234, Average Success Rate (last 10 eps): 0.50
Total T: 70500 Episode Num: 235 Episode T: 300 Reward: 0.000 PseudoReward: [[-13164.446]]
Episode 235, Average Success Rate (last 10 eps): 0.40
Total T: 70800 Episode Num: 236 Episode T: 300 Reward: 292.000 PseudoReward: [[-13456.294]]
Episode 236, Average Success Rate (last 10 eps): 0.50
Total T: 71100 Episode Num: 237 Episode T: 300 Reward: 224.000 PseudoReward: [[-10823.629]]
Episode 237, Average Success Rate (last 10 eps): 0.60
Total T: 71400 Episode Num: 238 Episode T: 300 Reward: 0.000 PseudoReward: [[-13770.192]]
Episode 238, Average Success Rate (last 10 eps): 0.60
Total T: 71700 Episode Num: 239 Episode T: 300 Reward: 0.000 PseudoReward: [[-13611.049]]
Episode 239, Average Success Rate (last 10 eps): 0.60
Total T: 72000 Episode Num: 240 Episode T: 300 Reward: 250.000 PseudoReward: [[-13603.376]]
Episode 240, Average Success Rate (last 10 eps): 0.60
Total T: 72300 Episode Num: 241 Episode T: 300 Reward: 0.000 PseudoReward: [[-11469.744]]
Episode 241, Average Success Rate (last 10 eps): 0.60
Total T: 72600 Episode Num: 242 Episode T: 300 Reward: 233.000 PseudoReward: [[-13049.293]]
Episode 242, Average Success Rate (last 10 eps): 0.60
Total T: 72900 Episode Num: 243 Episode T: 300 Reward: 269.000 PseudoReward: [[-13016.559]]
Episode 243, Average Success Rate (last 10 eps): 0.60
Total T: 73200 Episode Num: 244 Episode T: 300 Reward: 0.000 PseudoReward: [[-10954.657]]
Episode 244, Average Success Rate (last 10 eps): 0.50
Total T: 73500 Episode Num: 245 Episode T: 300 Reward: 287.000 PseudoReward: [[-13524.539]]
Episode 245, Average Success Rate (last 10 eps): 0.60
Total T: 73800 Episode Num: 246 Episode T: 300 Reward: 257.000 PseudoReward: [[-13208.338]]
Episode 246, Average Success Rate (last 10 eps): 0.60
Total T: 74100 Episode Num: 247 Episode T: 300 Reward: 290.000 PseudoReward: [[-11950.976]]
Episode 247, Average Success Rate (last 10 eps): 0.60
Total T: 74400 Episode Num: 248 Episode T: 300 Reward: 0.000 PseudoReward: [[-13801.794]]
Episode 248, Average Success Rate (last 10 eps): 0.60
Total T: 74700 Episode Num: 249 Episode T: 300 Reward: 284.000 PseudoReward: [[-13785.386]]
Episode 249, Average Success Rate (last 10 eps): 0.70
Total T: 75000 Episode Num: 250 Episode T: 300 Reward: 276.000 PseudoReward: [[-13406.625]]
Episode 250, Average Success Rate (last 10 eps): 0.70
Total T: 75300 Episode Num: 251 Episode T: 300 Reward: 269.000 PseudoReward: [[-13763.127]]
Episode 251, Average Success Rate (last 10 eps): 0.80
Total T: 75600 Episode Num: 252 Episode T: 300 Reward: 0.000 PseudoReward: [[-13256.002]]
Episode 252, Average Success Rate (last 10 eps): 0.70
Total T: 75900 Episode Num: 253 Episode T: 300 Reward: 279.000 PseudoReward: [[-13590.802]]
Episode 253, Average Success Rate (last 10 eps): 0.70
Total T: 76200 Episode Num: 254 Episode T: 300 Reward: 291.000 PseudoReward: [[-12901.306]]
Episode 254, Average Success Rate (last 10 eps): 0.80
Total T: 76500 Episode Num: 255 Episode T: 300 Reward: 0.000 PseudoReward: [[-11071.938]]
Episode 255, Average Success Rate (last 10 eps): 0.70
Total T: 76800 Episode Num: 256 Episode T: 300 Reward: 106.000 PseudoReward: [[-11233.92]]
Episode 256, Average Success Rate (last 10 eps): 0.70
Total T: 77100 Episode Num: 257 Episode T: 300 Reward: 270.000 PseudoReward: [[-9996.165]]
Episode 257, Average Success Rate (last 10 eps): 0.70
Total T: 77400 Episode Num: 258 Episode T: 300 Reward: 291.000 PseudoReward: [[-13662.214]]
Episode 258, Average Success Rate (last 10 eps): 0.80
Total T: 77700 Episode Num: 259 Episode T: 300 Reward: 0.000 PseudoReward: [[-13685.65]]
Episode 259, Average Success Rate (last 10 eps): 0.70
Total T: 78000 Episode Num: 260 Episode T: 300 Reward: 287.000 PseudoReward: [[-12869.916]]
Episode 260, Average Success Rate (last 10 eps): 0.70
Total T: 78300 Episode Num: 261 Episode T: 300 Reward: 0.000 PseudoReward: [[-12654.421]]
Episode 261, Average Success Rate (last 10 eps): 0.60
Total T: 78600 Episode Num: 262 Episode T: 300 Reward: 0.000 PseudoReward: [[-11100.615]]
Episode 262, Average Success Rate (last 10 eps): 0.60
Total T: 78900 Episode Num: 263 Episode T: 300 Reward: 272.000 PseudoReward: [[-12438.803]]
Episode 263, Average Success Rate (last 10 eps): 0.60
Total T: 79200 Episode Num: 264 Episode T: 300 Reward: 0.000 PseudoReward: [[-13750.562]]
Episode 264, Average Success Rate (last 10 eps): 0.50
Total T: 79500 Episode Num: 265 Episode T: 300 Reward: 209.000 PseudoReward: [[-12259.742]]
Episode 265, Average Success Rate (last 10 eps): 0.60
Total T: 79800 Episode Num: 266 Episode T: 300 Reward: 0.000 PseudoReward: [[-13761.043]]
Episode 266, Average Success Rate (last 10 eps): 0.50
Total T: 80100 Episode Num: 267 Episode T: 300 Reward: 0.000 PseudoReward: [[-13771.269]]
Episode 267, Average Success Rate (last 10 eps): 0.40
Total T: 80400 Episode Num: 268 Episode T: 300 Reward: 293.000 PseudoReward: [[-12330.584]]
Episode 268, Average Success Rate (last 10 eps): 0.40
Total T: 80700 Episode Num: 269 Episode T: 300 Reward: 0.000 PseudoReward: [[-11376.581]]
Episode 269, Average Success Rate (last 10 eps): 0.40
Total T: 81000 Episode Num: 270 Episode T: 300 Reward: 0.000 PseudoReward: [[-11971.52]]
Episode 270, Average Success Rate (last 10 eps): 0.30
Total T: 81300 Episode Num: 271 Episode T: 300 Reward: 228.000 PseudoReward: [[-10716.049]]
Episode 271, Average Success Rate (last 10 eps): 0.40
Total T: 81600 Episode Num: 272 Episode T: 300 Reward: 266.000 PseudoReward: [[-13502.884]]
Episode 272, Average Success Rate (last 10 eps): 0.50
Total T: 81900 Episode Num: 273 Episode T: 300 Reward: 0.000 PseudoReward: [[-13700.394]]
Episode 273, Average Success Rate (last 10 eps): 0.40
Total T: 82200 Episode Num: 274 Episode T: 300 Reward: 236.000 PseudoReward: [[-11559.728]]
Episode 274, Average Success Rate (last 10 eps): 0.50
Total T: 82500 Episode Num: 275 Episode T: 300 Reward: 256.000 PseudoReward: [[-10512.636]]
Episode 275, Average Success Rate (last 10 eps): 0.50
Total T: 82800 Episode Num: 276 Episode T: 300 Reward: 0.000 PseudoReward: [[-13092.359]]
Episode 276, Average Success Rate (last 10 eps): 0.50
Total T: 83100 Episode Num: 277 Episode T: 300 Reward: 0.000 PseudoReward: [[-13705.074]]
Episode 277, Average Success Rate (last 10 eps): 0.50
Total T: 83400 Episode Num: 278 Episode T: 300 Reward: 271.000 PseudoReward: [[-13663.633]]
Episode 278, Average Success Rate (last 10 eps): 0.50
Total T: 83700 Episode Num: 279 Episode T: 300 Reward: 0.000 PseudoReward: [[-13783.833]]
Episode 279, Average Success Rate (last 10 eps): 0.50
Total T: 84000 Episode Num: 280 Episode T: 300 Reward: 1.000 PseudoReward: [[-12354.856]]
Episode 280, Average Success Rate (last 10 eps): 0.60
Total T: 84300 Episode Num: 281 Episode T: 300 Reward: 253.000 PseudoReward: [[-13616.932]]
Episode 281, Average Success Rate (last 10 eps): 0.60
Total T: 84600 Episode Num: 282 Episode T: 300 Reward: 246.000 PseudoReward: [[-10087.393]]
Episode 282, Average Success Rate (last 10 eps): 0.60
Total T: 84900 Episode Num: 283 Episode T: 300 Reward: 0.000 PseudoReward: [[-11754.401]]
Episode 283, Average Success Rate (last 10 eps): 0.60
Total T: 85200 Episode Num: 284 Episode T: 300 Reward: 130.000 PseudoReward: [[-12937.987]]
Episode 284, Average Success Rate (last 10 eps): 0.60
