/home/xlx9645/miniconda3/envs/maze/lib/python3.9/site-packages/gymnasium/envs/registration.py:642: UserWarning: [33mWARN: Overriding environment TrapMazeEnv already in registry.[0m
  logger.warn(f"Overriding environment {new_spec.id} already in registry.")
wandb: Using wandb-core as the SDK backend.  Please refer to https://wandb.me/wandb-core for more information.
wandb: Currently logged in as: yuxuanli2023 (yuxuanli2023-northwestern-university). Use `wandb login --relogin` to force relogin
wandb: Tracking run with wandb version 0.19.1
wandb: Run data is saved locally in /home/xlx9645/failed/Maze/update_baselines/wandb/run-20250107_194956-09kgzzb7
wandb: Run `wandb offline` to turn off syncing.
wandb: Syncing run SASR_start0
wandb: ⭐️ View project at https://wandb.ai/yuxuanli2023-northwestern-university/Main_Umaze
wandb: 🚀 View run at https://wandb.ai/yuxuanli2023-northwestern-university/Main_Umaze/runs/09kgzzb7
/home/xlx9645/miniconda3/envs/maze/lib/python3.9/site-packages/gymnasium/spaces/box.py:235: UserWarning: [33mWARN: Box low's precision lowered by casting to float32, current low.dtype=float64[0m
  gym.logger.warn(
/home/xlx9645/miniconda3/envs/maze/lib/python3.9/site-packages/gymnasium/spaces/box.py:305: UserWarning: [33mWARN: Box high's precision lowered by casting to float32, current high.dtype=float64[0m
  gym.logger.warn(
/home/xlx9645/miniconda3/envs/maze/lib/python3.9/site-packages/torch/optim/lr_scheduler.py:224: UserWarning: Detected call of `lr_scheduler.step()` before `optimizer.step()`. In PyTorch 1.1.0 and later, you should call them in the opposite order: `optimizer.step()` before `lr_scheduler.step()`.  Failure to do this will result in PyTorch skipping the first value of the learning rate schedule. See more details at https://pytorch.org/docs/stable/optim.html#how-to-adjust-learning-rate
  warnings.warn(
Total T: 300 Episode Num: 1 Episode T: 300 Reward: 0.000 PseudoReward: [104.97240592]
Episode 1, Average Success Rate (last 10 eps): 0.00
Total T: 600 Episode Num: 2 Episode T: 300 Reward: 0.000 PseudoReward: [31.80468951]
Episode 2, Average Success Rate (last 10 eps): 0.00
Total T: 900 Episode Num: 3 Episode T: 300 Reward: 0.000 PseudoReward: [91.83718217]
Episode 3, Average Success Rate (last 10 eps): 0.00
Total T: 1200 Episode Num: 4 Episode T: 300 Reward: 0.000 PseudoReward: [118.02632865]
Episode 4, Average Success Rate (last 10 eps): 0.00
Total T: 1500 Episode Num: 5 Episode T: 300 Reward: 0.000 PseudoReward: [92.08307622]
Episode 5, Average Success Rate (last 10 eps): 0.00
Total T: 1800 Episode Num: 6 Episode T: 300 Reward: 291.000 PseudoReward: [294.89304166]
Episode 6, Average Success Rate (last 10 eps): 0.17
Total T: 2100 Episode Num: 7 Episode T: 300 Reward: 0.000 PseudoReward: [63.50595315]
Episode 7, Average Success Rate (last 10 eps): 0.14
Total T: 2400 Episode Num: 8 Episode T: 300 Reward: 0.000 PseudoReward: [90.77899244]
Episode 8, Average Success Rate (last 10 eps): 0.12
Total T: 2700 Episode Num: 9 Episode T: 300 Reward: 175.000 PseudoReward: [160.00002359]
Episode 9, Average Success Rate (last 10 eps): 0.22
Total T: 3000 Episode Num: 10 Episode T: 300 Reward: 0.000 PseudoReward: [117.20282799]
Episode 10, Average Success Rate (last 10 eps): 0.20
Total T: 3300 Episode Num: 11 Episode T: 300 Reward: 0.000 PseudoReward: [52.63893215]
Episode 11, Average Success Rate (last 10 eps): 0.20
Total T: 3600 Episode Num: 12 Episode T: 300 Reward: 183.000 PseudoReward: [163.19995443]
Episode 12, Average Success Rate (last 10 eps): 0.30
Total T: 3900 Episode Num: 13 Episode T: 300 Reward: 137.000 PseudoReward: [144.83667332]
Episode 13, Average Success Rate (last 10 eps): 0.40
Total T: 4200 Episode Num: 14 Episode T: 300 Reward: 166.000 PseudoReward: [165.2432941]
Episode 14, Average Success Rate (last 10 eps): 0.50
Total T: 4500 Episode Num: 15 Episode T: 300 Reward: 250.000 PseudoReward: [190.00173177]
Episode 15, Average Success Rate (last 10 eps): 0.60
Total T: 4800 Episode Num: 16 Episode T: 300 Reward: 0.000 PseudoReward: [89.30579623]
Episode 16, Average Success Rate (last 10 eps): 0.50
Total T: 5100 Episode Num: 17 Episode T: 300 Reward: 0.000 PseudoReward: [41.40029096]
Episode 17, Average Success Rate (last 10 eps): 0.50
Total T: 5400 Episode Num: 18 Episode T: 300 Reward: 0.000 PseudoReward: [165.81557188]
Episode 18, Average Success Rate (last 10 eps): 0.50
Total T: 5700 Episode Num: 19 Episode T: 300 Reward: 267.000 PseudoReward: [196.79998105]
Episode 19, Average Success Rate (last 10 eps): 0.50
Total T: 6000 Episode Num: 20 Episode T: 300 Reward: 0.000 PseudoReward: [110.28627927]
Episode 20, Average Success Rate (last 10 eps): 0.50
Total T: 6300 Episode Num: 21 Episode T: 300 Reward: 0.000 PseudoReward: [44.64101212]
Episode 21, Average Success Rate (last 10 eps): 0.50
Total T: 6600 Episode Num: 22 Episode T: 300 Reward: 0.000 PseudoReward: [108.43487663]
Episode 22, Average Success Rate (last 10 eps): 0.40
Total T: 6900 Episode Num: 23 Episode T: 300 Reward: 0.000 PseudoReward: [90.36915743]
Episode 23, Average Success Rate (last 10 eps): 0.30
Total T: 7200 Episode Num: 24 Episode T: 300 Reward: 0.000 PseudoReward: [89.97835238]
Episode 24, Average Success Rate (last 10 eps): 0.20
Total T: 7500 Episode Num: 25 Episode T: 300 Reward: 0.000 PseudoReward: [148.67437531]
Episode 25, Average Success Rate (last 10 eps): 0.10
Total T: 7800 Episode Num: 26 Episode T: 300 Reward: 258.000 PseudoReward: [276.70768903]
Episode 26, Average Success Rate (last 10 eps): 0.20
Total T: 8100 Episode Num: 27 Episode T: 300 Reward: 0.000 PseudoReward: [159.61783782]
Episode 27, Average Success Rate (last 10 eps): 0.20
Total T: 8400 Episode Num: 28 Episode T: 300 Reward: 0.000 PseudoReward: [91.20490892]
Episode 28, Average Success Rate (last 10 eps): 0.20
Total T: 8700 Episode Num: 29 Episode T: 300 Reward: 0.000 PseudoReward: [101.3103509]
Episode 29, Average Success Rate (last 10 eps): 0.10
Total T: 9000 Episode Num: 30 Episode T: 300 Reward: 0.000 PseudoReward: [118.44901701]
Episode 30, Average Success Rate (last 10 eps): 0.10
Total T: 9300 Episode Num: 31 Episode T: 300 Reward: 0.000 PseudoReward: [91.2816249]
Episode 31, Average Success Rate (last 10 eps): 0.10
Total T: 9600 Episode Num: 32 Episode T: 300 Reward: 0.000 PseudoReward: [89.86368163]
Episode 32, Average Success Rate (last 10 eps): 0.10
Total T: 9900 Episode Num: 33 Episode T: 300 Reward: 0.000 PseudoReward: [157.84724773]
Episode 33, Average Success Rate (last 10 eps): 0.10
Total T: 10200 Episode Num: 34 Episode T: 300 Reward: 0.000 PseudoReward: [99.97376983]
Episode 34, Average Success Rate (last 10 eps): 0.10
Total T: 10500 Episode Num: 35 Episode T: 300 Reward: 0.000 PseudoReward: [89.91236332]
Episode 35, Average Success Rate (last 10 eps): 0.10
Total T: 10800 Episode Num: 36 Episode T: 300 Reward: 0.000 PseudoReward: [40.73148156]
Episode 36, Average Success Rate (last 10 eps): 0.00
Total T: 11100 Episode Num: 37 Episode T: 300 Reward: 0.000 PseudoReward: [155.99337781]
Episode 37, Average Success Rate (last 10 eps): 0.00
Total T: 11400 Episode Num: 38 Episode T: 300 Reward: 0.000 PseudoReward: [142.37743491]
Episode 38, Average Success Rate (last 10 eps): 0.00
Total T: 11700 Episode Num: 39 Episode T: 300 Reward: 163.000 PseudoReward: [155.21266797]
Episode 39, Average Success Rate (last 10 eps): 0.10
Total T: 12000 Episode Num: 40 Episode T: 300 Reward: 297.000 PseudoReward: [155.32132016]
Episode 40, Average Success Rate (last 10 eps): 0.20
Total T: 12300 Episode Num: 41 Episode T: 300 Reward: 0.000 PseudoReward: [159.4197324]
Episode 41, Average Success Rate (last 10 eps): 0.20
Total T: 12600 Episode Num: 42 Episode T: 300 Reward: 256.000 PseudoReward: [269.8286487]
Episode 42, Average Success Rate (last 10 eps): 0.30
Total T: 12900 Episode Num: 43 Episode T: 300 Reward: 271.000 PseudoReward: [198.40009725]
Episode 43, Average Success Rate (last 10 eps): 0.40
Total T: 13200 Episode Num: 44 Episode T: 300 Reward: 0.000 PseudoReward: [142.83115603]
Episode 44, Average Success Rate (last 10 eps): 0.40
Total T: 13500 Episode Num: 45 Episode T: 300 Reward: 0.000 PseudoReward: [161.78987206]
Episode 45, Average Success Rate (last 10 eps): 0.40
Total T: 13800 Episode Num: 46 Episode T: 300 Reward: 296.000 PseudoReward: [224.14868465]
Episode 46, Average Success Rate (last 10 eps): 0.50
Total T: 14100 Episode Num: 47 Episode T: 300 Reward: 0.000 PseudoReward: [66.63141694]
Episode 47, Average Success Rate (last 10 eps): 0.50
Total T: 14400 Episode Num: 48 Episode T: 300 Reward: 0.000 PseudoReward: [144.70696393]
Episode 48, Average Success Rate (last 10 eps): 0.50
Total T: 14700 Episode Num: 49 Episode T: 300 Reward: 290.000 PseudoReward: [118.73400998]
Episode 49, Average Success Rate (last 10 eps): 0.50
Total T: 15000 Episode Num: 50 Episode T: 300 Reward: 0.000 PseudoReward: [43.78642477]
Episode 50, Average Success Rate (last 10 eps): 0.40
Total T: 15300 Episode Num: 51 Episode T: 300 Reward: 0.000 PseudoReward: [139.81063523]
Episode 51, Average Success Rate (last 10 eps): 0.40
Total T: 15600 Episode Num: 52 Episode T: 300 Reward: 247.000 PseudoReward: [189.06527777]
Episode 52, Average Success Rate (last 10 eps): 0.40
Total T: 15900 Episode Num: 53 Episode T: 300 Reward: 279.000 PseudoReward: [291.23308513]
Episode 53, Average Success Rate (last 10 eps): 0.40
Total T: 16200 Episode Num: 54 Episode T: 300 Reward: 0.000 PseudoReward: [55.63878809]
Episode 54, Average Success Rate (last 10 eps): 0.40
Total T: 16500 Episode Num: 55 Episode T: 300 Reward: 84.000 PseudoReward: [123.59969114]
Episode 55, Average Success Rate (last 10 eps): 0.50
Total T: 16800 Episode Num: 56 Episode T: 300 Reward: 0.000 PseudoReward: [110.00283523]
Episode 56, Average Success Rate (last 10 eps): 0.40
Total T: 17100 Episode Num: 57 Episode T: 300 Reward: 270.000 PseudoReward: [198.04621797]
Episode 57, Average Success Rate (last 10 eps): 0.50
Total T: 17400 Episode Num: 58 Episode T: 300 Reward: 291.000 PseudoReward: [206.3999996]
Episode 58, Average Success Rate (last 10 eps): 0.60
Total T: 17700 Episode Num: 59 Episode T: 300 Reward: 0.000 PseudoReward: [125.70956148]
Episode 59, Average Success Rate (last 10 eps): 0.50
Total T: 18000 Episode Num: 60 Episode T: 300 Reward: 0.000 PseudoReward: [130.04063807]
Episode 60, Average Success Rate (last 10 eps): 0.50
Total T: 18300 Episode Num: 61 Episode T: 300 Reward: 89.000 PseudoReward: [188.65344753]
Episode 61, Average Success Rate (last 10 eps): 0.60
Total T: 18600 Episode Num: 62 Episode T: 300 Reward: 0.000 PseudoReward: [89.38884961]
Episode 62, Average Success Rate (last 10 eps): 0.50
Total T: 18900 Episode Num: 63 Episode T: 300 Reward: 272.000 PseudoReward: [206.7236888]
Episode 63, Average Success Rate (last 10 eps): 0.50
Total T: 19200 Episode Num: 64 Episode T: 300 Reward: 276.000 PseudoReward: [200.53767593]
Episode 64, Average Success Rate (last 10 eps): 0.60
Total T: 19500 Episode Num: 65 Episode T: 300 Reward: 0.000 PseudoReward: [159.68938896]
Episode 65, Average Success Rate (last 10 eps): 0.50
Total T: 19800 Episode Num: 66 Episode T: 300 Reward: 0.000 PseudoReward: [69.24254153]
Episode 66, Average Success Rate (last 10 eps): 0.50
Total T: 20100 Episode Num: 67 Episode T: 300 Reward: 0.000 PseudoReward: [32.80913901]
Episode 67, Average Success Rate (last 10 eps): 0.40
Total T: 20400 Episode Num: 68 Episode T: 300 Reward: 0.000 PseudoReward: [163.22456954]
Episode 68, Average Success Rate (last 10 eps): 0.30
Total T: 20700 Episode Num: 69 Episode T: 300 Reward: 0.000 PseudoReward: [90.13299488]
Episode 69, Average Success Rate (last 10 eps): 0.30
Total T: 21000 Episode Num: 70 Episode T: 300 Reward: 0.000 PseudoReward: [42.09053481]
Episode 70, Average Success Rate (last 10 eps): 0.30
Total T: 21300 Episode Num: 71 Episode T: 300 Reward: 292.000 PseudoReward: [294.05682475]
Episode 71, Average Success Rate (last 10 eps): 0.30
Total T: 21600 Episode Num: 72 Episode T: 300 Reward: 0.000 PseudoReward: [43.01146114]
Episode 72, Average Success Rate (last 10 eps): 0.30
Total T: 21900 Episode Num: 73 Episode T: 300 Reward: 0.000 PseudoReward: [172.29150244]
Episode 73, Average Success Rate (last 10 eps): 0.20
Total T: 22200 Episode Num: 74 Episode T: 300 Reward: 0.000 PseudoReward: [165.44480116]
Episode 74, Average Success Rate (last 10 eps): 0.10
Total T: 22500 Episode Num: 75 Episode T: 300 Reward: 243.000 PseudoReward: [186.8415374]
Episode 75, Average Success Rate (last 10 eps): 0.20
Total T: 22800 Episode Num: 76 Episode T: 300 Reward: 252.000 PseudoReward: [192.06261765]
Episode 76, Average Success Rate (last 10 eps): 0.30
Total T: 23100 Episode Num: 77 Episode T: 300 Reward: 0.000 PseudoReward: [41.95252567]
Episode 77, Average Success Rate (last 10 eps): 0.30
Total T: 23400 Episode Num: 78 Episode T: 300 Reward: 287.000 PseudoReward: [235.82215773]
Episode 78, Average Success Rate (last 10 eps): 0.40
Total T: 23700 Episode Num: 79 Episode T: 300 Reward: 0.000 PseudoReward: [90.0260995]
Episode 79, Average Success Rate (last 10 eps): 0.40
Total T: 24000 Episode Num: 80 Episode T: 300 Reward: 293.000 PseudoReward: [207.19999982]
Episode 80, Average Success Rate (last 10 eps): 0.50
Total T: 24300 Episode Num: 81 Episode T: 300 Reward: 0.000 PseudoReward: [46.86988842]
Episode 81, Average Success Rate (last 10 eps): 0.40
Total T: 24600 Episode Num: 82 Episode T: 300 Reward: 291.000 PseudoReward: [206.41049372]
Episode 82, Average Success Rate (last 10 eps): 0.50
Total T: 24900 Episode Num: 83 Episode T: 300 Reward: 283.000 PseudoReward: [203.00153962]
Episode 83, Average Success Rate (last 10 eps): 0.60
Total T: 25200 Episode Num: 84 Episode T: 300 Reward: 0.000 PseudoReward: [165.99938073]
Episode 84, Average Success Rate (last 10 eps): 0.60
Total T: 25500 Episode Num: 85 Episode T: 300 Reward: 0.000 PseudoReward: [168.78300622]
Episode 85, Average Success Rate (last 10 eps): 0.50
Total T: 25800 Episode Num: 86 Episode T: 300 Reward: 290.000 PseudoReward: [292.69971756]
Episode 86, Average Success Rate (last 10 eps): 0.50
Total T: 26100 Episode Num: 87 Episode T: 300 Reward: 0.000 PseudoReward: [42.56798881]
Episode 87, Average Success Rate (last 10 eps): 0.50
Total T: 26400 Episode Num: 88 Episode T: 300 Reward: 0.000 PseudoReward: [89.96311445]
Episode 88, Average Success Rate (last 10 eps): 0.40
Total T: 26700 Episode Num: 89 Episode T: 300 Reward: 266.000 PseudoReward: [283.35759309]
Episode 89, Average Success Rate (last 10 eps): 0.50
Total T: 27000 Episode Num: 90 Episode T: 300 Reward: 0.000 PseudoReward: [138.02561797]
Episode 90, Average Success Rate (last 10 eps): 0.40
Total T: 27300 Episode Num: 91 Episode T: 300 Reward: 232.000 PseudoReward: [256.1949418]
Episode 91, Average Success Rate (last 10 eps): 0.50
Total T: 27600 Episode Num: 92 Episode T: 300 Reward: 0.000 PseudoReward: [163.93366731]
Episode 92, Average Success Rate (last 10 eps): 0.40
Total T: 27900 Episode Num: 93 Episode T: 300 Reward: 270.000 PseudoReward: [284.06146126]
Episode 93, Average Success Rate (last 10 eps): 0.40
Total T: 28200 Episode Num: 94 Episode T: 300 Reward: 0.000 PseudoReward: [53.30829411]
Episode 94, Average Success Rate (last 10 eps): 0.40
Total T: 28500 Episode Num: 95 Episode T: 300 Reward: 0.000 PseudoReward: [156.79097293]
Episode 95, Average Success Rate (last 10 eps): 0.40
Total T: 28800 Episode Num: 96 Episode T: 300 Reward: 272.000 PseudoReward: [198.92187057]
Episode 96, Average Success Rate (last 10 eps): 0.40
Total T: 29100 Episode Num: 97 Episode T: 300 Reward: 0.000 PseudoReward: [115.74991635]
Episode 97, Average Success Rate (last 10 eps): 0.40
Total T: 29400 Episode Num: 98 Episode T: 300 Reward: 281.000 PseudoReward: [281.56582062]
Episode 98, Average Success Rate (last 10 eps): 0.50
Total T: 29700 Episode Num: 99 Episode T: 300 Reward: 0.000 PseudoReward: [169.04508723]
Episode 99, Average Success Rate (last 10 eps): 0.40
Total T: 30000 Episode Num: 100 Episode T: 300 Reward: 249.000 PseudoReward: [193.06470868]
Episode 100, Average Success Rate (last 10 eps): 0.50
Total T: 30300 Episode Num: 101 Episode T: 300 Reward: 0.000 PseudoReward: [164.41210359]
Episode 101, Average Success Rate (last 10 eps): 0.40
Total T: 30600 Episode Num: 102 Episode T: 300 Reward: 237.000 PseudoReward: [188.34765044]
Episode 102, Average Success Rate (last 10 eps): 0.50
Total T: 30900 Episode Num: 103 Episode T: 300 Reward: 0.000 PseudoReward: [69.98336172]
Episode 103, Average Success Rate (last 10 eps): 0.40
Total T: 31200 Episode Num: 104 Episode T: 300 Reward: 270.000 PseudoReward: [282.9817356]
Episode 104, Average Success Rate (last 10 eps): 0.50
Total T: 31500 Episode Num: 105 Episode T: 300 Reward: 0.000 PseudoReward: [90.54904271]
Episode 105, Average Success Rate (last 10 eps): 0.50
Total T: 31800 Episode Num: 106 Episode T: 300 Reward: 296.000 PseudoReward: [233.65599084]
Episode 106, Average Success Rate (last 10 eps): 0.50
Total T: 32100 Episode Num: 107 Episode T: 300 Reward: 0.000 PseudoReward: [166.31580218]
Episode 107, Average Success Rate (last 10 eps): 0.50
Total T: 32400 Episode Num: 108 Episode T: 300 Reward: 294.000 PseudoReward: [297.28116042]
Episode 108, Average Success Rate (last 10 eps): 0.50
Total T: 32700 Episode Num: 109 Episode T: 300 Reward: 267.000 PseudoReward: [196.5930947]
Episode 109, Average Success Rate (last 10 eps): 0.60
Total T: 33000 Episode Num: 110 Episode T: 300 Reward: 267.000 PseudoReward: [199.77233226]
Episode 110, Average Success Rate (last 10 eps): 0.60
Total T: 33300 Episode Num: 111 Episode T: 300 Reward: 272.000 PseudoReward: [174.18583424]
Episode 111, Average Success Rate (last 10 eps): 0.70
Total T: 33600 Episode Num: 112 Episode T: 300 Reward: 0.000 PseudoReward: [49.25052528]
Episode 112, Average Success Rate (last 10 eps): 0.60
Total T: 33900 Episode Num: 113 Episode T: 300 Reward: 0.000 PseudoReward: [154.71252822]
Episode 113, Average Success Rate (last 10 eps): 0.60
Total T: 34200 Episode Num: 114 Episode T: 300 Reward: 284.000 PseudoReward: [203.58496434]
Episode 114, Average Success Rate (last 10 eps): 0.60
Total T: 34500 Episode Num: 115 Episode T: 300 Reward: 267.000 PseudoReward: [196.66512145]
Episode 115, Average Success Rate (last 10 eps): 0.70
Total T: 34800 Episode Num: 116 Episode T: 300 Reward: 284.000 PseudoReward: [202.4889475]
Episode 116, Average Success Rate (last 10 eps): 0.70
Total T: 35100 Episode Num: 117 Episode T: 300 Reward: 284.000 PseudoReward: [292.68984086]
Episode 117, Average Success Rate (last 10 eps): 0.80
Total T: 35400 Episode Num: 118 Episode T: 300 Reward: 286.000 PseudoReward: [205.2600351]
Episode 118, Average Success Rate (last 10 eps): 0.80
Total T: 35700 Episode Num: 119 Episode T: 300 Reward: 0.000 PseudoReward: [165.1298751]
Episode 119, Average Success Rate (last 10 eps): 0.70
Total T: 36000 Episode Num: 120 Episode T: 300 Reward: 280.000 PseudoReward: [201.85669551]
Episode 120, Average Success Rate (last 10 eps): 0.70
Total T: 36300 Episode Num: 121 Episode T: 300 Reward: 291.000 PseudoReward: [295.68979141]
Episode 121, Average Success Rate (last 10 eps): 0.70
Total T: 36600 Episode Num: 122 Episode T: 300 Reward: 290.000 PseudoReward: [295.93540655]
Episode 122, Average Success Rate (last 10 eps): 0.80
Total T: 36900 Episode Num: 123 Episode T: 300 Reward: 0.000 PseudoReward: [126.36633523]
Episode 123, Average Success Rate (last 10 eps): 0.80
Total T: 37200 Episode Num: 124 Episode T: 300 Reward: 251.000 PseudoReward: [274.88278059]
Episode 124, Average Success Rate (last 10 eps): 0.80
Total T: 37500 Episode Num: 125 Episode T: 300 Reward: 0.000 PseudoReward: [161.13301421]
Episode 125, Average Success Rate (last 10 eps): 0.70
Total T: 37800 Episode Num: 126 Episode T: 300 Reward: 0.000 PseudoReward: [141.6757431]
Episode 126, Average Success Rate (last 10 eps): 0.60
Total T: 38100 Episode Num: 127 Episode T: 300 Reward: 264.000 PseudoReward: [203.56151914]
Episode 127, Average Success Rate (last 10 eps): 0.60
Total T: 38400 Episode Num: 128 Episode T: 300 Reward: 0.000 PseudoReward: [166.41860352]
Episode 128, Average Success Rate (last 10 eps): 0.50
Total T: 38700 Episode Num: 129 Episode T: 300 Reward: 295.000 PseudoReward: [241.39544049]
Episode 129, Average Success Rate (last 10 eps): 0.60
Total T: 39000 Episode Num: 130 Episode T: 300 Reward: 269.000 PseudoReward: [275.48120679]
Episode 130, Average Success Rate (last 10 eps): 0.60
Total T: 39300 Episode Num: 131 Episode T: 300 Reward: 0.000 PseudoReward: [156.71145102]
Episode 131, Average Success Rate (last 10 eps): 0.50
Total T: 39600 Episode Num: 132 Episode T: 300 Reward: 0.000 PseudoReward: [72.07306831]
Episode 132, Average Success Rate (last 10 eps): 0.40
Total T: 39900 Episode Num: 133 Episode T: 300 Reward: 258.000 PseudoReward: [271.99759406]
Episode 133, Average Success Rate (last 10 eps): 0.50
Total T: 40200 Episode Num: 134 Episode T: 300 Reward: 285.000 PseudoReward: [202.9955738]
Episode 134, Average Success Rate (last 10 eps): 0.50
Total T: 40500 Episode Num: 135 Episode T: 300 Reward: 275.000 PseudoReward: [241.48890258]
Episode 135, Average Success Rate (last 10 eps): 0.60
Total T: 40800 Episode Num: 136 Episode T: 300 Reward: 0.000 PseudoReward: [54.92588383]
Episode 136, Average Success Rate (last 10 eps): 0.60
Total T: 41100 Episode Num: 137 Episode T: 300 Reward: 256.000 PseudoReward: [197.19782172]
Episode 137, Average Success Rate (last 10 eps): 0.60
Total T: 41400 Episode Num: 138 Episode T: 300 Reward: 0.000 PseudoReward: [54.49983743]
Episode 138, Average Success Rate (last 10 eps): 0.60
Total T: 41700 Episode Num: 139 Episode T: 300 Reward: 286.000 PseudoReward: [286.25836355]
Episode 139, Average Success Rate (last 10 eps): 0.60
Total T: 42000 Episode Num: 140 Episode T: 300 Reward: 0.000 PseudoReward: [173.52624307]
Episode 140, Average Success Rate (last 10 eps): 0.50
Total T: 42300 Episode Num: 141 Episode T: 300 Reward: 281.000 PseudoReward: [204.50285292]
Episode 141, Average Success Rate (last 10 eps): 0.60
Total T: 42600 Episode Num: 142 Episode T: 300 Reward: 262.000 PseudoReward: [275.7781967]
Episode 142, Average Success Rate (last 10 eps): 0.70
Total T: 42900 Episode Num: 143 Episode T: 300 Reward: 0.000 PseudoReward: [169.02883074]
Episode 143, Average Success Rate (last 10 eps): 0.60
Total T: 43200 Episode Num: 144 Episode T: 300 Reward: 270.000 PseudoReward: [281.34945844]
Episode 144, Average Success Rate (last 10 eps): 0.60
Total T: 43500 Episode Num: 145 Episode T: 300 Reward: 209.000 PseudoReward: [138.2376515]
Episode 145, Average Success Rate (last 10 eps): 0.60
Total T: 43800 Episode Num: 146 Episode T: 300 Reward: 287.000 PseudoReward: [289.11808198]
Episode 146, Average Success Rate (last 10 eps): 0.70
Total T: 44100 Episode Num: 147 Episode T: 300 Reward: 9.000 PseudoReward: [157.4221794]
Episode 147, Average Success Rate (last 10 eps): 0.70
Total T: 44400 Episode Num: 148 Episode T: 300 Reward: 281.000 PseudoReward: [206.45101917]
Episode 148, Average Success Rate (last 10 eps): 0.80
Total T: 44700 Episode Num: 149 Episode T: 300 Reward: 0.000 PseudoReward: [159.85975131]
Episode 149, Average Success Rate (last 10 eps): 0.70
Total T: 45000 Episode Num: 150 Episode T: 300 Reward: 250.000 PseudoReward: [232.68841924]
Episode 150, Average Success Rate (last 10 eps): 0.80
Total T: 45300 Episode Num: 151 Episode T: 300 Reward: 274.000 PseudoReward: [237.98080479]
Episode 151, Average Success Rate (last 10 eps): 0.80
Total T: 45600 Episode Num: 152 Episode T: 300 Reward: 297.000 PseudoReward: [207.28005094]
Episode 152, Average Success Rate (last 10 eps): 0.80
Total T: 45900 Episode Num: 153 Episode T: 300 Reward: 0.000 PseudoReward: [98.20289592]
Episode 153, Average Success Rate (last 10 eps): 0.80
Total T: 46200 Episode Num: 154 Episode T: 300 Reward: 0.000 PseudoReward: [84.30636377]
Episode 154, Average Success Rate (last 10 eps): 0.70
Total T: 46500 Episode Num: 155 Episode T: 300 Reward: 295.000 PseudoReward: [209.33656328]
Episode 155, Average Success Rate (last 10 eps): 0.70
Total T: 46800 Episode Num: 156 Episode T: 300 Reward: 294.000 PseudoReward: [119.02615374]
Episode 156, Average Success Rate (last 10 eps): 0.70
Total T: 47100 Episode Num: 157 Episode T: 300 Reward: 190.000 PseudoReward: [252.38981485]
Episode 157, Average Success Rate (last 10 eps): 0.70
Total T: 47400 Episode Num: 158 Episode T: 300 Reward: 283.000 PseudoReward: [202.91233742]
Episode 158, Average Success Rate (last 10 eps): 0.70
Total T: 47700 Episode Num: 159 Episode T: 300 Reward: 0.000 PseudoReward: [171.56096302]
Episode 159, Average Success Rate (last 10 eps): 0.70
Total T: 48000 Episode Num: 160 Episode T: 300 Reward: 271.000 PseudoReward: [280.70782019]
Episode 160, Average Success Rate (last 10 eps): 0.70
Total T: 48300 Episode Num: 161 Episode T: 300 Reward: 0.000 PseudoReward: [95.20110124]
Episode 161, Average Success Rate (last 10 eps): 0.60
Total T: 48600 Episode Num: 162 Episode T: 300 Reward: 0.000 PseudoReward: [144.3289731]
Episode 162, Average Success Rate (last 10 eps): 0.50
Total T: 48900 Episode Num: 163 Episode T: 300 Reward: 0.000 PseudoReward: [153.94124626]
Episode 163, Average Success Rate (last 10 eps): 0.50
Total T: 49200 Episode Num: 164 Episode T: 300 Reward: 286.000 PseudoReward: [204.39971689]
Episode 164, Average Success Rate (last 10 eps): 0.60
Total T: 49500 Episode Num: 165 Episode T: 300 Reward: 265.000 PseudoReward: [201.57707513]
Episode 165, Average Success Rate (last 10 eps): 0.60
Total T: 49800 Episode Num: 166 Episode T: 300 Reward: 0.000 PseudoReward: [153.99147421]
Episode 166, Average Success Rate (last 10 eps): 0.50
Total T: 50100 Episode Num: 167 Episode T: 300 Reward: 0.000 PseudoReward: [96.08196872]
Episode 167, Average Success Rate (last 10 eps): 0.40
Total T: 50400 Episode Num: 168 Episode T: 300 Reward: 0.000 PseudoReward: [66.37254815]
Episode 168, Average Success Rate (last 10 eps): 0.30
Total T: 50700 Episode Num: 169 Episode T: 300 Reward: 292.000 PseudoReward: [296.7956367]
Episode 169, Average Success Rate (last 10 eps): 0.40
Total T: 51000 Episode Num: 170 Episode T: 300 Reward: 250.000 PseudoReward: [271.21332473]
Episode 170, Average Success Rate (last 10 eps): 0.40
Total T: 51300 Episode Num: 171 Episode T: 300 Reward: 265.000 PseudoReward: [196.00000077]
Episode 171, Average Success Rate (last 10 eps): 0.50
Total T: 51600 Episode Num: 172 Episode T: 300 Reward: 252.000 PseudoReward: [272.72173983]
Episode 172, Average Success Rate (last 10 eps): 0.60
Total T: 51900 Episode Num: 173 Episode T: 300 Reward: 260.000 PseudoReward: [197.51416953]
Episode 173, Average Success Rate (last 10 eps): 0.70
Total T: 52200 Episode Num: 174 Episode T: 300 Reward: 245.000 PseudoReward: [194.31786597]
Episode 174, Average Success Rate (last 10 eps): 0.70
Total T: 52500 Episode Num: 175 Episode T: 300 Reward: 276.000 PseudoReward: [283.605858]
Episode 175, Average Success Rate (last 10 eps): 0.70
Total T: 52800 Episode Num: 176 Episode T: 300 Reward: 268.000 PseudoReward: [277.944376]
Episode 176, Average Success Rate (last 10 eps): 0.80
Total T: 53100 Episode Num: 177 Episode T: 300 Reward: 251.000 PseudoReward: [192.84093475]
Episode 177, Average Success Rate (last 10 eps): 0.90
Total T: 53400 Episode Num: 178 Episode T: 300 Reward: 0.000 PseudoReward: [172.73890436]
Episode 178, Average Success Rate (last 10 eps): 0.90
Total T: 53700 Episode Num: 179 Episode T: 300 Reward: 0.000 PseudoReward: [165.49241035]
Episode 179, Average Success Rate (last 10 eps): 0.80
Total T: 54000 Episode Num: 180 Episode T: 300 Reward: 247.000 PseudoReward: [192.34266869]
Episode 180, Average Success Rate (last 10 eps): 0.80
Total T: 54300 Episode Num: 181 Episode T: 300 Reward: 278.000 PseudoReward: [288.00795817]
Episode 181, Average Success Rate (last 10 eps): 0.80
Total T: 54600 Episode Num: 182 Episode T: 300 Reward: 0.000 PseudoReward: [90.30547287]
Episode 182, Average Success Rate (last 10 eps): 0.70
Total T: 54900 Episode Num: 183 Episode T: 300 Reward: 0.000 PseudoReward: [166.41605418]
Episode 183, Average Success Rate (last 10 eps): 0.60
Total T: 55200 Episode Num: 184 Episode T: 300 Reward: 0.000 PseudoReward: [166.52535565]
Episode 184, Average Success Rate (last 10 eps): 0.50
Total T: 55500 Episode Num: 185 Episode T: 300 Reward: 0.000 PseudoReward: [96.95704408]
Episode 185, Average Success Rate (last 10 eps): 0.40
Total T: 55800 Episode Num: 186 Episode T: 300 Reward: 262.000 PseudoReward: [283.54987073]
Episode 186, Average Success Rate (last 10 eps): 0.40
Total T: 56100 Episode Num: 187 Episode T: 300 Reward: 246.000 PseudoReward: [189.95364322]
Episode 187, Average Success Rate (last 10 eps): 0.40
Total T: 56400 Episode Num: 188 Episode T: 300 Reward: 272.000 PseudoReward: [198.6787347]
Episode 188, Average Success Rate (last 10 eps): 0.50
Total T: 56700 Episode Num: 189 Episode T: 300 Reward: 0.000 PseudoReward: [173.67049583]
Episode 189, Average Success Rate (last 10 eps): 0.50
Total T: 57000 Episode Num: 190 Episode T: 300 Reward: 277.000 PseudoReward: [203.48312965]
Episode 190, Average Success Rate (last 10 eps): 0.50
Total T: 57300 Episode Num: 191 Episode T: 300 Reward: 283.000 PseudoReward: [290.14504439]
Episode 191, Average Success Rate (last 10 eps): 0.50
Total T: 57600 Episode Num: 192 Episode T: 300 Reward: 0.000 PseudoReward: [154.32738887]
Episode 192, Average Success Rate (last 10 eps): 0.50
Total T: 57900 Episode Num: 193 Episode T: 300 Reward: 222.000 PseudoReward: [237.01943834]
Episode 193, Average Success Rate (last 10 eps): 0.60
Total T: 58200 Episode Num: 194 Episode T: 300 Reward: 245.000 PseudoReward: [258.240638]
Episode 194, Average Success Rate (last 10 eps): 0.70
Total T: 58500 Episode Num: 195 Episode T: 300 Reward: 0.000 PseudoReward: [156.39256149]
Episode 195, Average Success Rate (last 10 eps): 0.70
Total T: 58800 Episode Num: 196 Episode T: 300 Reward: 0.000 PseudoReward: [159.91449207]
Episode 196, Average Success Rate (last 10 eps): 0.60
Total T: 59100 Episode Num: 197 Episode T: 300 Reward: 276.000 PseudoReward: [206.64774775]
Episode 197, Average Success Rate (last 10 eps): 0.60
Total T: 59400 Episode Num: 198 Episode T: 300 Reward: 274.000 PseudoReward: [148.07007854]
Episode 198, Average Success Rate (last 10 eps): 0.60
Total T: 59700 Episode Num: 199 Episode T: 300 Reward: 0.000 PseudoReward: [132.78050085]
Episode 199, Average Success Rate (last 10 eps): 0.60
Total T: 60000 Episode Num: 200 Episode T: 300 Reward: 0.000 PseudoReward: [94.55685517]
Episode 200, Average Success Rate (last 10 eps): 0.50
Total T: 60300 Episode Num: 201 Episode T: 300 Reward: 280.000 PseudoReward: [202.86418947]
Episode 201, Average Success Rate (last 10 eps): 0.50
Total T: 60600 Episode Num: 202 Episode T: 300 Reward: 282.000 PseudoReward: [220.33832325]
Episode 202, Average Success Rate (last 10 eps): 0.60
Total T: 60900 Episode Num: 203 Episode T: 300 Reward: 0.000 PseudoReward: [94.7350392]
Episode 203, Average Success Rate (last 10 eps): 0.50
Total T: 61200 Episode Num: 204 Episode T: 300 Reward: 257.000 PseudoReward: [272.73482224]
Episode 204, Average Success Rate (last 10 eps): 0.50
Total T: 61500 Episode Num: 205 Episode T: 300 Reward: 281.000 PseudoReward: [203.20802218]
Episode 205, Average Success Rate (last 10 eps): 0.60
Total T: 61800 Episode Num: 206 Episode T: 300 Reward: 270.000 PseudoReward: [203.66011334]
Episode 206, Average Success Rate (last 10 eps): 0.70
Total T: 62100 Episode Num: 207 Episode T: 300 Reward: 277.000 PseudoReward: [202.49556163]
Episode 207, Average Success Rate (last 10 eps): 0.70
Total T: 62400 Episode Num: 208 Episode T: 300 Reward: 0.000 PseudoReward: [131.9736658]
Episode 208, Average Success Rate (last 10 eps): 0.60
Total T: 62700 Episode Num: 209 Episode T: 300 Reward: 0.000 PseudoReward: [115.44153048]
Episode 209, Average Success Rate (last 10 eps): 0.60
Total T: 63000 Episode Num: 210 Episode T: 300 Reward: 299.000 PseudoReward: [299.5862257]
Episode 210, Average Success Rate (last 10 eps): 0.70
Total T: 63300 Episode Num: 211 Episode T: 300 Reward: 189.000 PseudoReward: [161.66414167]
Episode 211, Average Success Rate (last 10 eps): 0.70
Total T: 63600 Episode Num: 212 Episode T: 300 Reward: 0.000 PseudoReward: [143.44084228]
Episode 212, Average Success Rate (last 10 eps): 0.60
Total T: 63900 Episode Num: 213 Episode T: 300 Reward: 283.000 PseudoReward: [289.36692555]
Episode 213, Average Success Rate (last 10 eps): 0.70
Total T: 64200 Episode Num: 214 Episode T: 300 Reward: 293.000 PseudoReward: [294.77000216]
Episode 214, Average Success Rate (last 10 eps): 0.70
Total T: 64500 Episode Num: 215 Episode T: 300 Reward: 284.000 PseudoReward: [290.38852506]
Episode 215, Average Success Rate (last 10 eps): 0.70
Total T: 64800 Episode Num: 216 Episode T: 300 Reward: 221.000 PseudoReward: [215.56022932]
Episode 216, Average Success Rate (last 10 eps): 0.70
Total T: 65100 Episode Num: 217 Episode T: 300 Reward: 190.000 PseudoReward: [184.54328927]
Episode 217, Average Success Rate (last 10 eps): 0.70
Total T: 65400 Episode Num: 218 Episode T: 300 Reward: 0.000 PseudoReward: [165.40062213]
Episode 218, Average Success Rate (last 10 eps): 0.70
Total T: 65700 Episode Num: 219 Episode T: 300 Reward: 215.000 PseudoReward: [223.61265381]
Episode 219, Average Success Rate (last 10 eps): 0.80
Total T: 66000 Episode Num: 220 Episode T: 300 Reward: 0.000 PseudoReward: [154.93506487]
Episode 220, Average Success Rate (last 10 eps): 0.70
Total T: 66300 Episode Num: 221 Episode T: 300 Reward: 0.000 PseudoReward: [61.65729307]
Episode 221, Average Success Rate (last 10 eps): 0.60
Total T: 66600 Episode Num: 222 Episode T: 300 Reward: 0.000 PseudoReward: [167.30202276]
Episode 222, Average Success Rate (last 10 eps): 0.60
Total T: 66900 Episode Num: 223 Episode T: 300 Reward: 285.000 PseudoReward: [293.35538344]
Episode 223, Average Success Rate (last 10 eps): 0.60
Total T: 67200 Episode Num: 224 Episode T: 300 Reward: 290.000 PseudoReward: [205.72486686]
Episode 224, Average Success Rate (last 10 eps): 0.60
Total T: 67500 Episode Num: 225 Episode T: 300 Reward: 292.000 PseudoReward: [206.74507361]
Episode 225, Average Success Rate (last 10 eps): 0.60
Total T: 67800 Episode Num: 226 Episode T: 300 Reward: 0.000 PseudoReward: [169.0774248]
Episode 226, Average Success Rate (last 10 eps): 0.50
Total T: 68100 Episode Num: 227 Episode T: 300 Reward: 0.000 PseudoReward: [172.0396535]
Episode 227, Average Success Rate (last 10 eps): 0.40
Total T: 68400 Episode Num: 228 Episode T: 300 Reward: 0.000 PseudoReward: [169.77436595]
Episode 228, Average Success Rate (last 10 eps): 0.40
Total T: 68700 Episode Num: 229 Episode T: 300 Reward: 257.000 PseudoReward: [192.09464334]
Episode 229, Average Success Rate (last 10 eps): 0.40
Total T: 69000 Episode Num: 230 Episode T: 300 Reward: 263.000 PseudoReward: [269.18918868]
Episode 230, Average Success Rate (last 10 eps): 0.50
Total T: 69300 Episode Num: 231 Episode T: 300 Reward: 294.000 PseudoReward: [207.55068604]
Episode 231, Average Success Rate (last 10 eps): 0.60
Total T: 69600 Episode Num: 232 Episode T: 300 Reward: 272.000 PseudoReward: [201.79564286]
Episode 232, Average Success Rate (last 10 eps): 0.70
Total T: 69900 Episode Num: 233 Episode T: 300 Reward: 286.000 PseudoReward: [204.22777517]
Episode 233, Average Success Rate (last 10 eps): 0.70
Total T: 70200 Episode Num: 234 Episode T: 300 Reward: 0.000 PseudoReward: [112.83631888]
Episode 234, Average Success Rate (last 10 eps): 0.60
Total T: 70500 Episode Num: 235 Episode T: 300 Reward: 0.000 PseudoReward: [163.07142961]
Episode 235, Average Success Rate (last 10 eps): 0.50
Total T: 70800 Episode Num: 236 Episode T: 300 Reward: 268.000 PseudoReward: [282.60886696]
Episode 236, Average Success Rate (last 10 eps): 0.60
Total T: 71100 Episode Num: 237 Episode T: 300 Reward: 0.000 PseudoReward: [100.39415438]
Episode 237, Average Success Rate (last 10 eps): 0.60
Total T: 71400 Episode Num: 238 Episode T: 300 Reward: 289.000 PseudoReward: [281.89490537]
Episode 238, Average Success Rate (last 10 eps): 0.70
Total T: 71700 Episode Num: 239 Episode T: 300 Reward: 285.000 PseudoReward: [203.81039644]
Episode 239, Average Success Rate (last 10 eps): 0.70
Total T: 72000 Episode Num: 240 Episode T: 300 Reward: 274.000 PseudoReward: [286.07934499]
Episode 240, Average Success Rate (last 10 eps): 0.70
Total T: 72300 Episode Num: 241 Episode T: 300 Reward: 285.000 PseudoReward: [240.29918717]
Episode 241, Average Success Rate (last 10 eps): 0.70
Total T: 72600 Episode Num: 242 Episode T: 300 Reward: 281.000 PseudoReward: [203.57160746]
Episode 242, Average Success Rate (last 10 eps): 0.70
Total T: 72900 Episode Num: 243 Episode T: 300 Reward: 222.000 PseudoReward: [247.08769522]
Episode 243, Average Success Rate (last 10 eps): 0.70
Total T: 73200 Episode Num: 244 Episode T: 300 Reward: 0.000 PseudoReward: [174.7280933]
Episode 244, Average Success Rate (last 10 eps): 0.70
Total T: 73500 Episode Num: 245 Episode T: 300 Reward: 0.000 PseudoReward: [124.20466959]
Episode 245, Average Success Rate (last 10 eps): 0.70
Total T: 73800 Episode Num: 246 Episode T: 300 Reward: 0.000 PseudoReward: [173.41054653]
Episode 246, Average Success Rate (last 10 eps): 0.60
Total T: 74100 Episode Num: 247 Episode T: 300 Reward: 0.000 PseudoReward: [125.41875895]
Episode 247, Average Success Rate (last 10 eps): 0.60
Total T: 74400 Episode Num: 248 Episode T: 300 Reward: 261.000 PseudoReward: [277.49777091]
Episode 248, Average Success Rate (last 10 eps): 0.60
Total T: 74700 Episode Num: 249 Episode T: 300 Reward: 0.000 PseudoReward: [50.26229258]
Episode 249, Average Success Rate (last 10 eps): 0.50
Total T: 75000 Episode Num: 250 Episode T: 300 Reward: 0.000 PseudoReward: [163.77342606]
Episode 250, Average Success Rate (last 10 eps): 0.40
Total T: 75300 Episode Num: 251 Episode T: 300 Reward: 230.000 PseudoReward: [180.29280948]
Episode 251, Average Success Rate (last 10 eps): 0.40
Total T: 75600 Episode Num: 252 Episode T: 300 Reward: 0.000 PseudoReward: [165.22565429]
Episode 252, Average Success Rate (last 10 eps): 0.30
Total T: 75900 Episode Num: 253 Episode T: 300 Reward: 0.000 PseudoReward: [130.31882817]
Episode 253, Average Success Rate (last 10 eps): 0.20
Total T: 76200 Episode Num: 254 Episode T: 300 Reward: 288.000 PseudoReward: [205.73219512]
Episode 254, Average Success Rate (last 10 eps): 0.30
Total T: 76500 Episode Num: 255 Episode T: 300 Reward: 0.000 PseudoReward: [151.92970845]
Episode 255, Average Success Rate (last 10 eps): 0.30
Total T: 76800 Episode Num: 256 Episode T: 300 Reward: 180.000 PseudoReward: [174.35620813]
Episode 256, Average Success Rate (last 10 eps): 0.40
Total T: 77100 Episode Num: 257 Episode T: 300 Reward: 279.000 PseudoReward: [202.22375994]
Episode 257, Average Success Rate (last 10 eps): 0.50
Total T: 77400 Episode Num: 258 Episode T: 300 Reward: 286.000 PseudoReward: [294.38763448]
Episode 258, Average Success Rate (last 10 eps): 0.50
Total T: 77700 Episode Num: 259 Episode T: 300 Reward: 0.000 PseudoReward: [138.51449532]
Episode 259, Average Success Rate (last 10 eps): 0.50
Total T: 78000 Episode Num: 260 Episode T: 300 Reward: 0.000 PseudoReward: [167.96087957]
Episode 260, Average Success Rate (last 10 eps): 0.50
Total T: 78300 Episode Num: 261 Episode T: 300 Reward: 0.000 PseudoReward: [146.14605609]
Episode 261, Average Success Rate (last 10 eps): 0.40
Total T: 78600 Episode Num: 262 Episode T: 300 Reward: 0.000 PseudoReward: [119.85611591]
Episode 262, Average Success Rate (last 10 eps): 0.40
Total T: 78900 Episode Num: 263 Episode T: 300 Reward: 0.000 PseudoReward: [164.58204935]
Episode 263, Average Success Rate (last 10 eps): 0.40
Total T: 79200 Episode Num: 264 Episode T: 300 Reward: 278.000 PseudoReward: [281.26930631]
Episode 264, Average Success Rate (last 10 eps): 0.40
Total T: 79500 Episode Num: 265 Episode T: 300 Reward: 0.000 PseudoReward: [65.02621033]
Episode 265, Average Success Rate (last 10 eps): 0.40
Total T: 79800 Episode Num: 266 Episode T: 300 Reward: 0.000 PseudoReward: [158.20110093]
Episode 266, Average Success Rate (last 10 eps): 0.30
Total T: 80100 Episode Num: 267 Episode T: 300 Reward: 287.000 PseudoReward: [122.6244142]
Episode 267, Average Success Rate (last 10 eps): 0.30
Total T: 80400 Episode Num: 268 Episode T: 300 Reward: 0.000 PseudoReward: [137.44002571]
Episode 268, Average Success Rate (last 10 eps): 0.20
Total T: 80700 Episode Num: 269 Episode T: 300 Reward: 238.000 PseudoReward: [187.17896974]
Episode 269, Average Success Rate (last 10 eps): 0.30
Total T: 81000 Episode Num: 270 Episode T: 300 Reward: 245.000 PseudoReward: [193.76217696]
Episode 270, Average Success Rate (last 10 eps): 0.40
Total T: 81300 Episode Num: 271 Episode T: 300 Reward: 234.000 PseudoReward: [265.77239236]
Episode 271, Average Success Rate (last 10 eps): 0.50
Total T: 81600 Episode Num: 272 Episode T: 300 Reward: 0.000 PseudoReward: [111.82032977]
Episode 272, Average Success Rate (last 10 eps): 0.50
Total T: 81900 Episode Num: 273 Episode T: 300 Reward: 266.000 PseudoReward: [198.39211183]
Episode 273, Average Success Rate (last 10 eps): 0.60
Total T: 82200 Episode Num: 274 Episode T: 300 Reward: 0.000 PseudoReward: [158.82900272]
Episode 274, Average Success Rate (last 10 eps): 0.50
Total T: 82500 Episode Num: 275 Episode T: 300 Reward: 224.000 PseudoReward: [267.57058289]
Episode 275, Average Success Rate (last 10 eps): 0.60
Total T: 82800 Episode Num: 276 Episode T: 300 Reward: 0.000 PseudoReward: [153.9267559]
Episode 276, Average Success Rate (last 10 eps): 0.60
Total T: 83100 Episode Num: 277 Episode T: 300 Reward: 286.000 PseudoReward: [115.44231052]
Episode 277, Average Success Rate (last 10 eps): 0.60
Total T: 83400 Episode Num: 278 Episode T: 300 Reward: 0.000 PseudoReward: [168.91810748]
Episode 278, Average Success Rate (last 10 eps): 0.60
Total T: 83700 Episode Num: 279 Episode T: 300 Reward: 294.000 PseudoReward: [297.25150689]
Episode 279, Average Success Rate (last 10 eps): 0.60
Total T: 84000 Episode Num: 280 Episode T: 300 Reward: 0.000 PseudoReward: [172.00815044]
Episode 280, Average Success Rate (last 10 eps): 0.50
Total T: 84300 Episode Num: 281 Episode T: 300 Reward: 0.000 PseudoReward: [172.53804829]
Episode 281, Average Success Rate (last 10 eps): 0.40
Total T: 84600 Episode Num: 282 Episode T: 300 Reward: 281.000 PseudoReward: [291.36188761]
Episode 282, Average Success Rate (last 10 eps): 0.50
Total T: 84900 Episode Num: 283 Episode T: 300 Reward: 291.000 PseudoReward: [296.04086006]
Episode 283, Average Success Rate (last 10 eps): 0.50
