/home/xlx9645/miniconda3/envs/maze/lib/python3.9/site-packages/gymnasium/envs/registration.py:642: UserWarning: [33mWARN: Overriding environment TrapMazeEnv already in registry.[0m
  logger.warn(f"Overriding environment {new_spec.id} already in registry.")
wandb: Using wandb-core as the SDK backend.  Please refer to https://wandb.me/wandb-core for more information.
wandb: Currently logged in as: yuxuanli2023 (yuxuanli2023-northwestern-university). Use `wandb login --relogin` to force relogin
wandb: - Waiting for wandb.init()...wandb: \ Waiting for wandb.init()...wandb: | Waiting for wandb.init()...wandb: Tracking run with wandb version 0.19.1
wandb: Run data is saved locally in /home/xlx9645/failed/Maze/update_baselines/wandb/run-20250107_194726-hp2vgxwt
wandb: Run `wandb offline` to turn off syncing.
wandb: Syncing run AIRL
wandb: ⭐️ View project at https://wandb.ai/yuxuanli2023-northwestern-university/Main_Umaze
wandb: 🚀 View run at https://wandb.ai/yuxuanli2023-northwestern-university/Main_Umaze/runs/hp2vgxwt
/home/xlx9645/miniconda3/envs/maze/lib/python3.9/site-packages/gymnasium/spaces/box.py:235: UserWarning: [33mWARN: Box low's precision lowered by casting to float32, current low.dtype=float64[0m
  gym.logger.warn(
/home/xlx9645/miniconda3/envs/maze/lib/python3.9/site-packages/gymnasium/spaces/box.py:305: UserWarning: [33mWARN: Box high's precision lowered by casting to float32, current high.dtype=float64[0m
  gym.logger.warn(
wandb: 500 encountered ({"errors":[{"message":"An internal error occurred. Please contact support.","path":["upsertBucket"]}],"data":{"upsertBucket":null}}), retrying request
/home/xlx9645/miniconda3/envs/maze/lib/python3.9/site-packages/torch/optim/lr_scheduler.py:224: UserWarning: Detected call of `lr_scheduler.step()` before `optimizer.step()`. In PyTorch 1.1.0 and later, you should call them in the opposite order: `optimizer.step()` before `lr_scheduler.step()`.  Failure to do this will result in PyTorch skipping the first value of the learning rate schedule. See more details at https://pytorch.org/docs/stable/optim.html#how-to-adjust-learning-rate
  warnings.warn(
/home/xlx9645/miniconda3/envs/maze/lib/python3.9/site-packages/torch/optim/lr_scheduler.py:224: UserWarning: Detected call of `lr_scheduler.step()` before `optimizer.step()`. In PyTorch 1.1.0 and later, you should call them in the opposite order: `optimizer.step()` before `lr_scheduler.step()`.  Failure to do this will result in PyTorch skipping the first value of the learning rate schedule. See more details at https://pytorch.org/docs/stable/optim.html#how-to-adjust-learning-rate
  warnings.warn(
Total T: 300 Episode Num: 1 Episode T: 300 Reward: 0.000 PseudoReward: [[-181.78705]]
Episode 1, Average Success Rate (last 10 eps): 0.00
Total T: 600 Episode Num: 2 Episode T: 300 Reward: 0.000 PseudoReward: [[260.00824]]
Episode 2, Average Success Rate (last 10 eps): 0.00
Total T: 900 Episode Num: 3 Episode T: 300 Reward: 225.000 PseudoReward: [[502.4096]]
Episode 3, Average Success Rate (last 10 eps): 0.33
Total T: 1200 Episode Num: 4 Episode T: 300 Reward: 0.000 PseudoReward: [[676.9005]]
Episode 4, Average Success Rate (last 10 eps): 0.25
Total T: 1500 Episode Num: 5 Episode T: 300 Reward: 0.000 PseudoReward: [[-247.4213]]
Episode 5, Average Success Rate (last 10 eps): 0.20
Total T: 1800 Episode Num: 6 Episode T: 300 Reward: 0.000 PseudoReward: [[-705.1123]]
Episode 6, Average Success Rate (last 10 eps): 0.17
Total T: 2100 Episode Num: 7 Episode T: 300 Reward: 0.000 PseudoReward: [[-400.07715]]
Episode 7, Average Success Rate (last 10 eps): 0.14
Total T: 2400 Episode Num: 8 Episode T: 300 Reward: 0.000 PseudoReward: [[-1867.7924]]
Episode 8, Average Success Rate (last 10 eps): 0.12
Total T: 2700 Episode Num: 9 Episode T: 300 Reward: 0.000 PseudoReward: [[-99.946144]]
Episode 9, Average Success Rate (last 10 eps): 0.11
Total T: 3000 Episode Num: 10 Episode T: 300 Reward: 0.000 PseudoReward: [[-354.65192]]
Episode 10, Average Success Rate (last 10 eps): 0.10
Total T: 3300 Episode Num: 11 Episode T: 300 Reward: 282.000 PseudoReward: [[-261.646]]
Episode 11, Average Success Rate (last 10 eps): 0.20
Total T: 3600 Episode Num: 12 Episode T: 300 Reward: 0.000 PseudoReward: [[-6440.3877]]
Episode 12, Average Success Rate (last 10 eps): 0.20
Total T: 3900 Episode Num: 13 Episode T: 300 Reward: 0.000 PseudoReward: [[827.933]]
Episode 13, Average Success Rate (last 10 eps): 0.10
Total T: 4200 Episode Num: 14 Episode T: 300 Reward: 271.000 PseudoReward: [[1107.1199]]
Episode 14, Average Success Rate (last 10 eps): 0.20
Total T: 4500 Episode Num: 15 Episode T: 300 Reward: 291.000 PseudoReward: [[112.98586]]
Episode 15, Average Success Rate (last 10 eps): 0.30
Total T: 4800 Episode Num: 16 Episode T: 300 Reward: 0.000 PseudoReward: [[-6232.1973]]
Episode 16, Average Success Rate (last 10 eps): 0.30
Total T: 5100 Episode Num: 17 Episode T: 300 Reward: 0.000 PseudoReward: [[-1436.8387]]
Episode 17, Average Success Rate (last 10 eps): 0.30
Total T: 5400 Episode Num: 18 Episode T: 300 Reward: 283.000 PseudoReward: [[38.45054]]
Episode 18, Average Success Rate (last 10 eps): 0.40
Total T: 5700 Episode Num: 19 Episode T: 300 Reward: 0.000 PseudoReward: [[-295.1446]]
Episode 19, Average Success Rate (last 10 eps): 0.40
Total T: 6000 Episode Num: 20 Episode T: 300 Reward: 263.000 PseudoReward: [[-481.65997]]
Episode 20, Average Success Rate (last 10 eps): 0.50
Total T: 6300 Episode Num: 21 Episode T: 300 Reward: 0.000 PseudoReward: [[-1627.588]]
Episode 21, Average Success Rate (last 10 eps): 0.40
Total T: 6600 Episode Num: 22 Episode T: 300 Reward: 268.000 PseudoReward: [[-1017.97754]]
Episode 22, Average Success Rate (last 10 eps): 0.50
Total T: 6900 Episode Num: 23 Episode T: 300 Reward: 271.000 PseudoReward: [[-918.112]]
Episode 23, Average Success Rate (last 10 eps): 0.60
Total T: 7200 Episode Num: 24 Episode T: 300 Reward: 17.000 PseudoReward: [[-2348.6958]]
Episode 24, Average Success Rate (last 10 eps): 0.60
Total T: 7500 Episode Num: 25 Episode T: 300 Reward: 295.000 PseudoReward: [[45.300346]]
Episode 25, Average Success Rate (last 10 eps): 0.60
Total T: 7800 Episode Num: 26 Episode T: 300 Reward: 160.000 PseudoReward: [[-946.19]]
Episode 26, Average Success Rate (last 10 eps): 0.70
Total T: 8100 Episode Num: 27 Episode T: 300 Reward: 0.000 PseudoReward: [[2660.2632]]
Episode 27, Average Success Rate (last 10 eps): 0.70
Total T: 8400 Episode Num: 28 Episode T: 300 Reward: 0.000 PseudoReward: [[1805.1869]]
Episode 28, Average Success Rate (last 10 eps): 0.60
Total T: 8700 Episode Num: 29 Episode T: 300 Reward: 150.000 PseudoReward: [[-293.44513]]
Episode 29, Average Success Rate (last 10 eps): 0.70
Total T: 9000 Episode Num: 30 Episode T: 300 Reward: 185.000 PseudoReward: [[-3683.4883]]
Episode 30, Average Success Rate (last 10 eps): 0.70
Total T: 9300 Episode Num: 31 Episode T: 300 Reward: 184.000 PseudoReward: [[-1494.4076]]
Episode 31, Average Success Rate (last 10 eps): 0.80
Total T: 9600 Episode Num: 32 Episode T: 300 Reward: 278.000 PseudoReward: [[-1632.4587]]
Episode 32, Average Success Rate (last 10 eps): 0.80
Total T: 9900 Episode Num: 33 Episode T: 300 Reward: 0.000 PseudoReward: [[-5993.594]]
Episode 33, Average Success Rate (last 10 eps): 0.70
Total T: 10200 Episode Num: 34 Episode T: 300 Reward: 0.000 PseudoReward: [[1058.2952]]
Episode 34, Average Success Rate (last 10 eps): 0.60
Total T: 10500 Episode Num: 35 Episode T: 300 Reward: 85.000 PseudoReward: [[-2737.0728]]
Episode 35, Average Success Rate (last 10 eps): 0.60
Total T: 10800 Episode Num: 36 Episode T: 300 Reward: 213.000 PseudoReward: [[-1948.8167]]
Episode 36, Average Success Rate (last 10 eps): 0.60
Total T: 11100 Episode Num: 37 Episode T: 300 Reward: 0.000 PseudoReward: [[-1383.0002]]
Episode 37, Average Success Rate (last 10 eps): 0.60
Total T: 11400 Episode Num: 38 Episode T: 300 Reward: 0.000 PseudoReward: [[-1845.447]]
Episode 38, Average Success Rate (last 10 eps): 0.60
Total T: 11700 Episode Num: 39 Episode T: 300 Reward: 236.000 PseudoReward: [[-5518.057]]
Episode 39, Average Success Rate (last 10 eps): 0.60
Total T: 12000 Episode Num: 40 Episode T: 300 Reward: 0.000 PseudoReward: [[459.63467]]
Episode 40, Average Success Rate (last 10 eps): 0.50
Total T: 12300 Episode Num: 41 Episode T: 300 Reward: 268.000 PseudoReward: [[-924.1895]]
Episode 41, Average Success Rate (last 10 eps): 0.50
Total T: 12600 Episode Num: 42 Episode T: 300 Reward: 0.000 PseudoReward: [[-6482.5093]]
Episode 42, Average Success Rate (last 10 eps): 0.40
Total T: 12900 Episode Num: 43 Episode T: 300 Reward: 240.000 PseudoReward: [[-1457.7633]]
Episode 43, Average Success Rate (last 10 eps): 0.50
Total T: 13200 Episode Num: 44 Episode T: 300 Reward: 272.000 PseudoReward: [[-7882.037]]
Episode 44, Average Success Rate (last 10 eps): 0.60
Total T: 13500 Episode Num: 45 Episode T: 300 Reward: 0.000 PseudoReward: [[-7981.3613]]
Episode 45, Average Success Rate (last 10 eps): 0.50
Total T: 13800 Episode Num: 46 Episode T: 300 Reward: 264.000 PseudoReward: [[-10854.029]]
Episode 46, Average Success Rate (last 10 eps): 0.50
Total T: 14100 Episode Num: 47 Episode T: 300 Reward: 275.000 PseudoReward: [[1986.9702]]
Episode 47, Average Success Rate (last 10 eps): 0.60
Total T: 14400 Episode Num: 48 Episode T: 300 Reward: 296.000 PseudoReward: [[1496.6415]]
Episode 48, Average Success Rate (last 10 eps): 0.70
Total T: 14700 Episode Num: 49 Episode T: 300 Reward: 0.000 PseudoReward: [[335.3413]]
Episode 49, Average Success Rate (last 10 eps): 0.60
Total T: 15000 Episode Num: 50 Episode T: 300 Reward: 0.000 PseudoReward: [[-11073.199]]
Episode 50, Average Success Rate (last 10 eps): 0.60
Total T: 15300 Episode Num: 51 Episode T: 300 Reward: 135.000 PseudoReward: [[1836.211]]
Episode 51, Average Success Rate (last 10 eps): 0.60
Total T: 15600 Episode Num: 52 Episode T: 300 Reward: 119.000 PseudoReward: [[-4638.579]]
Episode 52, Average Success Rate (last 10 eps): 0.70
Total T: 15900 Episode Num: 53 Episode T: 300 Reward: 0.000 PseudoReward: [[430.1542]]
Episode 53, Average Success Rate (last 10 eps): 0.60
Total T: 16200 Episode Num: 54 Episode T: 300 Reward: 268.000 PseudoReward: [[-2375.1392]]
Episode 54, Average Success Rate (last 10 eps): 0.60
Total T: 16500 Episode Num: 55 Episode T: 300 Reward: 0.000 PseudoReward: [[1895.2054]]
Episode 55, Average Success Rate (last 10 eps): 0.60
Total T: 16800 Episode Num: 56 Episode T: 300 Reward: 0.000 PseudoReward: [[-114.67577]]
Episode 56, Average Success Rate (last 10 eps): 0.50
Total T: 17100 Episode Num: 57 Episode T: 300 Reward: 290.000 PseudoReward: [[-9476.556]]
Episode 57, Average Success Rate (last 10 eps): 0.50
Total T: 17400 Episode Num: 58 Episode T: 300 Reward: 295.000 PseudoReward: [[-5131.5337]]
Episode 58, Average Success Rate (last 10 eps): 0.50
Total T: 17700 Episode Num: 59 Episode T: 300 Reward: 283.000 PseudoReward: [[-2103.1497]]
Episode 59, Average Success Rate (last 10 eps): 0.60
Total T: 18000 Episode Num: 60 Episode T: 300 Reward: 231.000 PseudoReward: [[-578.67126]]
Episode 60, Average Success Rate (last 10 eps): 0.70
Total T: 18300 Episode Num: 61 Episode T: 300 Reward: 285.000 PseudoReward: [[-3240.029]]
Episode 61, Average Success Rate (last 10 eps): 0.70
Total T: 18600 Episode Num: 62 Episode T: 300 Reward: 0.000 PseudoReward: [[-2125.7622]]
Episode 62, Average Success Rate (last 10 eps): 0.60
Total T: 18900 Episode Num: 63 Episode T: 300 Reward: 286.000 PseudoReward: [[-5549.1006]]
Episode 63, Average Success Rate (last 10 eps): 0.70
Total T: 19200 Episode Num: 64 Episode T: 300 Reward: 0.000 PseudoReward: [[-5978.345]]
Episode 64, Average Success Rate (last 10 eps): 0.60
Total T: 19500 Episode Num: 65 Episode T: 300 Reward: 118.000 PseudoReward: [[-947.2377]]
Episode 65, Average Success Rate (last 10 eps): 0.70
Total T: 19800 Episode Num: 66 Episode T: 300 Reward: 271.000 PseudoReward: [[-4051.6155]]
Episode 66, Average Success Rate (last 10 eps): 0.80
Total T: 20100 Episode Num: 67 Episode T: 300 Reward: 0.000 PseudoReward: [[-13814.787]]
Episode 67, Average Success Rate (last 10 eps): 0.70
Total T: 20400 Episode Num: 68 Episode T: 300 Reward: 256.000 PseudoReward: [[-11031.741]]
Episode 68, Average Success Rate (last 10 eps): 0.70
Total T: 20700 Episode Num: 69 Episode T: 300 Reward: 295.000 PseudoReward: [[-2554.0583]]
Episode 69, Average Success Rate (last 10 eps): 0.70
Total T: 21000 Episode Num: 70 Episode T: 300 Reward: 0.000 PseudoReward: [[-5729.9346]]
Episode 70, Average Success Rate (last 10 eps): 0.60
Total T: 21300 Episode Num: 71 Episode T: 300 Reward: 0.000 PseudoReward: [[-3182.529]]
Episode 71, Average Success Rate (last 10 eps): 0.50
Total T: 21600 Episode Num: 72 Episode T: 300 Reward: 283.000 PseudoReward: [[-12717.374]]
Episode 72, Average Success Rate (last 10 eps): 0.60
Total T: 21900 Episode Num: 73 Episode T: 300 Reward: 0.000 PseudoReward: [[-13665.016]]
Episode 73, Average Success Rate (last 10 eps): 0.50
Total T: 22200 Episode Num: 74 Episode T: 300 Reward: 274.000 PseudoReward: [[-9303.582]]
Episode 74, Average Success Rate (last 10 eps): 0.60
Total T: 22500 Episode Num: 75 Episode T: 300 Reward: 0.000 PseudoReward: [[-11749.618]]
Episode 75, Average Success Rate (last 10 eps): 0.50
Total T: 22800 Episode Num: 76 Episode T: 300 Reward: 0.000 PseudoReward: [[-7487.884]]
Episode 76, Average Success Rate (last 10 eps): 0.40
Total T: 23100 Episode Num: 77 Episode T: 300 Reward: 283.000 PseudoReward: [[-2991.685]]
Episode 77, Average Success Rate (last 10 eps): 0.50
Total T: 23400 Episode Num: 78 Episode T: 300 Reward: 288.000 PseudoReward: [[-7678.957]]
Episode 78, Average Success Rate (last 10 eps): 0.50
Total T: 23700 Episode Num: 79 Episode T: 300 Reward: 0.000 PseudoReward: [[-6333.135]]
Episode 79, Average Success Rate (last 10 eps): 0.40
Total T: 24000 Episode Num: 80 Episode T: 300 Reward: 228.000 PseudoReward: [[-12505.421]]
Episode 80, Average Success Rate (last 10 eps): 0.50
Total T: 24300 Episode Num: 81 Episode T: 300 Reward: 226.000 PseudoReward: [[-3316.0261]]
Episode 81, Average Success Rate (last 10 eps): 0.60
Total T: 24600 Episode Num: 82 Episode T: 300 Reward: 162.000 PseudoReward: [[-11302.178]]
Episode 82, Average Success Rate (last 10 eps): 0.60
Total T: 24900 Episode Num: 83 Episode T: 300 Reward: 0.000 PseudoReward: [[-10555.393]]
Episode 83, Average Success Rate (last 10 eps): 0.60
Total T: 25200 Episode Num: 84 Episode T: 300 Reward: 259.000 PseudoReward: [[-12816.043]]
Episode 84, Average Success Rate (last 10 eps): 0.60
Total T: 25500 Episode Num: 85 Episode T: 300 Reward: 184.000 PseudoReward: [[-10957.729]]
Episode 85, Average Success Rate (last 10 eps): 0.70
Total T: 25800 Episode Num: 86 Episode T: 300 Reward: 288.000 PseudoReward: [[-11165.039]]
Episode 86, Average Success Rate (last 10 eps): 0.80
Total T: 26100 Episode Num: 87 Episode T: 300 Reward: 232.000 PseudoReward: [[-13133.058]]
Episode 87, Average Success Rate (last 10 eps): 0.80
Total T: 26400 Episode Num: 88 Episode T: 300 Reward: 256.000 PseudoReward: [[-9371.543]]
Episode 88, Average Success Rate (last 10 eps): 0.80
Total T: 26700 Episode Num: 89 Episode T: 300 Reward: 277.000 PseudoReward: [[-13600.213]]
Episode 89, Average Success Rate (last 10 eps): 0.90
Total T: 27000 Episode Num: 90 Episode T: 300 Reward: 0.000 PseudoReward: [[-13706.403]]
Episode 90, Average Success Rate (last 10 eps): 0.80
Total T: 27300 Episode Num: 91 Episode T: 300 Reward: 105.000 PseudoReward: [[-10657.578]]
Episode 91, Average Success Rate (last 10 eps): 0.80
Total T: 27600 Episode Num: 92 Episode T: 300 Reward: 0.000 PseudoReward: [[-13789.126]]
Episode 92, Average Success Rate (last 10 eps): 0.70
Total T: 27900 Episode Num: 93 Episode T: 300 Reward: 0.000 PseudoReward: [[-13188.579]]
Episode 93, Average Success Rate (last 10 eps): 0.70
Total T: 28200 Episode Num: 94 Episode T: 300 Reward: 262.000 PseudoReward: [[-9213.716]]
Episode 94, Average Success Rate (last 10 eps): 0.70
Total T: 28500 Episode Num: 95 Episode T: 300 Reward: 184.000 PseudoReward: [[-8825.489]]
Episode 95, Average Success Rate (last 10 eps): 0.70
Total T: 28800 Episode Num: 96 Episode T: 300 Reward: 0.000 PseudoReward: [[-7933.292]]
Episode 96, Average Success Rate (last 10 eps): 0.60
Total T: 29100 Episode Num: 97 Episode T: 300 Reward: 211.000 PseudoReward: [[-8506.561]]
Episode 97, Average Success Rate (last 10 eps): 0.60
Total T: 29400 Episode Num: 98 Episode T: 300 Reward: 152.000 PseudoReward: [[-13523.263]]
Episode 98, Average Success Rate (last 10 eps): 0.60
Total T: 29700 Episode Num: 99 Episode T: 300 Reward: 43.000 PseudoReward: [[-8429.913]]
Episode 99, Average Success Rate (last 10 eps): 0.60
Total T: 30000 Episode Num: 100 Episode T: 300 Reward: 0.000 PseudoReward: [[-11986.097]]
Episode 100, Average Success Rate (last 10 eps): 0.60
Total T: 30300 Episode Num: 101 Episode T: 300 Reward: 259.000 PseudoReward: [[-8990.3125]]
Episode 101, Average Success Rate (last 10 eps): 0.60
Total T: 30600 Episode Num: 102 Episode T: 300 Reward: 0.000 PseudoReward: [[-10380.117]]
Episode 102, Average Success Rate (last 10 eps): 0.60
Total T: 30900 Episode Num: 103 Episode T: 300 Reward: 254.000 PseudoReward: [[-6704.7114]]
Episode 103, Average Success Rate (last 10 eps): 0.70
Total T: 31200 Episode Num: 104 Episode T: 300 Reward: 0.000 PseudoReward: [[-13315.687]]
Episode 104, Average Success Rate (last 10 eps): 0.60
Total T: 31500 Episode Num: 105 Episode T: 300 Reward: 273.000 PseudoReward: [[-11217.274]]
Episode 105, Average Success Rate (last 10 eps): 0.60
Total T: 31800 Episode Num: 106 Episode T: 300 Reward: 203.000 PseudoReward: [[-12561.094]]
Episode 106, Average Success Rate (last 10 eps): 0.70
Total T: 32100 Episode Num: 107 Episode T: 300 Reward: 225.000 PseudoReward: [[-7115.1626]]
Episode 107, Average Success Rate (last 10 eps): 0.70
Total T: 32400 Episode Num: 108 Episode T: 300 Reward: 279.000 PseudoReward: [[-13813.469]]
Episode 108, Average Success Rate (last 10 eps): 0.70
Total T: 32700 Episode Num: 109 Episode T: 300 Reward: 245.000 PseudoReward: [[-9502.685]]
Episode 109, Average Success Rate (last 10 eps): 0.70
Total T: 33000 Episode Num: 110 Episode T: 300 Reward: 275.000 PseudoReward: [[-6938.668]]
Episode 110, Average Success Rate (last 10 eps): 0.80
Total T: 33300 Episode Num: 111 Episode T: 300 Reward: 213.000 PseudoReward: [[-7661.484]]
Episode 111, Average Success Rate (last 10 eps): 0.80
Total T: 33600 Episode Num: 112 Episode T: 300 Reward: 283.000 PseudoReward: [[-13215.575]]
Episode 112, Average Success Rate (last 10 eps): 0.90
Total T: 33900 Episode Num: 113 Episode T: 300 Reward: 0.000 PseudoReward: [[-5208.8]]
Episode 113, Average Success Rate (last 10 eps): 0.80
Total T: 34200 Episode Num: 114 Episode T: 300 Reward: 271.000 PseudoReward: [[-8667.634]]
Episode 114, Average Success Rate (last 10 eps): 0.90
Total T: 34500 Episode Num: 115 Episode T: 300 Reward: 217.000 PseudoReward: [[-8388.258]]
Episode 115, Average Success Rate (last 10 eps): 0.90
Total T: 34800 Episode Num: 116 Episode T: 300 Reward: 0.000 PseudoReward: [[-11723.876]]
Episode 116, Average Success Rate (last 10 eps): 0.80
Total T: 35100 Episode Num: 117 Episode T: 300 Reward: 277.000 PseudoReward: [[-9312.253]]
Episode 117, Average Success Rate (last 10 eps): 0.80
Total T: 35400 Episode Num: 118 Episode T: 300 Reward: 135.000 PseudoReward: [[-12219.583]]
Episode 118, Average Success Rate (last 10 eps): 0.80
Total T: 35700 Episode Num: 119 Episode T: 300 Reward: 224.000 PseudoReward: [[-10418.035]]
Episode 119, Average Success Rate (last 10 eps): 0.80
Total T: 36000 Episode Num: 120 Episode T: 300 Reward: 295.000 PseudoReward: [[-12788.301]]
Episode 120, Average Success Rate (last 10 eps): 0.80
Total T: 36300 Episode Num: 121 Episode T: 300 Reward: 240.000 PseudoReward: [[-13585.499]]
Episode 121, Average Success Rate (last 10 eps): 0.80
Total T: 36600 Episode Num: 122 Episode T: 300 Reward: 0.000 PseudoReward: [[-13732.719]]
Episode 122, Average Success Rate (last 10 eps): 0.70
Total T: 36900 Episode Num: 123 Episode T: 300 Reward: 283.000 PseudoReward: [[-10405.321]]
Episode 123, Average Success Rate (last 10 eps): 0.80
Total T: 37200 Episode Num: 124 Episode T: 300 Reward: 0.000 PseudoReward: [[-8174.6177]]
Episode 124, Average Success Rate (last 10 eps): 0.70
Total T: 37500 Episode Num: 125 Episode T: 300 Reward: 0.000 PseudoReward: [[-9470.975]]
Episode 125, Average Success Rate (last 10 eps): 0.60
Total T: 37800 Episode Num: 126 Episode T: 300 Reward: 287.000 PseudoReward: [[-12972.985]]
Episode 126, Average Success Rate (last 10 eps): 0.70
Total T: 38100 Episode Num: 127 Episode T: 300 Reward: 0.000 PseudoReward: [[-10181.114]]
Episode 127, Average Success Rate (last 10 eps): 0.60
Total T: 38400 Episode Num: 128 Episode T: 300 Reward: 56.000 PseudoReward: [[-7741.892]]
Episode 128, Average Success Rate (last 10 eps): 0.60
Total T: 38700 Episode Num: 129 Episode T: 300 Reward: 27.000 PseudoReward: [[-8443.002]]
Episode 129, Average Success Rate (last 10 eps): 0.60
Total T: 39000 Episode Num: 130 Episode T: 300 Reward: 0.000 PseudoReward: [[-6025.5317]]
Episode 130, Average Success Rate (last 10 eps): 0.50
Total T: 39300 Episode Num: 131 Episode T: 300 Reward: 283.000 PseudoReward: [[-11688.723]]
Episode 131, Average Success Rate (last 10 eps): 0.50
Total T: 39600 Episode Num: 132 Episode T: 300 Reward: 0.000 PseudoReward: [[-6649.503]]
Episode 132, Average Success Rate (last 10 eps): 0.50
Total T: 39900 Episode Num: 133 Episode T: 300 Reward: 243.000 PseudoReward: [[-10089.932]]
Episode 133, Average Success Rate (last 10 eps): 0.50
Total T: 40200 Episode Num: 134 Episode T: 300 Reward: 260.000 PseudoReward: [[-13074.037]]
Episode 134, Average Success Rate (last 10 eps): 0.60
Total T: 40500 Episode Num: 135 Episode T: 300 Reward: 297.000 PseudoReward: [[-10207.003]]
Episode 135, Average Success Rate (last 10 eps): 0.70
Total T: 40800 Episode Num: 136 Episode T: 300 Reward: 156.000 PseudoReward: [[-13065.7]]
Episode 136, Average Success Rate (last 10 eps): 0.70
Total T: 41100 Episode Num: 137 Episode T: 300 Reward: 202.000 PseudoReward: [[-12794.309]]
Episode 137, Average Success Rate (last 10 eps): 0.80
Total T: 41400 Episode Num: 138 Episode T: 300 Reward: 219.000 PseudoReward: [[-11237.635]]
Episode 138, Average Success Rate (last 10 eps): 0.80
Total T: 41700 Episode Num: 139 Episode T: 300 Reward: 263.000 PseudoReward: [[-7604.1104]]
Episode 139, Average Success Rate (last 10 eps): 0.80
Total T: 42000 Episode Num: 140 Episode T: 300 Reward: 130.000 PseudoReward: [[-12675.406]]
Episode 140, Average Success Rate (last 10 eps): 0.90
Total T: 42300 Episode Num: 141 Episode T: 300 Reward: 0.000 PseudoReward: [[-13542.926]]
Episode 141, Average Success Rate (last 10 eps): 0.80
Total T: 42600 Episode Num: 142 Episode T: 300 Reward: 63.000 PseudoReward: [[-13643.452]]
Episode 142, Average Success Rate (last 10 eps): 0.90
Total T: 42900 Episode Num: 143 Episode T: 300 Reward: 0.000 PseudoReward: [[-13582.386]]
Episode 143, Average Success Rate (last 10 eps): 0.80
Total T: 43200 Episode Num: 144 Episode T: 300 Reward: 0.000 PseudoReward: [[-12583.706]]
Episode 144, Average Success Rate (last 10 eps): 0.70
Total T: 43500 Episode Num: 145 Episode T: 300 Reward: 0.000 PseudoReward: [[-13779.465]]
Episode 145, Average Success Rate (last 10 eps): 0.60
Total T: 43800 Episode Num: 146 Episode T: 300 Reward: 0.000 PseudoReward: [[-13594.186]]
Episode 146, Average Success Rate (last 10 eps): 0.50
Total T: 44100 Episode Num: 147 Episode T: 300 Reward: 281.000 PseudoReward: [[-13440.131]]
Episode 147, Average Success Rate (last 10 eps): 0.50
Total T: 44400 Episode Num: 148 Episode T: 300 Reward: 257.000 PseudoReward: [[-13178.996]]
Episode 148, Average Success Rate (last 10 eps): 0.50
Total T: 44700 Episode Num: 149 Episode T: 300 Reward: 287.000 PseudoReward: [[-13588.755]]
Episode 149, Average Success Rate (last 10 eps): 0.50
Total T: 45000 Episode Num: 150 Episode T: 300 Reward: 265.000 PseudoReward: [[-10124.376]]
Episode 150, Average Success Rate (last 10 eps): 0.50
Total T: 45300 Episode Num: 151 Episode T: 300 Reward: 248.000 PseudoReward: [[-12690.374]]
Episode 151, Average Success Rate (last 10 eps): 0.60
Total T: 45600 Episode Num: 152 Episode T: 300 Reward: 233.000 PseudoReward: [[-5606.7993]]
Episode 152, Average Success Rate (last 10 eps): 0.60
Total T: 45900 Episode Num: 153 Episode T: 300 Reward: 0.000 PseudoReward: [[-10215.245]]
Episode 153, Average Success Rate (last 10 eps): 0.60
Total T: 46200 Episode Num: 154 Episode T: 300 Reward: 0.000 PseudoReward: [[-13687.]]
Episode 154, Average Success Rate (last 10 eps): 0.60
Total T: 46500 Episode Num: 155 Episode T: 300 Reward: 271.000 PseudoReward: [[-12494.113]]
Episode 155, Average Success Rate (last 10 eps): 0.70
Total T: 46800 Episode Num: 156 Episode T: 300 Reward: 295.000 PseudoReward: [[-8565.495]]
Episode 156, Average Success Rate (last 10 eps): 0.80
Total T: 47100 Episode Num: 157 Episode T: 300 Reward: 67.000 PseudoReward: [[-11837.803]]
Episode 157, Average Success Rate (last 10 eps): 0.80
Total T: 47400 Episode Num: 158 Episode T: 300 Reward: 176.000 PseudoReward: [[-12164.522]]
Episode 158, Average Success Rate (last 10 eps): 0.80
Total T: 47700 Episode Num: 159 Episode T: 300 Reward: 0.000 PseudoReward: [[-13525.035]]
Episode 159, Average Success Rate (last 10 eps): 0.70
Total T: 48000 Episode Num: 160 Episode T: 300 Reward: 287.000 PseudoReward: [[-4898.321]]
Episode 160, Average Success Rate (last 10 eps): 0.70
Total T: 48300 Episode Num: 161 Episode T: 300 Reward: 285.000 PseudoReward: [[-13807.06]]
Episode 161, Average Success Rate (last 10 eps): 0.70
Total T: 48600 Episode Num: 162 Episode T: 300 Reward: 268.000 PseudoReward: [[-8572.441]]
Episode 162, Average Success Rate (last 10 eps): 0.70
Total T: 48900 Episode Num: 163 Episode T: 300 Reward: 0.000 PseudoReward: [[-13770.271]]
Episode 163, Average Success Rate (last 10 eps): 0.70
Total T: 49200 Episode Num: 164 Episode T: 300 Reward: 0.000 PseudoReward: [[-9718.858]]
Episode 164, Average Success Rate (last 10 eps): 0.70
Total T: 49500 Episode Num: 165 Episode T: 300 Reward: 276.000 PseudoReward: [[-13390.802]]
Episode 165, Average Success Rate (last 10 eps): 0.70
Total T: 49800 Episode Num: 166 Episode T: 300 Reward: 0.000 PseudoReward: [[-13777.227]]
Episode 166, Average Success Rate (last 10 eps): 0.60
Total T: 50100 Episode Num: 167 Episode T: 300 Reward: 0.000 PseudoReward: [[-13603.128]]
Episode 167, Average Success Rate (last 10 eps): 0.50
Total T: 50400 Episode Num: 168 Episode T: 300 Reward: 267.000 PseudoReward: [[-13283.566]]
Episode 168, Average Success Rate (last 10 eps): 0.50
Total T: 50700 Episode Num: 169 Episode T: 300 Reward: 268.000 PseudoReward: [[-13719.146]]
Episode 169, Average Success Rate (last 10 eps): 0.60
Total T: 51000 Episode Num: 170 Episode T: 300 Reward: 289.000 PseudoReward: [[-13228.178]]
Episode 170, Average Success Rate (last 10 eps): 0.60
Total T: 51300 Episode Num: 171 Episode T: 300 Reward: 86.000 PseudoReward: [[-10808.309]]
Episode 171, Average Success Rate (last 10 eps): 0.60
Total T: 51600 Episode Num: 172 Episode T: 300 Reward: 0.000 PseudoReward: [[-13733.252]]
Episode 172, Average Success Rate (last 10 eps): 0.50
Total T: 51900 Episode Num: 173 Episode T: 300 Reward: 0.000 PseudoReward: [[-13796.465]]
Episode 173, Average Success Rate (last 10 eps): 0.50
Total T: 52200 Episode Num: 174 Episode T: 300 Reward: 234.000 PseudoReward: [[-13592.693]]
Episode 174, Average Success Rate (last 10 eps): 0.60
Total T: 52500 Episode Num: 175 Episode T: 300 Reward: 288.000 PseudoReward: [[-12950.1455]]
Episode 175, Average Success Rate (last 10 eps): 0.60
Total T: 52800 Episode Num: 176 Episode T: 300 Reward: 236.000 PseudoReward: [[-12790.58]]
Episode 176, Average Success Rate (last 10 eps): 0.70
Total T: 53100 Episode Num: 177 Episode T: 300 Reward: 293.000 PseudoReward: [[-13130.602]]
Episode 177, Average Success Rate (last 10 eps): 0.80
Total T: 53400 Episode Num: 178 Episode T: 300 Reward: 130.000 PseudoReward: [[-12122.261]]
Episode 178, Average Success Rate (last 10 eps): 0.80
Total T: 53700 Episode Num: 179 Episode T: 300 Reward: 267.000 PseudoReward: [[-13724.472]]
Episode 179, Average Success Rate (last 10 eps): 0.80
Total T: 54000 Episode Num: 180 Episode T: 300 Reward: 274.000 PseudoReward: [[-10858.754]]
Episode 180, Average Success Rate (last 10 eps): 0.80
Total T: 54300 Episode Num: 181 Episode T: 300 Reward: 58.000 PseudoReward: [[-11213.469]]
Episode 181, Average Success Rate (last 10 eps): 0.80
Total T: 54600 Episode Num: 182 Episode T: 300 Reward: 0.000 PseudoReward: [[-11088.46]]
Episode 182, Average Success Rate (last 10 eps): 0.80
Total T: 54900 Episode Num: 183 Episode T: 300 Reward: 141.000 PseudoReward: [[-9178.449]]
Episode 183, Average Success Rate (last 10 eps): 0.90
Total T: 55200 Episode Num: 184 Episode T: 300 Reward: 253.000 PseudoReward: [[-10543.092]]
Episode 184, Average Success Rate (last 10 eps): 0.90
Total T: 55500 Episode Num: 185 Episode T: 300 Reward: 0.000 PseudoReward: [[-13216.636]]
Episode 185, Average Success Rate (last 10 eps): 0.80
Total T: 55800 Episode Num: 186 Episode T: 300 Reward: 269.000 PseudoReward: [[-7992.7217]]
Episode 186, Average Success Rate (last 10 eps): 0.80
Total T: 56100 Episode Num: 187 Episode T: 300 Reward: 268.000 PseudoReward: [[-6104.271]]
Episode 187, Average Success Rate (last 10 eps): 0.80
Total T: 56400 Episode Num: 188 Episode T: 300 Reward: 152.000 PseudoReward: [[-5353.264]]
Episode 188, Average Success Rate (last 10 eps): 0.80
Total T: 56700 Episode Num: 189 Episode T: 300 Reward: 277.000 PseudoReward: [[-11183.914]]
Episode 189, Average Success Rate (last 10 eps): 0.80
Total T: 57000 Episode Num: 190 Episode T: 300 Reward: 291.000 PseudoReward: [[-11211.981]]
Episode 190, Average Success Rate (last 10 eps): 0.80
Total T: 57300 Episode Num: 191 Episode T: 300 Reward: 258.000 PseudoReward: [[-8337.977]]
Episode 191, Average Success Rate (last 10 eps): 0.80
Total T: 57600 Episode Num: 192 Episode T: 300 Reward: 284.000 PseudoReward: [[-10572.586]]
Episode 192, Average Success Rate (last 10 eps): 0.90
Total T: 57900 Episode Num: 193 Episode T: 300 Reward: 280.000 PseudoReward: [[-13076.463]]
Episode 193, Average Success Rate (last 10 eps): 0.90
Total T: 58200 Episode Num: 194 Episode T: 300 Reward: 0.000 PseudoReward: [[-8786.084]]
Episode 194, Average Success Rate (last 10 eps): 0.80
Total T: 58500 Episode Num: 195 Episode T: 300 Reward: 0.000 PseudoReward: [[-8759.827]]
Episode 195, Average Success Rate (last 10 eps): 0.80
Total T: 58800 Episode Num: 196 Episode T: 300 Reward: 276.000 PseudoReward: [[-13168.063]]
Episode 196, Average Success Rate (last 10 eps): 0.80
Total T: 59100 Episode Num: 197 Episode T: 300 Reward: 269.000 PseudoReward: [[-11313.166]]
Episode 197, Average Success Rate (last 10 eps): 0.80
Total T: 59400 Episode Num: 198 Episode T: 300 Reward: 274.000 PseudoReward: [[-13001.902]]
Episode 198, Average Success Rate (last 10 eps): 0.80
Total T: 59700 Episode Num: 199 Episode T: 300 Reward: 0.000 PseudoReward: [[-11384.047]]
Episode 199, Average Success Rate (last 10 eps): 0.70
Total T: 60000 Episode Num: 200 Episode T: 300 Reward: 0.000 PseudoReward: [[-7753.5957]]
Episode 200, Average Success Rate (last 10 eps): 0.60
Total T: 60300 Episode Num: 201 Episode T: 300 Reward: 19.000 PseudoReward: [[-10260.376]]
Episode 201, Average Success Rate (last 10 eps): 0.60
Total T: 60600 Episode Num: 202 Episode T: 300 Reward: 0.000 PseudoReward: [[-8898.21]]
Episode 202, Average Success Rate (last 10 eps): 0.50
Total T: 60900 Episode Num: 203 Episode T: 300 Reward: 294.000 PseudoReward: [[-6631.5195]]
Episode 203, Average Success Rate (last 10 eps): 0.50
Total T: 61200 Episode Num: 204 Episode T: 300 Reward: 292.000 PseudoReward: [[-13008.119]]
Episode 204, Average Success Rate (last 10 eps): 0.60
Total T: 61500 Episode Num: 205 Episode T: 300 Reward: 271.000 PseudoReward: [[-11518.216]]
Episode 205, Average Success Rate (last 10 eps): 0.70
Total T: 61800 Episode Num: 206 Episode T: 300 Reward: 241.000 PseudoReward: [[-13768.383]]
Episode 206, Average Success Rate (last 10 eps): 0.70
Total T: 62100 Episode Num: 207 Episode T: 300 Reward: 0.000 PseudoReward: [[-13760.44]]
Episode 207, Average Success Rate (last 10 eps): 0.60
Total T: 62400 Episode Num: 208 Episode T: 300 Reward: 0.000 PseudoReward: [[-10805.639]]
Episode 208, Average Success Rate (last 10 eps): 0.50
Total T: 62700 Episode Num: 209 Episode T: 300 Reward: 0.000 PseudoReward: [[-10511.786]]
Episode 209, Average Success Rate (last 10 eps): 0.50
Total T: 63000 Episode Num: 210 Episode T: 300 Reward: 221.000 PseudoReward: [[-13772.25]]
Episode 210, Average Success Rate (last 10 eps): 0.60
Total T: 63300 Episode Num: 211 Episode T: 300 Reward: 259.000 PseudoReward: [[-13634.308]]
Episode 211, Average Success Rate (last 10 eps): 0.60
Total T: 63600 Episode Num: 212 Episode T: 300 Reward: 269.000 PseudoReward: [[-11330.707]]
Episode 212, Average Success Rate (last 10 eps): 0.70
Total T: 63900 Episode Num: 213 Episode T: 300 Reward: 278.000 PseudoReward: [[-12651.608]]
Episode 213, Average Success Rate (last 10 eps): 0.70
Total T: 64200 Episode Num: 214 Episode T: 300 Reward: 296.000 PseudoReward: [[-12062.85]]
Episode 214, Average Success Rate (last 10 eps): 0.70
Total T: 64500 Episode Num: 215 Episode T: 300 Reward: 265.000 PseudoReward: [[-12135.0205]]
Episode 215, Average Success Rate (last 10 eps): 0.70
Total T: 64800 Episode Num: 216 Episode T: 300 Reward: 290.000 PseudoReward: [[-12589.843]]
Episode 216, Average Success Rate (last 10 eps): 0.70
Total T: 65100 Episode Num: 217 Episode T: 300 Reward: 0.000 PseudoReward: [[-13502.945]]
Episode 217, Average Success Rate (last 10 eps): 0.70
Total T: 65400 Episode Num: 218 Episode T: 300 Reward: 261.000 PseudoReward: [[-11252.235]]
Episode 218, Average Success Rate (last 10 eps): 0.80
Total T: 65700 Episode Num: 219 Episode T: 300 Reward: 0.000 PseudoReward: [[-8417.383]]
Episode 219, Average Success Rate (last 10 eps): 0.80
Total T: 66000 Episode Num: 220 Episode T: 300 Reward: 284.000 PseudoReward: [[-9870.942]]
Episode 220, Average Success Rate (last 10 eps): 0.80
Total T: 66300 Episode Num: 221 Episode T: 300 Reward: 0.000 PseudoReward: [[-13743.435]]
Episode 221, Average Success Rate (last 10 eps): 0.70
Total T: 66600 Episode Num: 222 Episode T: 300 Reward: 0.000 PseudoReward: [[-13737.134]]
Episode 222, Average Success Rate (last 10 eps): 0.60
Total T: 66900 Episode Num: 223 Episode T: 300 Reward: 0.000 PseudoReward: [[-9068.508]]
Episode 223, Average Success Rate (last 10 eps): 0.50
Total T: 67200 Episode Num: 224 Episode T: 300 Reward: 276.000 PseudoReward: [[-10623.947]]
Episode 224, Average Success Rate (last 10 eps): 0.50
Total T: 67500 Episode Num: 225 Episode T: 300 Reward: 232.000 PseudoReward: [[-11573.304]]
Episode 225, Average Success Rate (last 10 eps): 0.50
Total T: 67800 Episode Num: 226 Episode T: 300 Reward: 188.000 PseudoReward: [[-10488.97]]
Episode 226, Average Success Rate (last 10 eps): 0.50
Total T: 68100 Episode Num: 227 Episode T: 300 Reward: 245.000 PseudoReward: [[-11414.491]]
Episode 227, Average Success Rate (last 10 eps): 0.60
Total T: 68400 Episode Num: 228 Episode T: 300 Reward: 0.000 PseudoReward: [[-13147.187]]
Episode 228, Average Success Rate (last 10 eps): 0.50
Total T: 68700 Episode Num: 229 Episode T: 300 Reward: 271.000 PseudoReward: [[-13794.871]]
Episode 229, Average Success Rate (last 10 eps): 0.60
Total T: 69000 Episode Num: 230 Episode T: 300 Reward: 276.000 PseudoReward: [[-10348.604]]
Episode 230, Average Success Rate (last 10 eps): 0.60
Total T: 69300 Episode Num: 231 Episode T: 300 Reward: 290.000 PseudoReward: [[-13382.356]]
Episode 231, Average Success Rate (last 10 eps): 0.70
Total T: 69600 Episode Num: 232 Episode T: 300 Reward: 246.000 PseudoReward: [[-13698.161]]
Episode 232, Average Success Rate (last 10 eps): 0.80
Total T: 69900 Episode Num: 233 Episode T: 300 Reward: 117.000 PseudoReward: [[-12928.512]]
Episode 233, Average Success Rate (last 10 eps): 0.90
Total T: 70200 Episode Num: 234 Episode T: 300 Reward: 0.000 PseudoReward: [[-11324.645]]
Episode 234, Average Success Rate (last 10 eps): 0.80
Total T: 70500 Episode Num: 235 Episode T: 300 Reward: 0.000 PseudoReward: [[-10581.631]]
Episode 235, Average Success Rate (last 10 eps): 0.70
Total T: 70800 Episode Num: 236 Episode T: 300 Reward: 0.000 PseudoReward: [[-9746.438]]
Episode 236, Average Success Rate (last 10 eps): 0.60
Total T: 71100 Episode Num: 237 Episode T: 300 Reward: 115.000 PseudoReward: [[-11548.338]]
Episode 237, Average Success Rate (last 10 eps): 0.60
Total T: 71400 Episode Num: 238 Episode T: 300 Reward: 296.000 PseudoReward: [[-13608.596]]
Episode 238, Average Success Rate (last 10 eps): 0.70
Total T: 71700 Episode Num: 239 Episode T: 300 Reward: 296.000 PseudoReward: [[-13043.668]]
Episode 239, Average Success Rate (last 10 eps): 0.70
Total T: 72000 Episode Num: 240 Episode T: 300 Reward: 273.000 PseudoReward: [[-13003.194]]
Episode 240, Average Success Rate (last 10 eps): 0.70
Total T: 72300 Episode Num: 241 Episode T: 300 Reward: 183.000 PseudoReward: [[-13762.057]]
Episode 241, Average Success Rate (last 10 eps): 0.70
Total T: 72600 Episode Num: 242 Episode T: 300 Reward: 144.000 PseudoReward: [[-13216.638]]
Episode 242, Average Success Rate (last 10 eps): 0.70
Total T: 72900 Episode Num: 243 Episode T: 300 Reward: 266.000 PseudoReward: [[-12135.182]]
Episode 243, Average Success Rate (last 10 eps): 0.70
Total T: 73200 Episode Num: 244 Episode T: 300 Reward: 133.000 PseudoReward: [[-10716.735]]
Episode 244, Average Success Rate (last 10 eps): 0.80
Total T: 73500 Episode Num: 245 Episode T: 300 Reward: 74.000 PseudoReward: [[-11518.852]]
Episode 245, Average Success Rate (last 10 eps): 0.90
Total T: 73800 Episode Num: 246 Episode T: 300 Reward: 246.000 PseudoReward: [[-12600.414]]
Episode 246, Average Success Rate (last 10 eps): 1.00
Total T: 74100 Episode Num: 247 Episode T: 300 Reward: 0.000 PseudoReward: [[-13798.5625]]
Episode 247, Average Success Rate (last 10 eps): 0.90
Total T: 74400 Episode Num: 248 Episode T: 300 Reward: 0.000 PseudoReward: [[-13769.033]]
Episode 248, Average Success Rate (last 10 eps): 0.80
Total T: 74700 Episode Num: 249 Episode T: 300 Reward: 0.000 PseudoReward: [[-11336.389]]
Episode 249, Average Success Rate (last 10 eps): 0.70
Total T: 75000 Episode Num: 250 Episode T: 300 Reward: 206.000 PseudoReward: [[-11832.147]]
Episode 250, Average Success Rate (last 10 eps): 0.70
Total T: 75300 Episode Num: 251 Episode T: 300 Reward: 239.000 PseudoReward: [[-12998.736]]
Episode 251, Average Success Rate (last 10 eps): 0.70
Total T: 75600 Episode Num: 252 Episode T: 300 Reward: 0.000 PseudoReward: [[-13397.959]]
Episode 252, Average Success Rate (last 10 eps): 0.60
Total T: 75900 Episode Num: 253 Episode T: 300 Reward: 251.000 PseudoReward: [[-13495.387]]
Episode 253, Average Success Rate (last 10 eps): 0.60
Total T: 76200 Episode Num: 254 Episode T: 300 Reward: 260.000 PseudoReward: [[-13625.874]]
Episode 254, Average Success Rate (last 10 eps): 0.60
Total T: 76500 Episode Num: 255 Episode T: 300 Reward: 0.000 PseudoReward: [[-11505.923]]
Episode 255, Average Success Rate (last 10 eps): 0.50
Total T: 76800 Episode Num: 256 Episode T: 300 Reward: 0.000 PseudoReward: [[-11346.923]]
Episode 256, Average Success Rate (last 10 eps): 0.40
Total T: 77100 Episode Num: 257 Episode T: 300 Reward: 279.000 PseudoReward: [[-13639.3955]]
Episode 257, Average Success Rate (last 10 eps): 0.50
Total T: 77400 Episode Num: 258 Episode T: 300 Reward: 68.000 PseudoReward: [[-12914.163]]
Episode 258, Average Success Rate (last 10 eps): 0.60
Total T: 77700 Episode Num: 259 Episode T: 300 Reward: 252.000 PseudoReward: [[-10799.395]]
Episode 259, Average Success Rate (last 10 eps): 0.70
Total T: 78000 Episode Num: 260 Episode T: 300 Reward: 0.000 PseudoReward: [[-13800.114]]
Episode 260, Average Success Rate (last 10 eps): 0.60
Total T: 78300 Episode Num: 261 Episode T: 300 Reward: 0.000 PseudoReward: [[-12791.025]]
Episode 261, Average Success Rate (last 10 eps): 0.50
Total T: 78600 Episode Num: 262 Episode T: 300 Reward: 235.000 PseudoReward: [[-12507.052]]
Episode 262, Average Success Rate (last 10 eps): 0.60
Total T: 78900 Episode Num: 263 Episode T: 300 Reward: 217.000 PseudoReward: [[-11049.489]]
Episode 263, Average Success Rate (last 10 eps): 0.60
Total T: 79200 Episode Num: 264 Episode T: 300 Reward: 0.000 PseudoReward: [[-13326.181]]
Episode 264, Average Success Rate (last 10 eps): 0.50
Total T: 79500 Episode Num: 265 Episode T: 300 Reward: 260.000 PseudoReward: [[-12319.502]]
Episode 265, Average Success Rate (last 10 eps): 0.60
Total T: 79800 Episode Num: 266 Episode T: 300 Reward: 0.000 PseudoReward: [[-12729.4375]]
Episode 266, Average Success Rate (last 10 eps): 0.60
Total T: 80100 Episode Num: 267 Episode T: 300 Reward: 0.000 PseudoReward: [[-12819.76]]
Episode 267, Average Success Rate (last 10 eps): 0.50
Total T: 80400 Episode Num: 268 Episode T: 300 Reward: 266.000 PseudoReward: [[-12272.928]]
Episode 268, Average Success Rate (last 10 eps): 0.50
Total T: 80700 Episode Num: 269 Episode T: 300 Reward: 281.000 PseudoReward: [[-11249.327]]
Episode 269, Average Success Rate (last 10 eps): 0.50
Total T: 81000 Episode Num: 270 Episode T: 300 Reward: 295.000 PseudoReward: [[-9756.592]]
Episode 270, Average Success Rate (last 10 eps): 0.60
Total T: 81300 Episode Num: 271 Episode T: 300 Reward: 289.000 PseudoReward: [[-9282.902]]
Episode 271, Average Success Rate (last 10 eps): 0.70
Total T: 81600 Episode Num: 272 Episode T: 300 Reward: 298.000 PseudoReward: [[-12892.105]]
Episode 272, Average Success Rate (last 10 eps): 0.70
Total T: 81900 Episode Num: 273 Episode T: 300 Reward: 255.000 PseudoReward: [[-12305.492]]
Episode 273, Average Success Rate (last 10 eps): 0.70
Total T: 82200 Episode Num: 274 Episode T: 300 Reward: 272.000 PseudoReward: [[-12581.582]]
Episode 274, Average Success Rate (last 10 eps): 0.80
Total T: 82500 Episode Num: 275 Episode T: 300 Reward: 298.000 PseudoReward: [[-10500.636]]
Episode 275, Average Success Rate (last 10 eps): 0.80
Total T: 82800 Episode Num: 276 Episode T: 300 Reward: 196.000 PseudoReward: [[-13386.33]]
Episode 276, Average Success Rate (last 10 eps): 0.90
Total T: 83100 Episode Num: 277 Episode T: 300 Reward: 219.000 PseudoReward: [[-12358.348]]
Episode 277, Average Success Rate (last 10 eps): 1.00
Total T: 83400 Episode Num: 278 Episode T: 300 Reward: 0.000 PseudoReward: [[-13674.108]]
Episode 278, Average Success Rate (last 10 eps): 0.90
Total T: 83700 Episode Num: 279 Episode T: 300 Reward: 152.000 PseudoReward: [[-8724.057]]
Episode 279, Average Success Rate (last 10 eps): 0.90
Total T: 84000 Episode Num: 280 Episode T: 300 Reward: 234.000 PseudoReward: [[-12180.178]]
Episode 280, Average Success Rate (last 10 eps): 0.90
Total T: 84300 Episode Num: 281 Episode T: 300 Reward: 284.000 PseudoReward: [[-13490.258]]
Episode 281, Average Success Rate (last 10 eps): 0.90
Total T: 84600 Episode Num: 282 Episode T: 300 Reward: 289.000 PseudoReward: [[-6806.62]]
Episode 282, Average Success Rate (last 10 eps): 0.90
Total T: 84900 Episode Num: 283 Episode T: 300 Reward: 0.000 PseudoReward: [[-12662.006]]
Episode 283, Average Success Rate (last 10 eps): 0.80
