/home/xlx9645/miniconda3/envs/maze/lib/python3.9/site-packages/gymnasium/envs/registration.py:642: UserWarning: [33mWARN: Overriding environment TrapMazeEnv already in registry.[0m
  logger.warn(f"Overriding environment {new_spec.id} already in registry.")
wandb: Using wandb-core as the SDK backend.  Please refer to https://wandb.me/wandb-core for more information.
wandb: Currently logged in as: yuxuanli2023 (yuxuanli2023-northwestern-university). Use `wandb login --relogin` to force relogin
wandb: Tracking run with wandb version 0.19.1
wandb: Run data is saved locally in /home/xlx9645/failed/Maze/update_baselines/wandb/run-20250107_194726-almhq948
wandb: Run `wandb offline` to turn off syncing.
wandb: Syncing run AIRL
wandb: ⭐️ View project at https://wandb.ai/yuxuanli2023-northwestern-university/Main_Umaze
wandb: 🚀 View run at https://wandb.ai/yuxuanli2023-northwestern-university/Main_Umaze/runs/almhq948
/home/xlx9645/miniconda3/envs/maze/lib/python3.9/site-packages/gymnasium/spaces/box.py:235: UserWarning: [33mWARN: Box low's precision lowered by casting to float32, current low.dtype=float64[0m
  gym.logger.warn(
/home/xlx9645/miniconda3/envs/maze/lib/python3.9/site-packages/gymnasium/spaces/box.py:305: UserWarning: [33mWARN: Box high's precision lowered by casting to float32, current high.dtype=float64[0m
  gym.logger.warn(
/home/xlx9645/miniconda3/envs/maze/lib/python3.9/site-packages/torch/optim/lr_scheduler.py:224: UserWarning: Detected call of `lr_scheduler.step()` before `optimizer.step()`. In PyTorch 1.1.0 and later, you should call them in the opposite order: `optimizer.step()` before `lr_scheduler.step()`.  Failure to do this will result in PyTorch skipping the first value of the learning rate schedule. See more details at https://pytorch.org/docs/stable/optim.html#how-to-adjust-learning-rate
  warnings.warn(
/home/xlx9645/miniconda3/envs/maze/lib/python3.9/site-packages/torch/optim/lr_scheduler.py:224: UserWarning: Detected call of `lr_scheduler.step()` before `optimizer.step()`. In PyTorch 1.1.0 and later, you should call them in the opposite order: `optimizer.step()` before `lr_scheduler.step()`.  Failure to do this will result in PyTorch skipping the first value of the learning rate schedule. See more details at https://pytorch.org/docs/stable/optim.html#how-to-adjust-learning-rate
  warnings.warn(
Total T: 300 Episode Num: 1 Episode T: 300 Reward: 183.000 PseudoReward: [[-148.7288]]
Episode 1, Average Success Rate (last 10 eps): 1.00
Total T: 600 Episode Num: 2 Episode T: 300 Reward: 278.000 PseudoReward: [[307.39282]]
Episode 2, Average Success Rate (last 10 eps): 1.00
Total T: 900 Episode Num: 3 Episode T: 300 Reward: 0.000 PseudoReward: [[497.11264]]
Episode 3, Average Success Rate (last 10 eps): 0.67
Total T: 1200 Episode Num: 4 Episode T: 300 Reward: 155.000 PseudoReward: [[514.7685]]
Episode 4, Average Success Rate (last 10 eps): 0.75
Total T: 1500 Episode Num: 5 Episode T: 300 Reward: 0.000 PseudoReward: [[690.46155]]
Episode 5, Average Success Rate (last 10 eps): 0.60
Total T: 1800 Episode Num: 6 Episode T: 300 Reward: 0.000 PseudoReward: [[210.32248]]
Episode 6, Average Success Rate (last 10 eps): 0.50
Total T: 2100 Episode Num: 7 Episode T: 300 Reward: 0.000 PseudoReward: [[-149.79182]]
Episode 7, Average Success Rate (last 10 eps): 0.43
Total T: 2400 Episode Num: 8 Episode T: 300 Reward: 284.000 PseudoReward: [[-485.41687]]
Episode 8, Average Success Rate (last 10 eps): 0.50
Total T: 2700 Episode Num: 9 Episode T: 300 Reward: 185.000 PseudoReward: [[-683.2126]]
Episode 9, Average Success Rate (last 10 eps): 0.56
Total T: 3000 Episode Num: 10 Episode T: 300 Reward: 0.000 PseudoReward: [[-158.25331]]
Episode 10, Average Success Rate (last 10 eps): 0.50
Total T: 3300 Episode Num: 11 Episode T: 300 Reward: 0.000 PseudoReward: [[-1188.8574]]
Episode 11, Average Success Rate (last 10 eps): 0.40
Total T: 3600 Episode Num: 12 Episode T: 300 Reward: 0.000 PseudoReward: [[-751.0332]]
Episode 12, Average Success Rate (last 10 eps): 0.30
Total T: 3900 Episode Num: 13 Episode T: 300 Reward: 0.000 PseudoReward: [[-1621.3608]]
Episode 13, Average Success Rate (last 10 eps): 0.30
Total T: 4200 Episode Num: 14 Episode T: 300 Reward: 0.000 PseudoReward: [[-1560.0273]]
Episode 14, Average Success Rate (last 10 eps): 0.20
Total T: 4500 Episode Num: 15 Episode T: 300 Reward: 0.000 PseudoReward: [[-1641.2867]]
Episode 15, Average Success Rate (last 10 eps): 0.20
Total T: 4800 Episode Num: 16 Episode T: 300 Reward: 0.000 PseudoReward: [[-2928.3953]]
Episode 16, Average Success Rate (last 10 eps): 0.20
Total T: 5100 Episode Num: 17 Episode T: 300 Reward: 0.000 PseudoReward: [[-3407.9036]]
Episode 17, Average Success Rate (last 10 eps): 0.20
Total T: 5400 Episode Num: 18 Episode T: 300 Reward: 0.000 PseudoReward: [[-4220.138]]
Episode 18, Average Success Rate (last 10 eps): 0.10
Total T: 5700 Episode Num: 19 Episode T: 300 Reward: 0.000 PseudoReward: [[-5168.4585]]
Episode 19, Average Success Rate (last 10 eps): 0.00
Total T: 6000 Episode Num: 20 Episode T: 300 Reward: 0.000 PseudoReward: [[-5792.76]]
Episode 20, Average Success Rate (last 10 eps): 0.00
Total T: 6300 Episode Num: 21 Episode T: 300 Reward: 0.000 PseudoReward: [[-10906.921]]
Episode 21, Average Success Rate (last 10 eps): 0.00
Total T: 6600 Episode Num: 22 Episode T: 300 Reward: 0.000 PseudoReward: [[-6513.1323]]
Episode 22, Average Success Rate (last 10 eps): 0.00
Total T: 6900 Episode Num: 23 Episode T: 300 Reward: 0.000 PseudoReward: [[-9668.305]]
Episode 23, Average Success Rate (last 10 eps): 0.00
Total T: 7200 Episode Num: 24 Episode T: 300 Reward: 0.000 PseudoReward: [[-11805.726]]
Episode 24, Average Success Rate (last 10 eps): 0.00
Total T: 7500 Episode Num: 25 Episode T: 300 Reward: 0.000 PseudoReward: [[-7334.209]]
Episode 25, Average Success Rate (last 10 eps): 0.00
Total T: 7800 Episode Num: 26 Episode T: 300 Reward: 251.000 PseudoReward: [[-5492.5273]]
Episode 26, Average Success Rate (last 10 eps): 0.10
Total T: 8100 Episode Num: 27 Episode T: 300 Reward: 0.000 PseudoReward: [[-12534.4375]]
Episode 27, Average Success Rate (last 10 eps): 0.10
Total T: 8400 Episode Num: 28 Episode T: 300 Reward: 289.000 PseudoReward: [[1009.8877]]
Episode 28, Average Success Rate (last 10 eps): 0.20
Total T: 8700 Episode Num: 29 Episode T: 300 Reward: 0.000 PseudoReward: [[-4080.1545]]
Episode 29, Average Success Rate (last 10 eps): 0.20
Total T: 9000 Episode Num: 30 Episode T: 300 Reward: 0.000 PseudoReward: [[-4985.781]]
Episode 30, Average Success Rate (last 10 eps): 0.20
Total T: 9300 Episode Num: 31 Episode T: 300 Reward: 0.000 PseudoReward: [[-5124.627]]
Episode 31, Average Success Rate (last 10 eps): 0.20
Total T: 9600 Episode Num: 32 Episode T: 300 Reward: 0.000 PseudoReward: [[-8568.383]]
Episode 32, Average Success Rate (last 10 eps): 0.20
Total T: 9900 Episode Num: 33 Episode T: 300 Reward: 0.000 PseudoReward: [[-7933.254]]
Episode 33, Average Success Rate (last 10 eps): 0.20
Total T: 10200 Episode Num: 34 Episode T: 300 Reward: 142.000 PseudoReward: [[-1147.2119]]
Episode 34, Average Success Rate (last 10 eps): 0.30
Total T: 10500 Episode Num: 35 Episode T: 300 Reward: 0.000 PseudoReward: [[-5507.3726]]
Episode 35, Average Success Rate (last 10 eps): 0.30
Total T: 10800 Episode Num: 36 Episode T: 300 Reward: 0.000 PseudoReward: [[-6508.3]]
Episode 36, Average Success Rate (last 10 eps): 0.20
Total T: 11100 Episode Num: 37 Episode T: 300 Reward: 132.000 PseudoReward: [[-6659.518]]
Episode 37, Average Success Rate (last 10 eps): 0.30
Total T: 11400 Episode Num: 38 Episode T: 300 Reward: 65.000 PseudoReward: [[-5923.077]]
Episode 38, Average Success Rate (last 10 eps): 0.30
Total T: 11700 Episode Num: 39 Episode T: 300 Reward: 278.000 PseudoReward: [[-3053.1255]]
Episode 39, Average Success Rate (last 10 eps): 0.40
Total T: 12000 Episode Num: 40 Episode T: 300 Reward: 257.000 PseudoReward: [[-797.98157]]
Episode 40, Average Success Rate (last 10 eps): 0.50
Total T: 12300 Episode Num: 41 Episode T: 300 Reward: 229.000 PseudoReward: [[-1992.8955]]
Episode 41, Average Success Rate (last 10 eps): 0.60
Total T: 12600 Episode Num: 42 Episode T: 300 Reward: 180.000 PseudoReward: [[-4812.349]]
Episode 42, Average Success Rate (last 10 eps): 0.70
Total T: 12900 Episode Num: 43 Episode T: 300 Reward: 247.000 PseudoReward: [[-3161.443]]
Episode 43, Average Success Rate (last 10 eps): 0.80
Total T: 13200 Episode Num: 44 Episode T: 300 Reward: 208.000 PseudoReward: [[-7720.1675]]
Episode 44, Average Success Rate (last 10 eps): 0.80
Total T: 13500 Episode Num: 45 Episode T: 300 Reward: 269.000 PseudoReward: [[-4042.8945]]
Episode 45, Average Success Rate (last 10 eps): 0.90
Total T: 13800 Episode Num: 46 Episode T: 300 Reward: 295.000 PseudoReward: [[-1708.4071]]
Episode 46, Average Success Rate (last 10 eps): 1.00
Total T: 14100 Episode Num: 47 Episode T: 300 Reward: 292.000 PseudoReward: [[-8124.1567]]
Episode 47, Average Success Rate (last 10 eps): 1.00
Total T: 14400 Episode Num: 48 Episode T: 300 Reward: 126.000 PseudoReward: [[-51.867256]]
Episode 48, Average Success Rate (last 10 eps): 1.00
Total T: 14700 Episode Num: 49 Episode T: 300 Reward: 284.000 PseudoReward: [[-13151.3545]]
Episode 49, Average Success Rate (last 10 eps): 1.00
Total T: 15000 Episode Num: 50 Episode T: 300 Reward: 238.000 PseudoReward: [[-2756.2441]]
Episode 50, Average Success Rate (last 10 eps): 1.00
Total T: 15300 Episode Num: 51 Episode T: 300 Reward: 281.000 PseudoReward: [[1298.16]]
Episode 51, Average Success Rate (last 10 eps): 1.00
Total T: 15600 Episode Num: 52 Episode T: 300 Reward: 245.000 PseudoReward: [[-7066.293]]
Episode 52, Average Success Rate (last 10 eps): 1.00
Total T: 15900 Episode Num: 53 Episode T: 300 Reward: 285.000 PseudoReward: [[-5773.707]]
Episode 53, Average Success Rate (last 10 eps): 1.00
Total T: 16200 Episode Num: 54 Episode T: 300 Reward: 0.000 PseudoReward: [[-4137.96]]
Episode 54, Average Success Rate (last 10 eps): 0.90
Total T: 16500 Episode Num: 55 Episode T: 300 Reward: 0.000 PseudoReward: [[-7137.742]]
Episode 55, Average Success Rate (last 10 eps): 0.80
Total T: 16800 Episode Num: 56 Episode T: 300 Reward: 274.000 PseudoReward: [[-12358.587]]
Episode 56, Average Success Rate (last 10 eps): 0.80
Total T: 17100 Episode Num: 57 Episode T: 300 Reward: 0.000 PseudoReward: [[-11301.999]]
Episode 57, Average Success Rate (last 10 eps): 0.70
Total T: 17400 Episode Num: 58 Episode T: 300 Reward: 0.000 PseudoReward: [[-8943.887]]
Episode 58, Average Success Rate (last 10 eps): 0.60
Total T: 17700 Episode Num: 59 Episode T: 300 Reward: 0.000 PseudoReward: [[-4608.69]]
Episode 59, Average Success Rate (last 10 eps): 0.50
Total T: 18000 Episode Num: 60 Episode T: 300 Reward: 288.000 PseudoReward: [[-12038.14]]
Episode 60, Average Success Rate (last 10 eps): 0.50
Total T: 18300 Episode Num: 61 Episode T: 300 Reward: 190.000 PseudoReward: [[-13700.151]]
Episode 61, Average Success Rate (last 10 eps): 0.50
Total T: 18600 Episode Num: 62 Episode T: 300 Reward: 234.000 PseudoReward: [[-12215.963]]
Episode 62, Average Success Rate (last 10 eps): 0.50
Total T: 18900 Episode Num: 63 Episode T: 300 Reward: 296.000 PseudoReward: [[206.88553]]
Episode 63, Average Success Rate (last 10 eps): 0.50
Total T: 19200 Episode Num: 64 Episode T: 300 Reward: 211.000 PseudoReward: [[-1548.1957]]
Episode 64, Average Success Rate (last 10 eps): 0.60
Total T: 19500 Episode Num: 65 Episode T: 300 Reward: 270.000 PseudoReward: [[-13815.362]]
Episode 65, Average Success Rate (last 10 eps): 0.70
Total T: 19800 Episode Num: 66 Episode T: 300 Reward: 193.000 PseudoReward: [[-13444.137]]
Episode 66, Average Success Rate (last 10 eps): 0.70
Total T: 20100 Episode Num: 67 Episode T: 300 Reward: 281.000 PseudoReward: [[-11854.278]]
Episode 67, Average Success Rate (last 10 eps): 0.80
Total T: 20400 Episode Num: 68 Episode T: 300 Reward: 249.000 PseudoReward: [[-11476.583]]
Episode 68, Average Success Rate (last 10 eps): 0.90
Total T: 20700 Episode Num: 69 Episode T: 300 Reward: 289.000 PseudoReward: [[-6360.266]]
Episode 69, Average Success Rate (last 10 eps): 1.00
Total T: 21000 Episode Num: 70 Episode T: 300 Reward: 0.000 PseudoReward: [[-5453.839]]
Episode 70, Average Success Rate (last 10 eps): 0.90
Total T: 21300 Episode Num: 71 Episode T: 300 Reward: 108.000 PseudoReward: [[-5753.3228]]
Episode 71, Average Success Rate (last 10 eps): 0.90
Total T: 21600 Episode Num: 72 Episode T: 300 Reward: 248.000 PseudoReward: [[-4472.0527]]
Episode 72, Average Success Rate (last 10 eps): 0.90
Total T: 21900 Episode Num: 73 Episode T: 300 Reward: 288.000 PseudoReward: [[-5922.759]]
Episode 73, Average Success Rate (last 10 eps): 0.90
Total T: 22200 Episode Num: 74 Episode T: 300 Reward: 250.000 PseudoReward: [[-6299.685]]
Episode 74, Average Success Rate (last 10 eps): 0.90
Total T: 22500 Episode Num: 75 Episode T: 300 Reward: 0.000 PseudoReward: [[-2060.304]]
Episode 75, Average Success Rate (last 10 eps): 0.80
Total T: 22800 Episode Num: 76 Episode T: 300 Reward: 153.000 PseudoReward: [[-6755.4966]]
Episode 76, Average Success Rate (last 10 eps): 0.80
Total T: 23100 Episode Num: 77 Episode T: 300 Reward: 269.000 PseudoReward: [[-763.13007]]
Episode 77, Average Success Rate (last 10 eps): 0.80
Total T: 23400 Episode Num: 78 Episode T: 300 Reward: 200.000 PseudoReward: [[-9382.056]]
Episode 78, Average Success Rate (last 10 eps): 0.80
Total T: 23700 Episode Num: 79 Episode T: 300 Reward: 238.000 PseudoReward: [[-10535.479]]
Episode 79, Average Success Rate (last 10 eps): 0.80
Total T: 24000 Episode Num: 80 Episode T: 300 Reward: 256.000 PseudoReward: [[-2264.8914]]
Episode 80, Average Success Rate (last 10 eps): 0.90
Total T: 24300 Episode Num: 81 Episode T: 300 Reward: 151.000 PseudoReward: [[-4645.0415]]
Episode 81, Average Success Rate (last 10 eps): 0.90
Total T: 24600 Episode Num: 82 Episode T: 300 Reward: 289.000 PseudoReward: [[-193.6598]]
Episode 82, Average Success Rate (last 10 eps): 0.90
Total T: 24900 Episode Num: 83 Episode T: 300 Reward: 278.000 PseudoReward: [[-7216.9517]]
Episode 83, Average Success Rate (last 10 eps): 0.90
Total T: 25200 Episode Num: 84 Episode T: 300 Reward: 0.000 PseudoReward: [[-6237.0527]]
Episode 84, Average Success Rate (last 10 eps): 0.80
Total T: 25500 Episode Num: 85 Episode T: 300 Reward: 0.000 PseudoReward: [[-5248.898]]
Episode 85, Average Success Rate (last 10 eps): 0.80
Total T: 25800 Episode Num: 86 Episode T: 300 Reward: 0.000 PseudoReward: [[-4673.459]]
Episode 86, Average Success Rate (last 10 eps): 0.70
Total T: 26100 Episode Num: 87 Episode T: 300 Reward: 263.000 PseudoReward: [[-1592.7983]]
Episode 87, Average Success Rate (last 10 eps): 0.70
Total T: 26400 Episode Num: 88 Episode T: 300 Reward: 298.000 PseudoReward: [[-13303.652]]
Episode 88, Average Success Rate (last 10 eps): 0.70
Total T: 26700 Episode Num: 89 Episode T: 300 Reward: 290.000 PseudoReward: [[-2764.458]]
Episode 89, Average Success Rate (last 10 eps): 0.70
Total T: 27000 Episode Num: 90 Episode T: 300 Reward: 288.000 PseudoReward: [[-12210.205]]
Episode 90, Average Success Rate (last 10 eps): 0.70
Total T: 27300 Episode Num: 91 Episode T: 300 Reward: 272.000 PseudoReward: [[-2762.8179]]
Episode 91, Average Success Rate (last 10 eps): 0.70
Total T: 27600 Episode Num: 92 Episode T: 300 Reward: 261.000 PseudoReward: [[-13632.631]]
Episode 92, Average Success Rate (last 10 eps): 0.70
Total T: 27900 Episode Num: 93 Episode T: 300 Reward: 262.000 PseudoReward: [[-11201.396]]
Episode 93, Average Success Rate (last 10 eps): 0.70
Total T: 28200 Episode Num: 94 Episode T: 300 Reward: 0.000 PseudoReward: [[-1550.9119]]
Episode 94, Average Success Rate (last 10 eps): 0.70
Total T: 28500 Episode Num: 95 Episode T: 300 Reward: 0.000 PseudoReward: [[-1095.2854]]
Episode 95, Average Success Rate (last 10 eps): 0.70
Total T: 28800 Episode Num: 96 Episode T: 300 Reward: 0.000 PseudoReward: [[-5210.7144]]
Episode 96, Average Success Rate (last 10 eps): 0.70
Total T: 29100 Episode Num: 97 Episode T: 300 Reward: 0.000 PseudoReward: [[-2380.0215]]
Episode 97, Average Success Rate (last 10 eps): 0.60
Total T: 29400 Episode Num: 98 Episode T: 300 Reward: 0.000 PseudoReward: [[-7223.5283]]
Episode 98, Average Success Rate (last 10 eps): 0.50
Total T: 29700 Episode Num: 99 Episode T: 300 Reward: 0.000 PseudoReward: [[-4094.5525]]
Episode 99, Average Success Rate (last 10 eps): 0.40
Total T: 30000 Episode Num: 100 Episode T: 300 Reward: 0.000 PseudoReward: [[-5638.219]]
Episode 100, Average Success Rate (last 10 eps): 0.30
Total T: 30300 Episode Num: 101 Episode T: 300 Reward: 0.000 PseudoReward: [[-5881.2134]]
Episode 101, Average Success Rate (last 10 eps): 0.20
Total T: 30600 Episode Num: 102 Episode T: 300 Reward: 0.000 PseudoReward: [[-8112.996]]
Episode 102, Average Success Rate (last 10 eps): 0.10
Total T: 30900 Episode Num: 103 Episode T: 300 Reward: 0.000 PseudoReward: [[-5809.967]]
Episode 103, Average Success Rate (last 10 eps): 0.00
Total T: 31200 Episode Num: 104 Episode T: 300 Reward: 262.000 PseudoReward: [[-7040.0996]]
Episode 104, Average Success Rate (last 10 eps): 0.10
Total T: 31500 Episode Num: 105 Episode T: 300 Reward: 0.000 PseudoReward: [[-7572.3506]]
Episode 105, Average Success Rate (last 10 eps): 0.10
Total T: 31800 Episode Num: 106 Episode T: 300 Reward: 222.000 PseudoReward: [[-13800.229]]
Episode 106, Average Success Rate (last 10 eps): 0.20
Total T: 32100 Episode Num: 107 Episode T: 300 Reward: 281.000 PseudoReward: [[-5735.4746]]
Episode 107, Average Success Rate (last 10 eps): 0.30
Total T: 32400 Episode Num: 108 Episode T: 300 Reward: 251.000 PseudoReward: [[-13812.467]]
Episode 108, Average Success Rate (last 10 eps): 0.40
Total T: 32700 Episode Num: 109 Episode T: 300 Reward: 0.000 PseudoReward: [[-1052.2976]]
Episode 109, Average Success Rate (last 10 eps): 0.40
Total T: 33000 Episode Num: 110 Episode T: 300 Reward: 0.000 PseudoReward: [[-9031.621]]
Episode 110, Average Success Rate (last 10 eps): 0.40
Total T: 33300 Episode Num: 111 Episode T: 300 Reward: 263.000 PseudoReward: [[-13801.73]]
Episode 111, Average Success Rate (last 10 eps): 0.50
Total T: 33600 Episode Num: 112 Episode T: 300 Reward: 256.000 PseudoReward: [[-7315.945]]
Episode 112, Average Success Rate (last 10 eps): 0.60
Total T: 33900 Episode Num: 113 Episode T: 300 Reward: 243.000 PseudoReward: [[-13000.14]]
Episode 113, Average Success Rate (last 10 eps): 0.70
Total T: 34200 Episode Num: 114 Episode T: 300 Reward: 290.000 PseudoReward: [[-13706.672]]
Episode 114, Average Success Rate (last 10 eps): 0.70
Total T: 34500 Episode Num: 115 Episode T: 300 Reward: 0.000 PseudoReward: [[-4965.3804]]
Episode 115, Average Success Rate (last 10 eps): 0.70
Total T: 34800 Episode Num: 116 Episode T: 300 Reward: 0.000 PseudoReward: [[-4144.9487]]
Episode 116, Average Success Rate (last 10 eps): 0.60
Total T: 35100 Episode Num: 117 Episode T: 300 Reward: 0.000 PseudoReward: [[-6731.0166]]
Episode 117, Average Success Rate (last 10 eps): 0.50
Total T: 35400 Episode Num: 118 Episode T: 300 Reward: 273.000 PseudoReward: [[-13140.768]]
Episode 118, Average Success Rate (last 10 eps): 0.50
Total T: 35700 Episode Num: 119 Episode T: 300 Reward: 0.000 PseudoReward: [[-4253.366]]
Episode 119, Average Success Rate (last 10 eps): 0.50
Total T: 36000 Episode Num: 120 Episode T: 300 Reward: 283.000 PseudoReward: [[-8484.576]]
Episode 120, Average Success Rate (last 10 eps): 0.60
Total T: 36300 Episode Num: 121 Episode T: 300 Reward: 0.000 PseudoReward: [[-8049.673]]
Episode 121, Average Success Rate (last 10 eps): 0.50
Total T: 36600 Episode Num: 122 Episode T: 300 Reward: 224.000 PseudoReward: [[-7994.0957]]
Episode 122, Average Success Rate (last 10 eps): 0.50
Total T: 36900 Episode Num: 123 Episode T: 300 Reward: 0.000 PseudoReward: [[-10443.553]]
Episode 123, Average Success Rate (last 10 eps): 0.40
Total T: 37200 Episode Num: 124 Episode T: 300 Reward: 276.000 PseudoReward: [[-8667.283]]
Episode 124, Average Success Rate (last 10 eps): 0.40
Total T: 37500 Episode Num: 125 Episode T: 300 Reward: 247.000 PseudoReward: [[-9009.067]]
Episode 125, Average Success Rate (last 10 eps): 0.50
Total T: 37800 Episode Num: 126 Episode T: 300 Reward: 0.000 PseudoReward: [[-11414.005]]
Episode 126, Average Success Rate (last 10 eps): 0.50
Total T: 38100 Episode Num: 127 Episode T: 300 Reward: 267.000 PseudoReward: [[-12464.698]]
Episode 127, Average Success Rate (last 10 eps): 0.60
Total T: 38400 Episode Num: 128 Episode T: 300 Reward: 292.000 PseudoReward: [[-6467.8193]]
Episode 128, Average Success Rate (last 10 eps): 0.60
Total T: 38700 Episode Num: 129 Episode T: 300 Reward: 0.000 PseudoReward: [[-8134.0957]]
Episode 129, Average Success Rate (last 10 eps): 0.60
Total T: 39000 Episode Num: 130 Episode T: 300 Reward: 252.000 PseudoReward: [[-9836.336]]
Episode 130, Average Success Rate (last 10 eps): 0.60
Total T: 39300 Episode Num: 131 Episode T: 300 Reward: 0.000 PseudoReward: [[-7505.416]]
Episode 131, Average Success Rate (last 10 eps): 0.60
Total T: 39600 Episode Num: 132 Episode T: 300 Reward: 0.000 PseudoReward: [[-13757.778]]
Episode 132, Average Success Rate (last 10 eps): 0.50
Total T: 39900 Episode Num: 133 Episode T: 300 Reward: 215.000 PseudoReward: [[-13184.086]]
Episode 133, Average Success Rate (last 10 eps): 0.60
Total T: 40200 Episode Num: 134 Episode T: 300 Reward: 0.000 PseudoReward: [[-7486.713]]
Episode 134, Average Success Rate (last 10 eps): 0.50
Total T: 40500 Episode Num: 135 Episode T: 300 Reward: 0.000 PseudoReward: [[-5365.872]]
Episode 135, Average Success Rate (last 10 eps): 0.40
Total T: 40800 Episode Num: 136 Episode T: 300 Reward: 182.000 PseudoReward: [[-8036.392]]
Episode 136, Average Success Rate (last 10 eps): 0.50
Total T: 41100 Episode Num: 137 Episode T: 300 Reward: 0.000 PseudoReward: [[-12773.339]]
Episode 137, Average Success Rate (last 10 eps): 0.40
Total T: 41400 Episode Num: 138 Episode T: 300 Reward: 208.000 PseudoReward: [[-12588.493]]
Episode 138, Average Success Rate (last 10 eps): 0.40
Total T: 41700 Episode Num: 139 Episode T: 300 Reward: 275.000 PseudoReward: [[-9031.037]]
Episode 139, Average Success Rate (last 10 eps): 0.50
Total T: 42000 Episode Num: 140 Episode T: 300 Reward: 0.000 PseudoReward: [[-13046.157]]
Episode 140, Average Success Rate (last 10 eps): 0.40
Total T: 42300 Episode Num: 141 Episode T: 300 Reward: 0.000 PseudoReward: [[-12653.185]]
Episode 141, Average Success Rate (last 10 eps): 0.40
Total T: 42600 Episode Num: 142 Episode T: 300 Reward: 0.000 PseudoReward: [[-10421.443]]
Episode 142, Average Success Rate (last 10 eps): 0.40
Total T: 42900 Episode Num: 143 Episode T: 300 Reward: 0.000 PseudoReward: [[-4328.9355]]
Episode 143, Average Success Rate (last 10 eps): 0.30
Total T: 43200 Episode Num: 144 Episode T: 300 Reward: 284.000 PseudoReward: [[-13764.3]]
Episode 144, Average Success Rate (last 10 eps): 0.40
Total T: 43500 Episode Num: 145 Episode T: 300 Reward: 290.000 PseudoReward: [[-11298.95]]
Episode 145, Average Success Rate (last 10 eps): 0.50
Total T: 43800 Episode Num: 146 Episode T: 300 Reward: 250.000 PseudoReward: [[-8541.672]]
Episode 146, Average Success Rate (last 10 eps): 0.50
Total T: 44100 Episode Num: 147 Episode T: 300 Reward: 258.000 PseudoReward: [[-13634.06]]
Episode 147, Average Success Rate (last 10 eps): 0.60
Total T: 44400 Episode Num: 148 Episode T: 300 Reward: 243.000 PseudoReward: [[-13659.472]]
Episode 148, Average Success Rate (last 10 eps): 0.60
Total T: 44700 Episode Num: 149 Episode T: 300 Reward: 229.000 PseudoReward: [[-13687.286]]
Episode 149, Average Success Rate (last 10 eps): 0.60
Total T: 45000 Episode Num: 150 Episode T: 300 Reward: 87.000 PseudoReward: [[-8461.624]]
Episode 150, Average Success Rate (last 10 eps): 0.70
Total T: 45300 Episode Num: 151 Episode T: 300 Reward: 0.000 PseudoReward: [[-8274.907]]
Episode 151, Average Success Rate (last 10 eps): 0.70
Total T: 45600 Episode Num: 152 Episode T: 300 Reward: 0.000 PseudoReward: [[-12176.763]]
Episode 152, Average Success Rate (last 10 eps): 0.70
Total T: 45900 Episode Num: 153 Episode T: 300 Reward: 0.000 PseudoReward: [[-12036.462]]
Episode 153, Average Success Rate (last 10 eps): 0.70
Total T: 46200 Episode Num: 154 Episode T: 300 Reward: 295.000 PseudoReward: [[-13227.013]]
Episode 154, Average Success Rate (last 10 eps): 0.70
Total T: 46500 Episode Num: 155 Episode T: 300 Reward: 0.000 PseudoReward: [[-13806.501]]
Episode 155, Average Success Rate (last 10 eps): 0.60
Total T: 46800 Episode Num: 156 Episode T: 300 Reward: 0.000 PseudoReward: [[-6914.834]]
Episode 156, Average Success Rate (last 10 eps): 0.50
Total T: 47100 Episode Num: 157 Episode T: 300 Reward: 193.000 PseudoReward: [[-12040.436]]
Episode 157, Average Success Rate (last 10 eps): 0.50
Total T: 47400 Episode Num: 158 Episode T: 300 Reward: 278.000 PseudoReward: [[-7973.156]]
Episode 158, Average Success Rate (last 10 eps): 0.50
Total T: 47700 Episode Num: 159 Episode T: 300 Reward: 257.000 PseudoReward: [[-13781.312]]
Episode 159, Average Success Rate (last 10 eps): 0.50
Total T: 48000 Episode Num: 160 Episode T: 300 Reward: 0.000 PseudoReward: [[-13813.466]]
Episode 160, Average Success Rate (last 10 eps): 0.40
Total T: 48300 Episode Num: 161 Episode T: 300 Reward: 290.000 PseudoReward: [[-10995.899]]
Episode 161, Average Success Rate (last 10 eps): 0.50
Total T: 48600 Episode Num: 162 Episode T: 300 Reward: 215.000 PseudoReward: [[-8341.643]]
Episode 162, Average Success Rate (last 10 eps): 0.60
Total T: 48900 Episode Num: 163 Episode T: 300 Reward: 28.000 PseudoReward: [[1567.8811]]
Episode 163, Average Success Rate (last 10 eps): 0.70
Total T: 49200 Episode Num: 164 Episode T: 300 Reward: 41.000 PseudoReward: [[-875.5705]]
Episode 164, Average Success Rate (last 10 eps): 0.70
Total T: 49500 Episode Num: 165 Episode T: 300 Reward: 0.000 PseudoReward: [[-8525.76]]
Episode 165, Average Success Rate (last 10 eps): 0.70
Total T: 49800 Episode Num: 166 Episode T: 300 Reward: 0.000 PseudoReward: [[-13412.869]]
Episode 166, Average Success Rate (last 10 eps): 0.70
Total T: 50100 Episode Num: 167 Episode T: 300 Reward: 0.000 PseudoReward: [[-4984.2305]]
Episode 167, Average Success Rate (last 10 eps): 0.60
Total T: 50400 Episode Num: 168 Episode T: 300 Reward: 0.000 PseudoReward: [[-7876.069]]
Episode 168, Average Success Rate (last 10 eps): 0.50
Total T: 50700 Episode Num: 169 Episode T: 300 Reward: 96.000 PseudoReward: [[-6311.387]]
Episode 169, Average Success Rate (last 10 eps): 0.50
Total T: 51000 Episode Num: 170 Episode T: 300 Reward: 0.000 PseudoReward: [[-13681.605]]
Episode 170, Average Success Rate (last 10 eps): 0.50
Total T: 51300 Episode Num: 171 Episode T: 300 Reward: 288.000 PseudoReward: [[-12385.899]]
Episode 171, Average Success Rate (last 10 eps): 0.50
Total T: 51600 Episode Num: 172 Episode T: 300 Reward: 202.000 PseudoReward: [[-13394.977]]
Episode 172, Average Success Rate (last 10 eps): 0.50
Total T: 51900 Episode Num: 173 Episode T: 300 Reward: 0.000 PseudoReward: [[-8460.22]]
Episode 173, Average Success Rate (last 10 eps): 0.40
Total T: 52200 Episode Num: 174 Episode T: 300 Reward: 32.000 PseudoReward: [[-8642.263]]
Episode 174, Average Success Rate (last 10 eps): 0.40
Total T: 52500 Episode Num: 175 Episode T: 300 Reward: 0.000 PseudoReward: [[-12827.185]]
Episode 175, Average Success Rate (last 10 eps): 0.40
Total T: 52800 Episode Num: 176 Episode T: 300 Reward: 284.000 PseudoReward: [[-13756.151]]
Episode 176, Average Success Rate (last 10 eps): 0.50
Total T: 53100 Episode Num: 177 Episode T: 300 Reward: 0.000 PseudoReward: [[-5865.584]]
Episode 177, Average Success Rate (last 10 eps): 0.50
Total T: 53400 Episode Num: 178 Episode T: 300 Reward: 207.000 PseudoReward: [[-13397.288]]
Episode 178, Average Success Rate (last 10 eps): 0.60
Total T: 53700 Episode Num: 179 Episode T: 300 Reward: 168.000 PseudoReward: [[-10495.926]]
Episode 179, Average Success Rate (last 10 eps): 0.60
Total T: 54000 Episode Num: 180 Episode T: 300 Reward: 279.000 PseudoReward: [[-12392.612]]
Episode 180, Average Success Rate (last 10 eps): 0.70
Total T: 54300 Episode Num: 181 Episode T: 300 Reward: 0.000 PseudoReward: [[-8244.67]]
Episode 181, Average Success Rate (last 10 eps): 0.60
Total T: 54600 Episode Num: 182 Episode T: 300 Reward: 218.000 PseudoReward: [[-10152.674]]
Episode 182, Average Success Rate (last 10 eps): 0.60
Total T: 54900 Episode Num: 183 Episode T: 300 Reward: 71.000 PseudoReward: [[-7889.4175]]
Episode 183, Average Success Rate (last 10 eps): 0.70
Total T: 55200 Episode Num: 184 Episode T: 300 Reward: 0.000 PseudoReward: [[-13407.973]]
Episode 184, Average Success Rate (last 10 eps): 0.60
Total T: 55500 Episode Num: 185 Episode T: 300 Reward: 0.000 PseudoReward: [[-8507.626]]
Episode 185, Average Success Rate (last 10 eps): 0.60
Total T: 55800 Episode Num: 186 Episode T: 300 Reward: 171.000 PseudoReward: [[-8008.7993]]
Episode 186, Average Success Rate (last 10 eps): 0.60
Total T: 56100 Episode Num: 187 Episode T: 300 Reward: 0.000 PseudoReward: [[-12861.623]]
Episode 187, Average Success Rate (last 10 eps): 0.60
Total T: 56400 Episode Num: 188 Episode T: 300 Reward: 264.000 PseudoReward: [[-13694.477]]
Episode 188, Average Success Rate (last 10 eps): 0.60
Total T: 56700 Episode Num: 189 Episode T: 300 Reward: 246.000 PseudoReward: [[-9007.787]]
Episode 189, Average Success Rate (last 10 eps): 0.60
Total T: 57000 Episode Num: 190 Episode T: 300 Reward: 269.000 PseudoReward: [[-10934.655]]
Episode 190, Average Success Rate (last 10 eps): 0.60
Total T: 57300 Episode Num: 191 Episode T: 300 Reward: 0.000 PseudoReward: [[-8116.4585]]
Episode 191, Average Success Rate (last 10 eps): 0.60
Total T: 57600 Episode Num: 192 Episode T: 300 Reward: 0.000 PseudoReward: [[-5486.5737]]
Episode 192, Average Success Rate (last 10 eps): 0.50
Total T: 57900 Episode Num: 193 Episode T: 300 Reward: 289.000 PseudoReward: [[-9457.181]]
Episode 193, Average Success Rate (last 10 eps): 0.50
Total T: 58200 Episode Num: 194 Episode T: 300 Reward: 165.000 PseudoReward: [[-9375.149]]
Episode 194, Average Success Rate (last 10 eps): 0.60
Total T: 58500 Episode Num: 195 Episode T: 300 Reward: 285.000 PseudoReward: [[-13775.475]]
Episode 195, Average Success Rate (last 10 eps): 0.70
Total T: 58800 Episode Num: 196 Episode T: 300 Reward: 277.000 PseudoReward: [[-9403.278]]
Episode 196, Average Success Rate (last 10 eps): 0.70
Total T: 59100 Episode Num: 197 Episode T: 300 Reward: 258.000 PseudoReward: [[-11110.374]]
Episode 197, Average Success Rate (last 10 eps): 0.80
Total T: 59400 Episode Num: 198 Episode T: 300 Reward: 251.000 PseudoReward: [[-9859.599]]
Episode 198, Average Success Rate (last 10 eps): 0.80
Total T: 59700 Episode Num: 199 Episode T: 300 Reward: 244.000 PseudoReward: [[-13744.3125]]
Episode 199, Average Success Rate (last 10 eps): 0.80
Total T: 60000 Episode Num: 200 Episode T: 300 Reward: 132.000 PseudoReward: [[-8662.723]]
Episode 200, Average Success Rate (last 10 eps): 0.80
Total T: 60300 Episode Num: 201 Episode T: 300 Reward: 289.000 PseudoReward: [[-8881.192]]
Episode 201, Average Success Rate (last 10 eps): 0.90
Total T: 60600 Episode Num: 202 Episode T: 300 Reward: 0.000 PseudoReward: [[-6396.9146]]
Episode 202, Average Success Rate (last 10 eps): 0.90
Total T: 60900 Episode Num: 203 Episode T: 300 Reward: 282.000 PseudoReward: [[-13741.086]]
Episode 203, Average Success Rate (last 10 eps): 0.90
Total T: 61200 Episode Num: 204 Episode T: 300 Reward: 282.000 PseudoReward: [[-13496.689]]
Episode 204, Average Success Rate (last 10 eps): 0.90
Total T: 61500 Episode Num: 205 Episode T: 300 Reward: 1.000 PseudoReward: [[-6516.272]]
Episode 205, Average Success Rate (last 10 eps): 0.90
Total T: 61800 Episode Num: 206 Episode T: 300 Reward: 0.000 PseudoReward: [[-12511.749]]
Episode 206, Average Success Rate (last 10 eps): 0.80
Total T: 62100 Episode Num: 207 Episode T: 300 Reward: 262.000 PseudoReward: [[-13758.816]]
Episode 207, Average Success Rate (last 10 eps): 0.80
Total T: 62400 Episode Num: 208 Episode T: 300 Reward: 0.000 PseudoReward: [[-8721.654]]
Episode 208, Average Success Rate (last 10 eps): 0.70
Total T: 62700 Episode Num: 209 Episode T: 300 Reward: 0.000 PseudoReward: [[-12981.466]]
Episode 209, Average Success Rate (last 10 eps): 0.60
Total T: 63000 Episode Num: 210 Episode T: 300 Reward: 205.000 PseudoReward: [[-13752.145]]
Episode 210, Average Success Rate (last 10 eps): 0.60
Total T: 63300 Episode Num: 211 Episode T: 300 Reward: 199.000 PseudoReward: [[-9276.968]]
Episode 211, Average Success Rate (last 10 eps): 0.60
Total T: 63600 Episode Num: 212 Episode T: 300 Reward: 255.000 PseudoReward: [[-13520.329]]
Episode 212, Average Success Rate (last 10 eps): 0.70
Total T: 63900 Episode Num: 213 Episode T: 300 Reward: 32.000 PseudoReward: [[-7501.567]]
Episode 213, Average Success Rate (last 10 eps): 0.70
Total T: 64200 Episode Num: 214 Episode T: 300 Reward: 113.000 PseudoReward: [[-13474.482]]
Episode 214, Average Success Rate (last 10 eps): 0.70
Total T: 64500 Episode Num: 215 Episode T: 300 Reward: 239.000 PseudoReward: [[-10720.377]]
Episode 215, Average Success Rate (last 10 eps): 0.70
Total T: 64800 Episode Num: 216 Episode T: 300 Reward: 265.000 PseudoReward: [[-13689.695]]
Episode 216, Average Success Rate (last 10 eps): 0.80
Total T: 65100 Episode Num: 217 Episode T: 300 Reward: 246.000 PseudoReward: [[-9134.153]]
Episode 217, Average Success Rate (last 10 eps): 0.80
Total T: 65400 Episode Num: 218 Episode T: 300 Reward: 284.000 PseudoReward: [[-13734.802]]
Episode 218, Average Success Rate (last 10 eps): 0.90
Total T: 65700 Episode Num: 219 Episode T: 300 Reward: 267.000 PseudoReward: [[-13790.514]]
Episode 219, Average Success Rate (last 10 eps): 1.00
Total T: 66000 Episode Num: 220 Episode T: 300 Reward: 29.000 PseudoReward: [[-8441.337]]
Episode 220, Average Success Rate (last 10 eps): 1.00
Total T: 66300 Episode Num: 221 Episode T: 300 Reward: 262.000 PseudoReward: [[-12928.924]]
Episode 221, Average Success Rate (last 10 eps): 1.00
Total T: 66600 Episode Num: 222 Episode T: 300 Reward: 286.000 PseudoReward: [[-7381.6064]]
Episode 222, Average Success Rate (last 10 eps): 1.00
Total T: 66900 Episode Num: 223 Episode T: 300 Reward: 67.000 PseudoReward: [[-13138.155]]
Episode 223, Average Success Rate (last 10 eps): 1.00
Total T: 67200 Episode Num: 224 Episode T: 300 Reward: 257.000 PseudoReward: [[-10784.91]]
Episode 224, Average Success Rate (last 10 eps): 1.00
Total T: 67500 Episode Num: 225 Episode T: 300 Reward: 272.000 PseudoReward: [[-11481.358]]
Episode 225, Average Success Rate (last 10 eps): 1.00
Total T: 67800 Episode Num: 226 Episode T: 300 Reward: 212.000 PseudoReward: [[-13656.671]]
Episode 226, Average Success Rate (last 10 eps): 1.00
Total T: 68100 Episode Num: 227 Episode T: 300 Reward: 296.000 PseudoReward: [[-13030.879]]
Episode 227, Average Success Rate (last 10 eps): 1.00
Total T: 68400 Episode Num: 228 Episode T: 300 Reward: 149.000 PseudoReward: [[-9924.69]]
Episode 228, Average Success Rate (last 10 eps): 1.00
Total T: 68700 Episode Num: 229 Episode T: 300 Reward: 0.000 PseudoReward: [[-13781.26]]
Episode 229, Average Success Rate (last 10 eps): 0.90
Total T: 69000 Episode Num: 230 Episode T: 300 Reward: 291.000 PseudoReward: [[-12253.836]]
Episode 230, Average Success Rate (last 10 eps): 0.90
Total T: 69300 Episode Num: 231 Episode T: 300 Reward: 155.000 PseudoReward: [[-10345.828]]
Episode 231, Average Success Rate (last 10 eps): 0.90
Total T: 69600 Episode Num: 232 Episode T: 300 Reward: 245.000 PseudoReward: [[-9323.91]]
Episode 232, Average Success Rate (last 10 eps): 0.90
Total T: 69900 Episode Num: 233 Episode T: 300 Reward: 0.000 PseudoReward: [[-10137.97]]
Episode 233, Average Success Rate (last 10 eps): 0.80
Total T: 70200 Episode Num: 234 Episode T: 300 Reward: 254.000 PseudoReward: [[-5114.344]]
Episode 234, Average Success Rate (last 10 eps): 0.80
Total T: 70500 Episode Num: 235 Episode T: 300 Reward: 285.000 PseudoReward: [[-12209.862]]
Episode 235, Average Success Rate (last 10 eps): 0.80
Total T: 70800 Episode Num: 236 Episode T: 300 Reward: 275.000 PseudoReward: [[-7081.3677]]
Episode 236, Average Success Rate (last 10 eps): 0.80
Total T: 71100 Episode Num: 237 Episode T: 300 Reward: 56.000 PseudoReward: [[-5454.7695]]
Episode 237, Average Success Rate (last 10 eps): 0.80
Total T: 71400 Episode Num: 238 Episode T: 300 Reward: 244.000 PseudoReward: [[-11408.539]]
Episode 238, Average Success Rate (last 10 eps): 0.80
Total T: 71700 Episode Num: 239 Episode T: 300 Reward: 259.000 PseudoReward: [[-9551.238]]
Episode 239, Average Success Rate (last 10 eps): 0.90
Total T: 72000 Episode Num: 240 Episode T: 300 Reward: 237.000 PseudoReward: [[-13708.188]]
Episode 240, Average Success Rate (last 10 eps): 0.90
Total T: 72300 Episode Num: 241 Episode T: 300 Reward: 226.000 PseudoReward: [[-11887.731]]
Episode 241, Average Success Rate (last 10 eps): 0.90
Total T: 72600 Episode Num: 242 Episode T: 300 Reward: 198.000 PseudoReward: [[-10699.874]]
Episode 242, Average Success Rate (last 10 eps): 0.90
Total T: 72900 Episode Num: 243 Episode T: 300 Reward: 0.000 PseudoReward: [[-12374.432]]
Episode 243, Average Success Rate (last 10 eps): 0.90
Total T: 73200 Episode Num: 244 Episode T: 300 Reward: 275.000 PseudoReward: [[-10706.024]]
Episode 244, Average Success Rate (last 10 eps): 0.90
Total T: 73500 Episode Num: 245 Episode T: 300 Reward: 0.000 PseudoReward: [[-12962.185]]
Episode 245, Average Success Rate (last 10 eps): 0.80
Total T: 73800 Episode Num: 246 Episode T: 300 Reward: 279.000 PseudoReward: [[-13701.731]]
Episode 246, Average Success Rate (last 10 eps): 0.80
Total T: 74100 Episode Num: 247 Episode T: 300 Reward: 228.000 PseudoReward: [[-8389.454]]
Episode 247, Average Success Rate (last 10 eps): 0.80
Total T: 74400 Episode Num: 248 Episode T: 300 Reward: 154.000 PseudoReward: [[-11393.574]]
Episode 248, Average Success Rate (last 10 eps): 0.80
Total T: 74700 Episode Num: 249 Episode T: 300 Reward: 219.000 PseudoReward: [[-9881.511]]
Episode 249, Average Success Rate (last 10 eps): 0.80
Total T: 75000 Episode Num: 250 Episode T: 300 Reward: 296.000 PseudoReward: [[-8409.603]]
Episode 250, Average Success Rate (last 10 eps): 0.80
Total T: 75300 Episode Num: 251 Episode T: 300 Reward: 0.000 PseudoReward: [[-8297.276]]
Episode 251, Average Success Rate (last 10 eps): 0.70
Total T: 75600 Episode Num: 252 Episode T: 300 Reward: 291.000 PseudoReward: [[-13238.231]]
Episode 252, Average Success Rate (last 10 eps): 0.70
Total T: 75900 Episode Num: 253 Episode T: 300 Reward: 0.000 PseudoReward: [[-10160.384]]
Episode 253, Average Success Rate (last 10 eps): 0.70
Total T: 76200 Episode Num: 254 Episode T: 300 Reward: 285.000 PseudoReward: [[-13783.48]]
Episode 254, Average Success Rate (last 10 eps): 0.70
Total T: 76500 Episode Num: 255 Episode T: 300 Reward: 250.000 PseudoReward: [[-13574.827]]
Episode 255, Average Success Rate (last 10 eps): 0.80
Total T: 76800 Episode Num: 256 Episode T: 300 Reward: 0.000 PseudoReward: [[-13129.467]]
Episode 256, Average Success Rate (last 10 eps): 0.70
Total T: 77100 Episode Num: 257 Episode T: 300 Reward: 0.000 PseudoReward: [[-9663.706]]
Episode 257, Average Success Rate (last 10 eps): 0.60
Total T: 77400 Episode Num: 258 Episode T: 300 Reward: 289.000 PseudoReward: [[-13432.844]]
Episode 258, Average Success Rate (last 10 eps): 0.60
Total T: 77700 Episode Num: 259 Episode T: 300 Reward: 273.000 PseudoReward: [[-13748.631]]
Episode 259, Average Success Rate (last 10 eps): 0.60
Total T: 78000 Episode Num: 260 Episode T: 300 Reward: 276.000 PseudoReward: [[-13729.263]]
Episode 260, Average Success Rate (last 10 eps): 0.60
Total T: 78300 Episode Num: 261 Episode T: 300 Reward: 215.000 PseudoReward: [[-5808.9287]]
Episode 261, Average Success Rate (last 10 eps): 0.70
Total T: 78600 Episode Num: 262 Episode T: 300 Reward: 289.000 PseudoReward: [[-13569.175]]
Episode 262, Average Success Rate (last 10 eps): 0.70
Total T: 78900 Episode Num: 263 Episode T: 300 Reward: 221.000 PseudoReward: [[-10987.059]]
Episode 263, Average Success Rate (last 10 eps): 0.80
Total T: 79200 Episode Num: 264 Episode T: 300 Reward: 265.000 PseudoReward: [[-13145.931]]
Episode 264, Average Success Rate (last 10 eps): 0.80
Total T: 79500 Episode Num: 265 Episode T: 300 Reward: 55.000 PseudoReward: [[-11894.115]]
Episode 265, Average Success Rate (last 10 eps): 0.80
Total T: 79800 Episode Num: 266 Episode T: 300 Reward: 0.000 PseudoReward: [[-12717.26]]
Episode 266, Average Success Rate (last 10 eps): 0.80
Total T: 80100 Episode Num: 267 Episode T: 300 Reward: 242.000 PseudoReward: [[-8315.649]]
Episode 267, Average Success Rate (last 10 eps): 0.90
Total T: 80400 Episode Num: 268 Episode T: 300 Reward: 242.000 PseudoReward: [[-6064.803]]
Episode 268, Average Success Rate (last 10 eps): 0.90
Total T: 80700 Episode Num: 269 Episode T: 300 Reward: 289.000 PseudoReward: [[-13582.733]]
Episode 269, Average Success Rate (last 10 eps): 0.90
Total T: 81000 Episode Num: 270 Episode T: 300 Reward: 180.000 PseudoReward: [[-13550.325]]
Episode 270, Average Success Rate (last 10 eps): 0.90
Total T: 81300 Episode Num: 271 Episode T: 300 Reward: 268.000 PseudoReward: [[-13759.407]]
Episode 271, Average Success Rate (last 10 eps): 0.90
Total T: 81600 Episode Num: 272 Episode T: 300 Reward: 0.000 PseudoReward: [[-12462.488]]
Episode 272, Average Success Rate (last 10 eps): 0.80
Total T: 81900 Episode Num: 273 Episode T: 300 Reward: 0.000 PseudoReward: [[-13087.718]]
Episode 273, Average Success Rate (last 10 eps): 0.70
Total T: 82200 Episode Num: 274 Episode T: 300 Reward: 0.000 PseudoReward: [[-12589.968]]
Episode 274, Average Success Rate (last 10 eps): 0.60
Total T: 82500 Episode Num: 275 Episode T: 300 Reward: 260.000 PseudoReward: [[-13643.844]]
Episode 275, Average Success Rate (last 10 eps): 0.60
Total T: 82800 Episode Num: 276 Episode T: 300 Reward: 0.000 PseudoReward: [[-12319.044]]
Episode 276, Average Success Rate (last 10 eps): 0.60
Total T: 83100 Episode Num: 277 Episode T: 300 Reward: 0.000 PseudoReward: [[-9644.48]]
Episode 277, Average Success Rate (last 10 eps): 0.50
Total T: 83400 Episode Num: 278 Episode T: 300 Reward: 230.000 PseudoReward: [[-12493.882]]
Episode 278, Average Success Rate (last 10 eps): 0.50
Total T: 83700 Episode Num: 279 Episode T: 300 Reward: 29.000 PseudoReward: [[-12440.827]]
Episode 279, Average Success Rate (last 10 eps): 0.50
Total T: 84000 Episode Num: 280 Episode T: 300 Reward: 290.000 PseudoReward: [[-11498.249]]
Episode 280, Average Success Rate (last 10 eps): 0.50
Total T: 84300 Episode Num: 281 Episode T: 300 Reward: 254.000 PseudoReward: [[-9851.791]]
Episode 281, Average Success Rate (last 10 eps): 0.50
Total T: 84600 Episode Num: 282 Episode T: 300 Reward: 0.000 PseudoReward: [[-4430.107]]
Episode 282, Average Success Rate (last 10 eps): 0.50
Total T: 84900 Episode Num: 283 Episode T: 300 Reward: 282.000 PseudoReward: [[-13804.57]]
Episode 283, Average Success Rate (last 10 eps): 0.60
