/home/xlx9645/miniconda3/envs/maze/lib/python3.9/site-packages/gymnasium/envs/registration.py:642: UserWarning: [33mWARN: Overriding environment TrapMazeEnv already in registry.[0m
  logger.warn(f"Overriding environment {new_spec.id} already in registry.")
wandb: Using wandb-core as the SDK backend.  Please refer to https://wandb.me/wandb-core for more information.
wandb: Currently logged in as: yuxuanli2023 (yuxuanli2023-northwestern-university). Use `wandb login --relogin` to force relogin
wandb: Tracking run with wandb version 0.19.1
wandb: Run data is saved locally in /home/xlx9645/failed/Maze/update_baselines/wandb/run-20241229_180908-5j48b2l8
wandb: Run `wandb offline` to turn off syncing.
wandb: Syncing run MyMethod_2
wandb: ⭐️ View project at https://wandb.ai/yuxuanli2023-northwestern-university/Main_1229
wandb: 🚀 View run at https://wandb.ai/yuxuanli2023-northwestern-university/Main_1229/runs/5j48b2l8
/home/xlx9645/miniconda3/envs/maze/lib/python3.9/site-packages/gymnasium/spaces/box.py:235: UserWarning: [33mWARN: Box low's precision lowered by casting to float32, current low.dtype=float64[0m
  gym.logger.warn(
/home/xlx9645/miniconda3/envs/maze/lib/python3.9/site-packages/gymnasium/spaces/box.py:305: UserWarning: [33mWARN: Box high's precision lowered by casting to float32, current high.dtype=float64[0m
  gym.logger.warn(
/home/xlx9645/failed/Maze/update_baselines/Main_My2.py:110: FutureWarning: You are using `torch.load` with `weights_only=False` (the current default value), which uses the default pickle module implicitly. It is possible to construct malicious pickle data which will execute arbitrary code during unpickling (See https://github.com/pytorch/pytorch/blob/main/SECURITY.md#untrusted-models for more details). In a future release, the default value for `weights_only` will be flipped to `True`. This limits the functions that could be executed during unpickling. Arbitrary objects will no longer be allowed to be loaded via this mode unless they are explicitly allowlisted by the user via `torch.serialization.add_safe_globals`. We recommend you start setting `weights_only=True` for any use case where you don't have full control of the loaded file. Please open an issue on GitHub for any issues related to this experimental feature.
  reward_net.load_state_dict(torch.load(reward_net_path, map_location=device))
/home/xlx9645/miniconda3/envs/maze/lib/python3.9/site-packages/torch/optim/lr_scheduler.py:224: UserWarning: Detected call of `lr_scheduler.step()` before `optimizer.step()`. In PyTorch 1.1.0 and later, you should call them in the opposite order: `optimizer.step()` before `lr_scheduler.step()`.  Failure to do this will result in PyTorch skipping the first value of the learning rate schedule. See more details at https://pytorch.org/docs/stable/optim.html#how-to-adjust-learning-rate
  warnings.warn(
Epoch 1/200, Loss: 1.637961983680725
Epoch 2/200, Loss: 1.5193699598312378
Epoch 3/200, Loss: 1.4179019927978516
Epoch 4/200, Loss: 1.3304519653320312
Epoch 5/200, Loss: 1.2522860765457153
Epoch 6/200, Loss: 1.1801466941833496
Epoch 7/200, Loss: 1.1123027801513672
Epoch 8/200, Loss: 1.0476491451263428
Epoch 9/200, Loss: 0.9858402013778687
Epoch 10/200, Loss: 0.9272215366363525
Epoch 11/200, Loss: 0.8720622062683105
Epoch 12/200, Loss: 0.8207443952560425
Epoch 13/200, Loss: 0.7729132771492004
Epoch 14/200, Loss: 0.7289288640022278
Epoch 15/200, Loss: 0.6887511610984802
Epoch 16/200, Loss: 0.6526049971580505
Epoch 17/200, Loss: 0.6210024952888489
Epoch 18/200, Loss: 0.5942637920379639
Epoch 19/200, Loss: 0.5725522637367249
Epoch 20/200, Loss: 0.5550711154937744
Epoch 21/200, Loss: 0.5409958362579346
Epoch 22/200, Loss: 0.5295230746269226
Epoch 23/200, Loss: 0.5197957754135132
Epoch 24/200, Loss: 0.5109192728996277
Epoch 25/200, Loss: 0.5021234154701233
Epoch 26/200, Loss: 0.49290531873703003
Epoch 27/200, Loss: 0.48295944929122925
Epoch 28/200, Loss: 0.47222840785980225
Epoch 29/200, Loss: 0.46080347895622253
Epoch 30/200, Loss: 0.4489760100841522
Epoch 31/200, Loss: 0.4370497465133667
Epoch 32/200, Loss: 0.4253838360309601
Epoch 33/200, Loss: 0.41434159874916077
Epoch 34/200, Loss: 0.404253214597702
Epoch 35/200, Loss: 0.39531129598617554
Epoch 36/200, Loss: 0.38758978247642517
Epoch 37/200, Loss: 0.38104864954948425
Epoch 38/200, Loss: 0.37558722496032715
Epoch 39/200, Loss: 0.37105458974838257
Epoch 40/200, Loss: 0.367220014333725
Epoch 41/200, Loss: 0.3638821244239807
Epoch 42/200, Loss: 0.36086970567703247
Epoch 43/200, Loss: 0.3579775393009186
Epoch 44/200, Loss: 0.3550659716129303
Epoch 45/200, Loss: 0.3520524799823761
Epoch 46/200, Loss: 0.34891775250434875
Epoch 47/200, Loss: 0.3457038700580597
Epoch 48/200, Loss: 0.342499703168869
Epoch 49/200, Loss: 0.3393993377685547
Epoch 50/200, Loss: 0.3364897072315216
Epoch 51/200, Loss: 0.3337857127189636
Epoch 52/200, Loss: 0.33127516508102417
Epoch 53/200, Loss: 0.32886847853660583
Epoch 54/200, Loss: 0.32647284865379333
Epoch 55/200, Loss: 0.3240116834640503
Epoch 56/200, Loss: 0.32145097851753235
Epoch 57/200, Loss: 0.31881606578826904
Epoch 58/200, Loss: 0.31618985533714294
Epoch 59/200, Loss: 0.31362035870552063
Epoch 60/200, Loss: 0.3112090229988098
Epoch 61/200, Loss: 0.3089877665042877
Epoch 62/200, Loss: 0.3069705069065094
Epoch 63/200, Loss: 0.3051712214946747
Epoch 64/200, Loss: 0.3035607635974884
Epoch 65/200, Loss: 0.3020864725112915
Epoch 66/200, Loss: 0.30072447657585144
Epoch 67/200, Loss: 0.2994222342967987
Epoch 68/200, Loss: 0.29815247654914856
Epoch 69/200, Loss: 0.2969244420528412
Epoch 70/200, Loss: 0.2957446873188019
Epoch 71/200, Loss: 0.29462867975234985
Epoch 72/200, Loss: 0.2935755252838135
Epoch 73/200, Loss: 0.29257863759994507
Epoch 74/200, Loss: 0.2916223108768463
Epoch 75/200, Loss: 0.2906798720359802
Epoch 76/200, Loss: 0.2897373139858246
Epoch 77/200, Loss: 0.2887876033782959
Epoch 78/200, Loss: 0.28784140944480896
Epoch 79/200, Loss: 0.28691500425338745
Epoch 80/200, Loss: 0.28602513670921326
Epoch 81/200, Loss: 0.28517577052116394
Epoch 82/200, Loss: 0.2843581438064575
Epoch 83/200, Loss: 0.283579558134079
Epoch 84/200, Loss: 0.28282099962234497
Epoch 85/200, Loss: 0.2820679843425751
Epoch 86/200, Loss: 0.2813130021095276
Epoch 87/200, Loss: 0.2805575132369995
Epoch 88/200, Loss: 0.2798130512237549
Epoch 89/200, Loss: 0.2791072428226471
Epoch 90/200, Loss: 0.27842414379119873
Epoch 91/200, Loss: 0.2777653634548187
Epoch 92/200, Loss: 0.27711665630340576
Epoch 93/200, Loss: 0.27647438645362854
Epoch 94/200, Loss: 0.27583932876586914
Epoch 95/200, Loss: 0.2752159833908081
Epoch 96/200, Loss: 0.2746126353740692
Epoch 97/200, Loss: 0.27402517199516296
Epoch 98/200, Loss: 0.27345678210258484
Epoch 99/200, Loss: 0.2729041278362274
Epoch 100/200, Loss: 0.2723754942417145
Epoch 101/200, Loss: 0.27185648679733276
Epoch 102/200, Loss: 0.27134373784065247
Epoch 103/200, Loss: 0.27084532380104065
Epoch 104/200, Loss: 0.27036526799201965
Epoch 105/200, Loss: 0.26989391446113586
Epoch 106/200, Loss: 0.2694256901741028
Epoch 107/200, Loss: 0.26896733045578003
Epoch 108/200, Loss: 0.2685176134109497
Epoch 109/200, Loss: 0.2680800259113312
Epoch 110/200, Loss: 0.26765114068984985
Epoch 111/200, Loss: 0.2672311067581177
Epoch 112/200, Loss: 0.26682305335998535
Epoch 113/200, Loss: 0.2664262056350708
Epoch 114/200, Loss: 0.26603779196739197
Epoch 115/200, Loss: 0.2656562030315399
Epoch 116/200, Loss: 0.26528292894363403
Epoch 117/200, Loss: 0.26491859555244446
Epoch 118/200, Loss: 0.2645648717880249
Epoch 119/200, Loss: 0.2642219662666321
Epoch 120/200, Loss: 0.2638886570930481
Epoch 121/200, Loss: 0.26356759667396545
Epoch 122/200, Loss: 0.2632580101490021
Epoch 123/200, Loss: 0.2629609704017639
Epoch 124/200, Loss: 0.26267242431640625
Epoch 125/200, Loss: 0.26239144802093506
Epoch 126/200, Loss: 0.26211872696876526
Epoch 127/200, Loss: 0.2618514597415924
Epoch 128/200, Loss: 0.2615911066532135
Epoch 129/200, Loss: 0.2613392770290375
Epoch 130/200, Loss: 0.2610938549041748
Epoch 131/200, Loss: 0.2608550786972046
Epoch 132/200, Loss: 0.2606235444545746
Epoch 133/200, Loss: 0.26039960980415344
Epoch 134/200, Loss: 0.26018086075782776
Epoch 135/200, Loss: 0.2599656879901886
Epoch 136/200, Loss: 0.25975412130355835
Epoch 137/200, Loss: 0.2595490515232086
Epoch 138/200, Loss: 0.2593492865562439
Epoch 139/200, Loss: 0.2591512203216553
Epoch 140/200, Loss: 0.25895506143569946
Epoch 141/200, Loss: 0.2587631940841675
Epoch 142/200, Loss: 0.25857868790626526
Epoch 143/200, Loss: 0.2584001421928406
Epoch 144/200, Loss: 0.25822824239730835
Epoch 145/200, Loss: 0.2580562233924866
Epoch 146/200, Loss: 0.2578904628753662
Epoch 147/200, Loss: 0.2577309310436249
Epoch 148/200, Loss: 0.25756925344467163
Epoch 149/200, Loss: 0.25740697979927063
Epoch 150/200, Loss: 0.25724878907203674
Epoch 151/200, Loss: 0.2570928633213043
Epoch 152/200, Loss: 0.2569429278373718
Epoch 153/200, Loss: 0.2568005919456482
Epoch 154/200, Loss: 0.2566586136817932
Epoch 155/200, Loss: 0.2565128803253174
Epoch 156/200, Loss: 0.25636693835258484
Epoch 157/200, Loss: 0.25622594356536865
Epoch 158/200, Loss: 0.25608375668525696
Epoch 159/200, Loss: 0.2559402287006378
Epoch 160/200, Loss: 0.2557956576347351
Epoch 161/200, Loss: 0.2556525468826294
Epoch 162/200, Loss: 0.25551387667655945
Epoch 163/200, Loss: 0.25537681579589844
Epoch 164/200, Loss: 0.25523924827575684
Epoch 165/200, Loss: 0.25510337948799133
Epoch 166/200, Loss: 0.2549673616886139
Epoch 167/200, Loss: 0.2548372447490692
Epoch 168/200, Loss: 0.2547072172164917
Epoch 169/200, Loss: 0.25458088517189026
Epoch 170/200, Loss: 0.2544543445110321
Epoch 171/200, Loss: 0.2543269097805023
Epoch 172/200, Loss: 0.2541998624801636
Epoch 173/200, Loss: 0.25407874584198
Epoch 174/200, Loss: 0.2539561986923218
Epoch 175/200, Loss: 0.25383371114730835
Epoch 176/200, Loss: 0.25371474027633667
Epoch 177/200, Loss: 0.2535981237888336
Epoch 178/200, Loss: 0.2534794509410858
Epoch 179/200, Loss: 0.25336459279060364
Epoch 180/200, Loss: 0.25325101613998413
Epoch 181/200, Loss: 0.2531376779079437
Epoch 182/200, Loss: 0.2530233561992645
Epoch 183/200, Loss: 0.2529141902923584
Epoch 184/200, Loss: 0.2528003752231598
Epoch 185/200, Loss: 0.2526859641075134
Epoch 186/200, Loss: 0.25257566571235657
Epoch 187/200, Loss: 0.2524648904800415
Epoch 188/200, Loss: 0.25235646963119507
Epoch 189/200, Loss: 0.2522490620613098
Epoch 190/200, Loss: 0.25213831663131714
Epoch 191/200, Loss: 0.252025306224823
Epoch 192/200, Loss: 0.2519110441207886
Epoch 193/200, Loss: 0.2517988979816437
Epoch 194/200, Loss: 0.25168880820274353
Epoch 195/200, Loss: 0.2515791058540344
Epoch 196/200, Loss: 0.2514688968658447
Epoch 197/200, Loss: 0.2513565719127655
Epoch 198/200, Loss: 0.2512442171573639
Epoch 199/200, Loss: 0.2511342465877533
Epoch 200/200, Loss: 0.25102585554122925
Total T: 300 Episode Num: 1 Episode T: 300 Reward: 0.000 PseudoReward: [[-4.184657]]
Episode 1, Average Success Rate (last 10 eps): 0.00
Total T: 600 Episode Num: 2 Episode T: 300 Reward: 0.000 PseudoReward: [[19.442348]]
Episode 2, Average Success Rate (last 10 eps): 0.00
Total T: 900 Episode Num: 3 Episode T: 300 Reward: 166.000 PseudoReward: [[223.17476]]
Episode 3, Average Success Rate (last 10 eps): 0.33
Total T: 1200 Episode Num: 4 Episode T: 300 Reward: 0.000 PseudoReward: [[245.13646]]
Episode 4, Average Success Rate (last 10 eps): 0.25
Total T: 1500 Episode Num: 5 Episode T: 300 Reward: 0.000 PseudoReward: [[-70.6127]]
Episode 5, Average Success Rate (last 10 eps): 0.20
Total T: 1800 Episode Num: 6 Episode T: 300 Reward: 0.000 PseudoReward: [[203.47963]]
Episode 6, Average Success Rate (last 10 eps): 0.17
Total T: 2100 Episode Num: 7 Episode T: 300 Reward: 0.000 PseudoReward: [[252.86664]]
Episode 7, Average Success Rate (last 10 eps): 0.14
Total T: 2400 Episode Num: 8 Episode T: 300 Reward: 249.000 PseudoReward: [[360.05783]]
Episode 8, Average Success Rate (last 10 eps): 0.25
Total T: 2700 Episode Num: 9 Episode T: 300 Reward: 280.000 PseudoReward: [[559.60034]]
Episode 9, Average Success Rate (last 10 eps): 0.33
Total T: 3000 Episode Num: 10 Episode T: 300 Reward: 0.000 PseudoReward: [[177.01418]]
Episode 10, Average Success Rate (last 10 eps): 0.30
Epoch 1/200, Loss: 0.6980385184288025
Epoch 2/200, Loss: 0.6556714177131653
Epoch 3/200, Loss: 0.6415936350822449
Epoch 4/200, Loss: 0.6570230722427368
Epoch 5/200, Loss: 0.654808521270752
Epoch 6/200, Loss: 0.6290037035942078
Epoch 7/200, Loss: 0.6083797812461853
Epoch 8/200, Loss: 0.6080375909805298
Epoch 9/200, Loss: 0.6127378344535828
Epoch 10/200, Loss: 0.6050281524658203
Epoch 11/200, Loss: 0.5895497798919678
Epoch 12/200, Loss: 0.5815386772155762
Epoch 13/200, Loss: 0.5833445191383362
Epoch 14/200, Loss: 0.5828589200973511
Epoch 15/200, Loss: 0.5749092102050781
Epoch 16/200, Loss: 0.5662879943847656
Epoch 17/200, Loss: 0.5632267594337463
Epoch 18/200, Loss: 0.5635327100753784
Epoch 19/200, Loss: 0.561523973941803
Epoch 20/200, Loss: 0.5556738972663879
Epoch 21/200, Loss: 0.5502431392669678
Epoch 22/200, Loss: 0.5483253002166748
Epoch 23/200, Loss: 0.5476718544960022
Epoch 24/200, Loss: 0.5445773601531982
Epoch 25/200, Loss: 0.5398890376091003
Epoch 26/200, Loss: 0.5365003943443298
Epoch 27/200, Loss: 0.534959614276886
Epoch 28/200, Loss: 0.5329450964927673
Epoch 29/200, Loss: 0.5292690396308899
Epoch 30/200, Loss: 0.525655210018158
Epoch 31/200, Loss: 0.5233292579650879
Epoch 32/200, Loss: 0.5217723846435547
Epoch 33/200, Loss: 0.5192278027534485
Epoch 34/200, Loss: 0.5159578919410706
Epoch 35/200, Loss: 0.5132172703742981
Epoch 36/200, Loss: 0.5112225413322449
Epoch 37/200, Loss: 0.5091582536697388
Epoch 38/200, Loss: 0.5065118074417114
Epoch 39/200, Loss: 0.503929615020752
Epoch 40/200, Loss: 0.5018506646156311
Epoch 41/200, Loss: 0.4998053014278412
Epoch 42/200, Loss: 0.49738988280296326
Epoch 43/200, Loss: 0.49494341015815735
Epoch 44/200, Loss: 0.4928242862224579
Epoch 45/200, Loss: 0.49071457982063293
Epoch 46/200, Loss: 0.48835307359695435
Epoch 47/200, Loss: 0.4860345721244812
Epoch 48/200, Loss: 0.48384302854537964
Epoch 49/200, Loss: 0.48170676827430725
Epoch 50/200, Loss: 0.47949540615081787
Epoch 51/200, Loss: 0.47726675868034363
Epoch 52/200, Loss: 0.4752344787120819
Epoch 53/200, Loss: 0.4732038676738739
Epoch 54/200, Loss: 0.4710855782032013
Epoch 55/200, Loss: 0.46895867586135864
Epoch 56/200, Loss: 0.4669581353664398
Epoch 57/200, Loss: 0.4649621546268463
Epoch 58/200, Loss: 0.4629111886024475
Epoch 59/200, Loss: 0.46091151237487793
Epoch 60/200, Loss: 0.4589744508266449
Epoch 61/200, Loss: 0.4570848345756531
Epoch 62/200, Loss: 0.45513251423835754
Epoch 63/200, Loss: 0.4531286358833313
Epoch 64/200, Loss: 0.4511331617832184
Epoch 65/200, Loss: 0.44919198751449585
Epoch 66/200, Loss: 0.44730880856513977
Epoch 67/200, Loss: 0.44543224573135376
Epoch 68/200, Loss: 0.4436308443546295
Epoch 69/200, Loss: 0.4418623447418213
Epoch 70/200, Loss: 0.44009095430374146
Epoch 71/200, Loss: 0.438327819108963
Epoch 72/200, Loss: 0.4366648495197296
Epoch 73/200, Loss: 0.4350314140319824
Epoch 74/200, Loss: 0.4333900511264801
Epoch 75/200, Loss: 0.43176665902137756
Epoch 76/200, Loss: 0.4302297830581665
Epoch 77/200, Loss: 0.42869624495506287
Epoch 78/200, Loss: 0.4271649122238159
Epoch 79/200, Loss: 0.4256470501422882
Epoch 80/200, Loss: 0.4241234064102173
Epoch 81/200, Loss: 0.42266160249710083
Epoch 82/200, Loss: 0.4212630093097687
Epoch 83/200, Loss: 0.41985270380973816
Epoch 84/200, Loss: 0.41844719648361206
Epoch 85/200, Loss: 0.41705605387687683
Epoch 86/200, Loss: 0.4157222509384155
Epoch 87/200, Loss: 0.4143548011779785
Epoch 88/200, Loss: 0.41302746534347534
Epoch 89/200, Loss: 0.4117376208305359
Epoch 90/200, Loss: 0.41042694449424744
Epoch 91/200, Loss: 0.4091587960720062
Epoch 92/200, Loss: 0.40789082646369934
Epoch 93/200, Loss: 0.406617671251297
Epoch 94/200, Loss: 0.40537115931510925
Epoch 95/200, Loss: 0.4041442275047302
Epoch 96/200, Loss: 0.4029618203639984
Epoch 97/200, Loss: 0.4017621874809265
Epoch 98/200, Loss: 0.40056365728378296
Epoch 99/200, Loss: 0.39941832423210144
Epoch 100/200, Loss: 0.39829519391059875
Epoch 101/200, Loss: 0.397182822227478
Epoch 102/200, Loss: 0.39606261253356934
Epoch 103/200, Loss: 0.3949533998966217
Epoch 104/200, Loss: 0.3938486576080322
Epoch 105/200, Loss: 0.3927491307258606
Epoch 106/200, Loss: 0.39166203141212463
Epoch 107/200, Loss: 0.39055535197257996
Epoch 108/200, Loss: 0.38943755626678467
Epoch 109/200, Loss: 0.3882793188095093
Epoch 110/200, Loss: 0.38707485795021057
Epoch 111/200, Loss: 0.3858208954334259
Epoch 112/200, Loss: 0.3844994008541107
Epoch 113/200, Loss: 0.38324692845344543
Epoch 114/200, Loss: 0.38227951526641846
Epoch 115/200, Loss: 0.38138121366500854
Epoch 116/200, Loss: 0.38043922185897827
Epoch 117/200, Loss: 0.37948882579803467
Epoch 118/200, Loss: 0.3785070776939392
Epoch 119/200, Loss: 0.37749606370925903
Epoch 120/200, Loss: 0.3764747679233551
Epoch 121/200, Loss: 0.3754287362098694
Epoch 122/200, Loss: 0.3743724822998047
Epoch 123/200, Loss: 0.37333405017852783
Epoch 124/200, Loss: 0.3724135756492615
Epoch 125/200, Loss: 0.3715779781341553
Epoch 126/200, Loss: 0.37072518467903137
Epoch 127/200, Loss: 0.3698734641075134
Epoch 128/200, Loss: 0.3689725697040558
Epoch 129/200, Loss: 0.3680728077888489
Epoch 130/200, Loss: 0.36720919609069824
Epoch 131/200, Loss: 0.36638498306274414
Epoch 132/200, Loss: 0.36558642983436584
Epoch 133/200, Loss: 0.36475861072540283
Epoch 134/200, Loss: 0.36394262313842773
Epoch 135/200, Loss: 0.3631404638290405
Epoch 136/200, Loss: 0.3623509109020233
Epoch 137/200, Loss: 0.36157089471817017
Epoch 138/200, Loss: 0.3607884645462036
Epoch 139/200, Loss: 0.360011488199234
Epoch 140/200, Loss: 0.35924574732780457
Epoch 141/200, Loss: 0.358476847410202
Epoch 142/200, Loss: 0.3577505052089691
Epoch 143/200, Loss: 0.3570273816585541
Epoch 144/200, Loss: 0.3563113808631897
Epoch 145/200, Loss: 0.35558801889419556
Epoch 146/200, Loss: 0.3548816740512848
Epoch 147/200, Loss: 0.3541681170463562
Epoch 148/200, Loss: 0.3534638285636902
Epoch 149/200, Loss: 0.3527688682079315
Epoch 150/200, Loss: 0.3520868420600891
Epoch 151/200, Loss: 0.3514052927494049
Epoch 152/200, Loss: 0.3507375419139862
Epoch 153/200, Loss: 0.3500553369522095
Epoch 154/200, Loss: 0.34939759969711304
Epoch 155/200, Loss: 0.3487429618835449
Epoch 156/200, Loss: 0.3480995297431946
Epoch 157/200, Loss: 0.3474416732788086
Epoch 158/200, Loss: 0.34678658843040466
Epoch 159/200, Loss: 0.3461533486843109
Epoch 160/200, Loss: 0.3455137610435486
Epoch 161/200, Loss: 0.34488171339035034
Epoch 162/200, Loss: 0.34425806999206543
Epoch 163/200, Loss: 0.343639075756073
Epoch 164/200, Loss: 0.34303027391433716
Epoch 165/200, Loss: 0.34242212772369385
Epoch 166/200, Loss: 0.3418234586715698
Epoch 167/200, Loss: 0.3412308096885681
Epoch 168/200, Loss: 0.34064042568206787
Epoch 169/200, Loss: 0.34007009863853455
Epoch 170/200, Loss: 0.33950310945510864
Epoch 171/200, Loss: 0.33894285559654236
Epoch 172/200, Loss: 0.33837515115737915
Epoch 173/200, Loss: 0.3378286361694336
Epoch 174/200, Loss: 0.3372747302055359
Epoch 175/200, Loss: 0.33672887086868286
Epoch 176/200, Loss: 0.33618974685668945
Epoch 177/200, Loss: 0.33565354347229004
/home/xlx9645/failed/Maze/update_baselines/Main_My2.py:110: FutureWarning: You are using `torch.load` with `weights_only=False` (the current default value), which uses the default pickle module implicitly. It is possible to construct malicious pickle data which will execute arbitrary code during unpickling (See https://github.com/pytorch/pytorch/blob/main/SECURITY.md#untrusted-models for more details). In a future release, the default value for `weights_only` will be flipped to `True`. This limits the functions that could be executed during unpickling. Arbitrary objects will no longer be allowed to be loaded via this mode unless they are explicitly allowlisted by the user via `torch.serialization.add_safe_globals`. We recommend you start setting `weights_only=True` for any use case where you don't have full control of the loaded file. Please open an issue on GitHub for any issues related to this experimental feature.
  reward_net.load_state_dict(torch.load(reward_net_path, map_location=device))
Epoch 178/200, Loss: 0.335129976272583
Epoch 179/200, Loss: 0.33461183309555054
Epoch 180/200, Loss: 0.3341040015220642
Epoch 181/200, Loss: 0.33361154794692993
Epoch 182/200, Loss: 0.3331165909767151
Epoch 183/200, Loss: 0.3326297700405121
Epoch 184/200, Loss: 0.3321492671966553
Epoch 185/200, Loss: 0.33166664838790894
Epoch 186/200, Loss: 0.33121058344841003
Epoch 187/200, Loss: 0.3307502865791321
Epoch 188/200, Loss: 0.3302900195121765
Epoch 189/200, Loss: 0.3298298418521881
Epoch 190/200, Loss: 0.32940003275871277
Epoch 191/200, Loss: 0.328959196805954
Epoch 192/200, Loss: 0.3285054564476013
Epoch 193/200, Loss: 0.32807573676109314
Epoch 194/200, Loss: 0.32770460844039917
Epoch 195/200, Loss: 0.3272903263568878
Epoch 196/200, Loss: 0.32685771584510803
Epoch 197/200, Loss: 0.3264411687850952
Epoch 198/200, Loss: 0.32604584097862244
Epoch 199/200, Loss: 0.32563433051109314
Epoch 200/200, Loss: 0.325248122215271
Total T: 3300 Episode Num: 11 Episode T: 300 Reward: 0.000 PseudoReward: [[-17.792221]]
Episode 11, Average Success Rate (last 10 eps): 0.30
Total T: 3600 Episode Num: 12 Episode T: 300 Reward: 0.000 PseudoReward: [[-79.26531]]
Episode 12, Average Success Rate (last 10 eps): 0.30
Total T: 3900 Episode Num: 13 Episode T: 300 Reward: 260.000 PseudoReward: [[508.73175]]
Episode 13, Average Success Rate (last 10 eps): 0.30
Total T: 4200 Episode Num: 14 Episode T: 300 Reward: 0.000 PseudoReward: [[276.94794]]
Episode 14, Average Success Rate (last 10 eps): 0.30
Total T: 4500 Episode Num: 15 Episode T: 300 Reward: 285.000 PseudoReward: [[426.64847]]
Episode 15, Average Success Rate (last 10 eps): 0.40
Total T: 4800 Episode Num: 16 Episode T: 300 Reward: 293.000 PseudoReward: [[503.56125]]
Episode 16, Average Success Rate (last 10 eps): 0.50
Total T: 5100 Episode Num: 17 Episode T: 300 Reward: 283.000 PseudoReward: [[545.6886]]
Episode 17, Average Success Rate (last 10 eps): 0.60
Total T: 5400 Episode Num: 18 Episode T: 300 Reward: 275.000 PseudoReward: [[381.91125]]
Episode 18, Average Success Rate (last 10 eps): 0.60
Total T: 5700 Episode Num: 19 Episode T: 300 Reward: 0.000 PseudoReward: [[36.37267]]
Episode 19, Average Success Rate (last 10 eps): 0.50
Total T: 6000 Episode Num: 20 Episode T: 300 Reward: 0.000 PseudoReward: [[20.57325]]
Episode 20, Average Success Rate (last 10 eps): 0.50
Epoch 1/200, Loss: 0.5436297059059143
Epoch 2/200, Loss: 0.506514310836792
Epoch 3/200, Loss: 0.5083463788032532
Epoch 4/200, Loss: 0.48068520426750183
Epoch 5/200, Loss: 0.4645634591579437
Epoch 6/200, Loss: 0.45998436212539673
Epoch 7/200, Loss: 0.45192259550094604
Epoch 8/200, Loss: 0.4470660388469696
Epoch 9/200, Loss: 0.4375142753124237
Epoch 10/200, Loss: 0.430326908826828
Epoch 11/200, Loss: 0.4267195165157318
Epoch 12/200, Loss: 0.41900399327278137
Epoch 13/200, Loss: 0.4147290885448456
Epoch 14/200, Loss: 0.4129154682159424
Epoch 15/200, Loss: 0.40994128584861755
Epoch 16/200, Loss: 0.4098265469074249
Epoch 17/200, Loss: 0.4076356589794159
Epoch 18/200, Loss: 0.4049445390701294
Epoch 19/200, Loss: 0.4051160216331482
Epoch 20/200, Loss: 0.4022800326347351
Epoch 21/200, Loss: 0.39949414134025574
Epoch 22/200, Loss: 0.39952701330184937
Epoch 23/200, Loss: 0.3984313905239105
Epoch 24/200, Loss: 0.39692720770835876
Epoch 25/200, Loss: 0.395745187997818
Epoch 26/200, Loss: 0.3946171700954437
Epoch 27/200, Loss: 0.3935880661010742
Epoch 28/200, Loss: 0.3915327787399292
Epoch 29/200, Loss: 0.39036083221435547
Epoch 30/200, Loss: 0.3902605473995209
Epoch 31/200, Loss: 0.3887842893600464
Epoch 32/200, Loss: 0.3876439332962036
Epoch 33/200, Loss: 0.3875221610069275
Epoch 34/200, Loss: 0.3867551386356354
Epoch 35/200, Loss: 0.38572001457214355
Epoch 36/200, Loss: 0.38485026359558105
Epoch 37/200, Loss: 0.38422146439552307
Epoch 38/200, Loss: 0.3834754228591919
Epoch 39/200, Loss: 0.3825523257255554
Epoch 40/200, Loss: 0.38228675723075867
Epoch 41/200, Loss: 0.38202208280563354
Epoch 42/200, Loss: 0.38125696778297424
Epoch 43/200, Loss: 0.3807801902294159
Epoch 44/200, Loss: 0.3803340494632721
Epoch 45/200, Loss: 0.3797224760055542
Epoch 46/200, Loss: 0.3792431056499481
Epoch 47/200, Loss: 0.3788565993309021
Epoch 48/200, Loss: 0.3785047233104706
Epoch 49/200, Loss: 0.3780028522014618
Epoch 50/200, Loss: 0.3775728642940521
Epoch 51/200, Loss: 0.37725764513015747
Epoch 52/200, Loss: 0.3767240643501282
Epoch 53/200, Loss: 0.37624451518058777
Epoch 54/200, Loss: 0.3758718967437744
Epoch 55/200, Loss: 0.3754122257232666
Epoch 56/200, Loss: 0.3749740719795227
Epoch 57/200, Loss: 0.37456393241882324
Epoch 58/200, Loss: 0.3741508722305298
Epoch 59/200, Loss: 0.3736822307109833
Epoch 60/200, Loss: 0.37321826815605164
Epoch 61/200, Loss: 0.37282103300094604
Epoch 62/200, Loss: 0.37238451838493347
Epoch 63/200, Loss: 0.37196117639541626
Epoch 64/200, Loss: 0.3715999126434326
Epoch 65/200, Loss: 0.3712109625339508
Epoch 66/200, Loss: 0.3708544671535492
Epoch 67/200, Loss: 0.37054213881492615
Epoch 68/200, Loss: 0.37023431062698364
Epoch 69/200, Loss: 0.36990317702293396
Epoch 70/200, Loss: 0.3695719540119171
Epoch 71/200, Loss: 0.36924928426742554
Epoch 72/200, Loss: 0.3689073622226715
Epoch 73/200, Loss: 0.36858174204826355
Epoch 74/200, Loss: 0.36825820803642273
Epoch 75/200, Loss: 0.3679392635822296
Epoch 76/200, Loss: 0.36764588952064514
Epoch 77/200, Loss: 0.36737191677093506
Epoch 78/200, Loss: 0.3670986294746399
Epoch 79/200, Loss: 0.36682650446891785
Epoch 80/200, Loss: 0.36656227707862854
Epoch 81/200, Loss: 0.3662971258163452
Epoch 82/200, Loss: 0.36602717638015747
Epoch 83/200, Loss: 0.36576980352401733
Epoch 84/200, Loss: 0.3655022084712982
Epoch 85/200, Loss: 0.3652322292327881
Epoch 86/200, Loss: 0.36496689915657043
Epoch 87/200, Loss: 0.3647163212299347
Epoch 88/200, Loss: 0.36448514461517334
Epoch 89/200, Loss: 0.3642754554748535
Epoch 90/200, Loss: 0.36406877636909485
Epoch 91/200, Loss: 0.3638489544391632
Epoch 92/200, Loss: 0.363620787858963
Epoch 93/200, Loss: 0.3633861839771271
Epoch 94/200, Loss: 0.36316144466400146
Epoch 95/200, Loss: 0.36295458674430847
Epoch 96/200, Loss: 0.3627496361732483
Epoch 97/200, Loss: 0.3625444769859314
Epoch 98/200, Loss: 0.3623357117176056
Epoch 99/200, Loss: 0.36212649941444397
Epoch 100/200, Loss: 0.3619190454483032
Epoch 101/200, Loss: 0.36171820759773254
Epoch 102/200, Loss: 0.36151519417762756
Epoch 103/200, Loss: 0.36131998896598816
Epoch 104/200, Loss: 0.3611264228820801
Epoch 105/200, Loss: 0.3609328866004944
Epoch 106/200, Loss: 0.36073312163352966
Epoch 107/200, Loss: 0.3605317175388336
Epoch 108/200, Loss: 0.360338032245636
Epoch 109/200, Loss: 0.3601437509059906
Epoch 110/200, Loss: 0.3599545359611511
Epoch 111/200, Loss: 0.359763503074646
Epoch 112/200, Loss: 0.35956764221191406
Epoch 113/200, Loss: 0.35937783122062683
Epoch 114/200, Loss: 0.3591943085193634
Epoch 115/200, Loss: 0.3590109348297119
Epoch 116/200, Loss: 0.35882776975631714
Epoch 117/200, Loss: 0.35864636301994324
Epoch 118/200, Loss: 0.35846561193466187
Epoch 119/200, Loss: 0.3582836389541626
Epoch 120/200, Loss: 0.3581053614616394
Epoch 121/200, Loss: 0.35792896151542664
Epoch 122/200, Loss: 0.35774993896484375
Epoch 123/200, Loss: 0.3575732707977295
Epoch 124/200, Loss: 0.35739725828170776
Epoch 125/200, Loss: 0.3572227954864502
Epoch 126/200, Loss: 0.3570514917373657
Epoch 127/200, Loss: 0.3568840026855469
Epoch 128/200, Loss: 0.3567197918891907
Epoch 129/200, Loss: 0.35655641555786133
Epoch 130/200, Loss: 0.35638919472694397
Epoch 131/200, Loss: 0.3562280535697937
Epoch 132/200, Loss: 0.3560657203197479
Epoch 133/200, Loss: 0.355907678604126
Epoch 134/200, Loss: 0.35574865341186523
Epoch 135/200, Loss: 0.35559457540512085
Epoch 136/200, Loss: 0.35543903708457947
Epoch 137/200, Loss: 0.3552786409854889
Epoch 138/200, Loss: 0.35512346029281616
Epoch 139/200, Loss: 0.35496994853019714
Epoch 140/200, Loss: 0.3548112213611603
Epoch 141/200, Loss: 0.3546575605869293
Epoch 142/200, Loss: 0.3545025885105133
Epoch 143/200, Loss: 0.3543577790260315
Epoch 144/200, Loss: 0.35421279072761536
Epoch 145/200, Loss: 0.35406380891799927
Epoch 146/200, Loss: 0.35391488671302795
Epoch 147/200, Loss: 0.3537745475769043
Epoch 148/200, Loss: 0.35363176465034485
Epoch 149/200, Loss: 0.35348501801490784
Epoch 150/200, Loss: 0.3533427119255066
Epoch 151/200, Loss: 0.3532017767429352
Epoch 152/200, Loss: 0.35306328535079956
Epoch 153/200, Loss: 0.35292115807533264
Epoch 154/200, Loss: 0.35278385877609253
Epoch 155/200, Loss: 0.35264596343040466
Epoch 156/200, Loss: 0.3525119423866272
Epoch 157/200, Loss: 0.35237619280815125
Epoch 158/200, Loss: 0.3522365093231201
Epoch 159/200, Loss: 0.35210180282592773
Epoch 160/200, Loss: 0.3519684374332428
Epoch 161/200, Loss: 0.35183894634246826
Epoch 162/200, Loss: 0.35170453786849976
Epoch 163/200, Loss: 0.3515659272670746
Epoch 164/200, Loss: 0.35143721103668213
Epoch 165/200, Loss: 0.35130757093429565
Epoch 166/200, Loss: 0.3511825203895569
Epoch 167/200, Loss: 0.351052463054657
Epoch 168/200, Loss: 0.3509249985218048
Epoch 169/200, Loss: 0.35079658031463623
Epoch 170/200, Loss: 0.35067111253738403
Epoch 171/200, Loss: 0.3505452871322632
Epoch 172/200, Loss: 0.35042133927345276
Epoch 173/200, Loss: 0.350300133228302
Epoch 174/200, Loss: 0.3501715064048767
Epoch 175/200, Loss: 0.3500465154647827
Epoch 176/200, Loss: 0.3499208092689514
Epoch 177/200, Loss: 0.34980130195617676
Epoch 178/200, Loss: 0.3496796488761902
Epoch 179/200, Loss: 0.3495541512966156
Epoch 180/200, Loss: 0.34942886233329773
Epoch 181/200, Loss: 0.3493017256259918
Epoch 182/200, Loss: 0.3491649031639099
Epoch 183/200, Loss: 0.34901976585388184
Epoch 184/200, Loss: 0.348880797624588
Epoch 185/200, Loss: 0.348761647939682
Epoch 186/200, Loss: 0.34864458441734314
Epoch 187/200, Loss: 0.34852930903434753
Epoch 188/200, Loss: 0.3483947515487671
Epoch 189/200, Loss: 0.34827694296836853
Epoch 190/200, Loss: 0.3481581211090088
Epoch 191/200, Loss: 0.3480411469936371
Epoch 192/200, Loss: 0.34793028235435486
Epoch 193/200, Loss: 0.34781309962272644
Epoch 194/200, Loss: 0.3476940095424652
Epoch 195/200, Loss: 0.3475770652294159
Epoch 196/200, Loss: 0.34746164083480835
Epoch 197/200, Loss: 0.3473491966724396
Epoch 198/200, Loss: 0.3472307026386261
Epoch 199/200, Loss: 0.347120076417923
Epoch 200/200, Loss: 0.3470008969306946
Total T: 6300 Episode Num: 21 Episode T: 300 Reward: 0.000 PseudoReward: [[-132.33983]]
Episode 21, Average Success Rate (last 10 eps): 0.50
Total T: 6600 Episode Num: 22 Episode T: 300 Reward: 0.000 PseudoReward: [[-362.00256]]
Episode 22, Average Success Rate (last 10 eps): 0.50
Total T: 6900 Episode Num: 23 Episode T: 300 Reward: 0.000 PseudoReward: [[-84.19818]]
Episode 23, Average Success Rate (last 10 eps): 0.40
Total T: 7200 Episode Num: 24 Episode T: 300 Reward: 0.000 PseudoReward: [[-339.22455]]
Episode 24, Average Success Rate (last 10 eps): 0.40
Total T: 7500 Episode Num: 25 Episode T: 300 Reward: 282.000 PseudoReward: [[377.13138]]
Episode 25, Average Success Rate (last 10 eps): 0.40
Total T: 7800 Episode Num: 26 Episode T: 300 Reward: 0.000 PseudoReward: [[-290.68054]]
Episode 26, Average Success Rate (last 10 eps): 0.30
Total T: 8100 Episode Num: 27 Episode T: 300 Reward: 228.000 PseudoReward: [[473.03506]]
Episode 27, Average Success Rate (last 10 eps): 0.30
Total T: 8400 Episode Num: 28 Episode T: 300 Reward: 0.000 PseudoReward: [[-168.45203]]
Episode 28, Average Success Rate (last 10 eps): 0.20
Total T: 8700 Episode Num: 29 Episode T: 300 Reward: 0.000 PseudoReward: [[-254.8832]]
Episode 29, Average Success Rate (last 10 eps): 0.20
Total T: 9000 Episode Num: 30 Episode T: 300 Reward: 291.000 PseudoReward: [[391.228]]
Episode 30, Average Success Rate (last 10 eps): 0.30
Epoch 1/200, Loss: 0.4105071425437927
Epoch 2/200, Loss: 0.4077673852443695
Epoch 3/200, Loss: 0.406409353017807
Epoch 4/200, Loss: 0.4038185477256775
Epoch 5/200, Loss: 0.4015766382217407
Epoch 6/200, Loss: 0.4007530212402344
Epoch 7/200, Loss: 0.39855730533599854
Epoch 8/200, Loss: 0.39750936627388
Epoch 9/200, Loss: 0.3969273865222931
Epoch 10/200, Loss: 0.3952517509460449
Epoch 11/200, Loss: 0.39487603306770325
Epoch 12/200, Loss: 0.39373481273651123
Epoch 13/200, Loss: 0.3932356536388397
Epoch 14/200, Loss: 0.39243024587631226
Epoch 15/200, Loss: 0.3923190236091614
Epoch 16/200, Loss: 0.3911069929599762
Epoch 17/200, Loss: 0.39120519161224365
Epoch 18/200, Loss: 0.3901364207267761
Epoch 19/200, Loss: 0.3899005949497223
Epoch 20/200, Loss: 0.3890864849090576
Epoch 21/200, Loss: 0.38893190026283264
Epoch 22/200, Loss: 0.388183057308197
Epoch 23/200, Loss: 0.38809049129486084
Epoch 24/200, Loss: 0.38742688298225403
Epoch 25/200, Loss: 0.38726556301116943
Epoch 26/200, Loss: 0.3868029713630676
Epoch 27/200, Loss: 0.38658979535102844
Epoch 28/200, Loss: 0.38615843653678894
Epoch 29/200, Loss: 0.386021226644516
Epoch 30/200, Loss: 0.38574767112731934
Epoch 31/200, Loss: 0.38562604784965515
Epoch 32/200, Loss: 0.385365754365921
Epoch 33/200, Loss: 0.38520845770835876
Epoch 34/200, Loss: 0.3849621117115021
Epoch 35/200, Loss: 0.3848266303539276
Epoch 36/200, Loss: 0.3845701515674591
Epoch 37/200, Loss: 0.3843993544578552
Epoch 38/200, Loss: 0.3842052221298218
Epoch 39/200, Loss: 0.38405588269233704
Epoch 40/200, Loss: 0.38387760519981384
Epoch 41/200, Loss: 0.3837394416332245
Epoch 42/200, Loss: 0.38355112075805664
Epoch 43/200, Loss: 0.38343557715415955
Epoch 44/200, Loss: 0.38327404856681824
Epoch 45/200, Loss: 0.3831210136413574
Epoch 46/200, Loss: 0.3829669654369354
Epoch 47/200, Loss: 0.38285019993782043
Epoch 48/200, Loss: 0.3826943635940552
Epoch 49/200, Loss: 0.38256871700286865
Epoch 50/200, Loss: 0.3824223279953003
Epoch 51/200, Loss: 0.38229578733444214
Epoch 52/200, Loss: 0.38214898109436035
Epoch 53/200, Loss: 0.3820287585258484
Epoch 54/200, Loss: 0.381902277469635
Epoch 55/200, Loss: 0.38179150223731995
Epoch 56/200, Loss: 0.3816700875759125
Epoch 57/200, Loss: 0.38156071305274963
Epoch 58/200, Loss: 0.38144195079803467
Epoch 59/200, Loss: 0.38134023547172546
Epoch 60/200, Loss: 0.3812217712402344
Epoch 61/200, Loss: 0.38111191987991333
Epoch 62/200, Loss: 0.3809981048107147
Epoch 63/200, Loss: 0.38090160489082336
Epoch 64/200, Loss: 0.38079527020454407
Epoch 65/200, Loss: 0.3806935250759125
Epoch 66/200, Loss: 0.3805854916572571
Epoch 67/200, Loss: 0.38049009442329407
Epoch 68/200, Loss: 0.38039547204971313
Epoch 69/200, Loss: 0.38029247522354126
Epoch 70/200, Loss: 0.3801954388618469
Epoch 71/200, Loss: 0.38009729981422424
Epoch 72/200, Loss: 0.38000962138175964
Epoch 73/200, Loss: 0.3799022436141968
Epoch 74/200, Loss: 0.37981075048446655
Epoch 75/200, Loss: 0.3797125518321991
Epoch 76/200, Loss: 0.3796151280403137
Epoch 77/200, Loss: 0.37951385974884033
Epoch 78/200, Loss: 0.37943005561828613
Epoch 79/200, Loss: 0.37933555245399475
Epoch 80/200, Loss: 0.37924256920814514
Epoch 81/200, Loss: 0.3791513741016388
Epoch 82/200, Loss: 0.3790627419948578
Epoch 83/200, Loss: 0.3789712190628052
Epoch 84/200, Loss: 0.3788765072822571
Epoch 85/200, Loss: 0.3787999451160431
Epoch 86/200, Loss: 0.3787033259868622
Epoch 87/200, Loss: 0.3786187469959259
Epoch 88/200, Loss: 0.37853574752807617
Epoch 89/200, Loss: 0.37845349311828613
Epoch 90/200, Loss: 0.37836605310440063
Epoch 91/200, Loss: 0.3782762587070465
Epoch 92/200, Loss: 0.37818384170532227
Epoch 93/200, Loss: 0.3781024217605591
Epoch 94/200, Loss: 0.3780243396759033
Epoch 95/200, Loss: 0.3779293894767761
Epoch 96/200, Loss: 0.3778410851955414
Epoch 97/200, Loss: 0.3777690827846527
Epoch 98/200, Loss: 0.37768861651420593
Epoch 99/200, Loss: 0.37760066986083984
Epoch 100/200, Loss: 0.3775161802768707
Epoch 101/200, Loss: 0.37743523716926575
Epoch 102/200, Loss: 0.3773582875728607
Epoch 103/200, Loss: 0.3772795796394348
Epoch 104/200, Loss: 0.37719857692718506
Epoch 105/200, Loss: 0.3771146535873413
Epoch 106/200, Loss: 0.37703996896743774
Epoch 107/200, Loss: 0.3769567310810089
Epoch 108/200, Loss: 0.3768828213214874
Epoch 109/200, Loss: 0.3768121004104614
Epoch 110/200, Loss: 0.3767262101173401
Epoch 111/200, Loss: 0.37664347887039185
Epoch 112/200, Loss: 0.37656906247138977
Epoch 113/200, Loss: 0.3764890730381012
Epoch 114/200, Loss: 0.37640950083732605
Epoch 115/200, Loss: 0.3763423562049866
Epoch 116/200, Loss: 0.3762580454349518
Epoch 117/200, Loss: 0.37618568539619446
Epoch 118/200, Loss: 0.37611448764801025
Epoch 119/200, Loss: 0.3760376572608948
Epoch 120/200, Loss: 0.37596312165260315
Epoch 121/200, Loss: 0.375885009765625
Epoch 122/200, Loss: 0.37580978870391846
Epoch 123/200, Loss: 0.3757333755493164
Epoch 124/200, Loss: 0.3756585419178009
Epoch 125/200, Loss: 0.37558409571647644
Epoch 126/200, Loss: 0.37551581859588623
Epoch 127/200, Loss: 0.37543776631355286
Epoch 128/200, Loss: 0.3753630816936493
Epoch 129/200, Loss: 0.37529027462005615
Epoch 130/200, Loss: 0.3752177953720093
Epoch 131/200, Loss: 0.37514373660087585
Epoch 132/200, Loss: 0.3750673234462738
Epoch 133/200, Loss: 0.3750047981739044
Epoch 134/200, Loss: 0.3749265968799591
Epoch 135/200, Loss: 0.3748440146446228
Epoch 136/200, Loss: 0.3747728765010834
Epoch 137/200, Loss: 0.3747166097164154
Epoch 138/200, Loss: 0.37465009093284607
Epoch 139/200, Loss: 0.37457481026649475
Epoch 140/200, Loss: 0.3745138943195343
Epoch 141/200, Loss: 0.37444570660591125
Epoch 142/200, Loss: 0.37437567114830017
Epoch 143/200, Loss: 0.3743084669113159
Epoch 144/200, Loss: 0.37422746419906616
Epoch 145/200, Loss: 0.3741707503795624
Epoch 146/200, Loss: 0.3741072714328766
Epoch 147/200, Loss: 0.37403982877731323
Epoch 148/200, Loss: 0.37397533655166626
Epoch 149/200, Loss: 0.37390464544296265
Epoch 150/200, Loss: 0.37384068965911865
Epoch 151/200, Loss: 0.3737766742706299
Epoch 152/200, Loss: 0.3737049102783203
Epoch 153/200, Loss: 0.3736376464366913
Epoch 154/200, Loss: 0.3735799193382263
Epoch 155/200, Loss: 0.3735058903694153
Epoch 156/200, Loss: 0.3734433054924011
Epoch 157/200, Loss: 0.37337589263916016
Epoch 158/200, Loss: 0.373309850692749
Epoch 159/200, Loss: 0.3732467591762543
Epoch 160/200, Loss: 0.37319010496139526
Epoch 161/200, Loss: 0.3731224536895752
Epoch 162/200, Loss: 0.37306249141693115
Epoch 163/200, Loss: 0.3730005919933319
Epoch 164/200, Loss: 0.372939795255661
Epoch 165/200, Loss: 0.3728678524494171
Epoch 166/200, Loss: 0.3728184700012207
Epoch 167/200, Loss: 0.37275776267051697
Epoch 168/200, Loss: 0.3726917803287506
Epoch 169/200, Loss: 0.37262991070747375
Epoch 170/200, Loss: 0.372570276260376
Epoch 171/200, Loss: 0.3725106418132782
Epoch 172/200, Loss: 0.3724505305290222
Epoch 173/200, Loss: 0.37239372730255127
Epoch 174/200, Loss: 0.37232306599617004
Epoch 175/200, Loss: 0.3722699284553528
Epoch 176/200, Loss: 0.3722144067287445
Epoch 177/200, Loss: 0.372146874666214
Epoch 178/200, Loss: 0.3720895051956177
Epoch 179/200, Loss: 0.3720349967479706
Epoch 180/200, Loss: 0.371971070766449
Epoch 181/200, Loss: 0.37191855907440186
Epoch 182/200, Loss: 0.3718571066856384
Epoch 183/200, Loss: 0.37179794907569885
Epoch 184/200, Loss: 0.3717409074306488
Epoch 185/200, Loss: 0.3716798424720764
Epoch 186/200, Loss: 0.3716179430484772
Epoch 187/200, Loss: 0.37156304717063904
Epoch 188/200, Loss: 0.37150296568870544
Epoch 189/200, Loss: 0.37144505977630615
Epoch 190/200, Loss: 0.37138137221336365
Epoch 191/200, Loss: 0.3713223338127136
Epoch 192/200, Loss: 0.3712576627731323
Epoch 193/200, Loss: 0.371201753616333
Epoch 194/200, Loss: 0.3711492419242859
Epoch 195/200, Loss: 0.37109535932540894
Epoch 196/200, Loss: 0.371031254529953
Epoch 197/200, Loss: 0.37096691131591797
Epoch 198/200, Loss: 0.3709181547164917
Epoch 199/200, Loss: 0.3708583116531372
Epoch 200/200, Loss: 0.3707864284515381
Total T: 9300 Episode Num: 31 Episode T: 300 Reward: 0.000 PseudoReward: [[-133.00075]]
Episode 31, Average Success Rate (last 10 eps): 0.30
Total T: 9600 Episode Num: 32 Episode T: 300 Reward: 161.000 PseudoReward: [[189.30869]]
Episode 32, Average Success Rate (last 10 eps): 0.40
Total T: 9900 Episode Num: 33 Episode T: 300 Reward: 259.000 PseudoReward: [[455.2343]]
Episode 33, Average Success Rate (last 10 eps): 0.50
Total T: 10200 Episode Num: 34 Episode T: 300 Reward: 278.000 PseudoReward: [[471.13904]]
Episode 34, Average Success Rate (last 10 eps): 0.60
Total T: 10500 Episode Num: 35 Episode T: 300 Reward: 241.000 PseudoReward: [[289.47687]]
Episode 35, Average Success Rate (last 10 eps): 0.60
Total T: 10800 Episode Num: 36 Episode T: 300 Reward: 0.000 PseudoReward: [[74.50149]]
Episode 36, Average Success Rate (last 10 eps): 0.60
Total T: 11100 Episode Num: 37 Episode T: 300 Reward: 0.000 PseudoReward: [[205.24274]]
Episode 37, Average Success Rate (last 10 eps): 0.50
Total T: 11400 Episode Num: 38 Episode T: 300 Reward: 260.000 PseudoReward: [[327.39825]]
Episode 38, Average Success Rate (last 10 eps): 0.60
Total T: 11700 Episode Num: 39 Episode T: 300 Reward: 276.000 PseudoReward: [[439.122]]
Episode 39, Average Success Rate (last 10 eps): 0.70
Total T: 12000 Episode Num: 40 Episode T: 300 Reward: 0.000 PseudoReward: [[114.15517]]
Episode 40, Average Success Rate (last 10 eps): 0.60
Epoch 1/200, Loss: 0.49752405285835266
Epoch 2/200, Loss: 0.48708221316337585
Epoch 3/200, Loss: 0.46570026874542236
Epoch 4/200, Loss: 0.46845903992652893
Epoch 5/200, Loss: 0.45930010080337524
Epoch 6/200, Loss: 0.46671822667121887
Epoch 7/200, Loss: 0.4528827369213104
Epoch 8/200, Loss: 0.4610878527164459
Epoch 9/200, Loss: 0.45054709911346436
Epoch 10/200, Loss: 0.4534023404121399
Epoch 11/200, Loss: 0.44798022508621216
Epoch 12/200, Loss: 0.4506605863571167
Epoch 13/200, Loss: 0.44503793120384216
Epoch 14/200, Loss: 0.44801315665245056
Epoch 15/200, Loss: 0.4420689642429352
Epoch 16/200, Loss: 0.44291841983795166
Epoch 17/200, Loss: 0.44141945242881775
Epoch 18/200, Loss: 0.4427677094936371
Epoch 19/200, Loss: 0.4409613013267517
Epoch 20/200, Loss: 0.44154757261276245
Epoch 21/200, Loss: 0.4398142397403717
Epoch 22/200, Loss: 0.43856674432754517
Epoch 23/200, Loss: 0.43825435638427734
Epoch 24/200, Loss: 0.43703269958496094
Epoch 25/200, Loss: 0.43708449602127075
Epoch 26/200, Loss: 0.43670985102653503
Epoch 27/200, Loss: 0.4367685914039612
Epoch 28/200, Loss: 0.4351324737071991
Epoch 29/200, Loss: 0.4351956248283386
Epoch 30/200, Loss: 0.4339979290962219
Epoch 31/200, Loss: 0.4343092143535614
Epoch 32/200, Loss: 0.4336681365966797
Epoch 33/200, Loss: 0.43369609117507935
Epoch 34/200, Loss: 0.43266937136650085
Epoch 35/200, Loss: 0.4328327775001526
Epoch 36/200, Loss: 0.4322328269481659
Epoch 37/200, Loss: 0.4322035610675812
Epoch 38/200, Loss: 0.43179115653038025
Epoch 39/200, Loss: 0.4316660165786743
Epoch 40/200, Loss: 0.4311974048614502
Epoch 41/200, Loss: 0.4311177432537079
Epoch 42/200, Loss: 0.43071112036705017
Epoch 43/200, Loss: 0.43048638105392456
Epoch 44/200, Loss: 0.4303194582462311
Epoch 45/200, Loss: 0.4301585257053375
Epoch 46/200, Loss: 0.42996615171432495
Epoch 47/200, Loss: 0.4297802448272705
Epoch 48/200, Loss: 0.4295033812522888
Epoch 49/200, Loss: 0.42924827337265015
Epoch 50/200, Loss: 0.4291110634803772
Epoch 51/200, Loss: 0.4288899302482605
Epoch 52/200, Loss: 0.42874643206596375
Epoch 53/200, Loss: 0.42856475710868835
Epoch 54/200, Loss: 0.42837655544281006
Epoch 55/200, Loss: 0.42818957567214966
Epoch 56/200, Loss: 0.42806050181388855
Epoch 57/200, Loss: 0.42786067724227905
Epoch 58/200, Loss: 0.42772796750068665
Epoch 59/200, Loss: 0.4275433123111725
Epoch 60/200, Loss: 0.4273928105831146
Epoch 61/200, Loss: 0.42722460627555847
Epoch 62/200, Loss: 0.4270699620246887
Epoch 63/200, Loss: 0.4268755614757538
Epoch 64/200, Loss: 0.4267101585865021
Epoch 65/200, Loss: 0.4265299141407013
Epoch 66/200, Loss: 0.4263491928577423
Epoch 67/200, Loss: 0.42614293098449707
Epoch 68/200, Loss: 0.4259280562400818
Epoch 69/200, Loss: 0.42570123076438904
Epoch 70/200, Loss: 0.42547449469566345
Epoch 71/200, Loss: 0.4252224862575531
Epoch 72/200, Loss: 0.42497384548187256
Epoch 73/200, Loss: 0.42473337054252625
Epoch 74/200, Loss: 0.42450910806655884
Epoch 75/200, Loss: 0.4243146777153015
Epoch 76/200, Loss: 0.4241313338279724
Epoch 77/200, Loss: 0.42395806312561035
Epoch 78/200, Loss: 0.4237925410270691
Epoch 79/200, Loss: 0.4236348271369934
Epoch 80/200, Loss: 0.4234788119792938
Epoch 81/200, Loss: 0.4233269989490509
Epoch 82/200, Loss: 0.4231741726398468
Epoch 83/200, Loss: 0.4230290949344635
Epoch 84/200, Loss: 0.42288073897361755
Epoch 85/200, Loss: 0.42273229360580444
Epoch 86/200, Loss: 0.4225858449935913
Epoch 87/200, Loss: 0.4224335253238678
Epoch 88/200, Loss: 0.42229020595550537
Epoch 89/200, Loss: 0.42215242981910706
Epoch 90/200, Loss: 0.4220118224620819
Epoch 91/200, Loss: 0.4218768775463104
Epoch 92/200, Loss: 0.4217437505722046
Epoch 93/200, Loss: 0.42162007093429565
Epoch 94/200, Loss: 0.42150235176086426
Epoch 95/200, Loss: 0.4213780462741852
Epoch 96/200, Loss: 0.42125552892684937
Epoch 97/200, Loss: 0.42113903164863586
Epoch 98/200, Loss: 0.4210263788700104
Epoch 99/200, Loss: 0.4209154546260834
Epoch 100/200, Loss: 0.42080163955688477
Epoch 101/200, Loss: 0.4206928014755249
Epoch 102/200, Loss: 0.4205794632434845
Epoch 103/200, Loss: 0.42046910524368286
Epoch 104/200, Loss: 0.42036598920822144
Epoch 105/200, Loss: 0.42025819420814514
Epoch 106/200, Loss: 0.4201524257659912
Epoch 107/200, Loss: 0.4200470447540283
Epoch 108/200, Loss: 0.41993990540504456
Epoch 109/200, Loss: 0.419831782579422
Epoch 110/200, Loss: 0.4197375774383545
Epoch 111/200, Loss: 0.41963618993759155
Epoch 112/200, Loss: 0.41953420639038086
Epoch 113/200, Loss: 0.41943126916885376
Epoch 114/200, Loss: 0.4193286895751953
Epoch 115/200, Loss: 0.41923463344573975
Epoch 116/200, Loss: 0.41913551092147827
Epoch 117/200, Loss: 0.41903984546661377
Epoch 118/200, Loss: 0.4189455211162567
Epoch 119/200, Loss: 0.41885149478912354
Epoch 120/200, Loss: 0.4187568128108978
Epoch 121/200, Loss: 0.4186633825302124
Epoch 122/200, Loss: 0.4185727536678314
Epoch 123/200, Loss: 0.41848260164260864
Epoch 124/200, Loss: 0.41839227080345154
Epoch 125/200, Loss: 0.4183032214641571
Epoch 126/200, Loss: 0.41821056604385376
Epoch 127/200, Loss: 0.4181227385997772
Epoch 128/200, Loss: 0.41803663969039917
Epoch 129/200, Loss: 0.41794630885124207
Epoch 130/200, Loss: 0.41785958409309387
Epoch 131/200, Loss: 0.41777414083480835
Epoch 132/200, Loss: 0.4176877737045288
Epoch 133/200, Loss: 0.41759955883026123
Epoch 134/200, Loss: 0.41751861572265625
Epoch 135/200, Loss: 0.41743797063827515
Epoch 136/200, Loss: 0.4173547029495239
Epoch 137/200, Loss: 0.4172682464122772
Epoch 138/200, Loss: 0.41718927025794983
Epoch 139/200, Loss: 0.4171038269996643
Epoch 140/200, Loss: 0.4170275330543518
Epoch 141/200, Loss: 0.41694480180740356
Epoch 142/200, Loss: 0.4168631434440613
Epoch 143/200, Loss: 0.4167831540107727
Epoch 144/200, Loss: 0.41670599579811096
Epoch 145/200, Loss: 0.41662371158599854
Epoch 146/200, Loss: 0.41654613614082336
Epoch 147/200, Loss: 0.41646867990493774
Epoch 148/200, Loss: 0.4163878858089447
Epoch 149/200, Loss: 0.4163103401660919
Epoch 150/200, Loss: 0.41623562574386597
Epoch 151/200, Loss: 0.41615816950798035
Epoch 152/200, Loss: 0.4160820245742798
Epoch 153/200, Loss: 0.4160080850124359
Epoch 154/200, Loss: 0.41593125462532043
Epoch 155/200, Loss: 0.4158540368080139
Epoch 156/200, Loss: 0.41577857732772827
Epoch 157/200, Loss: 0.4157031178474426
Epoch 158/200, Loss: 0.4156288206577301
Epoch 159/200, Loss: 0.41555356979370117
Epoch 160/200, Loss: 0.4154856503009796
Epoch 161/200, Loss: 0.41540759801864624
Epoch 162/200, Loss: 0.41533541679382324
Epoch 163/200, Loss: 0.41526293754577637
Epoch 164/200, Loss: 0.4151896834373474
Epoch 165/200, Loss: 0.41511815786361694
Epoch 166/200, Loss: 0.415045827627182
Epoch 167/200, Loss: 0.4149749279022217
Epoch 168/200, Loss: 0.41490626335144043
Epoch 169/200, Loss: 0.4148388206958771
Epoch 170/200, Loss: 0.4147680699825287
Epoch 171/200, Loss: 0.4146959185600281
Epoch 172/200, Loss: 0.4146287739276886
Epoch 173/200, Loss: 0.4145618975162506
Epoch 174/200, Loss: 0.4144923985004425
Epoch 175/200, Loss: 0.41442057490348816
Epoch 176/200, Loss: 0.41435855627059937
Epoch 177/200, Loss: 0.4142912030220032
Epoch 178/200, Loss: 0.41422039270401
Epoch 179/200, Loss: 0.4141535758972168
Epoch 180/200, Loss: 0.414090633392334
Epoch 181/200, Loss: 0.41402140259742737
Epoch 182/200, Loss: 0.41395634412765503
Epoch 183/200, Loss: 0.4138895571231842
Epoch 184/200, Loss: 0.41382721066474915
Epoch 185/200, Loss: 0.41376206278800964
Epoch 186/200, Loss: 0.41369614005088806
Epoch 187/200, Loss: 0.4136333465576172
Epoch 188/200, Loss: 0.41357237100601196
Epoch 189/200, Loss: 0.4135071337223053
Epoch 190/200, Loss: 0.41344255208969116
Epoch 191/200, Loss: 0.41337892413139343
Epoch 192/200, Loss: 0.41331592202186584
Epoch 193/200, Loss: 0.41325095295906067
Epoch 194/200, Loss: 0.4131890535354614
Epoch 195/200, Loss: 0.41312482953071594
Epoch 196/200, Loss: 0.4130607545375824
Epoch 197/200, Loss: 0.41300061345100403
Epoch 198/200, Loss: 0.4129393994808197
Epoch 199/200, Loss: 0.41287761926651
Epoch 200/200, Loss: 0.4128135144710541
Total T: 12300 Episode Num: 41 Episode T: 300 Reward: 0.000 PseudoReward: [[-168.2922]]
Episode 41, Average Success Rate (last 10 eps): 0.60
Total T: 12600 Episode Num: 42 Episode T: 300 Reward: 0.000 PseudoReward: [[-209.3005]]
Episode 42, Average Success Rate (last 10 eps): 0.50
Total T: 12900 Episode Num: 43 Episode T: 300 Reward: 223.000 PseudoReward: [[296.53513]]
Episode 43, Average Success Rate (last 10 eps): 0.50
Total T: 13200 Episode Num: 44 Episode T: 300 Reward: 0.000 PseudoReward: [[-330.75745]]
Episode 44, Average Success Rate (last 10 eps): 0.40
Total T: 13500 Episode Num: 45 Episode T: 300 Reward: 292.000 PseudoReward: [[497.0873]]
Episode 45, Average Success Rate (last 10 eps): 0.40
Total T: 13800 Episode Num: 46 Episode T: 300 Reward: 0.000 PseudoReward: [[-301.99753]]
Episode 46, Average Success Rate (last 10 eps): 0.40
Total T: 14100 Episode Num: 47 Episode T: 300 Reward: 276.000 PseudoReward: [[338.23145]]
Episode 47, Average Success Rate (last 10 eps): 0.50
Total T: 14400 Episode Num: 48 Episode T: 300 Reward: 0.000 PseudoReward: [[-317.40298]]
Episode 48, Average Success Rate (last 10 eps): 0.40
Total T: 14700 Episode Num: 49 Episode T: 300 Reward: 289.000 PseudoReward: [[244.59859]]
Episode 49, Average Success Rate (last 10 eps): 0.40
Total T: 15000 Episode Num: 50 Episode T: 300 Reward: 276.000 PseudoReward: [[418.88773]]
Episode 50, Average Success Rate (last 10 eps): 0.50
Epoch 1/200, Loss: 0.4390448033809662
Epoch 2/200, Loss: 0.43846914172172546
Epoch 3/200, Loss: 0.43748047947883606
Epoch 4/200, Loss: 0.4371362626552582
Epoch 5/200, Loss: 0.43646830320358276
Epoch 6/200, Loss: 0.43624618649482727
Epoch 7/200, Loss: 0.4359518587589264
Epoch 8/200, Loss: 0.43577611446380615
Epoch 9/200, Loss: 0.4355272054672241
Epoch 10/200, Loss: 0.43508654832839966
Epoch 11/200, Loss: 0.4349197447299957
Epoch 12/200, Loss: 0.4345991313457489
Epoch 13/200, Loss: 0.4345538914203644
Epoch 14/200, Loss: 0.4342978894710541
Epoch 15/200, Loss: 0.43420013785362244
Epoch 16/200, Loss: 0.4340580701828003
Epoch 17/200, Loss: 0.433809757232666
Epoch 18/200, Loss: 0.4337122142314911
Epoch 19/200, Loss: 0.43348798155784607
Epoch 20/200, Loss: 0.4334326386451721
Epoch 21/200, Loss: 0.4332609474658966
Epoch 22/200, Loss: 0.4331211745738983
Epoch 23/200, Loss: 0.4330213665962219
Epoch 24/200, Loss: 0.4328453540802002
Epoch 25/200, Loss: 0.43275129795074463
Epoch 26/200, Loss: 0.43258973956108093
Epoch 27/200, Loss: 0.4325052797794342
Epoch 28/200, Loss: 0.432404100894928
Epoch 29/200, Loss: 0.4322749078273773
Epoch 30/200, Loss: 0.4321979880332947
Epoch 31/200, Loss: 0.4320744276046753
Epoch 32/200, Loss: 0.43197759985923767
Epoch 33/200, Loss: 0.4318532645702362
Epoch 34/200, Loss: 0.43174564838409424
Epoch 35/200, Loss: 0.4316598176956177
Epoch 36/200, Loss: 0.4315498471260071
Epoch 37/200, Loss: 0.43147218227386475
Epoch 38/200, Loss: 0.431384801864624
Epoch 39/200, Loss: 0.4312918186187744
Epoch 40/200, Loss: 0.4312072694301605
Epoch 41/200, Loss: 0.4311184287071228
Epoch 42/200, Loss: 0.4310327470302582
Epoch 43/200, Loss: 0.4309515953063965
Epoch 44/200, Loss: 0.4308622181415558
Epoch 45/200, Loss: 0.43078625202178955
Epoch 46/200, Loss: 0.43070322275161743
Epoch 47/200, Loss: 0.430624783039093
Epoch 48/200, Loss: 0.430553674697876
Epoch 49/200, Loss: 0.43047013878822327
Epoch 50/200, Loss: 0.43039795756340027
Epoch 51/200, Loss: 0.43033361434936523
Epoch 52/200, Loss: 0.4302605092525482
Epoch 53/200, Loss: 0.4301932454109192
Epoch 54/200, Loss: 0.4301210343837738
Epoch 55/200, Loss: 0.4300530254840851
Epoch 56/200, Loss: 0.42999109625816345
Epoch 57/200, Loss: 0.42991921305656433
Epoch 58/200, Loss: 0.42985209822654724
Epoch 59/200, Loss: 0.42978760600090027
Epoch 60/200, Loss: 0.4297182857990265
Epoch 61/200, Loss: 0.42965081334114075
Epoch 62/200, Loss: 0.4295971393585205
Epoch 63/200, Loss: 0.429535448551178
Epoch 64/200, Loss: 0.4294705092906952
Epoch 65/200, Loss: 0.4294090270996094
Epoch 66/200, Loss: 0.4293445646762848
Epoch 67/200, Loss: 0.42928871512413025
Epoch 68/200, Loss: 0.42922890186309814
Epoch 69/200, Loss: 0.4291675090789795
Epoch 70/200, Loss: 0.4291120767593384
Epoch 71/200, Loss: 0.42905834317207336
Epoch 72/200, Loss: 0.4289973974227905
Epoch 73/200, Loss: 0.4289366602897644
Epoch 74/200, Loss: 0.42887794971466064
Epoch 75/200, Loss: 0.4288209080696106
Epoch 76/200, Loss: 0.4287644922733307
Epoch 77/200, Loss: 0.42870163917541504
Epoch 78/200, Loss: 0.4286455512046814
Epoch 79/200, Loss: 0.4285888671875
Epoch 80/200, Loss: 0.4285295605659485
Epoch 81/200, Loss: 0.42847296595573425
Epoch 82/200, Loss: 0.4284154772758484
Epoch 83/200, Loss: 0.4283568561077118
Epoch 84/200, Loss: 0.42830488085746765
Epoch 85/200, Loss: 0.4282492399215698
Epoch 86/200, Loss: 0.42819297313690186
Epoch 87/200, Loss: 0.428138792514801
Epoch 88/200, Loss: 0.4280844032764435
Epoch 89/200, Loss: 0.4280311167240143
Epoch 90/200, Loss: 0.4279811680316925
Epoch 91/200, Loss: 0.4279276430606842
Epoch 92/200, Loss: 0.4278740882873535
Epoch 93/200, Loss: 0.4278266727924347
Epoch 94/200, Loss: 0.4277755916118622
Epoch 95/200, Loss: 0.42772457003593445
Epoch 96/200, Loss: 0.42767658829689026
Epoch 97/200, Loss: 0.42762672901153564
Epoch 98/200, Loss: 0.4275701642036438
Epoch 99/200, Loss: 0.427522748708725
Epoch 100/200, Loss: 0.4274728298187256
Epoch 101/200, Loss: 0.4274211823940277
Epoch 102/200, Loss: 0.4273728132247925
Epoch 103/200, Loss: 0.42732274532318115
Epoch 104/200, Loss: 0.4272743761539459
Epoch 105/200, Loss: 0.42722445726394653
Epoch 106/200, Loss: 0.4271806478500366
Epoch 107/200, Loss: 0.42712804675102234
Epoch 108/200, Loss: 0.427079439163208
Epoch 109/200, Loss: 0.42702943086624146
Epoch 110/200, Loss: 0.42698201537132263
Epoch 111/200, Loss: 0.4269353747367859
Epoch 112/200, Loss: 0.4268878698348999
Epoch 113/200, Loss: 0.4268399178981781
Epoch 114/200, Loss: 0.42679911851882935
Epoch 115/200, Loss: 0.42675039172172546
Epoch 116/200, Loss: 0.4267061948776245
Epoch 117/200, Loss: 0.4266584813594818
Epoch 118/200, Loss: 0.426609605550766
Epoch 119/200, Loss: 0.42656823992729187
Epoch 120/200, Loss: 0.42652222514152527
Epoch 121/200, Loss: 0.42647773027420044
Epoch 122/200, Loss: 0.42643284797668457
Epoch 123/200, Loss: 0.42638617753982544
Epoch 124/200, Loss: 0.42634308338165283
Epoch 125/200, Loss: 0.4263021945953369
Epoch 126/200, Loss: 0.42625561356544495
Epoch 127/200, Loss: 0.42621371150016785
Epoch 128/200, Loss: 0.42617058753967285
Epoch 129/200, Loss: 0.42612800002098083
Epoch 130/200, Loss: 0.4260859489440918
Epoch 131/200, Loss: 0.4260401725769043
Epoch 132/200, Loss: 0.4259960353374481
Epoch 133/200, Loss: 0.42595377564430237
Epoch 134/200, Loss: 0.4259052276611328
Epoch 135/200, Loss: 0.4258633553981781
Epoch 136/200, Loss: 0.4257991909980774
Epoch 137/200, Loss: 0.4257369041442871
Epoch 138/200, Loss: 0.4256867468357086
Epoch 139/200, Loss: 0.4256480634212494
Epoch 140/200, Loss: 0.4256061017513275
Epoch 141/200, Loss: 0.42554551362991333
Epoch 142/200, Loss: 0.4254838228225708
Epoch 143/200, Loss: 0.42543497681617737
Epoch 144/200, Loss: 0.42539075016975403
Epoch 145/200, Loss: 0.42533931136131287
Epoch 146/200, Loss: 0.4252889156341553
Epoch 147/200, Loss: 0.42523476481437683
Epoch 148/200, Loss: 0.4251188039779663
Epoch 149/200, Loss: 0.4250541627407074
Epoch 150/200, Loss: 0.4250074028968811
Epoch 151/200, Loss: 0.42497727274894714
Epoch 152/200, Loss: 0.42492347955703735
Epoch 153/200, Loss: 0.4248596429824829
Epoch 154/200, Loss: 0.42482975125312805
Epoch 155/200, Loss: 0.4247651696205139
Epoch 156/200, Loss: 0.4246864318847656
Epoch 157/200, Loss: 0.42468199133872986
Epoch 158/200, Loss: 0.42459359765052795
Epoch 159/200, Loss: 0.4245741367340088
Epoch 160/200, Loss: 0.42449140548706055
Epoch 161/200, Loss: 0.42446619272232056
Epoch 162/200, Loss: 0.42439714074134827
Epoch 163/200, Loss: 0.4243507981300354
Epoch 164/200, Loss: 0.4243049621582031
Epoch 165/200, Loss: 0.4242399036884308
Epoch 166/200, Loss: 0.42419251799583435
Epoch 167/200, Loss: 0.4241219162940979
Epoch 168/200, Loss: 0.42409834265708923
Epoch 169/200, Loss: 0.42402184009552
Epoch 170/200, Loss: 0.4239806830883026
Epoch 171/200, Loss: 0.4239157438278198
Epoch 172/200, Loss: 0.4238537847995758
Epoch 173/200, Loss: 0.4238050878047943
Epoch 174/200, Loss: 0.4237537980079651
Epoch 175/200, Loss: 0.4237000644207001
Epoch 176/200, Loss: 0.4236452281475067
Epoch 177/200, Loss: 0.4235975742340088
Epoch 178/200, Loss: 0.4235466420650482
Epoch 179/200, Loss: 0.42349931597709656
Epoch 180/200, Loss: 0.4234565794467926
Epoch 181/200, Loss: 0.42340198159217834
Epoch 182/200, Loss: 0.42334192991256714
Epoch 183/200, Loss: 0.4232989549636841
Epoch 184/200, Loss: 0.4232455790042877
Epoch 185/200, Loss: 0.4231976866722107
Epoch 186/200, Loss: 0.42314401268959045
Epoch 187/200, Loss: 0.42309796810150146
Epoch 188/200, Loss: 0.42305654287338257
Epoch 189/200, Loss: 0.4229956567287445
Epoch 190/200, Loss: 0.422942578792572
Epoch 191/200, Loss: 0.4229136109352112
Epoch 192/200, Loss: 0.42287060618400574
Epoch 193/200, Loss: 0.4227994978427887
Epoch 194/200, Loss: 0.4227631688117981
Epoch 195/200, Loss: 0.4227011501789093
Epoch 196/200, Loss: 0.4226624667644501
Epoch 197/200, Loss: 0.4226127564907074
Epoch 198/200, Loss: 0.4225790798664093
Epoch 199/200, Loss: 0.422514408826828
Epoch 200/200, Loss: 0.42246392369270325
Traceback (most recent call last):
  File "/home/xlx9645/failed/Maze/update_baselines/Main_My2.py", line 342, in <module>
    visualize_bcirl_reward_function(
  File "/home/xlx9645/failed/Maze/update_baselines/Main_My2.py", line 110, in visualize_bcirl_reward_function
    reward_net.load_state_dict(torch.load(reward_net_path, map_location=device))
  File "/home/xlx9645/miniconda3/envs/maze/lib/python3.9/site-packages/torch/serialization.py", line 1326, in load
    with _open_zipfile_reader(opened_file) as opened_zipfile:
  File "/home/xlx9645/miniconda3/envs/maze/lib/python3.9/site-packages/torch/serialization.py", line 671, in __init__
    super().__init__(torch._C.PyTorchFileReader(name_or_buffer))
RuntimeError: PytorchStreamReader failed reading zip archive: file read failed
[1;34mwandb[0m: 🚀 View run [33mMyMethod_2[0m at: [34mhttps://wandb.ai/yuxuanli2023-northwestern-university/Main_1229/runs/5j48b2l8[0m
[1;34mwandb[0m: Find logs at: [1;35mwandb/run-20241229_180908-5j48b2l8/logs[0m
