/home/xlx9645/miniconda3/envs/maze/lib/python3.9/site-packages/gymnasium/envs/registration.py:642: UserWarning: [33mWARN: Overriding environment TrapMazeEnv already in registry.[0m
  logger.warn(f"Overriding environment {new_spec.id} already in registry.")
wandb: Using wandb-core as the SDK backend.  Please refer to https://wandb.me/wandb-core for more information.
wandb: Currently logged in as: yuxuanli2023 (yuxuanli2023-northwestern-university). Use `wandb login --relogin` to force relogin
wandb: Tracking run with wandb version 0.19.1
wandb: Run data is saved locally in /home/xlx9645/failed/Maze/update_baselines/wandb/run-20241229_180439-dvqubj6s
wandb: Run `wandb offline` to turn off syncing.
wandb: Syncing run MyMethod_2
wandb: ⭐️ View project at https://wandb.ai/yuxuanli2023-northwestern-university/Main_1229
wandb: 🚀 View run at https://wandb.ai/yuxuanli2023-northwestern-university/Main_1229/runs/dvqubj6s
/home/xlx9645/miniconda3/envs/maze/lib/python3.9/site-packages/gymnasium/spaces/box.py:235: UserWarning: [33mWARN: Box low's precision lowered by casting to float32, current low.dtype=float64[0m
  gym.logger.warn(
/home/xlx9645/miniconda3/envs/maze/lib/python3.9/site-packages/gymnasium/spaces/box.py:305: UserWarning: [33mWARN: Box high's precision lowered by casting to float32, current high.dtype=float64[0m
  gym.logger.warn(
Traceback (most recent call last):
  File "/home/xlx9645/failed/Maze/update_baselines/Main_My2.py", line 193, in <module>
    reward_net = RewardNetwork(input_dim=X.shape[1]).to(device)  # 将模型移动到 GPU
  File "/home/xlx9645/miniconda3/envs/maze/lib/python3.9/site-packages/torch/nn/modules/module.py", line 1340, in to
    return self._apply(convert)
  File "/home/xlx9645/miniconda3/envs/maze/lib/python3.9/site-packages/torch/nn/modules/module.py", line 900, in _apply
    module._apply(fn)
  File "/home/xlx9645/miniconda3/envs/maze/lib/python3.9/site-packages/torch/nn/modules/module.py", line 900, in _apply
    module._apply(fn)
  File "/home/xlx9645/miniconda3/envs/maze/lib/python3.9/site-packages/torch/nn/modules/module.py", line 927, in _apply
    param_applied = fn(param)
  File "/home/xlx9645/miniconda3/envs/maze/lib/python3.9/site-packages/torch/nn/modules/module.py", line 1326, in convert
    return t.to(
torch.OutOfMemoryError: CUDA out of memory. Tried to allocate 2.00 MiB. GPU 0 has a total capacity of 47.50 GiB of which 2.31 MiB is free. Process 1202791 has 29.90 GiB memory in use. Process 3791844 has 1.48 GiB memory in use. Process 3843771 has 764.00 MiB memory in use. Process 3843770 has 764.00 MiB memory in use. Process 3843772 has 764.00 MiB memory in use. Process 3843776 has 764.00 MiB memory in use. Process 3843773 has 764.00 MiB memory in use. Process 3843777 has 764.00 MiB memory in use. Process 3843775 has 764.00 MiB memory in use. Process 3843774 has 764.00 MiB memory in use. Process 3843768 has 764.00 MiB memory in use. Process 3843769 has 764.00 MiB memory in use. Process 3957337 has 560.00 MiB memory in use. Process 3957339 has 560.00 MiB memory in use. Process 3957334 has 560.00 MiB memory in use. Process 3957336 has 560.00 MiB memory in use. Process 3957341 has 560.00 MiB memory in use. Process 3957335 has 560.00 MiB memory in use. Process 3957340 has 560.00 MiB memory in use. Process 3957338 has 560.00 MiB memory in use. Process 3957332 has 560.00 MiB memory in use. Process 4024153 has 566.00 MiB memory in use. Process 4024149 has 566.00 MiB memory in use. Process 4024150 has 440.00 MiB memory in use. Process 4024156 has 428.00 MiB memory in use. Including non-PyTorch memory, this process has 426.00 MiB memory in use. Process 4024148 has 428.00 MiB memory in use. Process 4024154 has 432.00 MiB memory in use. Process 4024147 has 428.00 MiB memory in use. Of the allocated memory 1.94 MiB is allocated by PyTorch, and 58.50 KiB is reserved by PyTorch but unallocated. If reserved but unallocated memory is large try setting PYTORCH_CUDA_ALLOC_CONF=expandable_segments:True to avoid fragmentation.  See documentation for Memory Management  (https://pytorch.org/docs/stable/notes/cuda.html#environment-variables)
[1;34mwandb[0m: 🚀 View run [33mMyMethod_2[0m at: [34mhttps://wandb.ai/yuxuanli2023-northwestern-university/Main_1229/runs/dvqubj6s[0m
[1;34mwandb[0m: Find logs at: [1;35mwandb/run-20241229_180439-dvqubj6s/logs[0m
