/home/xlx9645/miniconda3/envs/maze/lib/python3.9/site-packages/gymnasium/envs/registration.py:642: UserWarning: [33mWARN: Overriding environment TrapMazeEnv already in registry.[0m
  logger.warn(f"Overriding environment {new_spec.id} already in registry.")
wandb: Using wandb-core as the SDK backend.  Please refer to https://wandb.me/wandb-core for more information.
wandb: Currently logged in as: yuxuanli2023 (yuxuanli2023-northwestern-university). Use `wandb login --relogin` to force relogin
wandb: Tracking run with wandb version 0.19.1
wandb: Run data is saved locally in /home/xlx9645/failed/Maze/update_baselines/wandb/run-20250107_194726-nwktsrrj
wandb: Run `wandb offline` to turn off syncing.
wandb: Syncing run AIRL
wandb: ⭐️ View project at https://wandb.ai/yuxuanli2023-northwestern-university/Main_Umaze
wandb: 🚀 View run at https://wandb.ai/yuxuanli2023-northwestern-university/Main_Umaze/runs/nwktsrrj
/home/xlx9645/miniconda3/envs/maze/lib/python3.9/site-packages/gymnasium/spaces/box.py:235: UserWarning: [33mWARN: Box low's precision lowered by casting to float32, current low.dtype=float64[0m
  gym.logger.warn(
/home/xlx9645/miniconda3/envs/maze/lib/python3.9/site-packages/gymnasium/spaces/box.py:305: UserWarning: [33mWARN: Box high's precision lowered by casting to float32, current high.dtype=float64[0m
  gym.logger.warn(
/home/xlx9645/miniconda3/envs/maze/lib/python3.9/site-packages/torch/optim/lr_scheduler.py:224: UserWarning: Detected call of `lr_scheduler.step()` before `optimizer.step()`. In PyTorch 1.1.0 and later, you should call them in the opposite order: `optimizer.step()` before `lr_scheduler.step()`.  Failure to do this will result in PyTorch skipping the first value of the learning rate schedule. See more details at https://pytorch.org/docs/stable/optim.html#how-to-adjust-learning-rate
  warnings.warn(
/home/xlx9645/miniconda3/envs/maze/lib/python3.9/site-packages/torch/optim/lr_scheduler.py:224: UserWarning: Detected call of `lr_scheduler.step()` before `optimizer.step()`. In PyTorch 1.1.0 and later, you should call them in the opposite order: `optimizer.step()` before `lr_scheduler.step()`.  Failure to do this will result in PyTorch skipping the first value of the learning rate schedule. See more details at https://pytorch.org/docs/stable/optim.html#how-to-adjust-learning-rate
  warnings.warn(
Total T: 300 Episode Num: 1 Episode T: 300 Reward: 38.000 PseudoReward: [[-104.62772]]
Episode 1, Average Success Rate (last 10 eps): 1.00
Total T: 600 Episode Num: 2 Episode T: 300 Reward: 0.000 PseudoReward: [[354.88525]]
Episode 2, Average Success Rate (last 10 eps): 0.50
Total T: 900 Episode Num: 3 Episode T: 300 Reward: 0.000 PseudoReward: [[527.41125]]
Episode 3, Average Success Rate (last 10 eps): 0.33
Total T: 1200 Episode Num: 4 Episode T: 300 Reward: 0.000 PseudoReward: [[-141.05463]]
Episode 4, Average Success Rate (last 10 eps): 0.25
Total T: 1500 Episode Num: 5 Episode T: 300 Reward: 0.000 PseudoReward: [[-77.586525]]
Episode 5, Average Success Rate (last 10 eps): 0.20
Total T: 1800 Episode Num: 6 Episode T: 300 Reward: 0.000 PseudoReward: [[-350.1673]]
Episode 6, Average Success Rate (last 10 eps): 0.17
Total T: 2100 Episode Num: 7 Episode T: 300 Reward: 0.000 PseudoReward: [[-979.4517]]
Episode 7, Average Success Rate (last 10 eps): 0.14
Total T: 2400 Episode Num: 8 Episode T: 300 Reward: 283.000 PseudoReward: [[-150.8997]]
Episode 8, Average Success Rate (last 10 eps): 0.25
Total T: 2700 Episode Num: 9 Episode T: 300 Reward: 0.000 PseudoReward: [[-929.55835]]
Episode 9, Average Success Rate (last 10 eps): 0.22
Total T: 3000 Episode Num: 10 Episode T: 300 Reward: 0.000 PseudoReward: [[-1210.4473]]
Episode 10, Average Success Rate (last 10 eps): 0.20
Total T: 3300 Episode Num: 11 Episode T: 300 Reward: 0.000 PseudoReward: [[-2157.3582]]
Episode 11, Average Success Rate (last 10 eps): 0.10
Total T: 3600 Episode Num: 12 Episode T: 300 Reward: 0.000 PseudoReward: [[-2898.1824]]
Episode 12, Average Success Rate (last 10 eps): 0.10
Total T: 3900 Episode Num: 13 Episode T: 300 Reward: 0.000 PseudoReward: [[-5224.1753]]
Episode 13, Average Success Rate (last 10 eps): 0.10
Total T: 4200 Episode Num: 14 Episode T: 300 Reward: 48.000 PseudoReward: [[-2189.0815]]
Episode 14, Average Success Rate (last 10 eps): 0.20
Total T: 4500 Episode Num: 15 Episode T: 300 Reward: 0.000 PseudoReward: [[491.76883]]
Episode 15, Average Success Rate (last 10 eps): 0.20
Total T: 4800 Episode Num: 16 Episode T: 300 Reward: 0.000 PseudoReward: [[1870.0349]]
Episode 16, Average Success Rate (last 10 eps): 0.20
Total T: 5100 Episode Num: 17 Episode T: 300 Reward: 233.000 PseudoReward: [[1601.8363]]
Episode 17, Average Success Rate (last 10 eps): 0.30
Total T: 5400 Episode Num: 18 Episode T: 300 Reward: 0.000 PseudoReward: [[1288.0853]]
Episode 18, Average Success Rate (last 10 eps): 0.20
Total T: 5700 Episode Num: 19 Episode T: 300 Reward: 293.000 PseudoReward: [[-976.026]]
Episode 19, Average Success Rate (last 10 eps): 0.30
Total T: 6000 Episode Num: 20 Episode T: 300 Reward: 0.000 PseudoReward: [[-1906.5323]]
Episode 20, Average Success Rate (last 10 eps): 0.30
Total T: 6300 Episode Num: 21 Episode T: 300 Reward: 275.000 PseudoReward: [[41.38278]]
Episode 21, Average Success Rate (last 10 eps): 0.40
Total T: 6600 Episode Num: 22 Episode T: 300 Reward: 0.000 PseudoReward: [[-3073.3523]]
Episode 22, Average Success Rate (last 10 eps): 0.40
Total T: 6900 Episode Num: 23 Episode T: 300 Reward: 0.000 PseudoReward: [[83.22833]]
Episode 23, Average Success Rate (last 10 eps): 0.40
Total T: 7200 Episode Num: 24 Episode T: 300 Reward: 290.000 PseudoReward: [[-1912.9261]]
Episode 24, Average Success Rate (last 10 eps): 0.40
Total T: 7500 Episode Num: 25 Episode T: 300 Reward: 0.000 PseudoReward: [[-7905.3726]]
Episode 25, Average Success Rate (last 10 eps): 0.40
Total T: 7800 Episode Num: 26 Episode T: 300 Reward: 281.000 PseudoReward: [[-509.74078]]
Episode 26, Average Success Rate (last 10 eps): 0.50
Total T: 8100 Episode Num: 27 Episode T: 300 Reward: 0.000 PseudoReward: [[-5562.0615]]
Episode 27, Average Success Rate (last 10 eps): 0.40
Total T: 8400 Episode Num: 28 Episode T: 300 Reward: 292.000 PseudoReward: [[103.86148]]
Episode 28, Average Success Rate (last 10 eps): 0.50
Total T: 8700 Episode Num: 29 Episode T: 300 Reward: 290.000 PseudoReward: [[498.63962]]
Episode 29, Average Success Rate (last 10 eps): 0.50
Total T: 9000 Episode Num: 30 Episode T: 300 Reward: 268.000 PseudoReward: [[-551.588]]
Episode 30, Average Success Rate (last 10 eps): 0.60
Total T: 9300 Episode Num: 31 Episode T: 300 Reward: 241.000 PseudoReward: [[-1959.8761]]
Episode 31, Average Success Rate (last 10 eps): 0.60
Total T: 9600 Episode Num: 32 Episode T: 300 Reward: 262.000 PseudoReward: [[-2471.344]]
Episode 32, Average Success Rate (last 10 eps): 0.70
Total T: 9900 Episode Num: 33 Episode T: 300 Reward: 0.000 PseudoReward: [[-4249.1333]]
Episode 33, Average Success Rate (last 10 eps): 0.70
Total T: 10200 Episode Num: 34 Episode T: 300 Reward: 0.000 PseudoReward: [[-2398.8884]]
Episode 34, Average Success Rate (last 10 eps): 0.60
Total T: 10500 Episode Num: 35 Episode T: 300 Reward: 281.000 PseudoReward: [[-2446.7185]]
Episode 35, Average Success Rate (last 10 eps): 0.70
Total T: 10800 Episode Num: 36 Episode T: 300 Reward: 262.000 PseudoReward: [[-5137.275]]
Episode 36, Average Success Rate (last 10 eps): 0.70
Total T: 11100 Episode Num: 37 Episode T: 300 Reward: 0.000 PseudoReward: [[-2505.0527]]
Episode 37, Average Success Rate (last 10 eps): 0.70
Total T: 11400 Episode Num: 38 Episode T: 300 Reward: 247.000 PseudoReward: [[-5706.741]]
Episode 38, Average Success Rate (last 10 eps): 0.70
Total T: 11700 Episode Num: 39 Episode T: 300 Reward: 0.000 PseudoReward: [[-648.90045]]
Episode 39, Average Success Rate (last 10 eps): 0.60
Total T: 12000 Episode Num: 40 Episode T: 300 Reward: 0.000 PseudoReward: [[417.18054]]
Episode 40, Average Success Rate (last 10 eps): 0.50
Total T: 12300 Episode Num: 41 Episode T: 300 Reward: 38.000 PseudoReward: [[2274.5288]]
Episode 41, Average Success Rate (last 10 eps): 0.50
Total T: 12600 Episode Num: 42 Episode T: 300 Reward: 0.000 PseudoReward: [[-1170.2717]]
Episode 42, Average Success Rate (last 10 eps): 0.40
Total T: 12900 Episode Num: 43 Episode T: 300 Reward: 0.000 PseudoReward: [[-1160.9382]]
Episode 43, Average Success Rate (last 10 eps): 0.40
Total T: 13200 Episode Num: 44 Episode T: 300 Reward: 276.000 PseudoReward: [[-2558.7427]]
Episode 44, Average Success Rate (last 10 eps): 0.50
Total T: 13500 Episode Num: 45 Episode T: 300 Reward: 239.000 PseudoReward: [[1795.8237]]
Episode 45, Average Success Rate (last 10 eps): 0.50
Total T: 13800 Episode Num: 46 Episode T: 300 Reward: 0.000 PseudoReward: [[-2071.323]]
Episode 46, Average Success Rate (last 10 eps): 0.40
Total T: 14100 Episode Num: 47 Episode T: 300 Reward: 288.000 PseudoReward: [[-4938.2734]]
Episode 47, Average Success Rate (last 10 eps): 0.50
Total T: 14400 Episode Num: 48 Episode T: 300 Reward: 0.000 PseudoReward: [[727.6599]]
Episode 48, Average Success Rate (last 10 eps): 0.40
Total T: 14700 Episode Num: 49 Episode T: 300 Reward: 0.000 PseudoReward: [[188.83502]]
Episode 49, Average Success Rate (last 10 eps): 0.40
Total T: 15000 Episode Num: 50 Episode T: 300 Reward: 274.000 PseudoReward: [[-1852.2649]]
Episode 50, Average Success Rate (last 10 eps): 0.50
Total T: 15300 Episode Num: 51 Episode T: 300 Reward: 0.000 PseudoReward: [[2228.9639]]
Episode 51, Average Success Rate (last 10 eps): 0.40
Total T: 15600 Episode Num: 52 Episode T: 300 Reward: 211.000 PseudoReward: [[522.9475]]
Episode 52, Average Success Rate (last 10 eps): 0.50
Total T: 15900 Episode Num: 53 Episode T: 300 Reward: 0.000 PseudoReward: [[-8936.138]]
Episode 53, Average Success Rate (last 10 eps): 0.50
Total T: 16200 Episode Num: 54 Episode T: 300 Reward: 0.000 PseudoReward: [[1966.7526]]
Episode 54, Average Success Rate (last 10 eps): 0.40
Total T: 16500 Episode Num: 55 Episode T: 300 Reward: 0.000 PseudoReward: [[-641.65704]]
Episode 55, Average Success Rate (last 10 eps): 0.30
Total T: 16800 Episode Num: 56 Episode T: 300 Reward: 0.000 PseudoReward: [[-860.38635]]
Episode 56, Average Success Rate (last 10 eps): 0.30
Total T: 17100 Episode Num: 57 Episode T: 300 Reward: 0.000 PseudoReward: [[-12967.859]]
Episode 57, Average Success Rate (last 10 eps): 0.20
Total T: 17400 Episode Num: 58 Episode T: 300 Reward: 229.000 PseudoReward: [[-11707.121]]
Episode 58, Average Success Rate (last 10 eps): 0.30
Total T: 17700 Episode Num: 59 Episode T: 300 Reward: 0.000 PseudoReward: [[-1384.8007]]
Episode 59, Average Success Rate (last 10 eps): 0.30
Total T: 18000 Episode Num: 60 Episode T: 300 Reward: 250.000 PseudoReward: [[-13571.868]]
Episode 60, Average Success Rate (last 10 eps): 0.30
Total T: 18300 Episode Num: 61 Episode T: 300 Reward: 0.000 PseudoReward: [[-654.2481]]
Episode 61, Average Success Rate (last 10 eps): 0.30
Total T: 18600 Episode Num: 62 Episode T: 300 Reward: 268.000 PseudoReward: [[-10160.52]]
Episode 62, Average Success Rate (last 10 eps): 0.30
Total T: 18900 Episode Num: 63 Episode T: 300 Reward: 0.000 PseudoReward: [[-312.16702]]
Episode 63, Average Success Rate (last 10 eps): 0.30
Total T: 19200 Episode Num: 64 Episode T: 300 Reward: 193.000 PseudoReward: [[-12884.468]]
Episode 64, Average Success Rate (last 10 eps): 0.40
Total T: 19500 Episode Num: 65 Episode T: 300 Reward: 276.000 PseudoReward: [[-13525.502]]
Episode 65, Average Success Rate (last 10 eps): 0.50
Total T: 19800 Episode Num: 66 Episode T: 300 Reward: 275.000 PseudoReward: [[-1255.3105]]
Episode 66, Average Success Rate (last 10 eps): 0.60
Total T: 20100 Episode Num: 67 Episode T: 300 Reward: 0.000 PseudoReward: [[-3597.8647]]
Episode 67, Average Success Rate (last 10 eps): 0.60
Total T: 20400 Episode Num: 68 Episode T: 300 Reward: 0.000 PseudoReward: [[-4412.14]]
Episode 68, Average Success Rate (last 10 eps): 0.50
Total T: 20700 Episode Num: 69 Episode T: 300 Reward: 267.000 PseudoReward: [[-2372.381]]
Episode 69, Average Success Rate (last 10 eps): 0.60
Total T: 21000 Episode Num: 70 Episode T: 300 Reward: 0.000 PseudoReward: [[-13709.089]]
Episode 70, Average Success Rate (last 10 eps): 0.50
Total T: 21300 Episode Num: 71 Episode T: 300 Reward: 44.000 PseudoReward: [[-1034.5398]]
Episode 71, Average Success Rate (last 10 eps): 0.60
Total T: 21600 Episode Num: 72 Episode T: 300 Reward: 0.000 PseudoReward: [[-618.4093]]
Episode 72, Average Success Rate (last 10 eps): 0.50
Total T: 21900 Episode Num: 73 Episode T: 300 Reward: 0.000 PseudoReward: [[-1174.4174]]
Episode 73, Average Success Rate (last 10 eps): 0.50
Total T: 22200 Episode Num: 74 Episode T: 300 Reward: 0.000 PseudoReward: [[-1166.2369]]
Episode 74, Average Success Rate (last 10 eps): 0.40
Total T: 22500 Episode Num: 75 Episode T: 300 Reward: 0.000 PseudoReward: [[-4600.6987]]
Episode 75, Average Success Rate (last 10 eps): 0.30
Total T: 22800 Episode Num: 76 Episode T: 300 Reward: 0.000 PseudoReward: [[-6779.601]]
Episode 76, Average Success Rate (last 10 eps): 0.20
Total T: 23100 Episode Num: 77 Episode T: 300 Reward: 244.000 PseudoReward: [[-13671.082]]
Episode 77, Average Success Rate (last 10 eps): 0.30
Total T: 23400 Episode Num: 78 Episode T: 300 Reward: 278.000 PseudoReward: [[-4220.9897]]
Episode 78, Average Success Rate (last 10 eps): 0.40
Total T: 23700 Episode Num: 79 Episode T: 300 Reward: 0.000 PseudoReward: [[-1598.8224]]
Episode 79, Average Success Rate (last 10 eps): 0.30
Total T: 24000 Episode Num: 80 Episode T: 300 Reward: 285.000 PseudoReward: [[-4796.848]]
Episode 80, Average Success Rate (last 10 eps): 0.40
Total T: 24300 Episode Num: 81 Episode T: 300 Reward: 0.000 PseudoReward: [[-6534.825]]
Episode 81, Average Success Rate (last 10 eps): 0.30
Total T: 24600 Episode Num: 82 Episode T: 300 Reward: 0.000 PseudoReward: [[-7700.4526]]
Episode 82, Average Success Rate (last 10 eps): 0.30
Total T: 24900 Episode Num: 83 Episode T: 300 Reward: 0.000 PseudoReward: [[-8582.186]]
Episode 83, Average Success Rate (last 10 eps): 0.30
Total T: 25200 Episode Num: 84 Episode T: 300 Reward: 0.000 PseudoReward: [[-2637.647]]
Episode 84, Average Success Rate (last 10 eps): 0.30
Total T: 25500 Episode Num: 85 Episode T: 300 Reward: 291.000 PseudoReward: [[-4486.244]]
Episode 85, Average Success Rate (last 10 eps): 0.40
Total T: 25800 Episode Num: 86 Episode T: 300 Reward: 294.000 PseudoReward: [[-10724.692]]
Episode 86, Average Success Rate (last 10 eps): 0.50
Total T: 26100 Episode Num: 87 Episode T: 300 Reward: 0.000 PseudoReward: [[-13732.72]]
Episode 87, Average Success Rate (last 10 eps): 0.40
Total T: 26400 Episode Num: 88 Episode T: 300 Reward: 291.000 PseudoReward: [[-3836.4817]]
Episode 88, Average Success Rate (last 10 eps): 0.40
Total T: 26700 Episode Num: 89 Episode T: 300 Reward: 0.000 PseudoReward: [[-7295.439]]
Episode 89, Average Success Rate (last 10 eps): 0.40
Total T: 27000 Episode Num: 90 Episode T: 300 Reward: 279.000 PseudoReward: [[-4988.9707]]
Episode 90, Average Success Rate (last 10 eps): 0.40
Total T: 27300 Episode Num: 91 Episode T: 300 Reward: 0.000 PseudoReward: [[-6743.036]]
Episode 91, Average Success Rate (last 10 eps): 0.40
Total T: 27600 Episode Num: 92 Episode T: 300 Reward: 0.000 PseudoReward: [[-10092.008]]
Episode 92, Average Success Rate (last 10 eps): 0.40
Total T: 27900 Episode Num: 93 Episode T: 300 Reward: 287.000 PseudoReward: [[-7428.4688]]
Episode 93, Average Success Rate (last 10 eps): 0.50
Total T: 28200 Episode Num: 94 Episode T: 300 Reward: 0.000 PseudoReward: [[-5935.3403]]
Episode 94, Average Success Rate (last 10 eps): 0.50
Total T: 28500 Episode Num: 95 Episode T: 300 Reward: 289.000 PseudoReward: [[-5697.245]]
Episode 95, Average Success Rate (last 10 eps): 0.50
Total T: 28800 Episode Num: 96 Episode T: 300 Reward: 252.000 PseudoReward: [[-2440.3313]]
Episode 96, Average Success Rate (last 10 eps): 0.50
Total T: 29100 Episode Num: 97 Episode T: 300 Reward: 0.000 PseudoReward: [[-7738.611]]
Episode 97, Average Success Rate (last 10 eps): 0.50
Total T: 29400 Episode Num: 98 Episode T: 300 Reward: 0.000 PseudoReward: [[-13719.222]]
Episode 98, Average Success Rate (last 10 eps): 0.40
Total T: 29700 Episode Num: 99 Episode T: 300 Reward: 0.000 PseudoReward: [[-6633.0757]]
Episode 99, Average Success Rate (last 10 eps): 0.40
Total T: 30000 Episode Num: 100 Episode T: 300 Reward: 0.000 PseudoReward: [[-13616.828]]
Episode 100, Average Success Rate (last 10 eps): 0.30
Total T: 30300 Episode Num: 101 Episode T: 300 Reward: 216.000 PseudoReward: [[-8119.9805]]
Episode 101, Average Success Rate (last 10 eps): 0.40
Total T: 30600 Episode Num: 102 Episode T: 300 Reward: 299.000 PseudoReward: [[-6683.7246]]
Episode 102, Average Success Rate (last 10 eps): 0.50
Total T: 30900 Episode Num: 103 Episode T: 300 Reward: 274.000 PseudoReward: [[-13311.541]]
Episode 103, Average Success Rate (last 10 eps): 0.50
Total T: 31200 Episode Num: 104 Episode T: 300 Reward: 0.000 PseudoReward: [[-13815.521]]
Episode 104, Average Success Rate (last 10 eps): 0.50
Total T: 31500 Episode Num: 105 Episode T: 300 Reward: 0.000 PseudoReward: [[-5729.4404]]
Episode 105, Average Success Rate (last 10 eps): 0.40
Total T: 31800 Episode Num: 106 Episode T: 300 Reward: 187.000 PseudoReward: [[-10339.513]]
Episode 106, Average Success Rate (last 10 eps): 0.40
Total T: 32100 Episode Num: 107 Episode T: 300 Reward: 140.000 PseudoReward: [[-13146.311]]
Episode 107, Average Success Rate (last 10 eps): 0.50
Total T: 32400 Episode Num: 108 Episode T: 300 Reward: 236.000 PseudoReward: [[-11988.875]]
Episode 108, Average Success Rate (last 10 eps): 0.60
Total T: 32700 Episode Num: 109 Episode T: 300 Reward: 0.000 PseudoReward: [[-13814.98]]
Episode 109, Average Success Rate (last 10 eps): 0.60
Total T: 33000 Episode Num: 110 Episode T: 300 Reward: 243.000 PseudoReward: [[-6386.2246]]
Episode 110, Average Success Rate (last 10 eps): 0.70
Total T: 33300 Episode Num: 111 Episode T: 300 Reward: 257.000 PseudoReward: [[-7972.1665]]
Episode 111, Average Success Rate (last 10 eps): 0.70
Total T: 33600 Episode Num: 112 Episode T: 300 Reward: 0.000 PseudoReward: [[-8426.351]]
Episode 112, Average Success Rate (last 10 eps): 0.60
Total T: 33900 Episode Num: 113 Episode T: 300 Reward: 294.000 PseudoReward: [[-8230.967]]
Episode 113, Average Success Rate (last 10 eps): 0.60
Total T: 34200 Episode Num: 114 Episode T: 300 Reward: 0.000 PseudoReward: [[-6530.1533]]
Episode 114, Average Success Rate (last 10 eps): 0.60
Total T: 34500 Episode Num: 115 Episode T: 300 Reward: 278.000 PseudoReward: [[-9234.32]]
Episode 115, Average Success Rate (last 10 eps): 0.70
Total T: 34800 Episode Num: 116 Episode T: 300 Reward: 0.000 PseudoReward: [[-8103.316]]
Episode 116, Average Success Rate (last 10 eps): 0.60
Total T: 35100 Episode Num: 117 Episode T: 300 Reward: 0.000 PseudoReward: [[-9073.268]]
Episode 117, Average Success Rate (last 10 eps): 0.50
Total T: 35400 Episode Num: 118 Episode T: 300 Reward: 0.000 PseudoReward: [[-13719.719]]
Episode 118, Average Success Rate (last 10 eps): 0.40
Total T: 35700 Episode Num: 119 Episode T: 300 Reward: 288.000 PseudoReward: [[-9036.027]]
Episode 119, Average Success Rate (last 10 eps): 0.50
Total T: 36000 Episode Num: 120 Episode T: 300 Reward: 0.000 PseudoReward: [[-9564.602]]
Episode 120, Average Success Rate (last 10 eps): 0.40
Total T: 36300 Episode Num: 121 Episode T: 300 Reward: 218.000 PseudoReward: [[-7659.4404]]
Episode 121, Average Success Rate (last 10 eps): 0.40
Total T: 36600 Episode Num: 122 Episode T: 300 Reward: 283.000 PseudoReward: [[-13762.889]]
Episode 122, Average Success Rate (last 10 eps): 0.50
Total T: 36900 Episode Num: 123 Episode T: 300 Reward: 282.000 PseudoReward: [[-9039.073]]
Episode 123, Average Success Rate (last 10 eps): 0.50
Total T: 37200 Episode Num: 124 Episode T: 300 Reward: 205.000 PseudoReward: [[-10638.681]]
Episode 124, Average Success Rate (last 10 eps): 0.60
Total T: 37500 Episode Num: 125 Episode T: 300 Reward: 241.000 PseudoReward: [[-9727.529]]
Episode 125, Average Success Rate (last 10 eps): 0.60
Total T: 37800 Episode Num: 126 Episode T: 300 Reward: 0.000 PseudoReward: [[-13216.325]]
Episode 126, Average Success Rate (last 10 eps): 0.60
Total T: 38100 Episode Num: 127 Episode T: 300 Reward: 0.000 PseudoReward: [[-13790.988]]
Episode 127, Average Success Rate (last 10 eps): 0.60
Total T: 38400 Episode Num: 128 Episode T: 300 Reward: 0.000 PseudoReward: [[-13774.586]]
Episode 128, Average Success Rate (last 10 eps): 0.60
Total T: 38700 Episode Num: 129 Episode T: 300 Reward: 0.000 PseudoReward: [[-8083.221]]
Episode 129, Average Success Rate (last 10 eps): 0.50
Total T: 39000 Episode Num: 130 Episode T: 300 Reward: 284.000 PseudoReward: [[-13364.591]]
Episode 130, Average Success Rate (last 10 eps): 0.60
Total T: 39300 Episode Num: 131 Episode T: 300 Reward: 0.000 PseudoReward: [[-13774.227]]
Episode 131, Average Success Rate (last 10 eps): 0.50
Total T: 39600 Episode Num: 132 Episode T: 300 Reward: 0.000 PseudoReward: [[-6943.029]]
Episode 132, Average Success Rate (last 10 eps): 0.40
Total T: 39900 Episode Num: 133 Episode T: 300 Reward: 0.000 PseudoReward: [[-6492.8687]]
Episode 133, Average Success Rate (last 10 eps): 0.30
Total T: 40200 Episode Num: 134 Episode T: 300 Reward: 254.000 PseudoReward: [[-8102.571]]
Episode 134, Average Success Rate (last 10 eps): 0.30
Total T: 40500 Episode Num: 135 Episode T: 300 Reward: 0.000 PseudoReward: [[-11082.831]]
Episode 135, Average Success Rate (last 10 eps): 0.20
Total T: 40800 Episode Num: 136 Episode T: 300 Reward: 0.000 PseudoReward: [[-5759.126]]
Episode 136, Average Success Rate (last 10 eps): 0.20
Total T: 41100 Episode Num: 137 Episode T: 300 Reward: 0.000 PseudoReward: [[-8088.248]]
Episode 137, Average Success Rate (last 10 eps): 0.20
Total T: 41400 Episode Num: 138 Episode T: 300 Reward: 260.000 PseudoReward: [[-13130.321]]
Episode 138, Average Success Rate (last 10 eps): 0.30
Total T: 41700 Episode Num: 139 Episode T: 300 Reward: 30.000 PseudoReward: [[-12085.94]]
Episode 139, Average Success Rate (last 10 eps): 0.40
Total T: 42000 Episode Num: 140 Episode T: 300 Reward: 191.000 PseudoReward: [[-13588.15]]
Episode 140, Average Success Rate (last 10 eps): 0.40
Total T: 42300 Episode Num: 141 Episode T: 300 Reward: 295.000 PseudoReward: [[-13681.424]]
Episode 141, Average Success Rate (last 10 eps): 0.50
Total T: 42600 Episode Num: 142 Episode T: 300 Reward: 295.000 PseudoReward: [[-13049.342]]
Episode 142, Average Success Rate (last 10 eps): 0.60
Total T: 42900 Episode Num: 143 Episode T: 300 Reward: 0.000 PseudoReward: [[-5199.135]]
Episode 143, Average Success Rate (last 10 eps): 0.60
Total T: 43200 Episode Num: 144 Episode T: 300 Reward: 0.000 PseudoReward: [[-4382.129]]
Episode 144, Average Success Rate (last 10 eps): 0.50
Total T: 43500 Episode Num: 145 Episode T: 300 Reward: 0.000 PseudoReward: [[-11605.139]]
Episode 145, Average Success Rate (last 10 eps): 0.50
Total T: 43800 Episode Num: 146 Episode T: 300 Reward: 0.000 PseudoReward: [[-10908.39]]
Episode 146, Average Success Rate (last 10 eps): 0.50
Total T: 44100 Episode Num: 147 Episode T: 300 Reward: 0.000 PseudoReward: [[-13762.212]]
Episode 147, Average Success Rate (last 10 eps): 0.50
Total T: 44400 Episode Num: 148 Episode T: 300 Reward: 0.000 PseudoReward: [[-6715.699]]
Episode 148, Average Success Rate (last 10 eps): 0.40
Total T: 44700 Episode Num: 149 Episode T: 300 Reward: 245.000 PseudoReward: [[-5242.4536]]
Episode 149, Average Success Rate (last 10 eps): 0.40
Total T: 45000 Episode Num: 150 Episode T: 300 Reward: 219.000 PseudoReward: [[-9092.068]]
Episode 150, Average Success Rate (last 10 eps): 0.40
Total T: 45300 Episode Num: 151 Episode T: 300 Reward: 0.000 PseudoReward: [[-13730.635]]
Episode 151, Average Success Rate (last 10 eps): 0.30
Total T: 45600 Episode Num: 152 Episode T: 300 Reward: 0.000 PseudoReward: [[-10513.393]]
Episode 152, Average Success Rate (last 10 eps): 0.20
Total T: 45900 Episode Num: 153 Episode T: 300 Reward: 229.000 PseudoReward: [[-11359.854]]
Episode 153, Average Success Rate (last 10 eps): 0.30
Total T: 46200 Episode Num: 154 Episode T: 300 Reward: 0.000 PseudoReward: [[-12518.861]]
Episode 154, Average Success Rate (last 10 eps): 0.30
Total T: 46500 Episode Num: 155 Episode T: 300 Reward: 0.000 PseudoReward: [[-6635.428]]
Episode 155, Average Success Rate (last 10 eps): 0.30
Total T: 46800 Episode Num: 156 Episode T: 300 Reward: 0.000 PseudoReward: [[-9004.069]]
Episode 156, Average Success Rate (last 10 eps): 0.30
Total T: 47100 Episode Num: 157 Episode T: 300 Reward: 0.000 PseudoReward: [[-13678.084]]
Episode 157, Average Success Rate (last 10 eps): 0.30
Total T: 47400 Episode Num: 158 Episode T: 300 Reward: 0.000 PseudoReward: [[-4256.2534]]
Episode 158, Average Success Rate (last 10 eps): 0.30
Total T: 47700 Episode Num: 159 Episode T: 300 Reward: 0.000 PseudoReward: [[-8811.484]]
Episode 159, Average Success Rate (last 10 eps): 0.20
Total T: 48000 Episode Num: 160 Episode T: 300 Reward: 286.000 PseudoReward: [[-13466.029]]
Episode 160, Average Success Rate (last 10 eps): 0.20
Total T: 48300 Episode Num: 161 Episode T: 300 Reward: 287.000 PseudoReward: [[-12606.965]]
Episode 161, Average Success Rate (last 10 eps): 0.30
Total T: 48600 Episode Num: 162 Episode T: 300 Reward: 0.000 PseudoReward: [[-9901.899]]
Episode 162, Average Success Rate (last 10 eps): 0.30
Total T: 48900 Episode Num: 163 Episode T: 300 Reward: 0.000 PseudoReward: [[-6952.205]]
Episode 163, Average Success Rate (last 10 eps): 0.20
Total T: 49200 Episode Num: 164 Episode T: 300 Reward: 0.000 PseudoReward: [[-10529.994]]
Episode 164, Average Success Rate (last 10 eps): 0.20
Total T: 49500 Episode Num: 165 Episode T: 300 Reward: 0.000 PseudoReward: [[-4829.3657]]
Episode 165, Average Success Rate (last 10 eps): 0.20
Total T: 49800 Episode Num: 166 Episode T: 300 Reward: 281.000 PseudoReward: [[-8304.736]]
Episode 166, Average Success Rate (last 10 eps): 0.30
Total T: 50100 Episode Num: 167 Episode T: 300 Reward: 225.000 PseudoReward: [[-12182.206]]
Episode 167, Average Success Rate (last 10 eps): 0.40
Total T: 50400 Episode Num: 168 Episode T: 300 Reward: 0.000 PseudoReward: [[-10819.565]]
Episode 168, Average Success Rate (last 10 eps): 0.40
Total T: 50700 Episode Num: 169 Episode T: 300 Reward: 0.000 PseudoReward: [[-9714.618]]
Episode 169, Average Success Rate (last 10 eps): 0.40
Total T: 51000 Episode Num: 170 Episode T: 300 Reward: 283.000 PseudoReward: [[-12081.208]]
Episode 170, Average Success Rate (last 10 eps): 0.40
Total T: 51300 Episode Num: 171 Episode T: 300 Reward: 0.000 PseudoReward: [[-7158.0317]]
Episode 171, Average Success Rate (last 10 eps): 0.30
Total T: 51600 Episode Num: 172 Episode T: 300 Reward: 0.000 PseudoReward: [[-10185.354]]
Episode 172, Average Success Rate (last 10 eps): 0.30
Total T: 51900 Episode Num: 173 Episode T: 300 Reward: 0.000 PseudoReward: [[-10097.242]]
Episode 173, Average Success Rate (last 10 eps): 0.30
Total T: 52200 Episode Num: 174 Episode T: 300 Reward: 0.000 PseudoReward: [[-10491.059]]
Episode 174, Average Success Rate (last 10 eps): 0.30
Total T: 52500 Episode Num: 175 Episode T: 300 Reward: 0.000 PseudoReward: [[-13666.449]]
Episode 175, Average Success Rate (last 10 eps): 0.30
Total T: 52800 Episode Num: 176 Episode T: 300 Reward: 148.000 PseudoReward: [[-9356.829]]
Episode 176, Average Success Rate (last 10 eps): 0.30
Total T: 53100 Episode Num: 177 Episode T: 300 Reward: 243.000 PseudoReward: [[-10003.719]]
Episode 177, Average Success Rate (last 10 eps): 0.30
Total T: 53400 Episode Num: 178 Episode T: 300 Reward: 0.000 PseudoReward: [[-7258.766]]
Episode 178, Average Success Rate (last 10 eps): 0.30
Total T: 53700 Episode Num: 179 Episode T: 300 Reward: 274.000 PseudoReward: [[-12735.626]]
Episode 179, Average Success Rate (last 10 eps): 0.40
Total T: 54000 Episode Num: 180 Episode T: 300 Reward: 0.000 PseudoReward: [[-13664.935]]
Episode 180, Average Success Rate (last 10 eps): 0.30
Total T: 54300 Episode Num: 181 Episode T: 300 Reward: 64.000 PseudoReward: [[-11651.607]]
Episode 181, Average Success Rate (last 10 eps): 0.40
Total T: 54600 Episode Num: 182 Episode T: 300 Reward: 0.000 PseudoReward: [[-11181.824]]
Episode 182, Average Success Rate (last 10 eps): 0.40
Total T: 54900 Episode Num: 183 Episode T: 300 Reward: 0.000 PseudoReward: [[-9762.986]]
Episode 183, Average Success Rate (last 10 eps): 0.40
Total T: 55200 Episode Num: 184 Episode T: 300 Reward: 0.000 PseudoReward: [[-10576.487]]
Episode 184, Average Success Rate (last 10 eps): 0.40
Total T: 55500 Episode Num: 185 Episode T: 300 Reward: 269.000 PseudoReward: [[-12786.154]]
Episode 185, Average Success Rate (last 10 eps): 0.50
Total T: 55800 Episode Num: 186 Episode T: 300 Reward: 0.000 PseudoReward: [[-13640.249]]
Episode 186, Average Success Rate (last 10 eps): 0.40
Total T: 56100 Episode Num: 187 Episode T: 300 Reward: 269.000 PseudoReward: [[-11766.502]]
Episode 187, Average Success Rate (last 10 eps): 0.40
Total T: 56400 Episode Num: 188 Episode T: 300 Reward: 0.000 PseudoReward: [[-11565.107]]
Episode 188, Average Success Rate (last 10 eps): 0.40
Total T: 56700 Episode Num: 189 Episode T: 300 Reward: 268.000 PseudoReward: [[-8058.9756]]
Episode 189, Average Success Rate (last 10 eps): 0.40
Total T: 57000 Episode Num: 190 Episode T: 300 Reward: 0.000 PseudoReward: [[-13596.202]]
Episode 190, Average Success Rate (last 10 eps): 0.40
Total T: 57300 Episode Num: 191 Episode T: 300 Reward: 211.000 PseudoReward: [[-13323.26]]
Episode 191, Average Success Rate (last 10 eps): 0.40
Total T: 57600 Episode Num: 192 Episode T: 300 Reward: 265.000 PseudoReward: [[-12302.035]]
Episode 192, Average Success Rate (last 10 eps): 0.50
Total T: 57900 Episode Num: 193 Episode T: 300 Reward: 217.000 PseudoReward: [[-11750.7705]]
Episode 193, Average Success Rate (last 10 eps): 0.60
Total T: 58200 Episode Num: 194 Episode T: 300 Reward: 272.000 PseudoReward: [[-13275.655]]
Episode 194, Average Success Rate (last 10 eps): 0.70
Total T: 58500 Episode Num: 195 Episode T: 300 Reward: 0.000 PseudoReward: [[-10912.617]]
Episode 195, Average Success Rate (last 10 eps): 0.60
Total T: 58800 Episode Num: 196 Episode T: 300 Reward: 0.000 PseudoReward: [[-11561.676]]
Episode 196, Average Success Rate (last 10 eps): 0.60
Total T: 59100 Episode Num: 197 Episode T: 300 Reward: 280.000 PseudoReward: [[-13556.249]]
Episode 197, Average Success Rate (last 10 eps): 0.60
Total T: 59400 Episode Num: 198 Episode T: 300 Reward: 287.000 PseudoReward: [[-8584.904]]
Episode 198, Average Success Rate (last 10 eps): 0.70
Total T: 59700 Episode Num: 199 Episode T: 300 Reward: 258.000 PseudoReward: [[-12864.523]]
Episode 199, Average Success Rate (last 10 eps): 0.70
Total T: 60000 Episode Num: 200 Episode T: 300 Reward: 0.000 PseudoReward: [[-11648.109]]
Episode 200, Average Success Rate (last 10 eps): 0.70
Total T: 60300 Episode Num: 201 Episode T: 300 Reward: 218.000 PseudoReward: [[-13687.363]]
Episode 201, Average Success Rate (last 10 eps): 0.70
Total T: 60600 Episode Num: 202 Episode T: 300 Reward: 0.000 PseudoReward: [[-13718.958]]
Episode 202, Average Success Rate (last 10 eps): 0.60
Total T: 60900 Episode Num: 203 Episode T: 300 Reward: 0.000 PseudoReward: [[-9500.882]]
Episode 203, Average Success Rate (last 10 eps): 0.50
Total T: 61200 Episode Num: 204 Episode T: 300 Reward: 0.000 PseudoReward: [[-11067.009]]
Episode 204, Average Success Rate (last 10 eps): 0.40
Total T: 61500 Episode Num: 205 Episode T: 300 Reward: 0.000 PseudoReward: [[-13807.275]]
Episode 205, Average Success Rate (last 10 eps): 0.40
Total T: 61800 Episode Num: 206 Episode T: 300 Reward: 222.000 PseudoReward: [[-8020.9287]]
Episode 206, Average Success Rate (last 10 eps): 0.50
Total T: 62100 Episode Num: 207 Episode T: 300 Reward: 0.000 PseudoReward: [[-9966.857]]
Episode 207, Average Success Rate (last 10 eps): 0.40
Total T: 62400 Episode Num: 208 Episode T: 300 Reward: 279.000 PseudoReward: [[-12629.177]]
Episode 208, Average Success Rate (last 10 eps): 0.40
Total T: 62700 Episode Num: 209 Episode T: 300 Reward: 0.000 PseudoReward: [[-9037.4795]]
Episode 209, Average Success Rate (last 10 eps): 0.30
Total T: 63000 Episode Num: 210 Episode T: 300 Reward: 52.000 PseudoReward: [[-10923.37]]
Episode 210, Average Success Rate (last 10 eps): 0.40
Total T: 63300 Episode Num: 211 Episode T: 300 Reward: 0.000 PseudoReward: [[-13815.292]]
Episode 211, Average Success Rate (last 10 eps): 0.30
Total T: 63600 Episode Num: 212 Episode T: 300 Reward: 273.000 PseudoReward: [[-13469.332]]
Episode 212, Average Success Rate (last 10 eps): 0.40
Total T: 63900 Episode Num: 213 Episode T: 300 Reward: 0.000 PseudoReward: [[-13458.974]]
Episode 213, Average Success Rate (last 10 eps): 0.40
Total T: 64200 Episode Num: 214 Episode T: 300 Reward: 114.000 PseudoReward: [[-12194.1045]]
Episode 214, Average Success Rate (last 10 eps): 0.50
Total T: 64500 Episode Num: 215 Episode T: 300 Reward: 296.000 PseudoReward: [[-12880.676]]
Episode 215, Average Success Rate (last 10 eps): 0.60
Total T: 64800 Episode Num: 216 Episode T: 300 Reward: 0.000 PseudoReward: [[-13802.44]]
Episode 216, Average Success Rate (last 10 eps): 0.50
Total T: 65100 Episode Num: 217 Episode T: 300 Reward: 0.000 PseudoReward: [[-10286.815]]
Episode 217, Average Success Rate (last 10 eps): 0.50
Total T: 65400 Episode Num: 218 Episode T: 300 Reward: 0.000 PseudoReward: [[-11678.578]]
Episode 218, Average Success Rate (last 10 eps): 0.40
Total T: 65700 Episode Num: 219 Episode T: 300 Reward: 0.000 PseudoReward: [[-8663.698]]
Episode 219, Average Success Rate (last 10 eps): 0.40
Total T: 66000 Episode Num: 220 Episode T: 300 Reward: 0.000 PseudoReward: [[-13793.815]]
Episode 220, Average Success Rate (last 10 eps): 0.30
Total T: 66300 Episode Num: 221 Episode T: 300 Reward: 35.000 PseudoReward: [[-11150.669]]
Episode 221, Average Success Rate (last 10 eps): 0.40
Total T: 66600 Episode Num: 222 Episode T: 300 Reward: 292.000 PseudoReward: [[-11815.565]]
Episode 222, Average Success Rate (last 10 eps): 0.40
Total T: 66900 Episode Num: 223 Episode T: 300 Reward: 0.000 PseudoReward: [[-12102.664]]
Episode 223, Average Success Rate (last 10 eps): 0.40
Total T: 67200 Episode Num: 224 Episode T: 300 Reward: 226.000 PseudoReward: [[-8252.445]]
Episode 224, Average Success Rate (last 10 eps): 0.40
Total T: 67500 Episode Num: 225 Episode T: 300 Reward: 0.000 PseudoReward: [[-8705.31]]
Episode 225, Average Success Rate (last 10 eps): 0.30
Total T: 67800 Episode Num: 226 Episode T: 300 Reward: 0.000 PseudoReward: [[-12305.864]]
Episode 226, Average Success Rate (last 10 eps): 0.30
Total T: 68100 Episode Num: 227 Episode T: 300 Reward: 0.000 PseudoReward: [[-6787.688]]
Episode 227, Average Success Rate (last 10 eps): 0.30
Total T: 68400 Episode Num: 228 Episode T: 300 Reward: 294.000 PseudoReward: [[-7582.1533]]
Episode 228, Average Success Rate (last 10 eps): 0.40
Total T: 68700 Episode Num: 229 Episode T: 300 Reward: 284.000 PseudoReward: [[-12897.604]]
Episode 229, Average Success Rate (last 10 eps): 0.50
Total T: 69000 Episode Num: 230 Episode T: 300 Reward: 0.000 PseudoReward: [[-12838.441]]
Episode 230, Average Success Rate (last 10 eps): 0.50
Total T: 69300 Episode Num: 231 Episode T: 300 Reward: 197.000 PseudoReward: [[-10567.719]]
Episode 231, Average Success Rate (last 10 eps): 0.50
Total T: 69600 Episode Num: 232 Episode T: 300 Reward: 265.000 PseudoReward: [[-9355.057]]
Episode 232, Average Success Rate (last 10 eps): 0.50
Total T: 69900 Episode Num: 233 Episode T: 300 Reward: 260.000 PseudoReward: [[-7971.8315]]
Episode 233, Average Success Rate (last 10 eps): 0.60
Total T: 70200 Episode Num: 234 Episode T: 300 Reward: 225.000 PseudoReward: [[-9932.188]]
Episode 234, Average Success Rate (last 10 eps): 0.60
Total T: 70500 Episode Num: 235 Episode T: 300 Reward: 270.000 PseudoReward: [[-7228.747]]
Episode 235, Average Success Rate (last 10 eps): 0.70
Total T: 70800 Episode Num: 236 Episode T: 300 Reward: 266.000 PseudoReward: [[-13769.448]]
Episode 236, Average Success Rate (last 10 eps): 0.80
Total T: 71100 Episode Num: 237 Episode T: 300 Reward: 270.000 PseudoReward: [[-13779.789]]
Episode 237, Average Success Rate (last 10 eps): 0.90
Total T: 71400 Episode Num: 238 Episode T: 300 Reward: 223.000 PseudoReward: [[-13216.185]]
Episode 238, Average Success Rate (last 10 eps): 0.90
Total T: 71700 Episode Num: 239 Episode T: 300 Reward: 280.000 PseudoReward: [[-13356.3545]]
Episode 239, Average Success Rate (last 10 eps): 0.90
Total T: 72000 Episode Num: 240 Episode T: 300 Reward: 291.000 PseudoReward: [[-13653.741]]
Episode 240, Average Success Rate (last 10 eps): 1.00
Total T: 72300 Episode Num: 241 Episode T: 300 Reward: 0.000 PseudoReward: [[-13703.541]]
Episode 241, Average Success Rate (last 10 eps): 0.90
Total T: 72600 Episode Num: 242 Episode T: 300 Reward: 244.000 PseudoReward: [[-9368.083]]
Episode 242, Average Success Rate (last 10 eps): 0.90
Total T: 72900 Episode Num: 243 Episode T: 300 Reward: 251.000 PseudoReward: [[-11873.139]]
Episode 243, Average Success Rate (last 10 eps): 0.90
Total T: 73200 Episode Num: 244 Episode T: 300 Reward: 299.000 PseudoReward: [[-13453.947]]
Episode 244, Average Success Rate (last 10 eps): 0.90
Total T: 73500 Episode Num: 245 Episode T: 300 Reward: 138.000 PseudoReward: [[-13109.954]]
Episode 245, Average Success Rate (last 10 eps): 0.90
Total T: 73800 Episode Num: 246 Episode T: 300 Reward: 0.000 PseudoReward: [[-12150.122]]
Episode 246, Average Success Rate (last 10 eps): 0.80
Total T: 74100 Episode Num: 247 Episode T: 300 Reward: 182.000 PseudoReward: [[-12525.772]]
Episode 247, Average Success Rate (last 10 eps): 0.80
Total T: 74400 Episode Num: 248 Episode T: 300 Reward: 298.000 PseudoReward: [[-9534.635]]
Episode 248, Average Success Rate (last 10 eps): 0.80
Total T: 74700 Episode Num: 249 Episode T: 300 Reward: 0.000 PseudoReward: [[-11388.318]]
Episode 249, Average Success Rate (last 10 eps): 0.70
Total T: 75000 Episode Num: 250 Episode T: 300 Reward: 247.000 PseudoReward: [[-12719.278]]
Episode 250, Average Success Rate (last 10 eps): 0.70
Total T: 75300 Episode Num: 251 Episode T: 300 Reward: 0.000 PseudoReward: [[-13672.975]]
Episode 251, Average Success Rate (last 10 eps): 0.70
Total T: 75600 Episode Num: 252 Episode T: 300 Reward: 0.000 PseudoReward: [[-12989.535]]
Episode 252, Average Success Rate (last 10 eps): 0.60
Total T: 75900 Episode Num: 253 Episode T: 300 Reward: 268.000 PseudoReward: [[-8399.997]]
Episode 253, Average Success Rate (last 10 eps): 0.60
Total T: 76200 Episode Num: 254 Episode T: 300 Reward: 0.000 PseudoReward: [[-12381.256]]
Episode 254, Average Success Rate (last 10 eps): 0.50
Total T: 76500 Episode Num: 255 Episode T: 300 Reward: 0.000 PseudoReward: [[-10175.615]]
Episode 255, Average Success Rate (last 10 eps): 0.40
Total T: 76800 Episode Num: 256 Episode T: 300 Reward: 0.000 PseudoReward: [[-13782.928]]
Episode 256, Average Success Rate (last 10 eps): 0.40
Total T: 77100 Episode Num: 257 Episode T: 300 Reward: 172.000 PseudoReward: [[-11330.188]]
Episode 257, Average Success Rate (last 10 eps): 0.40
Total T: 77400 Episode Num: 258 Episode T: 300 Reward: 0.000 PseudoReward: [[-13803.92]]
Episode 258, Average Success Rate (last 10 eps): 0.30
Total T: 77700 Episode Num: 259 Episode T: 300 Reward: 224.000 PseudoReward: [[-13750.815]]
Episode 259, Average Success Rate (last 10 eps): 0.40
Total T: 78000 Episode Num: 260 Episode T: 300 Reward: 284.000 PseudoReward: [[-13446.49]]
Episode 260, Average Success Rate (last 10 eps): 0.40
Total T: 78300 Episode Num: 261 Episode T: 300 Reward: 22.000 PseudoReward: [[-11486.152]]
Episode 261, Average Success Rate (last 10 eps): 0.50
Total T: 78600 Episode Num: 262 Episode T: 300 Reward: 0.000 PseudoReward: [[-12280.022]]
Episode 262, Average Success Rate (last 10 eps): 0.50
Total T: 78900 Episode Num: 263 Episode T: 300 Reward: 82.000 PseudoReward: [[-13757.706]]
Episode 263, Average Success Rate (last 10 eps): 0.50
Total T: 79200 Episode Num: 264 Episode T: 300 Reward: 0.000 PseudoReward: [[-9455.514]]
Episode 264, Average Success Rate (last 10 eps): 0.50
Total T: 79500 Episode Num: 265 Episode T: 300 Reward: 205.000 PseudoReward: [[-12297.896]]
Episode 265, Average Success Rate (last 10 eps): 0.60
Total T: 79800 Episode Num: 266 Episode T: 300 Reward: 229.000 PseudoReward: [[-10999.461]]
Episode 266, Average Success Rate (last 10 eps): 0.70
Total T: 80100 Episode Num: 267 Episode T: 300 Reward: 287.000 PseudoReward: [[-13743.932]]
Episode 267, Average Success Rate (last 10 eps): 0.70
Total T: 80400 Episode Num: 268 Episode T: 300 Reward: 296.000 PseudoReward: [[-9672.212]]
Episode 268, Average Success Rate (last 10 eps): 0.80
Total T: 80700 Episode Num: 269 Episode T: 300 Reward: 0.000 PseudoReward: [[-11434.677]]
Episode 269, Average Success Rate (last 10 eps): 0.70
Total T: 81000 Episode Num: 270 Episode T: 300 Reward: 0.000 PseudoReward: [[-13498.92]]
Episode 270, Average Success Rate (last 10 eps): 0.60
Total T: 81300 Episode Num: 271 Episode T: 300 Reward: 0.000 PseudoReward: [[-12361.182]]
Episode 271, Average Success Rate (last 10 eps): 0.50
Total T: 81600 Episode Num: 272 Episode T: 300 Reward: 209.000 PseudoReward: [[-13438.474]]
Episode 272, Average Success Rate (last 10 eps): 0.60
Total T: 81900 Episode Num: 273 Episode T: 300 Reward: 157.000 PseudoReward: [[-11772.534]]
Episode 273, Average Success Rate (last 10 eps): 0.60
Total T: 82200 Episode Num: 274 Episode T: 300 Reward: 0.000 PseudoReward: [[-13763.526]]
Episode 274, Average Success Rate (last 10 eps): 0.60
Total T: 82500 Episode Num: 275 Episode T: 300 Reward: 247.000 PseudoReward: [[-13453.292]]
Episode 275, Average Success Rate (last 10 eps): 0.60
Total T: 82800 Episode Num: 276 Episode T: 300 Reward: 0.000 PseudoReward: [[-13676.355]]
Episode 276, Average Success Rate (last 10 eps): 0.50
Total T: 83100 Episode Num: 277 Episode T: 300 Reward: 158.000 PseudoReward: [[-10519.7295]]
Episode 277, Average Success Rate (last 10 eps): 0.50
Total T: 83400 Episode Num: 278 Episode T: 300 Reward: 0.000 PseudoReward: [[-11653.921]]
Episode 278, Average Success Rate (last 10 eps): 0.40
Total T: 83700 Episode Num: 279 Episode T: 300 Reward: 193.000 PseudoReward: [[-13373.556]]
Episode 279, Average Success Rate (last 10 eps): 0.50
Total T: 84000 Episode Num: 280 Episode T: 300 Reward: 225.000 PseudoReward: [[-12638.127]]
Episode 280, Average Success Rate (last 10 eps): 0.60
Total T: 84300 Episode Num: 281 Episode T: 300 Reward: 256.000 PseudoReward: [[-13151.9375]]
Episode 281, Average Success Rate (last 10 eps): 0.70
Total T: 84600 Episode Num: 282 Episode T: 300 Reward: 0.000 PseudoReward: [[-10359.159]]
Episode 282, Average Success Rate (last 10 eps): 0.60
Total T: 84900 Episode Num: 283 Episode T: 300 Reward: 249.000 PseudoReward: [[-9344.547]]
Episode 283, Average Success Rate (last 10 eps): 0.60
Total T: 85200 Episode Num: 284 Episode T: 300 Reward: 223.000 PseudoReward: [[-12511.31]]
Episode 284, Average Success Rate (last 10 eps): 0.70
