/home/xlx9645/miniconda3/envs/maze/lib/python3.9/site-packages/gymnasium/envs/registration.py:642: UserWarning: [33mWARN: Overriding environment TrapMazeEnv already in registry.[0m
  logger.warn(f"Overriding environment {new_spec.id} already in registry.")
wandb: Using wandb-core as the SDK backend.  Please refer to https://wandb.me/wandb-core for more information.
wandb: Currently logged in as: yuxuanli2023 (yuxuanli2023-northwestern-university). Use `wandb login --relogin` to force relogin
wandb: Tracking run with wandb version 0.19.1
wandb: Run data is saved locally in /home/xlx9645/failed/Maze/update_baselines/wandb/run-20250107_194726-lk9k8506
wandb: Run `wandb offline` to turn off syncing.
wandb: Syncing run AIRL
wandb: ⭐️ View project at https://wandb.ai/yuxuanli2023-northwestern-university/Main_Umaze
wandb: 🚀 View run at https://wandb.ai/yuxuanli2023-northwestern-university/Main_Umaze/runs/lk9k8506
/home/xlx9645/miniconda3/envs/maze/lib/python3.9/site-packages/gymnasium/spaces/box.py:235: UserWarning: [33mWARN: Box low's precision lowered by casting to float32, current low.dtype=float64[0m
  gym.logger.warn(
/home/xlx9645/miniconda3/envs/maze/lib/python3.9/site-packages/gymnasium/spaces/box.py:305: UserWarning: [33mWARN: Box high's precision lowered by casting to float32, current high.dtype=float64[0m
  gym.logger.warn(
/home/xlx9645/miniconda3/envs/maze/lib/python3.9/site-packages/torch/optim/lr_scheduler.py:224: UserWarning: Detected call of `lr_scheduler.step()` before `optimizer.step()`. In PyTorch 1.1.0 and later, you should call them in the opposite order: `optimizer.step()` before `lr_scheduler.step()`.  Failure to do this will result in PyTorch skipping the first value of the learning rate schedule. See more details at https://pytorch.org/docs/stable/optim.html#how-to-adjust-learning-rate
  warnings.warn(
/home/xlx9645/miniconda3/envs/maze/lib/python3.9/site-packages/torch/optim/lr_scheduler.py:224: UserWarning: Detected call of `lr_scheduler.step()` before `optimizer.step()`. In PyTorch 1.1.0 and later, you should call them in the opposite order: `optimizer.step()` before `lr_scheduler.step()`.  Failure to do this will result in PyTorch skipping the first value of the learning rate schedule. See more details at https://pytorch.org/docs/stable/optim.html#how-to-adjust-learning-rate
  warnings.warn(
Total T: 300 Episode Num: 1 Episode T: 300 Reward: 0.000 PseudoReward: [[49.22289]]
Episode 1, Average Success Rate (last 10 eps): 0.00
Total T: 600 Episode Num: 2 Episode T: 300 Reward: 0.000 PseudoReward: [[255.70418]]
Episode 2, Average Success Rate (last 10 eps): 0.00
Total T: 900 Episode Num: 3 Episode T: 300 Reward: 232.000 PseudoReward: [[291.30914]]
Episode 3, Average Success Rate (last 10 eps): 0.33
Total T: 1200 Episode Num: 4 Episode T: 300 Reward: 0.000 PseudoReward: [[-40.396282]]
Episode 4, Average Success Rate (last 10 eps): 0.25
Total T: 1500 Episode Num: 5 Episode T: 300 Reward: 249.000 PseudoReward: [[420.31232]]
Episode 5, Average Success Rate (last 10 eps): 0.40
Total T: 1800 Episode Num: 6 Episode T: 300 Reward: 0.000 PseudoReward: [[-901.7289]]
Episode 6, Average Success Rate (last 10 eps): 0.33
Total T: 2100 Episode Num: 7 Episode T: 300 Reward: 0.000 PseudoReward: [[-976.88794]]
Episode 7, Average Success Rate (last 10 eps): 0.29
Total T: 2400 Episode Num: 8 Episode T: 300 Reward: 0.000 PseudoReward: [[-833.08124]]
Episode 8, Average Success Rate (last 10 eps): 0.25
Total T: 2700 Episode Num: 9 Episode T: 300 Reward: 0.000 PseudoReward: [[-544.3454]]
Episode 9, Average Success Rate (last 10 eps): 0.22
Total T: 3000 Episode Num: 10 Episode T: 300 Reward: 0.000 PseudoReward: [[360.86493]]
Episode 10, Average Success Rate (last 10 eps): 0.20
Total T: 3300 Episode Num: 11 Episode T: 300 Reward: 0.000 PseudoReward: [[-4165.5845]]
Episode 11, Average Success Rate (last 10 eps): 0.20
Total T: 3600 Episode Num: 12 Episode T: 300 Reward: 0.000 PseudoReward: [[1828.2291]]
Episode 12, Average Success Rate (last 10 eps): 0.20
Total T: 3900 Episode Num: 13 Episode T: 300 Reward: 0.000 PseudoReward: [[1332.6307]]
Episode 13, Average Success Rate (last 10 eps): 0.10
Total T: 4200 Episode Num: 14 Episode T: 300 Reward: 0.000 PseudoReward: [[1874.4015]]
Episode 14, Average Success Rate (last 10 eps): 0.10
Total T: 4500 Episode Num: 15 Episode T: 300 Reward: 0.000 PseudoReward: [[525.0889]]
Episode 15, Average Success Rate (last 10 eps): 0.00
Total T: 4800 Episode Num: 16 Episode T: 300 Reward: 288.000 PseudoReward: [[387.48563]]
Episode 16, Average Success Rate (last 10 eps): 0.10
Total T: 5100 Episode Num: 17 Episode T: 300 Reward: 0.000 PseudoReward: [[-2449.025]]
Episode 17, Average Success Rate (last 10 eps): 0.10
Total T: 5400 Episode Num: 18 Episode T: 300 Reward: 0.000 PseudoReward: [[-158.36684]]
Episode 18, Average Success Rate (last 10 eps): 0.10
Total T: 5700 Episode Num: 19 Episode T: 300 Reward: 0.000 PseudoReward: [[-3942.656]]
Episode 19, Average Success Rate (last 10 eps): 0.10
Total T: 6000 Episode Num: 20 Episode T: 300 Reward: 287.000 PseudoReward: [[72.564285]]
Episode 20, Average Success Rate (last 10 eps): 0.20
Total T: 6300 Episode Num: 21 Episode T: 300 Reward: 292.000 PseudoReward: [[-1140.6587]]
Episode 21, Average Success Rate (last 10 eps): 0.30
Total T: 6600 Episode Num: 22 Episode T: 300 Reward: 0.000 PseudoReward: [[-10816.837]]
Episode 22, Average Success Rate (last 10 eps): 0.30
Total T: 6900 Episode Num: 23 Episode T: 300 Reward: 225.000 PseudoReward: [[-262.78018]]
Episode 23, Average Success Rate (last 10 eps): 0.40
Total T: 7200 Episode Num: 24 Episode T: 300 Reward: 0.000 PseudoReward: [[-12548.255]]
Episode 24, Average Success Rate (last 10 eps): 0.40
Total T: 7500 Episode Num: 25 Episode T: 300 Reward: 0.000 PseudoReward: [[-12464.646]]
Episode 25, Average Success Rate (last 10 eps): 0.40
Total T: 7800 Episode Num: 26 Episode T: 300 Reward: 0.000 PseudoReward: [[-12712.131]]
Episode 26, Average Success Rate (last 10 eps): 0.30
Total T: 8100 Episode Num: 27 Episode T: 300 Reward: 0.000 PseudoReward: [[-12829.431]]
Episode 27, Average Success Rate (last 10 eps): 0.30
Total T: 8400 Episode Num: 28 Episode T: 300 Reward: 0.000 PseudoReward: [[-747.63605]]
Episode 28, Average Success Rate (last 10 eps): 0.30
Total T: 8700 Episode Num: 29 Episode T: 300 Reward: 0.000 PseudoReward: [[296.3879]]
Episode 29, Average Success Rate (last 10 eps): 0.30
Total T: 9000 Episode Num: 30 Episode T: 300 Reward: 283.000 PseudoReward: [[-931.6305]]
Episode 30, Average Success Rate (last 10 eps): 0.30
Total T: 9300 Episode Num: 31 Episode T: 300 Reward: 0.000 PseudoReward: [[-8961.056]]
Episode 31, Average Success Rate (last 10 eps): 0.20
Total T: 9600 Episode Num: 32 Episode T: 300 Reward: 0.000 PseudoReward: [[-11631.18]]
Episode 32, Average Success Rate (last 10 eps): 0.20
Total T: 9900 Episode Num: 33 Episode T: 300 Reward: 0.000 PseudoReward: [[-12612.008]]
Episode 33, Average Success Rate (last 10 eps): 0.10
Total T: 10200 Episode Num: 34 Episode T: 300 Reward: 0.000 PseudoReward: [[-7843.71]]
Episode 34, Average Success Rate (last 10 eps): 0.10
Total T: 10500 Episode Num: 35 Episode T: 300 Reward: 0.000 PseudoReward: [[-13060.721]]
Episode 35, Average Success Rate (last 10 eps): 0.10
Total T: 10800 Episode Num: 36 Episode T: 300 Reward: 0.000 PseudoReward: [[-865.4929]]
Episode 36, Average Success Rate (last 10 eps): 0.10
Total T: 11100 Episode Num: 37 Episode T: 300 Reward: 0.000 PseudoReward: [[-820.7154]]
Episode 37, Average Success Rate (last 10 eps): 0.10
Total T: 11400 Episode Num: 38 Episode T: 300 Reward: 77.000 PseudoReward: [[-6357.4326]]
Episode 38, Average Success Rate (last 10 eps): 0.20
Total T: 11700 Episode Num: 39 Episode T: 300 Reward: 0.000 PseudoReward: [[-13176.659]]
Episode 39, Average Success Rate (last 10 eps): 0.20
Total T: 12000 Episode Num: 40 Episode T: 300 Reward: 0.000 PseudoReward: [[-8810.523]]
Episode 40, Average Success Rate (last 10 eps): 0.10
Total T: 12300 Episode Num: 41 Episode T: 300 Reward: 0.000 PseudoReward: [[-5439.2393]]
Episode 41, Average Success Rate (last 10 eps): 0.10
Total T: 12600 Episode Num: 42 Episode T: 300 Reward: 0.000 PseudoReward: [[-7486.6514]]
Episode 42, Average Success Rate (last 10 eps): 0.10
Total T: 12900 Episode Num: 43 Episode T: 300 Reward: 251.000 PseudoReward: [[-5434.593]]
Episode 43, Average Success Rate (last 10 eps): 0.20
Total T: 13200 Episode Num: 44 Episode T: 300 Reward: 0.000 PseudoReward: [[-12940.769]]
Episode 44, Average Success Rate (last 10 eps): 0.20
Total T: 13500 Episode Num: 45 Episode T: 300 Reward: 0.000 PseudoReward: [[-12487.436]]
Episode 45, Average Success Rate (last 10 eps): 0.20
Total T: 13800 Episode Num: 46 Episode T: 300 Reward: 283.000 PseudoReward: [[-3083.7314]]
Episode 46, Average Success Rate (last 10 eps): 0.30
Total T: 14100 Episode Num: 47 Episode T: 300 Reward: 0.000 PseudoReward: [[-13760.765]]
Episode 47, Average Success Rate (last 10 eps): 0.30
Total T: 14400 Episode Num: 48 Episode T: 300 Reward: 0.000 PseudoReward: [[-440.83722]]
Episode 48, Average Success Rate (last 10 eps): 0.20
Total T: 14700 Episode Num: 49 Episode T: 300 Reward: 279.000 PseudoReward: [[-11323.534]]
Episode 49, Average Success Rate (last 10 eps): 0.30
Total T: 15000 Episode Num: 50 Episode T: 300 Reward: 97.000 PseudoReward: [[-4483.513]]
Episode 50, Average Success Rate (last 10 eps): 0.40
Total T: 15300 Episode Num: 51 Episode T: 300 Reward: 295.000 PseudoReward: [[622.6938]]
Episode 51, Average Success Rate (last 10 eps): 0.50
Total T: 15600 Episode Num: 52 Episode T: 300 Reward: 222.000 PseudoReward: [[-2749.137]]
Episode 52, Average Success Rate (last 10 eps): 0.60
Total T: 15900 Episode Num: 53 Episode T: 300 Reward: 287.000 PseudoReward: [[-7710.585]]
Episode 53, Average Success Rate (last 10 eps): 0.60
Total T: 16200 Episode Num: 54 Episode T: 300 Reward: 0.000 PseudoReward: [[-3364.897]]
Episode 54, Average Success Rate (last 10 eps): 0.60
Total T: 16500 Episode Num: 55 Episode T: 300 Reward: 284.000 PseudoReward: [[840.95966]]
Episode 55, Average Success Rate (last 10 eps): 0.70
Total T: 16800 Episode Num: 56 Episode T: 300 Reward: 0.000 PseudoReward: [[-13492.09]]
Episode 56, Average Success Rate (last 10 eps): 0.60
Total T: 17100 Episode Num: 57 Episode T: 300 Reward: 163.000 PseudoReward: [[-11558.57]]
Episode 57, Average Success Rate (last 10 eps): 0.70
Total T: 17400 Episode Num: 58 Episode T: 300 Reward: 0.000 PseudoReward: [[-4184.398]]
Episode 58, Average Success Rate (last 10 eps): 0.70
Total T: 17700 Episode Num: 59 Episode T: 300 Reward: 243.000 PseudoReward: [[-10227.012]]
Episode 59, Average Success Rate (last 10 eps): 0.70
Total T: 18000 Episode Num: 60 Episode T: 300 Reward: 294.000 PseudoReward: [[1152.8993]]
Episode 60, Average Success Rate (last 10 eps): 0.70
Total T: 18300 Episode Num: 61 Episode T: 300 Reward: 0.000 PseudoReward: [[-12327.2705]]
Episode 61, Average Success Rate (last 10 eps): 0.60
Total T: 18600 Episode Num: 62 Episode T: 300 Reward: 271.000 PseudoReward: [[-11493.916]]
Episode 62, Average Success Rate (last 10 eps): 0.60
Total T: 18900 Episode Num: 63 Episode T: 300 Reward: 0.000 PseudoReward: [[-1610.7703]]
Episode 63, Average Success Rate (last 10 eps): 0.50
Total T: 19200 Episode Num: 64 Episode T: 300 Reward: 0.000 PseudoReward: [[-11226.001]]
Episode 64, Average Success Rate (last 10 eps): 0.50
Total T: 19500 Episode Num: 65 Episode T: 300 Reward: 157.000 PseudoReward: [[1895.274]]
Episode 65, Average Success Rate (last 10 eps): 0.50
Total T: 19800 Episode Num: 66 Episode T: 300 Reward: 0.000 PseudoReward: [[-13008.342]]
Episode 66, Average Success Rate (last 10 eps): 0.50
Total T: 20100 Episode Num: 67 Episode T: 300 Reward: 0.000 PseudoReward: [[6501.976]]
Episode 67, Average Success Rate (last 10 eps): 0.40
Total T: 20400 Episode Num: 68 Episode T: 300 Reward: 273.000 PseudoReward: [[-13758.47]]
Episode 68, Average Success Rate (last 10 eps): 0.50
Total T: 20700 Episode Num: 69 Episode T: 300 Reward: 0.000 PseudoReward: [[-12704.342]]
Episode 69, Average Success Rate (last 10 eps): 0.40
Total T: 21000 Episode Num: 70 Episode T: 300 Reward: 0.000 PseudoReward: [[-13312.313]]
Episode 70, Average Success Rate (last 10 eps): 0.30
Total T: 21300 Episode Num: 71 Episode T: 300 Reward: 274.000 PseudoReward: [[-13379.325]]
Episode 71, Average Success Rate (last 10 eps): 0.40
Total T: 21600 Episode Num: 72 Episode T: 300 Reward: 0.000 PseudoReward: [[-13395.761]]
Episode 72, Average Success Rate (last 10 eps): 0.30
Total T: 21900 Episode Num: 73 Episode T: 300 Reward: 156.000 PseudoReward: [[-9982.359]]
Episode 73, Average Success Rate (last 10 eps): 0.40
Total T: 22200 Episode Num: 74 Episode T: 300 Reward: 0.000 PseudoReward: [[-4163.641]]
Episode 74, Average Success Rate (last 10 eps): 0.40
Total T: 22500 Episode Num: 75 Episode T: 300 Reward: 237.000 PseudoReward: [[-2833.7087]]
Episode 75, Average Success Rate (last 10 eps): 0.40
Total T: 22800 Episode Num: 76 Episode T: 300 Reward: 295.000 PseudoReward: [[-1420.6593]]
Episode 76, Average Success Rate (last 10 eps): 0.50
Total T: 23100 Episode Num: 77 Episode T: 300 Reward: 0.000 PseudoReward: [[-12714.499]]
Episode 77, Average Success Rate (last 10 eps): 0.50
Total T: 23400 Episode Num: 78 Episode T: 300 Reward: 138.000 PseudoReward: [[-1571.0764]]
Episode 78, Average Success Rate (last 10 eps): 0.50
Total T: 23700 Episode Num: 79 Episode T: 300 Reward: 0.000 PseudoReward: [[-12790.166]]
Episode 79, Average Success Rate (last 10 eps): 0.50
Total T: 24000 Episode Num: 80 Episode T: 300 Reward: 217.000 PseudoReward: [[-9591.194]]
Episode 80, Average Success Rate (last 10 eps): 0.60
Total T: 24300 Episode Num: 81 Episode T: 300 Reward: 0.000 PseudoReward: [[-7832.1724]]
Episode 81, Average Success Rate (last 10 eps): 0.50
Total T: 24600 Episode Num: 82 Episode T: 300 Reward: 268.000 PseudoReward: [[-2309.859]]
Episode 82, Average Success Rate (last 10 eps): 0.60
Total T: 24900 Episode Num: 83 Episode T: 300 Reward: 265.000 PseudoReward: [[-13743.8955]]
Episode 83, Average Success Rate (last 10 eps): 0.60
Total T: 25200 Episode Num: 84 Episode T: 300 Reward: 278.000 PseudoReward: [[-13720.519]]
Episode 84, Average Success Rate (last 10 eps): 0.70
Total T: 25500 Episode Num: 85 Episode T: 300 Reward: 0.000 PseudoReward: [[-10848.899]]
Episode 85, Average Success Rate (last 10 eps): 0.60
Total T: 25800 Episode Num: 86 Episode T: 300 Reward: 0.000 PseudoReward: [[-13612.263]]
Episode 86, Average Success Rate (last 10 eps): 0.50
Total T: 26100 Episode Num: 87 Episode T: 300 Reward: 280.000 PseudoReward: [[-7005.315]]
Episode 87, Average Success Rate (last 10 eps): 0.60
Total T: 26400 Episode Num: 88 Episode T: 300 Reward: 0.000 PseudoReward: [[-13405.718]]
Episode 88, Average Success Rate (last 10 eps): 0.50
Total T: 26700 Episode Num: 89 Episode T: 300 Reward: 0.000 PseudoReward: [[-13263.736]]
Episode 89, Average Success Rate (last 10 eps): 0.50
Total T: 27000 Episode Num: 90 Episode T: 300 Reward: 270.000 PseudoReward: [[-13423.965]]
Episode 90, Average Success Rate (last 10 eps): 0.50
Total T: 27300 Episode Num: 91 Episode T: 300 Reward: 297.000 PseudoReward: [[-4504.245]]
Episode 91, Average Success Rate (last 10 eps): 0.60
Total T: 27600 Episode Num: 92 Episode T: 300 Reward: 272.000 PseudoReward: [[-2164.9104]]
Episode 92, Average Success Rate (last 10 eps): 0.60
Total T: 27900 Episode Num: 93 Episode T: 300 Reward: 0.000 PseudoReward: [[-12512.466]]
Episode 93, Average Success Rate (last 10 eps): 0.50
Total T: 28200 Episode Num: 94 Episode T: 300 Reward: 0.000 PseudoReward: [[-7076.659]]
Episode 94, Average Success Rate (last 10 eps): 0.40
Total T: 28500 Episode Num: 95 Episode T: 300 Reward: 0.000 PseudoReward: [[-13788.887]]
Episode 95, Average Success Rate (last 10 eps): 0.40
Total T: 28800 Episode Num: 96 Episode T: 300 Reward: 259.000 PseudoReward: [[-6112.9517]]
Episode 96, Average Success Rate (last 10 eps): 0.50
Total T: 29100 Episode Num: 97 Episode T: 300 Reward: 284.000 PseudoReward: [[-3773.543]]
Episode 97, Average Success Rate (last 10 eps): 0.50
Total T: 29400 Episode Num: 98 Episode T: 300 Reward: 0.000 PseudoReward: [[-13815.192]]
Episode 98, Average Success Rate (last 10 eps): 0.50
Total T: 29700 Episode Num: 99 Episode T: 300 Reward: 0.000 PseudoReward: [[-5857.6875]]
Episode 99, Average Success Rate (last 10 eps): 0.50
Total T: 30000 Episode Num: 100 Episode T: 300 Reward: 0.000 PseudoReward: [[-13296.9795]]
Episode 100, Average Success Rate (last 10 eps): 0.40
Total T: 30300 Episode Num: 101 Episode T: 300 Reward: 212.000 PseudoReward: [[-13754.769]]
Episode 101, Average Success Rate (last 10 eps): 0.40
Total T: 30600 Episode Num: 102 Episode T: 300 Reward: 258.000 PseudoReward: [[-1099.8452]]
Episode 102, Average Success Rate (last 10 eps): 0.40
Total T: 30900 Episode Num: 103 Episode T: 300 Reward: 0.000 PseudoReward: [[-13118.313]]
Episode 103, Average Success Rate (last 10 eps): 0.40
Total T: 31200 Episode Num: 104 Episode T: 300 Reward: 0.000 PseudoReward: [[-13460.53]]
Episode 104, Average Success Rate (last 10 eps): 0.40
Total T: 31500 Episode Num: 105 Episode T: 300 Reward: 0.000 PseudoReward: [[-12677.511]]
Episode 105, Average Success Rate (last 10 eps): 0.40
Total T: 31800 Episode Num: 106 Episode T: 300 Reward: 275.000 PseudoReward: [[-9113.877]]
Episode 106, Average Success Rate (last 10 eps): 0.40
Total T: 32100 Episode Num: 107 Episode T: 300 Reward: 0.000 PseudoReward: [[-13678.798]]
Episode 107, Average Success Rate (last 10 eps): 0.30
Total T: 32400 Episode Num: 108 Episode T: 300 Reward: 291.000 PseudoReward: [[-8626.674]]
Episode 108, Average Success Rate (last 10 eps): 0.40
Total T: 32700 Episode Num: 109 Episode T: 300 Reward: 0.000 PseudoReward: [[-13657.477]]
Episode 109, Average Success Rate (last 10 eps): 0.40
Total T: 33000 Episode Num: 110 Episode T: 300 Reward: 286.000 PseudoReward: [[-10758.193]]
Episode 110, Average Success Rate (last 10 eps): 0.50
Total T: 33300 Episode Num: 111 Episode T: 300 Reward: 258.000 PseudoReward: [[-5067.0864]]
Episode 111, Average Success Rate (last 10 eps): 0.50
Total T: 33600 Episode Num: 112 Episode T: 300 Reward: 0.000 PseudoReward: [[-13684.217]]
Episode 112, Average Success Rate (last 10 eps): 0.40
Total T: 33900 Episode Num: 113 Episode T: 300 Reward: 0.000 PseudoReward: [[-13494.719]]
Episode 113, Average Success Rate (last 10 eps): 0.40
Total T: 34200 Episode Num: 114 Episode T: 300 Reward: 0.000 PseudoReward: [[-13521.601]]
Episode 114, Average Success Rate (last 10 eps): 0.40
Total T: 34500 Episode Num: 115 Episode T: 300 Reward: 0.000 PseudoReward: [[-13791.64]]
Episode 115, Average Success Rate (last 10 eps): 0.40
Total T: 34800 Episode Num: 116 Episode T: 300 Reward: 0.000 PseudoReward: [[-13585.236]]
Episode 116, Average Success Rate (last 10 eps): 0.30
Total T: 35100 Episode Num: 117 Episode T: 300 Reward: 0.000 PseudoReward: [[-10448.648]]
Episode 117, Average Success Rate (last 10 eps): 0.30
Total T: 35400 Episode Num: 118 Episode T: 300 Reward: 0.000 PseudoReward: [[-13505.186]]
Episode 118, Average Success Rate (last 10 eps): 0.20
Total T: 35700 Episode Num: 119 Episode T: 300 Reward: 0.000 PseudoReward: [[-13325.021]]
Episode 119, Average Success Rate (last 10 eps): 0.20
Total T: 36000 Episode Num: 120 Episode T: 300 Reward: 0.000 PseudoReward: [[-13397.264]]
Episode 120, Average Success Rate (last 10 eps): 0.10
Total T: 36300 Episode Num: 121 Episode T: 300 Reward: 0.000 PseudoReward: [[-13680.49]]
Episode 121, Average Success Rate (last 10 eps): 0.00
Total T: 36600 Episode Num: 122 Episode T: 300 Reward: 253.000 PseudoReward: [[-7069.476]]
Episode 122, Average Success Rate (last 10 eps): 0.10
Total T: 36900 Episode Num: 123 Episode T: 300 Reward: 0.000 PseudoReward: [[-13426.824]]
Episode 123, Average Success Rate (last 10 eps): 0.10
Total T: 37200 Episode Num: 124 Episode T: 300 Reward: 240.000 PseudoReward: [[-4300.9907]]
Episode 124, Average Success Rate (last 10 eps): 0.20
Total T: 37500 Episode Num: 125 Episode T: 300 Reward: 0.000 PseudoReward: [[-13344.008]]
Episode 125, Average Success Rate (last 10 eps): 0.20
Total T: 37800 Episode Num: 126 Episode T: 300 Reward: 0.000 PseudoReward: [[-13560.013]]
Episode 126, Average Success Rate (last 10 eps): 0.20
Total T: 38100 Episode Num: 127 Episode T: 300 Reward: 0.000 PseudoReward: [[-13385.385]]
Episode 127, Average Success Rate (last 10 eps): 0.20
Total T: 38400 Episode Num: 128 Episode T: 300 Reward: 0.000 PseudoReward: [[-13612.467]]
Episode 128, Average Success Rate (last 10 eps): 0.20
Total T: 38700 Episode Num: 129 Episode T: 300 Reward: 265.000 PseudoReward: [[-13035.973]]
Episode 129, Average Success Rate (last 10 eps): 0.30
Total T: 39000 Episode Num: 130 Episode T: 300 Reward: 0.000 PseudoReward: [[-12778.476]]
Episode 130, Average Success Rate (last 10 eps): 0.30
Total T: 39300 Episode Num: 131 Episode T: 300 Reward: 0.000 PseudoReward: [[-13779.354]]
Episode 131, Average Success Rate (last 10 eps): 0.30
Total T: 39600 Episode Num: 132 Episode T: 300 Reward: 0.000 PseudoReward: [[-13494.914]]
Episode 132, Average Success Rate (last 10 eps): 0.20
Total T: 39900 Episode Num: 133 Episode T: 300 Reward: 0.000 PseudoReward: [[-13137.652]]
Episode 133, Average Success Rate (last 10 eps): 0.20
Total T: 40200 Episode Num: 134 Episode T: 300 Reward: 0.000 PseudoReward: [[-13305.652]]
Episode 134, Average Success Rate (last 10 eps): 0.10
Total T: 40500 Episode Num: 135 Episode T: 300 Reward: 289.000 PseudoReward: [[-8520.415]]
Episode 135, Average Success Rate (last 10 eps): 0.20
Total T: 40800 Episode Num: 136 Episode T: 300 Reward: 276.000 PseudoReward: [[-13814.135]]
Episode 136, Average Success Rate (last 10 eps): 0.30
Total T: 41100 Episode Num: 137 Episode T: 300 Reward: 0.000 PseudoReward: [[-13611.214]]
Episode 137, Average Success Rate (last 10 eps): 0.30
Total T: 41400 Episode Num: 138 Episode T: 300 Reward: 0.000 PseudoReward: [[-13218.507]]
Episode 138, Average Success Rate (last 10 eps): 0.30
Total T: 41700 Episode Num: 139 Episode T: 300 Reward: 0.000 PseudoReward: [[-13327.44]]
Episode 139, Average Success Rate (last 10 eps): 0.20
Total T: 42000 Episode Num: 140 Episode T: 300 Reward: 274.000 PseudoReward: [[-13442.51]]
Episode 140, Average Success Rate (last 10 eps): 0.30
Total T: 42300 Episode Num: 141 Episode T: 300 Reward: 228.000 PseudoReward: [[-12143.556]]
Episode 141, Average Success Rate (last 10 eps): 0.40
Total T: 42600 Episode Num: 142 Episode T: 300 Reward: 294.000 PseudoReward: [[-13814.987]]
Episode 142, Average Success Rate (last 10 eps): 0.50
Total T: 42900 Episode Num: 143 Episode T: 300 Reward: 0.000 PseudoReward: [[-13317.303]]
Episode 143, Average Success Rate (last 10 eps): 0.50
Total T: 43200 Episode Num: 144 Episode T: 300 Reward: 0.000 PseudoReward: [[-13438.55]]
Episode 144, Average Success Rate (last 10 eps): 0.50
Total T: 43500 Episode Num: 145 Episode T: 300 Reward: 0.000 PseudoReward: [[-13718.664]]
Episode 145, Average Success Rate (last 10 eps): 0.40
Total T: 43800 Episode Num: 146 Episode T: 300 Reward: 250.000 PseudoReward: [[-12307.899]]
Episode 146, Average Success Rate (last 10 eps): 0.40
Total T: 44100 Episode Num: 147 Episode T: 300 Reward: 147.000 PseudoReward: [[-9599.395]]
Episode 147, Average Success Rate (last 10 eps): 0.50
Total T: 44400 Episode Num: 148 Episode T: 300 Reward: 251.000 PseudoReward: [[-8355.776]]
Episode 148, Average Success Rate (last 10 eps): 0.60
Total T: 44700 Episode Num: 149 Episode T: 300 Reward: 268.000 PseudoReward: [[-13423.113]]
Episode 149, Average Success Rate (last 10 eps): 0.70
Total T: 45000 Episode Num: 150 Episode T: 300 Reward: 291.000 PseudoReward: [[-13031.14]]
Episode 150, Average Success Rate (last 10 eps): 0.70
Total T: 45300 Episode Num: 151 Episode T: 300 Reward: 0.000 PseudoReward: [[-13740.545]]
Episode 151, Average Success Rate (last 10 eps): 0.60
Total T: 45600 Episode Num: 152 Episode T: 300 Reward: 250.000 PseudoReward: [[-13040.362]]
Episode 152, Average Success Rate (last 10 eps): 0.60
Total T: 45900 Episode Num: 153 Episode T: 300 Reward: 0.000 PseudoReward: [[-13799.484]]
Episode 153, Average Success Rate (last 10 eps): 0.60
Total T: 46200 Episode Num: 154 Episode T: 300 Reward: 0.000 PseudoReward: [[-13693.326]]
Episode 154, Average Success Rate (last 10 eps): 0.60
Total T: 46500 Episode Num: 155 Episode T: 300 Reward: 0.000 PseudoReward: [[-13591.253]]
Episode 155, Average Success Rate (last 10 eps): 0.60
Total T: 46800 Episode Num: 156 Episode T: 300 Reward: 0.000 PseudoReward: [[-13811.203]]
Episode 156, Average Success Rate (last 10 eps): 0.50
Total T: 47100 Episode Num: 157 Episode T: 300 Reward: 0.000 PseudoReward: [[-13339.283]]
Episode 157, Average Success Rate (last 10 eps): 0.40
Total T: 47400 Episode Num: 158 Episode T: 300 Reward: 205.000 PseudoReward: [[-9186.054]]
Episode 158, Average Success Rate (last 10 eps): 0.40
Total T: 47700 Episode Num: 159 Episode T: 300 Reward: 0.000 PseudoReward: [[-8364.143]]
Episode 159, Average Success Rate (last 10 eps): 0.30
Total T: 48000 Episode Num: 160 Episode T: 300 Reward: 0.000 PseudoReward: [[-13792.009]]
Episode 160, Average Success Rate (last 10 eps): 0.20
Total T: 48300 Episode Num: 161 Episode T: 300 Reward: 0.000 PseudoReward: [[-13798.568]]
Episode 161, Average Success Rate (last 10 eps): 0.20
Total T: 48600 Episode Num: 162 Episode T: 300 Reward: 0.000 PseudoReward: [[-13442.998]]
Episode 162, Average Success Rate (last 10 eps): 0.10
Total T: 48900 Episode Num: 163 Episode T: 300 Reward: 0.000 PseudoReward: [[-12909.379]]
Episode 163, Average Success Rate (last 10 eps): 0.10
Total T: 49200 Episode Num: 164 Episode T: 300 Reward: 0.000 PseudoReward: [[-13806.766]]
Episode 164, Average Success Rate (last 10 eps): 0.10
Total T: 49500 Episode Num: 165 Episode T: 300 Reward: 90.000 PseudoReward: [[-6283.5933]]
Episode 165, Average Success Rate (last 10 eps): 0.20
Total T: 49800 Episode Num: 166 Episode T: 300 Reward: 0.000 PseudoReward: [[-13461.395]]
Episode 166, Average Success Rate (last 10 eps): 0.20
Total T: 50100 Episode Num: 167 Episode T: 300 Reward: 0.000 PseudoReward: [[-5910.663]]
Episode 167, Average Success Rate (last 10 eps): 0.20
Total T: 50400 Episode Num: 168 Episode T: 300 Reward: 265.000 PseudoReward: [[-13770.85]]
Episode 168, Average Success Rate (last 10 eps): 0.20
Total T: 50700 Episode Num: 169 Episode T: 300 Reward: 0.000 PseudoReward: [[-13799.393]]
Episode 169, Average Success Rate (last 10 eps): 0.20
Total T: 51000 Episode Num: 170 Episode T: 300 Reward: 233.000 PseudoReward: [[-11941.85]]
Episode 170, Average Success Rate (last 10 eps): 0.30
Total T: 51300 Episode Num: 171 Episode T: 300 Reward: 0.000 PseudoReward: [[-5837.109]]
Episode 171, Average Success Rate (last 10 eps): 0.30
Total T: 51600 Episode Num: 172 Episode T: 300 Reward: 204.000 PseudoReward: [[-11615.054]]
Episode 172, Average Success Rate (last 10 eps): 0.40
Total T: 51900 Episode Num: 173 Episode T: 300 Reward: 0.000 PseudoReward: [[-13809.373]]
Episode 173, Average Success Rate (last 10 eps): 0.40
Total T: 52200 Episode Num: 174 Episode T: 300 Reward: 213.000 PseudoReward: [[-13521.69]]
Episode 174, Average Success Rate (last 10 eps): 0.50
Total T: 52500 Episode Num: 175 Episode T: 300 Reward: 0.000 PseudoReward: [[-13797.744]]
Episode 175, Average Success Rate (last 10 eps): 0.40
Total T: 52800 Episode Num: 176 Episode T: 300 Reward: 168.000 PseudoReward: [[-6121.943]]
Episode 176, Average Success Rate (last 10 eps): 0.50
Total T: 53100 Episode Num: 177 Episode T: 300 Reward: 254.000 PseudoReward: [[-13742.566]]
Episode 177, Average Success Rate (last 10 eps): 0.60
Total T: 53400 Episode Num: 178 Episode T: 300 Reward: 0.000 PseudoReward: [[-12746.119]]
Episode 178, Average Success Rate (last 10 eps): 0.50
Total T: 53700 Episode Num: 179 Episode T: 300 Reward: 0.000 PseudoReward: [[-13804.47]]
Episode 179, Average Success Rate (last 10 eps): 0.50
Total T: 54000 Episode Num: 180 Episode T: 300 Reward: 0.000 PseudoReward: [[-7647.333]]
Episode 180, Average Success Rate (last 10 eps): 0.40
Total T: 54300 Episode Num: 181 Episode T: 300 Reward: 140.000 PseudoReward: [[-10833.373]]
Episode 181, Average Success Rate (last 10 eps): 0.50
Total T: 54600 Episode Num: 182 Episode T: 300 Reward: 0.000 PseudoReward: [[-13812.563]]
Episode 182, Average Success Rate (last 10 eps): 0.40
Total T: 54900 Episode Num: 183 Episode T: 300 Reward: 273.000 PseudoReward: [[-13674.495]]
Episode 183, Average Success Rate (last 10 eps): 0.50
Total T: 55200 Episode Num: 184 Episode T: 300 Reward: 292.000 PseudoReward: [[-13813.068]]
Episode 184, Average Success Rate (last 10 eps): 0.50
Total T: 55500 Episode Num: 185 Episode T: 300 Reward: 0.000 PseudoReward: [[-13402.29]]
Episode 185, Average Success Rate (last 10 eps): 0.50
Total T: 55800 Episode Num: 186 Episode T: 300 Reward: 0.000 PseudoReward: [[-13800.461]]
Episode 186, Average Success Rate (last 10 eps): 0.40
Total T: 56100 Episode Num: 187 Episode T: 300 Reward: 0.000 PseudoReward: [[-13813.762]]
Episode 187, Average Success Rate (last 10 eps): 0.30
Total T: 56400 Episode Num: 188 Episode T: 300 Reward: 284.000 PseudoReward: [[-12910.741]]
Episode 188, Average Success Rate (last 10 eps): 0.40
Total T: 56700 Episode Num: 189 Episode T: 300 Reward: 0.000 PseudoReward: [[-11761.731]]
Episode 189, Average Success Rate (last 10 eps): 0.40
Total T: 57000 Episode Num: 190 Episode T: 300 Reward: 190.000 PseudoReward: [[-11263.89]]
Episode 190, Average Success Rate (last 10 eps): 0.50
Total T: 57300 Episode Num: 191 Episode T: 300 Reward: 0.000 PseudoReward: [[-13527.24]]
Episode 191, Average Success Rate (last 10 eps): 0.40
Total T: 57600 Episode Num: 192 Episode T: 300 Reward: 0.000 PseudoReward: [[-10958.979]]
Episode 192, Average Success Rate (last 10 eps): 0.40
Total T: 57900 Episode Num: 193 Episode T: 300 Reward: 0.000 PseudoReward: [[-10372.578]]
Episode 193, Average Success Rate (last 10 eps): 0.30
Total T: 58200 Episode Num: 194 Episode T: 300 Reward: 0.000 PseudoReward: [[-5782.948]]
Episode 194, Average Success Rate (last 10 eps): 0.20
Total T: 58500 Episode Num: 195 Episode T: 300 Reward: 204.000 PseudoReward: [[-9885.603]]
Episode 195, Average Success Rate (last 10 eps): 0.30
Total T: 58800 Episode Num: 196 Episode T: 300 Reward: 0.000 PseudoReward: [[-13710.672]]
Episode 196, Average Success Rate (last 10 eps): 0.30
Total T: 59100 Episode Num: 197 Episode T: 300 Reward: 0.000 PseudoReward: [[-13760.348]]
Episode 197, Average Success Rate (last 10 eps): 0.30
Total T: 59400 Episode Num: 198 Episode T: 300 Reward: 0.000 PseudoReward: [[-13781.446]]
Episode 198, Average Success Rate (last 10 eps): 0.20
Total T: 59700 Episode Num: 199 Episode T: 300 Reward: 0.000 PseudoReward: [[-13784.441]]
Episode 199, Average Success Rate (last 10 eps): 0.20
Total T: 60000 Episode Num: 200 Episode T: 300 Reward: 0.000 PseudoReward: [[-9351.477]]
Episode 200, Average Success Rate (last 10 eps): 0.10
Total T: 60300 Episode Num: 201 Episode T: 300 Reward: 0.000 PseudoReward: [[-13804.726]]
Episode 201, Average Success Rate (last 10 eps): 0.10
Total T: 60600 Episode Num: 202 Episode T: 300 Reward: 245.000 PseudoReward: [[-7704.7266]]
Episode 202, Average Success Rate (last 10 eps): 0.20
Total T: 60900 Episode Num: 203 Episode T: 300 Reward: 0.000 PseudoReward: [[-13633.485]]
Episode 203, Average Success Rate (last 10 eps): 0.20
Total T: 61200 Episode Num: 204 Episode T: 300 Reward: 0.000 PseudoReward: [[-13693.106]]
Episode 204, Average Success Rate (last 10 eps): 0.20
Total T: 61500 Episode Num: 205 Episode T: 300 Reward: 288.000 PseudoReward: [[-13471.199]]
Episode 205, Average Success Rate (last 10 eps): 0.20
Total T: 61800 Episode Num: 206 Episode T: 300 Reward: 104.000 PseudoReward: [[-11036.31]]
Episode 206, Average Success Rate (last 10 eps): 0.30
Total T: 62100 Episode Num: 207 Episode T: 300 Reward: 281.000 PseudoReward: [[-13795.505]]
Episode 207, Average Success Rate (last 10 eps): 0.40
Total T: 62400 Episode Num: 208 Episode T: 300 Reward: 290.000 PseudoReward: [[-13800.26]]
Episode 208, Average Success Rate (last 10 eps): 0.50
Total T: 62700 Episode Num: 209 Episode T: 300 Reward: 291.000 PseudoReward: [[-13724.024]]
Episode 209, Average Success Rate (last 10 eps): 0.60
Total T: 63000 Episode Num: 210 Episode T: 300 Reward: 0.000 PseudoReward: [[-11452.911]]
Episode 210, Average Success Rate (last 10 eps): 0.60
Total T: 63300 Episode Num: 211 Episode T: 300 Reward: 0.000 PseudoReward: [[-13485.299]]
Episode 211, Average Success Rate (last 10 eps): 0.60
Total T: 63600 Episode Num: 212 Episode T: 300 Reward: 298.000 PseudoReward: [[-11239.137]]
Episode 212, Average Success Rate (last 10 eps): 0.60
Total T: 63900 Episode Num: 213 Episode T: 300 Reward: 0.000 PseudoReward: [[-10763.268]]
Episode 213, Average Success Rate (last 10 eps): 0.60
Total T: 64200 Episode Num: 214 Episode T: 300 Reward: 141.000 PseudoReward: [[-11213.26]]
Episode 214, Average Success Rate (last 10 eps): 0.70
Total T: 64500 Episode Num: 215 Episode T: 300 Reward: 294.000 PseudoReward: [[-13764.111]]
Episode 215, Average Success Rate (last 10 eps): 0.70
Total T: 64800 Episode Num: 216 Episode T: 300 Reward: 0.000 PseudoReward: [[-13811.519]]
Episode 216, Average Success Rate (last 10 eps): 0.60
Total T: 65100 Episode Num: 217 Episode T: 300 Reward: 246.000 PseudoReward: [[-13733.53]]
Episode 217, Average Success Rate (last 10 eps): 0.60
Total T: 65400 Episode Num: 218 Episode T: 300 Reward: 0.000 PseudoReward: [[-13802.093]]
Episode 218, Average Success Rate (last 10 eps): 0.50
Total T: 65700 Episode Num: 219 Episode T: 300 Reward: 0.000 PseudoReward: [[-13762.35]]
Episode 219, Average Success Rate (last 10 eps): 0.40
Total T: 66000 Episode Num: 220 Episode T: 300 Reward: 0.000 PseudoReward: [[-13803.736]]
Episode 220, Average Success Rate (last 10 eps): 0.40
Total T: 66300 Episode Num: 221 Episode T: 300 Reward: 0.000 PseudoReward: [[-13339.996]]
Episode 221, Average Success Rate (last 10 eps): 0.40
Total T: 66600 Episode Num: 222 Episode T: 300 Reward: 293.000 PseudoReward: [[-13810.274]]
Episode 222, Average Success Rate (last 10 eps): 0.40
Total T: 66900 Episode Num: 223 Episode T: 300 Reward: 0.000 PseudoReward: [[-13770.399]]
Episode 223, Average Success Rate (last 10 eps): 0.40
Total T: 67200 Episode Num: 224 Episode T: 300 Reward: 240.000 PseudoReward: [[-8839.565]]
Episode 224, Average Success Rate (last 10 eps): 0.40
Total T: 67500 Episode Num: 225 Episode T: 300 Reward: 214.000 PseudoReward: [[-13442.416]]
Episode 225, Average Success Rate (last 10 eps): 0.40
Total T: 67800 Episode Num: 226 Episode T: 300 Reward: 0.000 PseudoReward: [[-10264.604]]
Episode 226, Average Success Rate (last 10 eps): 0.40
Total T: 68100 Episode Num: 227 Episode T: 300 Reward: 231.000 PseudoReward: [[-7473.6816]]
Episode 227, Average Success Rate (last 10 eps): 0.40
Total T: 68400 Episode Num: 228 Episode T: 300 Reward: 82.000 PseudoReward: [[-10929.317]]
Episode 228, Average Success Rate (last 10 eps): 0.50
Total T: 68700 Episode Num: 229 Episode T: 300 Reward: 136.000 PseudoReward: [[-11985.866]]
Episode 229, Average Success Rate (last 10 eps): 0.60
Total T: 69000 Episode Num: 230 Episode T: 300 Reward: 0.000 PseudoReward: [[-9366.809]]
Episode 230, Average Success Rate (last 10 eps): 0.60
Total T: 69300 Episode Num: 231 Episode T: 300 Reward: 0.000 PseudoReward: [[-13798.758]]
Episode 231, Average Success Rate (last 10 eps): 0.60
Total T: 69600 Episode Num: 232 Episode T: 300 Reward: 0.000 PseudoReward: [[-13691.871]]
Episode 232, Average Success Rate (last 10 eps): 0.50
Total T: 69900 Episode Num: 233 Episode T: 300 Reward: 0.000 PseudoReward: [[-13807.325]]
Episode 233, Average Success Rate (last 10 eps): 0.50
Total T: 70200 Episode Num: 234 Episode T: 300 Reward: 0.000 PseudoReward: [[-13788.454]]
Episode 234, Average Success Rate (last 10 eps): 0.40
Total T: 70500 Episode Num: 235 Episode T: 300 Reward: 0.000 PseudoReward: [[-13668.327]]
Episode 235, Average Success Rate (last 10 eps): 0.30
Total T: 70800 Episode Num: 236 Episode T: 300 Reward: 0.000 PseudoReward: [[-13428.098]]
Episode 236, Average Success Rate (last 10 eps): 0.30
Total T: 71100 Episode Num: 237 Episode T: 300 Reward: 0.000 PseudoReward: [[-13661.268]]
Episode 237, Average Success Rate (last 10 eps): 0.20
Total T: 71400 Episode Num: 238 Episode T: 300 Reward: 0.000 PseudoReward: [[-13740.117]]
Episode 238, Average Success Rate (last 10 eps): 0.10
Total T: 71700 Episode Num: 239 Episode T: 300 Reward: 0.000 PseudoReward: [[-10508.526]]
Episode 239, Average Success Rate (last 10 eps): 0.00
Total T: 72000 Episode Num: 240 Episode T: 300 Reward: 0.000 PseudoReward: [[-13810.505]]
Episode 240, Average Success Rate (last 10 eps): 0.00
Total T: 72300 Episode Num: 241 Episode T: 300 Reward: 236.000 PseudoReward: [[-8821.984]]
Episode 241, Average Success Rate (last 10 eps): 0.10
Total T: 72600 Episode Num: 242 Episode T: 300 Reward: 0.000 PseudoReward: [[-13794.053]]
Episode 242, Average Success Rate (last 10 eps): 0.10
Total T: 72900 Episode Num: 243 Episode T: 300 Reward: 0.000 PseudoReward: [[-13768.335]]
Episode 243, Average Success Rate (last 10 eps): 0.10
Total T: 73200 Episode Num: 244 Episode T: 300 Reward: 253.000 PseudoReward: [[-13750.463]]
Episode 244, Average Success Rate (last 10 eps): 0.20
Total T: 73500 Episode Num: 245 Episode T: 300 Reward: 0.000 PseudoReward: [[-10712.337]]
Episode 245, Average Success Rate (last 10 eps): 0.20
Total T: 73800 Episode Num: 246 Episode T: 300 Reward: 0.000 PseudoReward: [[-13330.19]]
Episode 246, Average Success Rate (last 10 eps): 0.20
Total T: 74100 Episode Num: 247 Episode T: 300 Reward: 0.000 PseudoReward: [[-13808.653]]
Episode 247, Average Success Rate (last 10 eps): 0.20
Total T: 74400 Episode Num: 248 Episode T: 300 Reward: 286.000 PseudoReward: [[-13652.997]]
Episode 248, Average Success Rate (last 10 eps): 0.30
Total T: 74700 Episode Num: 249 Episode T: 300 Reward: 0.000 PseudoReward: [[-12767.398]]
Episode 249, Average Success Rate (last 10 eps): 0.30
Total T: 75000 Episode Num: 250 Episode T: 300 Reward: 239.000 PseudoReward: [[-8907.165]]
Episode 250, Average Success Rate (last 10 eps): 0.40
Total T: 75300 Episode Num: 251 Episode T: 300 Reward: 0.000 PseudoReward: [[-13792.908]]
Episode 251, Average Success Rate (last 10 eps): 0.30
Total T: 75600 Episode Num: 252 Episode T: 300 Reward: 0.000 PseudoReward: [[-13810.805]]
Episode 252, Average Success Rate (last 10 eps): 0.30
Total T: 75900 Episode Num: 253 Episode T: 300 Reward: 128.000 PseudoReward: [[-11741.698]]
Episode 253, Average Success Rate (last 10 eps): 0.40
Total T: 76200 Episode Num: 254 Episode T: 300 Reward: 0.000 PseudoReward: [[-13775.132]]
Episode 254, Average Success Rate (last 10 eps): 0.30
Total T: 76500 Episode Num: 255 Episode T: 300 Reward: 248.000 PseudoReward: [[-12755.997]]
Episode 255, Average Success Rate (last 10 eps): 0.40
Total T: 76800 Episode Num: 256 Episode T: 300 Reward: 0.000 PseudoReward: [[-13808.72]]
Episode 256, Average Success Rate (last 10 eps): 0.40
Total T: 77100 Episode Num: 257 Episode T: 300 Reward: 274.000 PseudoReward: [[-13514.628]]
Episode 257, Average Success Rate (last 10 eps): 0.50
Total T: 77400 Episode Num: 258 Episode T: 300 Reward: 67.000 PseudoReward: [[-12528.344]]
Episode 258, Average Success Rate (last 10 eps): 0.50
Total T: 77700 Episode Num: 259 Episode T: 300 Reward: 274.000 PseudoReward: [[-11801.628]]
Episode 259, Average Success Rate (last 10 eps): 0.60
Total T: 78000 Episode Num: 260 Episode T: 300 Reward: 0.000 PseudoReward: [[-13508.561]]
Episode 260, Average Success Rate (last 10 eps): 0.50
Total T: 78300 Episode Num: 261 Episode T: 300 Reward: 0.000 PseudoReward: [[-13484.759]]
Episode 261, Average Success Rate (last 10 eps): 0.50
Total T: 78600 Episode Num: 262 Episode T: 300 Reward: 0.000 PseudoReward: [[-13797.499]]
Episode 262, Average Success Rate (last 10 eps): 0.50
Total T: 78900 Episode Num: 263 Episode T: 300 Reward: 93.000 PseudoReward: [[-12681.833]]
Episode 263, Average Success Rate (last 10 eps): 0.50
Total T: 79200 Episode Num: 264 Episode T: 300 Reward: 0.000 PseudoReward: [[-13104.528]]
Episode 264, Average Success Rate (last 10 eps): 0.50
Total T: 79500 Episode Num: 265 Episode T: 300 Reward: 262.000 PseudoReward: [[-13814.056]]
Episode 265, Average Success Rate (last 10 eps): 0.50
Total T: 79800 Episode Num: 266 Episode T: 300 Reward: 0.000 PseudoReward: [[-13497.02]]
Episode 266, Average Success Rate (last 10 eps): 0.50
Total T: 80100 Episode Num: 267 Episode T: 300 Reward: 276.000 PseudoReward: [[-9356.017]]
Episode 267, Average Success Rate (last 10 eps): 0.50
Total T: 80400 Episode Num: 268 Episode T: 300 Reward: 0.000 PseudoReward: [[-13804.946]]
Episode 268, Average Success Rate (last 10 eps): 0.40
Total T: 80700 Episode Num: 269 Episode T: 300 Reward: 290.000 PseudoReward: [[-13734.081]]
Episode 269, Average Success Rate (last 10 eps): 0.40
Total T: 81000 Episode Num: 270 Episode T: 300 Reward: 255.000 PseudoReward: [[-10754.726]]
Episode 270, Average Success Rate (last 10 eps): 0.50
Total T: 81300 Episode Num: 271 Episode T: 300 Reward: 278.000 PseudoReward: [[-13613.149]]
Episode 271, Average Success Rate (last 10 eps): 0.60
Total T: 81600 Episode Num: 272 Episode T: 300 Reward: 173.000 PseudoReward: [[-10991.551]]
Episode 272, Average Success Rate (last 10 eps): 0.70
Total T: 81900 Episode Num: 273 Episode T: 300 Reward: 112.000 PseudoReward: [[-12066.175]]
Episode 273, Average Success Rate (last 10 eps): 0.70
Total T: 82200 Episode Num: 274 Episode T: 300 Reward: 0.000 PseudoReward: [[-13773.831]]
Episode 274, Average Success Rate (last 10 eps): 0.70
Total T: 82500 Episode Num: 275 Episode T: 300 Reward: 0.000 PseudoReward: [[-13594.789]]
Episode 275, Average Success Rate (last 10 eps): 0.60
Total T: 82800 Episode Num: 276 Episode T: 300 Reward: 256.000 PseudoReward: [[-13211.24]]
Episode 276, Average Success Rate (last 10 eps): 0.70
Total T: 83100 Episode Num: 277 Episode T: 300 Reward: 294.000 PseudoReward: [[-13809.079]]
Episode 277, Average Success Rate (last 10 eps): 0.70
Total T: 83400 Episode Num: 278 Episode T: 300 Reward: 209.000 PseudoReward: [[-11004.388]]
Episode 278, Average Success Rate (last 10 eps): 0.80
Total T: 83700 Episode Num: 279 Episode T: 300 Reward: 264.000 PseudoReward: [[-12503.839]]
Episode 279, Average Success Rate (last 10 eps): 0.80
Total T: 84000 Episode Num: 280 Episode T: 300 Reward: 0.000 PseudoReward: [[-13763.017]]
Episode 280, Average Success Rate (last 10 eps): 0.70
Total T: 84300 Episode Num: 281 Episode T: 300 Reward: 0.000 PseudoReward: [[-13690.023]]
Episode 281, Average Success Rate (last 10 eps): 0.60
Total T: 84600 Episode Num: 282 Episode T: 300 Reward: 0.000 PseudoReward: [[-11596.331]]
Episode 282, Average Success Rate (last 10 eps): 0.50
Total T: 84900 Episode Num: 283 Episode T: 300 Reward: 288.000 PseudoReward: [[-8724.795]]
Episode 283, Average Success Rate (last 10 eps): 0.50
Total T: 85200 Episode Num: 284 Episode T: 300 Reward: 0.000 PseudoReward: [[-12457.192]]
Episode 284, Average Success Rate (last 10 eps): 0.50
Total T: 85500 Episode Num: 285 Episode T: 300 Reward: 283.000 PseudoReward: [[-13778.022]]
