/home/xlx9645/miniconda3/envs/maze/lib/python3.9/site-packages/gymnasium/envs/registration.py:642: UserWarning: [33mWARN: Overriding environment TrapMazeEnv already in registry.[0m
  logger.warn(f"Overriding environment {new_spec.id} already in registry.")
wandb: Using wandb-core as the SDK backend.  Please refer to https://wandb.me/wandb-core for more information.
wandb: Currently logged in as: yuxuanli2023 (yuxuanli2023-northwestern-university). Use `wandb login --relogin` to force relogin
wandb: Tracking run with wandb version 0.19.1
wandb: Run data is saved locally in /home/xlx9645/failed/Maze/update_baselines/wandb/run-20250107_194956-qnzkqnaq
wandb: Run `wandb offline` to turn off syncing.
wandb: Syncing run SASR_start0
wandb: ⭐️ View project at https://wandb.ai/yuxuanli2023-northwestern-university/Main_Umaze
wandb: 🚀 View run at https://wandb.ai/yuxuanli2023-northwestern-university/Main_Umaze/runs/qnzkqnaq
/home/xlx9645/miniconda3/envs/maze/lib/python3.9/site-packages/gymnasium/spaces/box.py:235: UserWarning: [33mWARN: Box low's precision lowered by casting to float32, current low.dtype=float64[0m
  gym.logger.warn(
/home/xlx9645/miniconda3/envs/maze/lib/python3.9/site-packages/gymnasium/spaces/box.py:305: UserWarning: [33mWARN: Box high's precision lowered by casting to float32, current high.dtype=float64[0m
  gym.logger.warn(
/home/xlx9645/miniconda3/envs/maze/lib/python3.9/site-packages/torch/optim/lr_scheduler.py:224: UserWarning: Detected call of `lr_scheduler.step()` before `optimizer.step()`. In PyTorch 1.1.0 and later, you should call them in the opposite order: `optimizer.step()` before `lr_scheduler.step()`.  Failure to do this will result in PyTorch skipping the first value of the learning rate schedule. See more details at https://pytorch.org/docs/stable/optim.html#how-to-adjust-learning-rate
  warnings.warn(
Total T: 300 Episode Num: 1 Episode T: 300 Reward: 285.000 PseudoReward: [114.40061075]
Episode 1, Average Success Rate (last 10 eps): 1.00
Total T: 600 Episode Num: 2 Episode T: 300 Reward: 0.000 PseudoReward: [89.81999906]
Episode 2, Average Success Rate (last 10 eps): 0.50
Total T: 900 Episode Num: 3 Episode T: 300 Reward: 0.000 PseudoReward: [85.97356307]
Episode 3, Average Success Rate (last 10 eps): 0.33
Total T: 1200 Episode Num: 4 Episode T: 300 Reward: 245.000 PseudoReward: [188.61327453]
Episode 4, Average Success Rate (last 10 eps): 0.50
Total T: 1500 Episode Num: 5 Episode T: 300 Reward: 0.000 PseudoReward: [92.59071461]
Episode 5, Average Success Rate (last 10 eps): 0.40
Total T: 1800 Episode Num: 6 Episode T: 300 Reward: 0.000 PseudoReward: [47.18732603]
Episode 6, Average Success Rate (last 10 eps): 0.33
Total T: 2100 Episode Num: 7 Episode T: 300 Reward: 260.000 PseudoReward: [105.88445845]
Episode 7, Average Success Rate (last 10 eps): 0.43
Total T: 2400 Episode Num: 8 Episode T: 300 Reward: 282.000 PseudoReward: [204.94697343]
Episode 8, Average Success Rate (last 10 eps): 0.50
Total T: 2700 Episode Num: 9 Episode T: 300 Reward: 0.000 PseudoReward: [89.62286378]
Episode 9, Average Success Rate (last 10 eps): 0.44
Total T: 3000 Episode Num: 10 Episode T: 300 Reward: 290.000 PseudoReward: [208.27173251]
Episode 10, Average Success Rate (last 10 eps): 0.50
Total T: 3300 Episode Num: 11 Episode T: 300 Reward: 0.000 PseudoReward: [89.00369213]
Episode 11, Average Success Rate (last 10 eps): 0.40
Total T: 3600 Episode Num: 12 Episode T: 300 Reward: 0.000 PseudoReward: [93.34296298]
Episode 12, Average Success Rate (last 10 eps): 0.40
Total T: 3900 Episode Num: 13 Episode T: 300 Reward: 0.000 PseudoReward: [91.51878632]
Episode 13, Average Success Rate (last 10 eps): 0.40
Total T: 4200 Episode Num: 14 Episode T: 300 Reward: 273.000 PseudoReward: [141.74348969]
Episode 14, Average Success Rate (last 10 eps): 0.40
Total T: 4500 Episode Num: 15 Episode T: 300 Reward: 0.000 PseudoReward: [43.22847247]
Episode 15, Average Success Rate (last 10 eps): 0.40
Total T: 4800 Episode Num: 16 Episode T: 300 Reward: 0.000 PseudoReward: [98.96986375]
Episode 16, Average Success Rate (last 10 eps): 0.40
Total T: 5100 Episode Num: 17 Episode T: 300 Reward: 294.000 PseudoReward: [207.7767962]
Episode 17, Average Success Rate (last 10 eps): 0.40
Total T: 5400 Episode Num: 18 Episode T: 300 Reward: 258.000 PseudoReward: [269.6195939]
Episode 18, Average Success Rate (last 10 eps): 0.40
Total T: 5700 Episode Num: 19 Episode T: 300 Reward: 292.000 PseudoReward: [289.35238641]
Episode 19, Average Success Rate (last 10 eps): 0.50
Total T: 6000 Episode Num: 20 Episode T: 300 Reward: 236.000 PseudoReward: [236.38956633]
Episode 20, Average Success Rate (last 10 eps): 0.50
Total T: 6300 Episode Num: 21 Episode T: 300 Reward: 0.000 PseudoReward: [89.900419]
Episode 21, Average Success Rate (last 10 eps): 0.50
Total T: 6600 Episode Num: 22 Episode T: 300 Reward: 169.000 PseudoReward: [158.80868213]
Episode 22, Average Success Rate (last 10 eps): 0.60
Total T: 6900 Episode Num: 23 Episode T: 300 Reward: 0.000 PseudoReward: [91.76485343]
Episode 23, Average Success Rate (last 10 eps): 0.60
Total T: 7200 Episode Num: 24 Episode T: 300 Reward: 0.000 PseudoReward: [89.40673387]
Episode 24, Average Success Rate (last 10 eps): 0.50
Total T: 7500 Episode Num: 25 Episode T: 300 Reward: 0.000 PseudoReward: [91.43894069]
Episode 25, Average Success Rate (last 10 eps): 0.50
Total T: 7800 Episode Num: 26 Episode T: 300 Reward: 275.000 PseudoReward: [267.49514844]
Episode 26, Average Success Rate (last 10 eps): 0.60
Total T: 8100 Episode Num: 27 Episode T: 300 Reward: 294.000 PseudoReward: [117.89769812]
Episode 27, Average Success Rate (last 10 eps): 0.60
Total T: 8400 Episode Num: 28 Episode T: 300 Reward: 238.000 PseudoReward: [186.33772966]
Episode 28, Average Success Rate (last 10 eps): 0.60
Total T: 8700 Episode Num: 29 Episode T: 300 Reward: 104.000 PseudoReward: [142.44224457]
Episode 29, Average Success Rate (last 10 eps): 0.60
Total T: 9000 Episode Num: 30 Episode T: 300 Reward: 87.000 PseudoReward: [132.61126173]
Episode 30, Average Success Rate (last 10 eps): 0.60
Total T: 9300 Episode Num: 31 Episode T: 300 Reward: 290.000 PseudoReward: [206.00101879]
Episode 31, Average Success Rate (last 10 eps): 0.70
Total T: 9600 Episode Num: 32 Episode T: 300 Reward: 241.000 PseudoReward: [199.32091283]
Episode 32, Average Success Rate (last 10 eps): 0.70
Total T: 9900 Episode Num: 33 Episode T: 300 Reward: 243.000 PseudoReward: [211.92451093]
Episode 33, Average Success Rate (last 10 eps): 0.80
Total T: 10200 Episode Num: 34 Episode T: 300 Reward: 0.000 PseudoReward: [89.57504447]
Episode 34, Average Success Rate (last 10 eps): 0.80
Total T: 10500 Episode Num: 35 Episode T: 300 Reward: 0.000 PseudoReward: [89.22417728]
Episode 35, Average Success Rate (last 10 eps): 0.80
Total T: 10800 Episode Num: 36 Episode T: 300 Reward: 259.000 PseudoReward: [196.44933583]
Episode 36, Average Success Rate (last 10 eps): 0.80
Total T: 11100 Episode Num: 37 Episode T: 300 Reward: 283.000 PseudoReward: [203.19996376]
Episode 37, Average Success Rate (last 10 eps): 0.80
Total T: 11400 Episode Num: 38 Episode T: 300 Reward: 260.000 PseudoReward: [196.17932692]
Episode 38, Average Success Rate (last 10 eps): 0.80
Total T: 11700 Episode Num: 39 Episode T: 300 Reward: 270.000 PseudoReward: [280.00234697]
Episode 39, Average Success Rate (last 10 eps): 0.80
Total T: 12000 Episode Num: 40 Episode T: 300 Reward: 94.000 PseudoReward: [81.94963711]
Episode 40, Average Success Rate (last 10 eps): 0.80
Total T: 12300 Episode Num: 41 Episode T: 300 Reward: 269.000 PseudoReward: [283.02528592]
Episode 41, Average Success Rate (last 10 eps): 0.80
Total T: 12600 Episode Num: 42 Episode T: 300 Reward: 275.000 PseudoReward: [239.48056]
Episode 42, Average Success Rate (last 10 eps): 0.80
Total T: 12900 Episode Num: 43 Episode T: 300 Reward: 249.000 PseudoReward: [271.87087064]
Episode 43, Average Success Rate (last 10 eps): 0.80
Total T: 13200 Episode Num: 44 Episode T: 300 Reward: 271.000 PseudoReward: [271.31095742]
Episode 44, Average Success Rate (last 10 eps): 0.90
Total T: 13500 Episode Num: 45 Episode T: 300 Reward: 288.000 PseudoReward: [206.16260389]
Episode 45, Average Success Rate (last 10 eps): 1.00
Total T: 13800 Episode Num: 46 Episode T: 300 Reward: 261.000 PseudoReward: [215.33384843]
Episode 46, Average Success Rate (last 10 eps): 1.00
Total T: 14100 Episode Num: 47 Episode T: 300 Reward: 87.000 PseudoReward: [84.31053262]
Episode 47, Average Success Rate (last 10 eps): 1.00
Total T: 14400 Episode Num: 48 Episode T: 300 Reward: 281.000 PseudoReward: [288.38890271]
Episode 48, Average Success Rate (last 10 eps): 1.00
Total T: 14700 Episode Num: 49 Episode T: 300 Reward: 239.000 PseudoReward: [266.65265428]
Episode 49, Average Success Rate (last 10 eps): 1.00
Total T: 15000 Episode Num: 50 Episode T: 300 Reward: 0.000 PseudoReward: [89.68364306]
Episode 50, Average Success Rate (last 10 eps): 0.90
Total T: 15300 Episode Num: 51 Episode T: 300 Reward: 255.000 PseudoReward: [277.87166073]
Episode 51, Average Success Rate (last 10 eps): 0.90
Total T: 15600 Episode Num: 52 Episode T: 300 Reward: 269.000 PseudoReward: [264.86343443]
Episode 52, Average Success Rate (last 10 eps): 0.90
Total T: 15900 Episode Num: 53 Episode T: 300 Reward: 215.000 PseudoReward: [248.79662023]
Episode 53, Average Success Rate (last 10 eps): 0.90
Total T: 16200 Episode Num: 54 Episode T: 300 Reward: 295.000 PseudoReward: [222.06540686]
Episode 54, Average Success Rate (last 10 eps): 0.90
Total T: 16500 Episode Num: 55 Episode T: 300 Reward: 241.000 PseudoReward: [266.94814329]
Episode 55, Average Success Rate (last 10 eps): 0.90
Total T: 16800 Episode Num: 56 Episode T: 300 Reward: 275.000 PseudoReward: [200.84215822]
Episode 56, Average Success Rate (last 10 eps): 0.90
Total T: 17100 Episode Num: 57 Episode T: 300 Reward: 266.000 PseudoReward: [118.71868752]
Episode 57, Average Success Rate (last 10 eps): 0.90
Total T: 17400 Episode Num: 58 Episode T: 300 Reward: 199.000 PseudoReward: [109.49188195]
Episode 58, Average Success Rate (last 10 eps): 0.90
Total T: 17700 Episode Num: 59 Episode T: 300 Reward: 0.000 PseudoReward: [93.20624651]
Episode 59, Average Success Rate (last 10 eps): 0.80
Total T: 18000 Episode Num: 60 Episode T: 300 Reward: 0.000 PseudoReward: [90.64345961]
Episode 60, Average Success Rate (last 10 eps): 0.80
Total T: 18300 Episode Num: 61 Episode T: 300 Reward: 228.000 PseudoReward: [188.73449776]
Episode 61, Average Success Rate (last 10 eps): 0.80
Total T: 18600 Episode Num: 62 Episode T: 300 Reward: 0.000 PseudoReward: [116.99858746]
Episode 62, Average Success Rate (last 10 eps): 0.70
Total T: 18900 Episode Num: 63 Episode T: 300 Reward: 50.000 PseudoReward: [126.93170496]
Episode 63, Average Success Rate (last 10 eps): 0.70
Total T: 19200 Episode Num: 64 Episode T: 300 Reward: 261.000 PseudoReward: [197.38413033]
Episode 64, Average Success Rate (last 10 eps): 0.70
Total T: 19500 Episode Num: 65 Episode T: 300 Reward: 0.000 PseudoReward: [91.33926735]
Episode 65, Average Success Rate (last 10 eps): 0.60
Total T: 19800 Episode Num: 66 Episode T: 300 Reward: 298.000 PseudoReward: [209.20613272]
Episode 66, Average Success Rate (last 10 eps): 0.60
Total T: 20100 Episode Num: 67 Episode T: 300 Reward: 239.000 PseudoReward: [188.75490439]
Episode 67, Average Success Rate (last 10 eps): 0.60
Total T: 20400 Episode Num: 68 Episode T: 300 Reward: 0.000 PseudoReward: [104.87774193]
Episode 68, Average Success Rate (last 10 eps): 0.50
Total T: 20700 Episode Num: 69 Episode T: 300 Reward: 275.000 PseudoReward: [282.1685691]
Episode 69, Average Success Rate (last 10 eps): 0.60
Total T: 21000 Episode Num: 70 Episode T: 300 Reward: 0.000 PseudoReward: [103.26154256]
Episode 70, Average Success Rate (last 10 eps): 0.60
Total T: 21300 Episode Num: 71 Episode T: 300 Reward: 286.000 PseudoReward: [205.03175877]
Episode 71, Average Success Rate (last 10 eps): 0.60
Total T: 21600 Episode Num: 72 Episode T: 300 Reward: 285.000 PseudoReward: [206.19873585]
Episode 72, Average Success Rate (last 10 eps): 0.70
Total T: 21900 Episode Num: 73 Episode T: 300 Reward: 256.000 PseudoReward: [276.22967641]
Episode 73, Average Success Rate (last 10 eps): 0.70
Total T: 22200 Episode Num: 74 Episode T: 300 Reward: 291.000 PseudoReward: [295.8416728]
Episode 74, Average Success Rate (last 10 eps): 0.70
Total T: 22500 Episode Num: 75 Episode T: 300 Reward: 265.000 PseudoReward: [197.77771811]
Episode 75, Average Success Rate (last 10 eps): 0.80
Total T: 22800 Episode Num: 76 Episode T: 300 Reward: 292.000 PseudoReward: [183.68481471]
Episode 76, Average Success Rate (last 10 eps): 0.80
Total T: 23100 Episode Num: 77 Episode T: 300 Reward: 287.000 PseudoReward: [204.51130392]
Episode 77, Average Success Rate (last 10 eps): 0.80
Total T: 23400 Episode Num: 78 Episode T: 300 Reward: 284.000 PseudoReward: [287.75150286]
Episode 78, Average Success Rate (last 10 eps): 0.90
Total T: 23700 Episode Num: 79 Episode T: 300 Reward: 244.000 PseudoReward: [265.09474332]
Episode 79, Average Success Rate (last 10 eps): 0.90
Total T: 24000 Episode Num: 80 Episode T: 300 Reward: 275.000 PseudoReward: [205.07478771]
Episode 80, Average Success Rate (last 10 eps): 1.00
Total T: 24300 Episode Num: 81 Episode T: 300 Reward: 288.000 PseudoReward: [204.07455044]
Episode 81, Average Success Rate (last 10 eps): 1.00
Total T: 24600 Episode Num: 82 Episode T: 300 Reward: 283.000 PseudoReward: [290.23908833]
Episode 82, Average Success Rate (last 10 eps): 1.00
Total T: 24900 Episode Num: 83 Episode T: 300 Reward: 0.000 PseudoReward: [95.10006521]
Episode 83, Average Success Rate (last 10 eps): 0.90
Total T: 25200 Episode Num: 84 Episode T: 300 Reward: 267.000 PseudoReward: [280.27634036]
Episode 84, Average Success Rate (last 10 eps): 0.90
Total T: 25500 Episode Num: 85 Episode T: 300 Reward: 248.000 PseudoReward: [267.94957024]
Episode 85, Average Success Rate (last 10 eps): 0.90
Total T: 25800 Episode Num: 86 Episode T: 300 Reward: 285.000 PseudoReward: [285.90182143]
Episode 86, Average Success Rate (last 10 eps): 0.90
Total T: 26100 Episode Num: 87 Episode T: 300 Reward: 250.000 PseudoReward: [268.98725319]
Episode 87, Average Success Rate (last 10 eps): 0.90
Total T: 26400 Episode Num: 88 Episode T: 300 Reward: 264.000 PseudoReward: [191.41684322]
Episode 88, Average Success Rate (last 10 eps): 0.90
Total T: 26700 Episode Num: 89 Episode T: 300 Reward: 0.000 PseudoReward: [91.3321179]
Episode 89, Average Success Rate (last 10 eps): 0.80
Total T: 27000 Episode Num: 90 Episode T: 300 Reward: 0.000 PseudoReward: [127.98354221]
Episode 90, Average Success Rate (last 10 eps): 0.70
Total T: 27300 Episode Num: 91 Episode T: 300 Reward: 293.000 PseudoReward: [207.79626185]
Episode 91, Average Success Rate (last 10 eps): 0.70
Total T: 27600 Episode Num: 92 Episode T: 300 Reward: 0.000 PseudoReward: [97.08300053]
Episode 92, Average Success Rate (last 10 eps): 0.60
Total T: 27900 Episode Num: 93 Episode T: 300 Reward: 0.000 PseudoReward: [110.27401824]
Episode 93, Average Success Rate (last 10 eps): 0.60
Total T: 28200 Episode Num: 94 Episode T: 300 Reward: 0.000 PseudoReward: [92.3245363]
Episode 94, Average Success Rate (last 10 eps): 0.50
Total T: 28500 Episode Num: 95 Episode T: 300 Reward: 276.000 PseudoReward: [203.49088791]
Episode 95, Average Success Rate (last 10 eps): 0.50
Total T: 28800 Episode Num: 96 Episode T: 300 Reward: 271.000 PseudoReward: [283.76650002]
Episode 96, Average Success Rate (last 10 eps): 0.50
Total T: 29100 Episode Num: 97 Episode T: 300 Reward: 281.000 PseudoReward: [269.20636801]
Episode 97, Average Success Rate (last 10 eps): 0.50
Total T: 29400 Episode Num: 98 Episode T: 300 Reward: 275.000 PseudoReward: [274.25653045]
Episode 98, Average Success Rate (last 10 eps): 0.50
Total T: 29700 Episode Num: 99 Episode T: 300 Reward: 270.000 PseudoReward: [273.88532345]
Episode 99, Average Success Rate (last 10 eps): 0.60
Total T: 30000 Episode Num: 100 Episode T: 300 Reward: 285.000 PseudoReward: [293.01076619]
Episode 100, Average Success Rate (last 10 eps): 0.70
Total T: 30300 Episode Num: 101 Episode T: 300 Reward: 294.000 PseudoReward: [295.08571826]
Episode 101, Average Success Rate (last 10 eps): 0.70
Total T: 30600 Episode Num: 102 Episode T: 300 Reward: 299.000 PseudoReward: [201.06869169]
Episode 102, Average Success Rate (last 10 eps): 0.80
Total T: 30900 Episode Num: 103 Episode T: 300 Reward: 288.000 PseudoReward: [205.14141755]
Episode 103, Average Success Rate (last 10 eps): 0.90
Total T: 31200 Episode Num: 104 Episode T: 300 Reward: 293.000 PseudoReward: [132.52311577]
Episode 104, Average Success Rate (last 10 eps): 1.00
Total T: 31500 Episode Num: 105 Episode T: 300 Reward: 0.000 PseudoReward: [113.79525214]
Episode 105, Average Success Rate (last 10 eps): 0.90
Total T: 31800 Episode Num: 106 Episode T: 300 Reward: 0.000 PseudoReward: [101.12057195]
Episode 106, Average Success Rate (last 10 eps): 0.80
Total T: 32100 Episode Num: 107 Episode T: 300 Reward: 285.000 PseudoReward: [205.64607677]
Episode 107, Average Success Rate (last 10 eps): 0.80
Total T: 32400 Episode Num: 108 Episode T: 300 Reward: 273.000 PseudoReward: [199.00510799]
Episode 108, Average Success Rate (last 10 eps): 0.80
Total T: 32700 Episode Num: 109 Episode T: 300 Reward: 293.000 PseudoReward: [297.19738548]
Episode 109, Average Success Rate (last 10 eps): 0.80
Total T: 33000 Episode Num: 110 Episode T: 300 Reward: 288.000 PseudoReward: [231.17100723]
Episode 110, Average Success Rate (last 10 eps): 0.80
Total T: 33300 Episode Num: 111 Episode T: 300 Reward: 253.000 PseudoReward: [195.91915627]
Episode 111, Average Success Rate (last 10 eps): 0.80
Total T: 33600 Episode Num: 112 Episode T: 300 Reward: 290.000 PseudoReward: [294.03592597]
Episode 112, Average Success Rate (last 10 eps): 0.80
Total T: 33900 Episode Num: 113 Episode T: 300 Reward: 294.000 PseudoReward: [209.099607]
Episode 113, Average Success Rate (last 10 eps): 0.80
Total T: 34200 Episode Num: 114 Episode T: 300 Reward: 289.000 PseudoReward: [207.65948022]
Episode 114, Average Success Rate (last 10 eps): 0.80
Total T: 34500 Episode Num: 115 Episode T: 300 Reward: 284.000 PseudoReward: [277.51518581]
Episode 115, Average Success Rate (last 10 eps): 0.90
Total T: 34800 Episode Num: 116 Episode T: 300 Reward: 0.000 PseudoReward: [105.97048319]
Episode 116, Average Success Rate (last 10 eps): 0.90
Total T: 35100 Episode Num: 117 Episode T: 300 Reward: 264.000 PseudoReward: [200.38408518]
Episode 117, Average Success Rate (last 10 eps): 0.90
Total T: 35400 Episode Num: 118 Episode T: 300 Reward: 0.000 PseudoReward: [143.02963663]
Episode 118, Average Success Rate (last 10 eps): 0.80
Total T: 35700 Episode Num: 119 Episode T: 300 Reward: 0.000 PseudoReward: [135.67230343]
Episode 119, Average Success Rate (last 10 eps): 0.70
Total T: 36000 Episode Num: 120 Episode T: 300 Reward: 273.000 PseudoReward: [203.09653571]
Episode 120, Average Success Rate (last 10 eps): 0.70
Total T: 36300 Episode Num: 121 Episode T: 300 Reward: 288.000 PseudoReward: [295.17095448]
Episode 121, Average Success Rate (last 10 eps): 0.70
Total T: 36600 Episode Num: 122 Episode T: 300 Reward: 289.000 PseudoReward: [291.65888744]
Episode 122, Average Success Rate (last 10 eps): 0.70
Total T: 36900 Episode Num: 123 Episode T: 300 Reward: 0.000 PseudoReward: [70.48532859]
Episode 123, Average Success Rate (last 10 eps): 0.60
Total T: 37200 Episode Num: 124 Episode T: 300 Reward: 0.000 PseudoReward: [136.56638484]
Episode 124, Average Success Rate (last 10 eps): 0.50
Total T: 37500 Episode Num: 125 Episode T: 300 Reward: 270.000 PseudoReward: [281.94772877]
Episode 125, Average Success Rate (last 10 eps): 0.50
Total T: 37800 Episode Num: 126 Episode T: 300 Reward: 291.000 PseudoReward: [296.0874167]
Episode 126, Average Success Rate (last 10 eps): 0.60
Total T: 38100 Episode Num: 127 Episode T: 300 Reward: 280.000 PseudoReward: [202.62993889]
Episode 127, Average Success Rate (last 10 eps): 0.60
Total T: 38400 Episode Num: 128 Episode T: 300 Reward: 297.000 PseudoReward: [119.80970015]
Episode 128, Average Success Rate (last 10 eps): 0.70
Total T: 38700 Episode Num: 129 Episode T: 300 Reward: 256.000 PseudoReward: [271.71642488]
Episode 129, Average Success Rate (last 10 eps): 0.80
Total T: 39000 Episode Num: 130 Episode T: 300 Reward: 0.000 PseudoReward: [132.95227821]
Episode 130, Average Success Rate (last 10 eps): 0.70
Total T: 39300 Episode Num: 131 Episode T: 300 Reward: 297.000 PseudoReward: [209.40418459]
Episode 131, Average Success Rate (last 10 eps): 0.70
Total T: 39600 Episode Num: 132 Episode T: 300 Reward: 292.000 PseudoReward: [296.35356681]
Episode 132, Average Success Rate (last 10 eps): 0.70
Total T: 39900 Episode Num: 133 Episode T: 300 Reward: 293.000 PseudoReward: [207.33860475]
Episode 133, Average Success Rate (last 10 eps): 0.80
Total T: 40200 Episode Num: 134 Episode T: 300 Reward: 0.000 PseudoReward: [132.94814709]
Episode 134, Average Success Rate (last 10 eps): 0.80
Total T: 40500 Episode Num: 135 Episode T: 300 Reward: 0.000 PseudoReward: [90.44079622]
Episode 135, Average Success Rate (last 10 eps): 0.70
Total T: 40800 Episode Num: 136 Episode T: 300 Reward: 293.000 PseudoReward: [297.12752245]
Episode 136, Average Success Rate (last 10 eps): 0.70
Total T: 41100 Episode Num: 137 Episode T: 300 Reward: 293.000 PseudoReward: [207.32481879]
Episode 137, Average Success Rate (last 10 eps): 0.70
Total T: 41400 Episode Num: 138 Episode T: 300 Reward: 0.000 PseudoReward: [126.4291673]
Episode 138, Average Success Rate (last 10 eps): 0.60
Total T: 41700 Episode Num: 139 Episode T: 300 Reward: 0.000 PseudoReward: [116.9709973]
Episode 139, Average Success Rate (last 10 eps): 0.50
Total T: 42000 Episode Num: 140 Episode T: 300 Reward: 260.000 PseudoReward: [275.56875788]
Episode 140, Average Success Rate (last 10 eps): 0.60
Total T: 42300 Episode Num: 141 Episode T: 300 Reward: 292.000 PseudoReward: [208.75167149]
Episode 141, Average Success Rate (last 10 eps): 0.60
Total T: 42600 Episode Num: 142 Episode T: 300 Reward: 0.000 PseudoReward: [133.78135095]
Episode 142, Average Success Rate (last 10 eps): 0.50
Total T: 42900 Episode Num: 143 Episode T: 300 Reward: 284.000 PseudoReward: [202.99153314]
Episode 143, Average Success Rate (last 10 eps): 0.50
Total T: 43200 Episode Num: 144 Episode T: 300 Reward: 0.000 PseudoReward: [133.50772896]
Episode 144, Average Success Rate (last 10 eps): 0.50
Total T: 43500 Episode Num: 145 Episode T: 300 Reward: 295.000 PseudoReward: [283.65240861]
Episode 145, Average Success Rate (last 10 eps): 0.60
Total T: 43800 Episode Num: 146 Episode T: 300 Reward: 0.000 PseudoReward: [85.34390147]
Episode 146, Average Success Rate (last 10 eps): 0.50
Total T: 44100 Episode Num: 147 Episode T: 300 Reward: 273.000 PseudoReward: [282.98101557]
Episode 147, Average Success Rate (last 10 eps): 0.50
Total T: 44400 Episode Num: 148 Episode T: 300 Reward: 0.000 PseudoReward: [132.94393145]
Episode 148, Average Success Rate (last 10 eps): 0.50
Total T: 44700 Episode Num: 149 Episode T: 300 Reward: 258.000 PseudoReward: [204.41252374]
Episode 149, Average Success Rate (last 10 eps): 0.60
Total T: 45000 Episode Num: 150 Episode T: 300 Reward: 0.000 PseudoReward: [139.0287517]
Episode 150, Average Success Rate (last 10 eps): 0.50
Total T: 45300 Episode Num: 151 Episode T: 300 Reward: 286.000 PseudoReward: [205.66980864]
Episode 151, Average Success Rate (last 10 eps): 0.50
Total T: 45600 Episode Num: 152 Episode T: 300 Reward: 250.000 PseudoReward: [132.64811531]
Episode 152, Average Success Rate (last 10 eps): 0.60
Total T: 45900 Episode Num: 153 Episode T: 300 Reward: 273.000 PseudoReward: [287.25085204]
Episode 153, Average Success Rate (last 10 eps): 0.60
Total T: 46200 Episode Num: 154 Episode T: 300 Reward: 245.000 PseudoReward: [189.96612963]
Episode 154, Average Success Rate (last 10 eps): 0.70
Total T: 46500 Episode Num: 155 Episode T: 300 Reward: 248.000 PseudoReward: [195.82780492]
Episode 155, Average Success Rate (last 10 eps): 0.70
Total T: 46800 Episode Num: 156 Episode T: 300 Reward: 249.000 PseudoReward: [274.55317367]
Episode 156, Average Success Rate (last 10 eps): 0.80
Total T: 47100 Episode Num: 157 Episode T: 300 Reward: 293.000 PseudoReward: [293.54945964]
Episode 157, Average Success Rate (last 10 eps): 0.80
Total T: 47400 Episode Num: 158 Episode T: 300 Reward: 271.000 PseudoReward: [287.87786719]
Episode 158, Average Success Rate (last 10 eps): 0.90
Total T: 47700 Episode Num: 159 Episode T: 300 Reward: 298.000 PseudoReward: [255.33277866]
Episode 159, Average Success Rate (last 10 eps): 0.90
Total T: 48000 Episode Num: 160 Episode T: 300 Reward: 288.000 PseudoReward: [294.05811563]
Episode 160, Average Success Rate (last 10 eps): 1.00
Total T: 48300 Episode Num: 161 Episode T: 300 Reward: 296.000 PseudoReward: [208.80150604]
Episode 161, Average Success Rate (last 10 eps): 1.00
Total T: 48600 Episode Num: 162 Episode T: 300 Reward: 290.000 PseudoReward: [116.75341876]
Episode 162, Average Success Rate (last 10 eps): 1.00
Total T: 48900 Episode Num: 163 Episode T: 300 Reward: 273.000 PseudoReward: [287.37897411]
Episode 163, Average Success Rate (last 10 eps): 1.00
Total T: 49200 Episode Num: 164 Episode T: 300 Reward: 0.000 PseudoReward: [151.14169707]
Episode 164, Average Success Rate (last 10 eps): 0.90
Total T: 49500 Episode Num: 165 Episode T: 300 Reward: 277.000 PseudoReward: [285.01886502]
Episode 165, Average Success Rate (last 10 eps): 0.90
Total T: 49800 Episode Num: 166 Episode T: 300 Reward: 263.000 PseudoReward: [202.58853791]
Episode 166, Average Success Rate (last 10 eps): 0.90
Total T: 50100 Episode Num: 167 Episode T: 300 Reward: 278.000 PseudoReward: [197.42718581]
Episode 167, Average Success Rate (last 10 eps): 0.90
Total T: 50400 Episode Num: 168 Episode T: 300 Reward: 286.000 PseudoReward: [209.00069033]
Episode 168, Average Success Rate (last 10 eps): 0.90
Total T: 50700 Episode Num: 169 Episode T: 300 Reward: 250.000 PseudoReward: [276.46098303]
Episode 169, Average Success Rate (last 10 eps): 0.90
Total T: 51000 Episode Num: 170 Episode T: 300 Reward: 274.000 PseudoReward: [286.91901071]
Episode 170, Average Success Rate (last 10 eps): 0.90
Total T: 51300 Episode Num: 171 Episode T: 300 Reward: 0.000 PseudoReward: [115.57794564]
Episode 171, Average Success Rate (last 10 eps): 0.80
Total T: 51600 Episode Num: 172 Episode T: 300 Reward: 270.000 PseudoReward: [283.37111586]
Episode 172, Average Success Rate (last 10 eps): 0.80
Total T: 51900 Episode Num: 173 Episode T: 300 Reward: 280.000 PseudoReward: [288.49518557]
Episode 173, Average Success Rate (last 10 eps): 0.80
Total T: 52200 Episode Num: 174 Episode T: 300 Reward: 289.000 PseudoReward: [288.69300105]
Episode 174, Average Success Rate (last 10 eps): 0.90
Total T: 52500 Episode Num: 175 Episode T: 300 Reward: 292.000 PseudoReward: [118.69735145]
Episode 175, Average Success Rate (last 10 eps): 0.90
Total T: 52800 Episode Num: 176 Episode T: 300 Reward: 0.000 PseudoReward: [120.35776754]
Episode 176, Average Success Rate (last 10 eps): 0.80
Total T: 53100 Episode Num: 177 Episode T: 300 Reward: 266.000 PseudoReward: [282.37959047]
Episode 177, Average Success Rate (last 10 eps): 0.80
Total T: 53400 Episode Num: 178 Episode T: 300 Reward: 279.000 PseudoReward: [290.31082836]
Episode 178, Average Success Rate (last 10 eps): 0.80
Total T: 53700 Episode Num: 179 Episode T: 300 Reward: 282.000 PseudoReward: [291.59952379]
Episode 179, Average Success Rate (last 10 eps): 0.80
Total T: 54000 Episode Num: 180 Episode T: 300 Reward: 280.000 PseudoReward: [197.06443301]
Episode 180, Average Success Rate (last 10 eps): 0.80
Total T: 54300 Episode Num: 181 Episode T: 300 Reward: 272.000 PseudoReward: [200.57741085]
Episode 181, Average Success Rate (last 10 eps): 0.90
Total T: 54600 Episode Num: 182 Episode T: 300 Reward: 276.000 PseudoReward: [288.45872515]
Episode 182, Average Success Rate (last 10 eps): 0.90
Total T: 54900 Episode Num: 183 Episode T: 300 Reward: 203.000 PseudoReward: [174.39834921]
Episode 183, Average Success Rate (last 10 eps): 0.90
Total T: 55200 Episode Num: 184 Episode T: 300 Reward: 294.000 PseudoReward: [207.79536805]
Episode 184, Average Success Rate (last 10 eps): 0.90
Total T: 55500 Episode Num: 185 Episode T: 300 Reward: 259.000 PseudoReward: [195.87590833]
Episode 185, Average Success Rate (last 10 eps): 0.90
Total T: 55800 Episode Num: 186 Episode T: 300 Reward: 279.000 PseudoReward: [200.08344805]
Episode 186, Average Success Rate (last 10 eps): 1.00
Total T: 56100 Episode Num: 187 Episode T: 300 Reward: 285.000 PseudoReward: [288.06687216]
Episode 187, Average Success Rate (last 10 eps): 1.00
Total T: 56400 Episode Num: 188 Episode T: 300 Reward: 0.000 PseudoReward: [153.02209174]
Episode 188, Average Success Rate (last 10 eps): 0.90
Total T: 56700 Episode Num: 189 Episode T: 300 Reward: 260.000 PseudoReward: [196.6070363]
Episode 189, Average Success Rate (last 10 eps): 0.90
Total T: 57000 Episode Num: 190 Episode T: 300 Reward: 0.000 PseudoReward: [143.85110364]
Episode 190, Average Success Rate (last 10 eps): 0.80
Total T: 57300 Episode Num: 191 Episode T: 300 Reward: 299.000 PseudoReward: [120.47033208]
Episode 191, Average Success Rate (last 10 eps): 0.80
Total T: 57600 Episode Num: 192 Episode T: 300 Reward: 283.000 PseudoReward: [292.49237054]
Episode 192, Average Success Rate (last 10 eps): 0.80
Total T: 57900 Episode Num: 193 Episode T: 300 Reward: 289.000 PseudoReward: [293.08539581]
Episode 193, Average Success Rate (last 10 eps): 0.80
Total T: 58200 Episode Num: 194 Episode T: 300 Reward: 228.000 PseudoReward: [253.50461158]
Episode 194, Average Success Rate (last 10 eps): 0.80
Total T: 58500 Episode Num: 195 Episode T: 300 Reward: 298.000 PseudoReward: [209.58879558]
Episode 195, Average Success Rate (last 10 eps): 0.80
Total T: 58800 Episode Num: 196 Episode T: 300 Reward: 271.000 PseudoReward: [196.205063]
Episode 196, Average Success Rate (last 10 eps): 0.80
Total T: 59100 Episode Num: 197 Episode T: 300 Reward: 279.000 PseudoReward: [202.55383434]
Episode 197, Average Success Rate (last 10 eps): 0.80
Total T: 59400 Episode Num: 198 Episode T: 300 Reward: 277.000 PseudoReward: [218.78992184]
Episode 198, Average Success Rate (last 10 eps): 0.90
Total T: 59700 Episode Num: 199 Episode T: 300 Reward: 229.000 PseudoReward: [185.99884878]
Episode 199, Average Success Rate (last 10 eps): 0.90
Total T: 60000 Episode Num: 200 Episode T: 300 Reward: 292.000 PseudoReward: [119.40670522]
Episode 200, Average Success Rate (last 10 eps): 1.00
Total T: 60300 Episode Num: 201 Episode T: 300 Reward: 252.000 PseudoReward: [270.73962171]
Episode 201, Average Success Rate (last 10 eps): 1.00
Total T: 60600 Episode Num: 202 Episode T: 300 Reward: 269.000 PseudoReward: [284.18110526]
Episode 202, Average Success Rate (last 10 eps): 1.00
Total T: 60900 Episode Num: 203 Episode T: 300 Reward: 282.000 PseudoReward: [177.6309057]
Episode 203, Average Success Rate (last 10 eps): 1.00
Total T: 61200 Episode Num: 204 Episode T: 300 Reward: 284.000 PseudoReward: [206.85340922]
Episode 204, Average Success Rate (last 10 eps): 1.00
Total T: 61500 Episode Num: 205 Episode T: 300 Reward: 248.000 PseudoReward: [117.09336441]
Episode 205, Average Success Rate (last 10 eps): 1.00
Total T: 61800 Episode Num: 206 Episode T: 300 Reward: 292.000 PseudoReward: [259.52918667]
Episode 206, Average Success Rate (last 10 eps): 1.00
Total T: 62100 Episode Num: 207 Episode T: 300 Reward: 288.000 PseudoReward: [205.42152177]
Episode 207, Average Success Rate (last 10 eps): 1.00
Total T: 62400 Episode Num: 208 Episode T: 300 Reward: 203.000 PseudoReward: [107.00144147]
Episode 208, Average Success Rate (last 10 eps): 1.00
Total T: 62700 Episode Num: 209 Episode T: 300 Reward: 260.000 PseudoReward: [117.26496893]
Episode 209, Average Success Rate (last 10 eps): 1.00
Total T: 63000 Episode Num: 210 Episode T: 300 Reward: 295.000 PseudoReward: [209.29002167]
Episode 210, Average Success Rate (last 10 eps): 1.00
Total T: 63300 Episode Num: 211 Episode T: 300 Reward: 0.000 PseudoReward: [70.89879571]
Episode 211, Average Success Rate (last 10 eps): 0.90
Total T: 63600 Episode Num: 212 Episode T: 300 Reward: 295.000 PseudoReward: [296.73840423]
Episode 212, Average Success Rate (last 10 eps): 0.90
Total T: 63900 Episode Num: 213 Episode T: 300 Reward: 246.000 PseudoReward: [266.07983095]
Episode 213, Average Success Rate (last 10 eps): 0.90
Total T: 64200 Episode Num: 214 Episode T: 300 Reward: 289.000 PseudoReward: [293.99756126]
Episode 214, Average Success Rate (last 10 eps): 0.90
Total T: 64500 Episode Num: 215 Episode T: 300 Reward: 290.000 PseudoReward: [205.63651314]
Episode 215, Average Success Rate (last 10 eps): 0.90
Total T: 64800 Episode Num: 216 Episode T: 300 Reward: 294.000 PseudoReward: [209.11091469]
Episode 216, Average Success Rate (last 10 eps): 0.90
Total T: 65100 Episode Num: 217 Episode T: 300 Reward: 287.000 PseudoReward: [257.6602698]
Episode 217, Average Success Rate (last 10 eps): 0.90
Total T: 65400 Episode Num: 218 Episode T: 300 Reward: 0.000 PseudoReward: [105.65322674]
Episode 218, Average Success Rate (last 10 eps): 0.80
Total T: 65700 Episode Num: 219 Episode T: 300 Reward: 0.000 PseudoReward: [144.70015506]
Episode 219, Average Success Rate (last 10 eps): 0.70
Total T: 66000 Episode Num: 220 Episode T: 300 Reward: 294.000 PseudoReward: [205.005675]
Episode 220, Average Success Rate (last 10 eps): 0.70
Total T: 66300 Episode Num: 221 Episode T: 300 Reward: 290.000 PseudoReward: [294.38734315]
Episode 221, Average Success Rate (last 10 eps): 0.80
Total T: 66600 Episode Num: 222 Episode T: 300 Reward: 280.000 PseudoReward: [289.89124144]
Episode 222, Average Success Rate (last 10 eps): 0.80
Total T: 66900 Episode Num: 223 Episode T: 300 Reward: 265.000 PseudoReward: [283.92001087]
Episode 223, Average Success Rate (last 10 eps): 0.80
Total T: 67200 Episode Num: 224 Episode T: 300 Reward: 286.000 PseudoReward: [205.92863779]
Episode 224, Average Success Rate (last 10 eps): 0.80
Total T: 67500 Episode Num: 225 Episode T: 300 Reward: 281.000 PseudoReward: [203.63293737]
Episode 225, Average Success Rate (last 10 eps): 0.80
Total T: 67800 Episode Num: 226 Episode T: 300 Reward: 266.000 PseudoReward: [283.58811683]
Episode 226, Average Success Rate (last 10 eps): 0.80
Total T: 68100 Episode Num: 227 Episode T: 300 Reward: 0.000 PseudoReward: [142.10729558]
Episode 227, Average Success Rate (last 10 eps): 0.70
Total T: 68400 Episode Num: 228 Episode T: 300 Reward: 294.000 PseudoReward: [208.31749884]
Episode 228, Average Success Rate (last 10 eps): 0.80
Total T: 68700 Episode Num: 229 Episode T: 300 Reward: 264.000 PseudoReward: [200.86881648]
Episode 229, Average Success Rate (last 10 eps): 0.90
Total T: 69000 Episode Num: 230 Episode T: 300 Reward: 0.000 PseudoReward: [146.61678435]
Episode 230, Average Success Rate (last 10 eps): 0.80
Total T: 69300 Episode Num: 231 Episode T: 300 Reward: 295.000 PseudoReward: [118.59682887]
Episode 231, Average Success Rate (last 10 eps): 0.80
Total T: 69600 Episode Num: 232 Episode T: 300 Reward: 0.000 PseudoReward: [117.38032773]
Episode 232, Average Success Rate (last 10 eps): 0.70
Total T: 69900 Episode Num: 233 Episode T: 300 Reward: 275.000 PseudoReward: [238.08328622]
Episode 233, Average Success Rate (last 10 eps): 0.70
Total T: 70200 Episode Num: 234 Episode T: 300 Reward: 289.000 PseudoReward: [123.63184503]
Episode 234, Average Success Rate (last 10 eps): 0.70
Total T: 70500 Episode Num: 235 Episode T: 300 Reward: 285.000 PseudoReward: [205.83523064]
Episode 235, Average Success Rate (last 10 eps): 0.70
Total T: 70800 Episode Num: 236 Episode T: 300 Reward: 278.000 PseudoReward: [204.4635471]
Episode 236, Average Success Rate (last 10 eps): 0.70
Total T: 71100 Episode Num: 237 Episode T: 300 Reward: 0.000 PseudoReward: [130.3512132]
Episode 237, Average Success Rate (last 10 eps): 0.70
Total T: 71400 Episode Num: 238 Episode T: 300 Reward: 288.000 PseudoReward: [291.62047469]
Episode 238, Average Success Rate (last 10 eps): 0.70
Total T: 71700 Episode Num: 239 Episode T: 300 Reward: 281.000 PseudoReward: [205.42198729]
Episode 239, Average Success Rate (last 10 eps): 0.70
Total T: 72000 Episode Num: 240 Episode T: 300 Reward: 124.000 PseudoReward: [141.90913664]
Episode 240, Average Success Rate (last 10 eps): 0.80
Total T: 72300 Episode Num: 241 Episode T: 300 Reward: 0.000 PseudoReward: [142.9249989]
Episode 241, Average Success Rate (last 10 eps): 0.70
Total T: 72600 Episode Num: 242 Episode T: 300 Reward: 274.000 PseudoReward: [278.77779321]
Episode 242, Average Success Rate (last 10 eps): 0.80
Total T: 72900 Episode Num: 243 Episode T: 300 Reward: 269.000 PseudoReward: [262.32343329]
Episode 243, Average Success Rate (last 10 eps): 0.80
Total T: 73200 Episode Num: 244 Episode T: 300 Reward: 295.000 PseudoReward: [214.09906468]
Episode 244, Average Success Rate (last 10 eps): 0.80
Total T: 73500 Episode Num: 245 Episode T: 300 Reward: 0.000 PseudoReward: [150.76009619]
Episode 245, Average Success Rate (last 10 eps): 0.70
Total T: 73800 Episode Num: 246 Episode T: 300 Reward: 278.000 PseudoReward: [202.16099497]
Episode 246, Average Success Rate (last 10 eps): 0.70
Total T: 74100 Episode Num: 247 Episode T: 300 Reward: 279.000 PseudoReward: [248.42415892]
Episode 247, Average Success Rate (last 10 eps): 0.80
Total T: 74400 Episode Num: 248 Episode T: 300 Reward: 266.000 PseudoReward: [279.74836972]
Episode 248, Average Success Rate (last 10 eps): 0.80
Total T: 74700 Episode Num: 249 Episode T: 300 Reward: 278.000 PseudoReward: [288.85662323]
Episode 249, Average Success Rate (last 10 eps): 0.80
Total T: 75000 Episode Num: 250 Episode T: 300 Reward: 289.000 PseudoReward: [116.31643567]
Episode 250, Average Success Rate (last 10 eps): 0.80
Total T: 75300 Episode Num: 251 Episode T: 300 Reward: 254.000 PseudoReward: [198.94419253]
Episode 251, Average Success Rate (last 10 eps): 0.90
Total T: 75600 Episode Num: 252 Episode T: 300 Reward: 263.000 PseudoReward: [272.55472628]
Episode 252, Average Success Rate (last 10 eps): 0.90
Total T: 75900 Episode Num: 253 Episode T: 300 Reward: 284.000 PseudoReward: [207.59040959]
Episode 253, Average Success Rate (last 10 eps): 0.90
Total T: 76200 Episode Num: 254 Episode T: 300 Reward: 249.000 PseudoReward: [193.07607378]
Episode 254, Average Success Rate (last 10 eps): 0.90
Total T: 76500 Episode Num: 255 Episode T: 300 Reward: 0.000 PseudoReward: [109.18487948]
Episode 255, Average Success Rate (last 10 eps): 0.90
Total T: 76800 Episode Num: 256 Episode T: 300 Reward: 0.000 PseudoReward: [138.61213942]
Episode 256, Average Success Rate (last 10 eps): 0.80
Total T: 77100 Episode Num: 257 Episode T: 300 Reward: 291.000 PseudoReward: [206.46573248]
Episode 257, Average Success Rate (last 10 eps): 0.80
Total T: 77400 Episode Num: 258 Episode T: 300 Reward: 0.000 PseudoReward: [158.06416354]
Episode 258, Average Success Rate (last 10 eps): 0.70
Total T: 77700 Episode Num: 259 Episode T: 300 Reward: 275.000 PseudoReward: [203.61566428]
Episode 259, Average Success Rate (last 10 eps): 0.70
Total T: 78000 Episode Num: 260 Episode T: 300 Reward: 295.000 PseudoReward: [207.57336561]
Episode 260, Average Success Rate (last 10 eps): 0.70
Total T: 78300 Episode Num: 261 Episode T: 300 Reward: 295.000 PseudoReward: [284.6129272]
Episode 261, Average Success Rate (last 10 eps): 0.70
Total T: 78600 Episode Num: 262 Episode T: 300 Reward: 253.000 PseudoReward: [195.20456803]
Episode 262, Average Success Rate (last 10 eps): 0.70
Total T: 78900 Episode Num: 263 Episode T: 300 Reward: 290.000 PseudoReward: [207.51066336]
Episode 263, Average Success Rate (last 10 eps): 0.70
Total T: 79200 Episode Num: 264 Episode T: 300 Reward: 247.000 PseudoReward: [271.81076987]
Episode 264, Average Success Rate (last 10 eps): 0.70
Total T: 79500 Episode Num: 265 Episode T: 300 Reward: 288.000 PseudoReward: [234.85290954]
Episode 265, Average Success Rate (last 10 eps): 0.80
Total T: 79800 Episode Num: 266 Episode T: 300 Reward: 266.000 PseudoReward: [276.60151785]
Episode 266, Average Success Rate (last 10 eps): 0.90
Total T: 80100 Episode Num: 267 Episode T: 300 Reward: 287.000 PseudoReward: [119.10057313]
Episode 267, Average Success Rate (last 10 eps): 0.90
Total T: 80400 Episode Num: 268 Episode T: 300 Reward: 0.000 PseudoReward: [146.28694362]
Episode 268, Average Success Rate (last 10 eps): 0.90
Total T: 80700 Episode Num: 269 Episode T: 300 Reward: 280.000 PseudoReward: [286.93245731]
Episode 269, Average Success Rate (last 10 eps): 0.90
Total T: 81000 Episode Num: 270 Episode T: 300 Reward: 254.000 PseudoReward: [195.02104023]
Episode 270, Average Success Rate (last 10 eps): 0.90
Total T: 81300 Episode Num: 271 Episode T: 300 Reward: 273.000 PseudoReward: [204.07156157]
Episode 271, Average Success Rate (last 10 eps): 0.90
Total T: 81600 Episode Num: 272 Episode T: 300 Reward: 0.000 PseudoReward: [137.41787442]
Episode 272, Average Success Rate (last 10 eps): 0.80
Total T: 81900 Episode Num: 273 Episode T: 300 Reward: 205.000 PseudoReward: [250.49357606]
Episode 273, Average Success Rate (last 10 eps): 0.80
Total T: 82200 Episode Num: 274 Episode T: 300 Reward: 9.000 PseudoReward: [141.91087158]
Episode 274, Average Success Rate (last 10 eps): 0.80
Total T: 82500 Episode Num: 275 Episode T: 300 Reward: 0.000 PseudoReward: [144.52658154]
Episode 275, Average Success Rate (last 10 eps): 0.70
Total T: 82800 Episode Num: 276 Episode T: 300 Reward: 279.000 PseudoReward: [202.48607243]
Episode 276, Average Success Rate (last 10 eps): 0.70
Total T: 83100 Episode Num: 277 Episode T: 300 Reward: 279.000 PseudoReward: [287.91252077]
Episode 277, Average Success Rate (last 10 eps): 0.70
Total T: 83400 Episode Num: 278 Episode T: 300 Reward: 277.000 PseudoReward: [111.80625475]
Episode 278, Average Success Rate (last 10 eps): 0.80
Total T: 83700 Episode Num: 279 Episode T: 300 Reward: 284.000 PseudoReward: [217.17243275]
Episode 279, Average Success Rate (last 10 eps): 0.80
Total T: 84000 Episode Num: 280 Episode T: 300 Reward: 287.000 PseudoReward: [207.78158624]
Episode 280, Average Success Rate (last 10 eps): 0.80
Total T: 84300 Episode Num: 281 Episode T: 300 Reward: 0.000 PseudoReward: [142.37553521]
Episode 281, Average Success Rate (last 10 eps): 0.70
Total T: 84600 Episode Num: 282 Episode T: 300 Reward: 0.000 PseudoReward: [151.1419933]
Episode 282, Average Success Rate (last 10 eps): 0.70
