/home/xlx9645/miniconda3/envs/maze/lib/python3.9/site-packages/gymnasium/envs/registration.py:642: UserWarning: [33mWARN: Overriding environment TrapMazeEnv already in registry.[0m
  logger.warn(f"Overriding environment {new_spec.id} already in registry.")
wandb: Using wandb-core as the SDK backend.  Please refer to https://wandb.me/wandb-core for more information.
wandb: Currently logged in as: yuxuanli2023 (yuxuanli2023-northwestern-university). Use `wandb login --relogin` to force relogin
wandb: Tracking run with wandb version 0.19.1
wandb: Run data is saved locally in /home/xlx9645/failed/Maze/update_baselines/wandb/run-20250107_194726-8sbs6ixd
wandb: Run `wandb offline` to turn off syncing.
wandb: Syncing run AIRL
wandb: ⭐️ View project at https://wandb.ai/yuxuanli2023-northwestern-university/Main_Umaze
wandb: 🚀 View run at https://wandb.ai/yuxuanli2023-northwestern-university/Main_Umaze/runs/8sbs6ixd
/home/xlx9645/miniconda3/envs/maze/lib/python3.9/site-packages/gymnasium/spaces/box.py:235: UserWarning: [33mWARN: Box low's precision lowered by casting to float32, current low.dtype=float64[0m
  gym.logger.warn(
/home/xlx9645/miniconda3/envs/maze/lib/python3.9/site-packages/gymnasium/spaces/box.py:305: UserWarning: [33mWARN: Box high's precision lowered by casting to float32, current high.dtype=float64[0m
  gym.logger.warn(
/home/xlx9645/miniconda3/envs/maze/lib/python3.9/site-packages/torch/optim/lr_scheduler.py:224: UserWarning: Detected call of `lr_scheduler.step()` before `optimizer.step()`. In PyTorch 1.1.0 and later, you should call them in the opposite order: `optimizer.step()` before `lr_scheduler.step()`.  Failure to do this will result in PyTorch skipping the first value of the learning rate schedule. See more details at https://pytorch.org/docs/stable/optim.html#how-to-adjust-learning-rate
  warnings.warn(
/home/xlx9645/miniconda3/envs/maze/lib/python3.9/site-packages/torch/optim/lr_scheduler.py:224: UserWarning: Detected call of `lr_scheduler.step()` before `optimizer.step()`. In PyTorch 1.1.0 and later, you should call them in the opposite order: `optimizer.step()` before `lr_scheduler.step()`.  Failure to do this will result in PyTorch skipping the first value of the learning rate schedule. See more details at https://pytorch.org/docs/stable/optim.html#how-to-adjust-learning-rate
  warnings.warn(
Total T: 300 Episode Num: 1 Episode T: 300 Reward: 0.000 PseudoReward: [[-36.65704]]
Episode 1, Average Success Rate (last 10 eps): 0.00
Total T: 600 Episode Num: 2 Episode T: 300 Reward: 0.000 PseudoReward: [[527.5909]]
Episode 2, Average Success Rate (last 10 eps): 0.00
Total T: 900 Episode Num: 3 Episode T: 300 Reward: 238.000 PseudoReward: [[357.4213]]
Episode 3, Average Success Rate (last 10 eps): 0.33
Total T: 1200 Episode Num: 4 Episode T: 300 Reward: 0.000 PseudoReward: [[188.22984]]
Episode 4, Average Success Rate (last 10 eps): 0.25
Total T: 1500 Episode Num: 5 Episode T: 300 Reward: 0.000 PseudoReward: [[-43.63326]]
Episode 5, Average Success Rate (last 10 eps): 0.20
Total T: 1800 Episode Num: 6 Episode T: 300 Reward: 0.000 PseudoReward: [[-261.46307]]
Episode 6, Average Success Rate (last 10 eps): 0.17
Total T: 2100 Episode Num: 7 Episode T: 300 Reward: 0.000 PseudoReward: [[-420.32037]]
Episode 7, Average Success Rate (last 10 eps): 0.14
Total T: 2400 Episode Num: 8 Episode T: 300 Reward: 0.000 PseudoReward: [[-640.7557]]
Episode 8, Average Success Rate (last 10 eps): 0.12
Total T: 2700 Episode Num: 9 Episode T: 300 Reward: 0.000 PseudoReward: [[-1250.3336]]
Episode 9, Average Success Rate (last 10 eps): 0.11
Total T: 3000 Episode Num: 10 Episode T: 300 Reward: 279.000 PseudoReward: [[-333.2434]]
Episode 10, Average Success Rate (last 10 eps): 0.20
Total T: 3300 Episode Num: 11 Episode T: 300 Reward: 0.000 PseudoReward: [[-1796.684]]
Episode 11, Average Success Rate (last 10 eps): 0.20
Total T: 3600 Episode Num: 12 Episode T: 300 Reward: 268.000 PseudoReward: [[-64.07439]]
Episode 12, Average Success Rate (last 10 eps): 0.30
Total T: 3900 Episode Num: 13 Episode T: 300 Reward: 266.000 PseudoReward: [[1049.354]]
Episode 13, Average Success Rate (last 10 eps): 0.30
Total T: 4200 Episode Num: 14 Episode T: 300 Reward: 0.000 PseudoReward: [[-3046.8857]]
Episode 14, Average Success Rate (last 10 eps): 0.30
Total T: 4500 Episode Num: 15 Episode T: 300 Reward: 0.000 PseudoReward: [[-4340.456]]
Episode 15, Average Success Rate (last 10 eps): 0.30
Total T: 4800 Episode Num: 16 Episode T: 300 Reward: 279.000 PseudoReward: [[-839.0437]]
Episode 16, Average Success Rate (last 10 eps): 0.40
Total T: 5100 Episode Num: 17 Episode T: 300 Reward: 0.000 PseudoReward: [[1759.0817]]
Episode 17, Average Success Rate (last 10 eps): 0.40
Total T: 5400 Episode Num: 18 Episode T: 300 Reward: 0.000 PseudoReward: [[-441.72495]]
Episode 18, Average Success Rate (last 10 eps): 0.40
Total T: 5700 Episode Num: 19 Episode T: 300 Reward: 0.000 PseudoReward: [[-1232.4595]]
Episode 19, Average Success Rate (last 10 eps): 0.40
Total T: 6000 Episode Num: 20 Episode T: 300 Reward: 0.000 PseudoReward: [[1452.8464]]
Episode 20, Average Success Rate (last 10 eps): 0.30
Total T: 6300 Episode Num: 21 Episode T: 300 Reward: 0.000 PseudoReward: [[779.2391]]
Episode 21, Average Success Rate (last 10 eps): 0.30
Total T: 6600 Episode Num: 22 Episode T: 300 Reward: 286.000 PseudoReward: [[711.6893]]
Episode 22, Average Success Rate (last 10 eps): 0.30
Total T: 6900 Episode Num: 23 Episode T: 300 Reward: 0.000 PseudoReward: [[-820.2443]]
Episode 23, Average Success Rate (last 10 eps): 0.20
Total T: 7200 Episode Num: 24 Episode T: 300 Reward: 0.000 PseudoReward: [[-7557.104]]
Episode 24, Average Success Rate (last 10 eps): 0.20
Total T: 7500 Episode Num: 25 Episode T: 300 Reward: 0.000 PseudoReward: [[-7381.6763]]
Episode 25, Average Success Rate (last 10 eps): 0.20
Total T: 7800 Episode Num: 26 Episode T: 300 Reward: 275.000 PseudoReward: [[1306.6261]]
Episode 26, Average Success Rate (last 10 eps): 0.20
Total T: 8100 Episode Num: 27 Episode T: 300 Reward: 0.000 PseudoReward: [[-7439.403]]
Episode 27, Average Success Rate (last 10 eps): 0.20
Total T: 8400 Episode Num: 28 Episode T: 300 Reward: 230.000 PseudoReward: [[95.50016]]
Episode 28, Average Success Rate (last 10 eps): 0.30
Total T: 8700 Episode Num: 29 Episode T: 300 Reward: 236.000 PseudoReward: [[-5334.865]]
Episode 29, Average Success Rate (last 10 eps): 0.40
Total T: 9000 Episode Num: 30 Episode T: 300 Reward: 297.000 PseudoReward: [[611.7263]]
Episode 30, Average Success Rate (last 10 eps): 0.50
Total T: 9300 Episode Num: 31 Episode T: 300 Reward: 286.000 PseudoReward: [[214.00739]]
Episode 31, Average Success Rate (last 10 eps): 0.60
Total T: 9600 Episode Num: 32 Episode T: 300 Reward: 273.000 PseudoReward: [[-1518.3127]]
Episode 32, Average Success Rate (last 10 eps): 0.60
Total T: 9900 Episode Num: 33 Episode T: 300 Reward: 0.000 PseudoReward: [[-3921.7964]]
Episode 33, Average Success Rate (last 10 eps): 0.60
Total T: 10200 Episode Num: 34 Episode T: 300 Reward: 266.000 PseudoReward: [[-1245.8925]]
Episode 34, Average Success Rate (last 10 eps): 0.70
Total T: 10500 Episode Num: 35 Episode T: 300 Reward: 0.000 PseudoReward: [[-10541.657]]
Episode 35, Average Success Rate (last 10 eps): 0.70
Total T: 10800 Episode Num: 36 Episode T: 300 Reward: 0.000 PseudoReward: [[-13144.841]]
Episode 36, Average Success Rate (last 10 eps): 0.60
Total T: 11100 Episode Num: 37 Episode T: 300 Reward: 0.000 PseudoReward: [[-13282.777]]
Episode 37, Average Success Rate (last 10 eps): 0.60
Total T: 11400 Episode Num: 38 Episode T: 300 Reward: 0.000 PseudoReward: [[-4910.5503]]
Episode 38, Average Success Rate (last 10 eps): 0.50
Total T: 11700 Episode Num: 39 Episode T: 300 Reward: 0.000 PseudoReward: [[-13515.168]]
Episode 39, Average Success Rate (last 10 eps): 0.40
Total T: 12000 Episode Num: 40 Episode T: 300 Reward: 293.000 PseudoReward: [[-2060.4905]]
Episode 40, Average Success Rate (last 10 eps): 0.40
Total T: 12300 Episode Num: 41 Episode T: 300 Reward: 0.000 PseudoReward: [[-5313.079]]
Episode 41, Average Success Rate (last 10 eps): 0.30
Total T: 12600 Episode Num: 42 Episode T: 300 Reward: 0.000 PseudoReward: [[-7397.3594]]
Episode 42, Average Success Rate (last 10 eps): 0.20
Total T: 12900 Episode Num: 43 Episode T: 300 Reward: 0.000 PseudoReward: [[-1113.3307]]
Episode 43, Average Success Rate (last 10 eps): 0.20
Total T: 13200 Episode Num: 44 Episode T: 300 Reward: 241.000 PseudoReward: [[-1820.5305]]
Episode 44, Average Success Rate (last 10 eps): 0.20
Total T: 13500 Episode Num: 45 Episode T: 300 Reward: 102.000 PseudoReward: [[-552.0913]]
Episode 45, Average Success Rate (last 10 eps): 0.30
Total T: 13800 Episode Num: 46 Episode T: 300 Reward: 0.000 PseudoReward: [[-7474.7104]]
Episode 46, Average Success Rate (last 10 eps): 0.30
Total T: 14100 Episode Num: 47 Episode T: 300 Reward: 248.000 PseudoReward: [[-6950.905]]
Episode 47, Average Success Rate (last 10 eps): 0.40
Total T: 14400 Episode Num: 48 Episode T: 300 Reward: 0.000 PseudoReward: [[4598.1196]]
Episode 48, Average Success Rate (last 10 eps): 0.40
Total T: 14700 Episode Num: 49 Episode T: 300 Reward: 292.000 PseudoReward: [[-3787.757]]
Episode 49, Average Success Rate (last 10 eps): 0.50
Total T: 15000 Episode Num: 50 Episode T: 300 Reward: 245.000 PseudoReward: [[-3826.4836]]
Episode 50, Average Success Rate (last 10 eps): 0.50
Total T: 15300 Episode Num: 51 Episode T: 300 Reward: 0.000 PseudoReward: [[-11527.637]]
Episode 51, Average Success Rate (last 10 eps): 0.50
Total T: 15600 Episode Num: 52 Episode T: 300 Reward: 273.000 PseudoReward: [[-9465.995]]
Episode 52, Average Success Rate (last 10 eps): 0.60
Total T: 15900 Episode Num: 53 Episode T: 300 Reward: 0.000 PseudoReward: [[1349.1316]]
Episode 53, Average Success Rate (last 10 eps): 0.60
Total T: 16200 Episode Num: 54 Episode T: 300 Reward: 0.000 PseudoReward: [[-1372.5459]]
Episode 54, Average Success Rate (last 10 eps): 0.50
Total T: 16500 Episode Num: 55 Episode T: 300 Reward: 226.000 PseudoReward: [[-610.40454]]
Episode 55, Average Success Rate (last 10 eps): 0.50
Total T: 16800 Episode Num: 56 Episode T: 300 Reward: 237.000 PseudoReward: [[-1567.2063]]
Episode 56, Average Success Rate (last 10 eps): 0.60
Total T: 17100 Episode Num: 57 Episode T: 300 Reward: 244.000 PseudoReward: [[-1794.481]]
Episode 57, Average Success Rate (last 10 eps): 0.60
Total T: 17400 Episode Num: 58 Episode T: 300 Reward: 245.000 PseudoReward: [[-11462.789]]
Episode 58, Average Success Rate (last 10 eps): 0.70
Total T: 17700 Episode Num: 59 Episode T: 300 Reward: 280.000 PseudoReward: [[-11637.954]]
Episode 59, Average Success Rate (last 10 eps): 0.70
Total T: 18000 Episode Num: 60 Episode T: 300 Reward: 0.000 PseudoReward: [[632.23785]]
Episode 60, Average Success Rate (last 10 eps): 0.60
Total T: 18300 Episode Num: 61 Episode T: 300 Reward: 267.000 PseudoReward: [[-7024.22]]
Episode 61, Average Success Rate (last 10 eps): 0.70
Total T: 18600 Episode Num: 62 Episode T: 300 Reward: 266.000 PseudoReward: [[-2924.4092]]
Episode 62, Average Success Rate (last 10 eps): 0.70
Total T: 18900 Episode Num: 63 Episode T: 300 Reward: 0.000 PseudoReward: [[-3648.5593]]
Episode 63, Average Success Rate (last 10 eps): 0.70
Total T: 19200 Episode Num: 64 Episode T: 300 Reward: 232.000 PseudoReward: [[-4950.3105]]
Episode 64, Average Success Rate (last 10 eps): 0.80
Total T: 19500 Episode Num: 65 Episode T: 300 Reward: 0.000 PseudoReward: [[-5529.189]]
Episode 65, Average Success Rate (last 10 eps): 0.70
Total T: 19800 Episode Num: 66 Episode T: 300 Reward: 61.000 PseudoReward: [[-4632.1836]]
Episode 66, Average Success Rate (last 10 eps): 0.70
Total T: 20100 Episode Num: 67 Episode T: 300 Reward: 170.000 PseudoReward: [[-4397.209]]
Episode 67, Average Success Rate (last 10 eps): 0.70
Total T: 20400 Episode Num: 68 Episode T: 300 Reward: 0.000 PseudoReward: [[-13546.411]]
Episode 68, Average Success Rate (last 10 eps): 0.60
Total T: 20700 Episode Num: 69 Episode T: 300 Reward: 299.000 PseudoReward: [[-5882.153]]
Episode 69, Average Success Rate (last 10 eps): 0.60
Total T: 21000 Episode Num: 70 Episode T: 300 Reward: 0.000 PseudoReward: [[-4386.299]]
Episode 70, Average Success Rate (last 10 eps): 0.60
Total T: 21300 Episode Num: 71 Episode T: 300 Reward: 0.000 PseudoReward: [[-2500.4023]]
Episode 71, Average Success Rate (last 10 eps): 0.50
Total T: 21600 Episode Num: 72 Episode T: 300 Reward: 0.000 PseudoReward: [[-12787.696]]
Episode 72, Average Success Rate (last 10 eps): 0.40
Total T: 21900 Episode Num: 73 Episode T: 300 Reward: 276.000 PseudoReward: [[-13697.608]]
Episode 73, Average Success Rate (last 10 eps): 0.50
Total T: 22200 Episode Num: 74 Episode T: 300 Reward: 285.000 PseudoReward: [[-13727.455]]
Episode 74, Average Success Rate (last 10 eps): 0.50
Total T: 22500 Episode Num: 75 Episode T: 300 Reward: 265.000 PseudoReward: [[-8107.8066]]
Episode 75, Average Success Rate (last 10 eps): 0.60
Total T: 22800 Episode Num: 76 Episode T: 300 Reward: 297.000 PseudoReward: [[-8697.984]]
Episode 76, Average Success Rate (last 10 eps): 0.60
Total T: 23100 Episode Num: 77 Episode T: 300 Reward: 282.000 PseudoReward: [[-10782.006]]
Episode 77, Average Success Rate (last 10 eps): 0.60
Total T: 23400 Episode Num: 78 Episode T: 300 Reward: 282.000 PseudoReward: [[-9263.298]]
Episode 78, Average Success Rate (last 10 eps): 0.70
Total T: 23700 Episode Num: 79 Episode T: 300 Reward: 292.000 PseudoReward: [[-9495.98]]
Episode 79, Average Success Rate (last 10 eps): 0.70
Total T: 24000 Episode Num: 80 Episode T: 300 Reward: 0.000 PseudoReward: [[-5673.169]]
Episode 80, Average Success Rate (last 10 eps): 0.70
Total T: 24300 Episode Num: 81 Episode T: 300 Reward: 201.000 PseudoReward: [[-12876.761]]
Episode 81, Average Success Rate (last 10 eps): 0.80
Total T: 24600 Episode Num: 82 Episode T: 300 Reward: 17.000 PseudoReward: [[-2813.5251]]
Episode 82, Average Success Rate (last 10 eps): 0.90
Total T: 24900 Episode Num: 83 Episode T: 300 Reward: 0.000 PseudoReward: [[-7637.229]]
Episode 83, Average Success Rate (last 10 eps): 0.80
Total T: 25200 Episode Num: 84 Episode T: 300 Reward: 219.000 PseudoReward: [[-3039.5747]]
Episode 84, Average Success Rate (last 10 eps): 0.80
Total T: 25500 Episode Num: 85 Episode T: 300 Reward: 0.000 PseudoReward: [[-9041.523]]
Episode 85, Average Success Rate (last 10 eps): 0.70
Total T: 25800 Episode Num: 86 Episode T: 300 Reward: 293.000 PseudoReward: [[-13620.941]]
Episode 86, Average Success Rate (last 10 eps): 0.70
Total T: 26100 Episode Num: 87 Episode T: 300 Reward: 0.000 PseudoReward: [[-5538.4873]]
Episode 87, Average Success Rate (last 10 eps): 0.60
Total T: 26400 Episode Num: 88 Episode T: 300 Reward: 286.000 PseudoReward: [[-11071.716]]
Episode 88, Average Success Rate (last 10 eps): 0.60
Total T: 26700 Episode Num: 89 Episode T: 300 Reward: 0.000 PseudoReward: [[-4074.452]]
Episode 89, Average Success Rate (last 10 eps): 0.50
Total T: 27000 Episode Num: 90 Episode T: 300 Reward: 0.000 PseudoReward: [[-9915.15]]
Episode 90, Average Success Rate (last 10 eps): 0.50
Total T: 27300 Episode Num: 91 Episode T: 300 Reward: 0.000 PseudoReward: [[-2120.1907]]
Episode 91, Average Success Rate (last 10 eps): 0.40
Total T: 27600 Episode Num: 92 Episode T: 300 Reward: 289.000 PseudoReward: [[-13778.228]]
Episode 92, Average Success Rate (last 10 eps): 0.40
Total T: 27900 Episode Num: 93 Episode T: 300 Reward: 87.000 PseudoReward: [[-2840.716]]
Episode 93, Average Success Rate (last 10 eps): 0.50
Total T: 28200 Episode Num: 94 Episode T: 300 Reward: 0.000 PseudoReward: [[-8072.773]]
Episode 94, Average Success Rate (last 10 eps): 0.40
Total T: 28500 Episode Num: 95 Episode T: 300 Reward: 0.000 PseudoReward: [[-10195.053]]
Episode 95, Average Success Rate (last 10 eps): 0.40
Total T: 28800 Episode Num: 96 Episode T: 300 Reward: 0.000 PseudoReward: [[-11612.735]]
Episode 96, Average Success Rate (last 10 eps): 0.30
Total T: 29100 Episode Num: 97 Episode T: 300 Reward: 285.000 PseudoReward: [[-11425.185]]
Episode 97, Average Success Rate (last 10 eps): 0.40
Total T: 29400 Episode Num: 98 Episode T: 300 Reward: 0.000 PseudoReward: [[-12009.312]]
Episode 98, Average Success Rate (last 10 eps): 0.30
Total T: 29700 Episode Num: 99 Episode T: 300 Reward: 0.000 PseudoReward: [[-5882.964]]
Episode 99, Average Success Rate (last 10 eps): 0.30
Total T: 30000 Episode Num: 100 Episode T: 300 Reward: 43.000 PseudoReward: [[-6609.05]]
Episode 100, Average Success Rate (last 10 eps): 0.40
Total T: 30300 Episode Num: 101 Episode T: 300 Reward: 0.000 PseudoReward: [[-12757.924]]
Episode 101, Average Success Rate (last 10 eps): 0.40
Total T: 30600 Episode Num: 102 Episode T: 300 Reward: 76.000 PseudoReward: [[-11508.883]]
Episode 102, Average Success Rate (last 10 eps): 0.40
Total T: 30900 Episode Num: 103 Episode T: 300 Reward: 257.000 PseudoReward: [[-12548.73]]
Episode 103, Average Success Rate (last 10 eps): 0.40
Total T: 31200 Episode Num: 104 Episode T: 300 Reward: 31.000 PseudoReward: [[-11515.4795]]
Episode 104, Average Success Rate (last 10 eps): 0.50
Total T: 31500 Episode Num: 105 Episode T: 300 Reward: 140.000 PseudoReward: [[-10649.443]]
Episode 105, Average Success Rate (last 10 eps): 0.60
Total T: 31800 Episode Num: 106 Episode T: 300 Reward: 0.000 PseudoReward: [[-13743.331]]
Episode 106, Average Success Rate (last 10 eps): 0.60
Total T: 32100 Episode Num: 107 Episode T: 300 Reward: 145.000 PseudoReward: [[-7840.602]]
Episode 107, Average Success Rate (last 10 eps): 0.60
Total T: 32400 Episode Num: 108 Episode T: 300 Reward: 289.000 PseudoReward: [[-8371.0205]]
Episode 108, Average Success Rate (last 10 eps): 0.70
Total T: 32700 Episode Num: 109 Episode T: 300 Reward: 189.000 PseudoReward: [[-12158.15]]
Episode 109, Average Success Rate (last 10 eps): 0.80
Total T: 33000 Episode Num: 110 Episode T: 300 Reward: 0.000 PseudoReward: [[-11315.623]]
Episode 110, Average Success Rate (last 10 eps): 0.70
Total T: 33300 Episode Num: 111 Episode T: 300 Reward: 0.000 PseudoReward: [[-12672.522]]
Episode 111, Average Success Rate (last 10 eps): 0.70
Total T: 33600 Episode Num: 112 Episode T: 300 Reward: 223.000 PseudoReward: [[-13081.188]]
Episode 112, Average Success Rate (last 10 eps): 0.70
Total T: 33900 Episode Num: 113 Episode T: 300 Reward: 91.000 PseudoReward: [[-6632.2065]]
Episode 113, Average Success Rate (last 10 eps): 0.70
Total T: 34200 Episode Num: 114 Episode T: 300 Reward: 0.000 PseudoReward: [[-4961.532]]
Episode 114, Average Success Rate (last 10 eps): 0.60
Total T: 34500 Episode Num: 115 Episode T: 300 Reward: 0.000 PseudoReward: [[-13674.526]]
Episode 115, Average Success Rate (last 10 eps): 0.50
Total T: 34800 Episode Num: 116 Episode T: 300 Reward: 245.000 PseudoReward: [[-13348.86]]
Episode 116, Average Success Rate (last 10 eps): 0.60
Total T: 35100 Episode Num: 117 Episode T: 300 Reward: 200.000 PseudoReward: [[-13486.55]]
Episode 117, Average Success Rate (last 10 eps): 0.60
Total T: 35400 Episode Num: 118 Episode T: 300 Reward: 254.000 PseudoReward: [[-9075.379]]
Episode 118, Average Success Rate (last 10 eps): 0.60
Total T: 35700 Episode Num: 119 Episode T: 300 Reward: 0.000 PseudoReward: [[-4793.6953]]
Episode 119, Average Success Rate (last 10 eps): 0.50
Total T: 36000 Episode Num: 120 Episode T: 300 Reward: 290.000 PseudoReward: [[-7674.539]]
Episode 120, Average Success Rate (last 10 eps): 0.60
Total T: 36300 Episode Num: 121 Episode T: 300 Reward: 0.000 PseudoReward: [[-12827.737]]
Episode 121, Average Success Rate (last 10 eps): 0.60
Total T: 36600 Episode Num: 122 Episode T: 300 Reward: 224.000 PseudoReward: [[-13517.61]]
Episode 122, Average Success Rate (last 10 eps): 0.60
Total T: 36900 Episode Num: 123 Episode T: 300 Reward: 0.000 PseudoReward: [[-5005.299]]
Episode 123, Average Success Rate (last 10 eps): 0.50
Total T: 37200 Episode Num: 124 Episode T: 300 Reward: 286.000 PseudoReward: [[-12231.32]]
Episode 124, Average Success Rate (last 10 eps): 0.60
Total T: 37500 Episode Num: 125 Episode T: 300 Reward: 202.000 PseudoReward: [[-9590.897]]
Episode 125, Average Success Rate (last 10 eps): 0.70
Total T: 37800 Episode Num: 126 Episode T: 300 Reward: 232.000 PseudoReward: [[-13523.78]]
Episode 126, Average Success Rate (last 10 eps): 0.70
Total T: 38100 Episode Num: 127 Episode T: 300 Reward: 179.000 PseudoReward: [[-13630.399]]
Episode 127, Average Success Rate (last 10 eps): 0.70
Total T: 38400 Episode Num: 128 Episode T: 300 Reward: 79.000 PseudoReward: [[-6104.6675]]
Episode 128, Average Success Rate (last 10 eps): 0.70
Total T: 38700 Episode Num: 129 Episode T: 300 Reward: 0.000 PseudoReward: [[-12013.888]]
Episode 129, Average Success Rate (last 10 eps): 0.70
Total T: 39000 Episode Num: 130 Episode T: 300 Reward: 118.000 PseudoReward: [[-8206.086]]
Episode 130, Average Success Rate (last 10 eps): 0.70
Total T: 39300 Episode Num: 131 Episode T: 300 Reward: 0.000 PseudoReward: [[-6973.9453]]
Episode 131, Average Success Rate (last 10 eps): 0.70
Total T: 39600 Episode Num: 132 Episode T: 300 Reward: 160.000 PseudoReward: [[-13731.176]]
Episode 132, Average Success Rate (last 10 eps): 0.70
Total T: 39900 Episode Num: 133 Episode T: 300 Reward: 234.000 PseudoReward: [[-8372.114]]
Episode 133, Average Success Rate (last 10 eps): 0.80
Total T: 40200 Episode Num: 134 Episode T: 300 Reward: 215.000 PseudoReward: [[-11676.232]]
Episode 134, Average Success Rate (last 10 eps): 0.80
Total T: 40500 Episode Num: 135 Episode T: 300 Reward: 156.000 PseudoReward: [[-7116.169]]
Episode 135, Average Success Rate (last 10 eps): 0.80
Total T: 40800 Episode Num: 136 Episode T: 300 Reward: 0.000 PseudoReward: [[-12530.14]]
Episode 136, Average Success Rate (last 10 eps): 0.70
Total T: 41100 Episode Num: 137 Episode T: 300 Reward: 0.000 PseudoReward: [[-12723.363]]
Episode 137, Average Success Rate (last 10 eps): 0.60
Total T: 41400 Episode Num: 138 Episode T: 300 Reward: 0.000 PseudoReward: [[-13220.976]]
Episode 138, Average Success Rate (last 10 eps): 0.50
Total T: 41700 Episode Num: 139 Episode T: 300 Reward: 0.000 PseudoReward: [[-12210.716]]
Episode 139, Average Success Rate (last 10 eps): 0.50
Total T: 42000 Episode Num: 140 Episode T: 300 Reward: 0.000 PseudoReward: [[-13147.521]]
Episode 140, Average Success Rate (last 10 eps): 0.40
Total T: 42300 Episode Num: 141 Episode T: 300 Reward: 284.000 PseudoReward: [[-7776.447]]
Episode 141, Average Success Rate (last 10 eps): 0.50
Total T: 42600 Episode Num: 142 Episode T: 300 Reward: 262.000 PseudoReward: [[-2733.562]]
Episode 142, Average Success Rate (last 10 eps): 0.50
Total T: 42900 Episode Num: 143 Episode T: 300 Reward: 220.000 PseudoReward: [[-12324.36]]
Episode 143, Average Success Rate (last 10 eps): 0.50
Total T: 43200 Episode Num: 144 Episode T: 300 Reward: 0.000 PseudoReward: [[-13131.204]]
Episode 144, Average Success Rate (last 10 eps): 0.40
Total T: 43500 Episode Num: 145 Episode T: 300 Reward: 0.000 PseudoReward: [[-8516.639]]
Episode 145, Average Success Rate (last 10 eps): 0.30
Total T: 43800 Episode Num: 146 Episode T: 300 Reward: 102.000 PseudoReward: [[-9858.203]]
Episode 146, Average Success Rate (last 10 eps): 0.40
Total T: 44100 Episode Num: 147 Episode T: 300 Reward: 0.000 PseudoReward: [[-11854.138]]
Episode 147, Average Success Rate (last 10 eps): 0.40
Total T: 44400 Episode Num: 148 Episode T: 300 Reward: 247.000 PseudoReward: [[-13805.06]]
Episode 148, Average Success Rate (last 10 eps): 0.50
Total T: 44700 Episode Num: 149 Episode T: 300 Reward: 213.000 PseudoReward: [[-13418.439]]
Episode 149, Average Success Rate (last 10 eps): 0.60
Total T: 45000 Episode Num: 150 Episode T: 300 Reward: 264.000 PseudoReward: [[-7096.074]]
Episode 150, Average Success Rate (last 10 eps): 0.70
Total T: 45300 Episode Num: 151 Episode T: 300 Reward: 140.000 PseudoReward: [[-9325.168]]
Episode 151, Average Success Rate (last 10 eps): 0.70
Total T: 45600 Episode Num: 152 Episode T: 300 Reward: 135.000 PseudoReward: [[-13080.883]]
Episode 152, Average Success Rate (last 10 eps): 0.70
Total T: 45900 Episode Num: 153 Episode T: 300 Reward: 276.000 PseudoReward: [[-13700.65]]
Episode 153, Average Success Rate (last 10 eps): 0.70
Total T: 46200 Episode Num: 154 Episode T: 300 Reward: 197.000 PseudoReward: [[-12834.8125]]
Episode 154, Average Success Rate (last 10 eps): 0.80
Total T: 46500 Episode Num: 155 Episode T: 300 Reward: 225.000 PseudoReward: [[-10943.924]]
Episode 155, Average Success Rate (last 10 eps): 0.90
Total T: 46800 Episode Num: 156 Episode T: 300 Reward: 210.000 PseudoReward: [[-11063.824]]
Episode 156, Average Success Rate (last 10 eps): 0.90
Total T: 47100 Episode Num: 157 Episode T: 300 Reward: 16.000 PseudoReward: [[-9169.759]]
Episode 157, Average Success Rate (last 10 eps): 1.00
Total T: 47400 Episode Num: 158 Episode T: 300 Reward: 278.000 PseudoReward: [[-11301.751]]
Episode 158, Average Success Rate (last 10 eps): 1.00
Total T: 47700 Episode Num: 159 Episode T: 300 Reward: 0.000 PseudoReward: [[-10103.712]]
Episode 159, Average Success Rate (last 10 eps): 0.90
Total T: 48000 Episode Num: 160 Episode T: 300 Reward: 0.000 PseudoReward: [[-13756.146]]
Episode 160, Average Success Rate (last 10 eps): 0.80
Total T: 48300 Episode Num: 161 Episode T: 300 Reward: 0.000 PseudoReward: [[-12272.346]]
Episode 161, Average Success Rate (last 10 eps): 0.70
Total T: 48600 Episode Num: 162 Episode T: 300 Reward: 264.000 PseudoReward: [[-9416.966]]
Episode 162, Average Success Rate (last 10 eps): 0.70
Total T: 48900 Episode Num: 163 Episode T: 300 Reward: 0.000 PseudoReward: [[-8480.278]]
Episode 163, Average Success Rate (last 10 eps): 0.60
Total T: 49200 Episode Num: 164 Episode T: 300 Reward: 224.000 PseudoReward: [[-10811.189]]
Episode 164, Average Success Rate (last 10 eps): 0.60
Total T: 49500 Episode Num: 165 Episode T: 300 Reward: 283.000 PseudoReward: [[-7188.1167]]
Episode 165, Average Success Rate (last 10 eps): 0.60
Total T: 49800 Episode Num: 166 Episode T: 300 Reward: 291.000 PseudoReward: [[-13735.682]]
Episode 166, Average Success Rate (last 10 eps): 0.60
Total T: 50100 Episode Num: 167 Episode T: 300 Reward: 0.000 PseudoReward: [[-8386.814]]
Episode 167, Average Success Rate (last 10 eps): 0.50
Total T: 50400 Episode Num: 168 Episode T: 300 Reward: 0.000 PseudoReward: [[-13567.121]]
Episode 168, Average Success Rate (last 10 eps): 0.40
Total T: 50700 Episode Num: 169 Episode T: 300 Reward: 0.000 PseudoReward: [[-13654.058]]
Episode 169, Average Success Rate (last 10 eps): 0.40
Total T: 51000 Episode Num: 170 Episode T: 300 Reward: 281.000 PseudoReward: [[-12108.532]]
Episode 170, Average Success Rate (last 10 eps): 0.50
Total T: 51300 Episode Num: 171 Episode T: 300 Reward: 0.000 PseudoReward: [[-10927.165]]
Episode 171, Average Success Rate (last 10 eps): 0.50
Total T: 51600 Episode Num: 172 Episode T: 300 Reward: 242.000 PseudoReward: [[-8682.277]]
Episode 172, Average Success Rate (last 10 eps): 0.50
Total T: 51900 Episode Num: 173 Episode T: 300 Reward: 0.000 PseudoReward: [[-13306.462]]
Episode 173, Average Success Rate (last 10 eps): 0.50
Total T: 52200 Episode Num: 174 Episode T: 300 Reward: 0.000 PseudoReward: [[-13556.542]]
Episode 174, Average Success Rate (last 10 eps): 0.40
Total T: 52500 Episode Num: 175 Episode T: 300 Reward: 295.000 PseudoReward: [[-13356.777]]
Episode 175, Average Success Rate (last 10 eps): 0.40
Total T: 52800 Episode Num: 176 Episode T: 300 Reward: 6.000 PseudoReward: [[-5595.915]]
Episode 176, Average Success Rate (last 10 eps): 0.40
Total T: 53100 Episode Num: 177 Episode T: 300 Reward: 0.000 PseudoReward: [[-13744.448]]
Episode 177, Average Success Rate (last 10 eps): 0.40
Total T: 53400 Episode Num: 178 Episode T: 300 Reward: 0.000 PseudoReward: [[-13775.188]]
Episode 178, Average Success Rate (last 10 eps): 0.40
Total T: 53700 Episode Num: 179 Episode T: 300 Reward: 287.000 PseudoReward: [[-11235.085]]
Episode 179, Average Success Rate (last 10 eps): 0.50
Total T: 54000 Episode Num: 180 Episode T: 300 Reward: 283.000 PseudoReward: [[-3094.447]]
Episode 180, Average Success Rate (last 10 eps): 0.50
Total T: 54300 Episode Num: 181 Episode T: 300 Reward: 243.000 PseudoReward: [[-13768.21]]
Episode 181, Average Success Rate (last 10 eps): 0.60
Total T: 54600 Episode Num: 182 Episode T: 300 Reward: 274.000 PseudoReward: [[-8333.531]]
Episode 182, Average Success Rate (last 10 eps): 0.60
Total T: 54900 Episode Num: 183 Episode T: 300 Reward: 260.000 PseudoReward: [[-13515.749]]
Episode 183, Average Success Rate (last 10 eps): 0.70
Total T: 55200 Episode Num: 184 Episode T: 300 Reward: 197.000 PseudoReward: [[-9302.118]]
Episode 184, Average Success Rate (last 10 eps): 0.80
Total T: 55500 Episode Num: 185 Episode T: 300 Reward: 0.000 PseudoReward: [[-13614.259]]
Episode 185, Average Success Rate (last 10 eps): 0.70
Total T: 55800 Episode Num: 186 Episode T: 300 Reward: 235.000 PseudoReward: [[-13745.463]]
Episode 186, Average Success Rate (last 10 eps): 0.70
Total T: 56100 Episode Num: 187 Episode T: 300 Reward: 0.000 PseudoReward: [[-5101.9746]]
Episode 187, Average Success Rate (last 10 eps): 0.70
Total T: 56400 Episode Num: 188 Episode T: 300 Reward: 157.000 PseudoReward: [[-11658.537]]
Episode 188, Average Success Rate (last 10 eps): 0.80
Total T: 56700 Episode Num: 189 Episode T: 300 Reward: 236.000 PseudoReward: [[-9425.647]]
Episode 189, Average Success Rate (last 10 eps): 0.80
Total T: 57000 Episode Num: 190 Episode T: 300 Reward: 0.000 PseudoReward: [[-13758.153]]
Episode 190, Average Success Rate (last 10 eps): 0.70
Total T: 57300 Episode Num: 191 Episode T: 300 Reward: 234.000 PseudoReward: [[-13184.104]]
Episode 191, Average Success Rate (last 10 eps): 0.70
Total T: 57600 Episode Num: 192 Episode T: 300 Reward: 115.000 PseudoReward: [[-11869.766]]
Episode 192, Average Success Rate (last 10 eps): 0.70
Total T: 57900 Episode Num: 193 Episode T: 300 Reward: 0.000 PseudoReward: [[-9297.965]]
Episode 193, Average Success Rate (last 10 eps): 0.60
Total T: 58200 Episode Num: 194 Episode T: 300 Reward: 200.000 PseudoReward: [[-13623.8125]]
Episode 194, Average Success Rate (last 10 eps): 0.60
Total T: 58500 Episode Num: 195 Episode T: 300 Reward: 0.000 PseudoReward: [[-12736.895]]
Episode 195, Average Success Rate (last 10 eps): 0.60
Total T: 58800 Episode Num: 196 Episode T: 300 Reward: 0.000 PseudoReward: [[-13502.887]]
Episode 196, Average Success Rate (last 10 eps): 0.50
Total T: 59100 Episode Num: 197 Episode T: 300 Reward: 0.000 PseudoReward: [[-12899.648]]
Episode 197, Average Success Rate (last 10 eps): 0.50
Total T: 59400 Episode Num: 198 Episode T: 300 Reward: 0.000 PseudoReward: [[-12568.191]]
Episode 198, Average Success Rate (last 10 eps): 0.40
Total T: 59700 Episode Num: 199 Episode T: 300 Reward: 0.000 PseudoReward: [[-13702.265]]
Episode 199, Average Success Rate (last 10 eps): 0.30
Total T: 60000 Episode Num: 200 Episode T: 300 Reward: 269.000 PseudoReward: [[-13635.654]]
Episode 200, Average Success Rate (last 10 eps): 0.40
Total T: 60300 Episode Num: 201 Episode T: 300 Reward: 0.000 PseudoReward: [[-10087.321]]
Episode 201, Average Success Rate (last 10 eps): 0.30
Total T: 60600 Episode Num: 202 Episode T: 300 Reward: 228.000 PseudoReward: [[-13782.522]]
Episode 202, Average Success Rate (last 10 eps): 0.30
Total T: 60900 Episode Num: 203 Episode T: 300 Reward: 0.000 PseudoReward: [[-12765.722]]
Episode 203, Average Success Rate (last 10 eps): 0.30
Total T: 61200 Episode Num: 204 Episode T: 300 Reward: 0.000 PseudoReward: [[-13441.19]]
Episode 204, Average Success Rate (last 10 eps): 0.20
Total T: 61500 Episode Num: 205 Episode T: 300 Reward: 168.000 PseudoReward: [[-6361.5654]]
Episode 205, Average Success Rate (last 10 eps): 0.30
Total T: 61800 Episode Num: 206 Episode T: 300 Reward: 0.000 PseudoReward: [[-9717.805]]
Episode 206, Average Success Rate (last 10 eps): 0.30
Total T: 62100 Episode Num: 207 Episode T: 300 Reward: 265.000 PseudoReward: [[-11496.696]]
Episode 207, Average Success Rate (last 10 eps): 0.40
Total T: 62400 Episode Num: 208 Episode T: 300 Reward: 252.000 PseudoReward: [[-13811.834]]
Episode 208, Average Success Rate (last 10 eps): 0.50
Total T: 62700 Episode Num: 209 Episode T: 300 Reward: 132.000 PseudoReward: [[-11288.288]]
Episode 209, Average Success Rate (last 10 eps): 0.60
Total T: 63000 Episode Num: 210 Episode T: 300 Reward: 26.000 PseudoReward: [[-6917.2114]]
Episode 210, Average Success Rate (last 10 eps): 0.60
Total T: 63300 Episode Num: 211 Episode T: 300 Reward: 0.000 PseudoReward: [[-13791.52]]
Episode 211, Average Success Rate (last 10 eps): 0.60
Total T: 63600 Episode Num: 212 Episode T: 300 Reward: 0.000 PseudoReward: [[-13642.351]]
Episode 212, Average Success Rate (last 10 eps): 0.50
Total T: 63900 Episode Num: 213 Episode T: 300 Reward: 270.000 PseudoReward: [[-13638.975]]
Episode 213, Average Success Rate (last 10 eps): 0.60
Total T: 64200 Episode Num: 214 Episode T: 300 Reward: 0.000 PseudoReward: [[-11786.328]]
Episode 214, Average Success Rate (last 10 eps): 0.60
Total T: 64500 Episode Num: 215 Episode T: 300 Reward: 281.000 PseudoReward: [[-13168.587]]
Episode 215, Average Success Rate (last 10 eps): 0.60
Total T: 64800 Episode Num: 216 Episode T: 300 Reward: 253.000 PseudoReward: [[-6686.353]]
Episode 216, Average Success Rate (last 10 eps): 0.70
Total T: 65100 Episode Num: 217 Episode T: 300 Reward: 0.000 PseudoReward: [[-8350.952]]
Episode 217, Average Success Rate (last 10 eps): 0.60
Total T: 65400 Episode Num: 218 Episode T: 300 Reward: 0.000 PseudoReward: [[-11942.181]]
Episode 218, Average Success Rate (last 10 eps): 0.50
Total T: 65700 Episode Num: 219 Episode T: 300 Reward: 279.000 PseudoReward: [[-13792.122]]
Episode 219, Average Success Rate (last 10 eps): 0.50
Total T: 66000 Episode Num: 220 Episode T: 300 Reward: 154.000 PseudoReward: [[-8420.32]]
Episode 220, Average Success Rate (last 10 eps): 0.50
Total T: 66300 Episode Num: 221 Episode T: 300 Reward: 0.000 PseudoReward: [[-7719.793]]
Episode 221, Average Success Rate (last 10 eps): 0.50
Total T: 66600 Episode Num: 222 Episode T: 300 Reward: 264.000 PseudoReward: [[-13795.808]]
Episode 222, Average Success Rate (last 10 eps): 0.60
Total T: 66900 Episode Num: 223 Episode T: 300 Reward: 276.000 PseudoReward: [[-13807.769]]
Episode 223, Average Success Rate (last 10 eps): 0.60
Total T: 67200 Episode Num: 224 Episode T: 300 Reward: 0.000 PseudoReward: [[-11488.357]]
Episode 224, Average Success Rate (last 10 eps): 0.60
Total T: 67500 Episode Num: 225 Episode T: 300 Reward: 293.000 PseudoReward: [[-13806.067]]
Episode 225, Average Success Rate (last 10 eps): 0.60
Total T: 67800 Episode Num: 226 Episode T: 300 Reward: 0.000 PseudoReward: [[-8713.71]]
Episode 226, Average Success Rate (last 10 eps): 0.50
Total T: 68100 Episode Num: 227 Episode T: 300 Reward: 0.000 PseudoReward: [[-13522.262]]
Episode 227, Average Success Rate (last 10 eps): 0.50
Total T: 68400 Episode Num: 228 Episode T: 300 Reward: 261.000 PseudoReward: [[-10650.848]]
Episode 228, Average Success Rate (last 10 eps): 0.60
Total T: 68700 Episode Num: 229 Episode T: 300 Reward: 0.000 PseudoReward: [[-8223.604]]
Episode 229, Average Success Rate (last 10 eps): 0.50
Total T: 69000 Episode Num: 230 Episode T: 300 Reward: 210.000 PseudoReward: [[-11822.225]]
Episode 230, Average Success Rate (last 10 eps): 0.50
Total T: 69300 Episode Num: 231 Episode T: 300 Reward: 0.000 PseudoReward: [[-13321.278]]
Episode 231, Average Success Rate (last 10 eps): 0.50
Total T: 69600 Episode Num: 232 Episode T: 300 Reward: 0.000 PseudoReward: [[-13162.627]]
Episode 232, Average Success Rate (last 10 eps): 0.40
Total T: 69900 Episode Num: 233 Episode T: 300 Reward: 219.000 PseudoReward: [[-13767.302]]
Episode 233, Average Success Rate (last 10 eps): 0.40
Total T: 70200 Episode Num: 234 Episode T: 300 Reward: 0.000 PseudoReward: [[-13578.02]]
Episode 234, Average Success Rate (last 10 eps): 0.40
Total T: 70500 Episode Num: 235 Episode T: 300 Reward: 278.000 PseudoReward: [[-13815.048]]
Episode 235, Average Success Rate (last 10 eps): 0.40
Total T: 70800 Episode Num: 236 Episode T: 300 Reward: 276.000 PseudoReward: [[-13799.993]]
Episode 236, Average Success Rate (last 10 eps): 0.50
Total T: 71100 Episode Num: 237 Episode T: 300 Reward: 11.000 PseudoReward: [[-13524.05]]
Episode 237, Average Success Rate (last 10 eps): 0.60
Total T: 71400 Episode Num: 238 Episode T: 300 Reward: 278.000 PseudoReward: [[-9834.727]]
Episode 238, Average Success Rate (last 10 eps): 0.60
Total T: 71700 Episode Num: 239 Episode T: 300 Reward: 287.000 PseudoReward: [[-13795.625]]
Episode 239, Average Success Rate (last 10 eps): 0.70
Total T: 72000 Episode Num: 240 Episode T: 300 Reward: 0.000 PseudoReward: [[-13662.976]]
Episode 240, Average Success Rate (last 10 eps): 0.60
Total T: 72300 Episode Num: 241 Episode T: 300 Reward: 276.000 PseudoReward: [[-13518.926]]
Episode 241, Average Success Rate (last 10 eps): 0.70
Total T: 72600 Episode Num: 242 Episode T: 300 Reward: 270.000 PseudoReward: [[-12654.781]]
Episode 242, Average Success Rate (last 10 eps): 0.80
Total T: 72900 Episode Num: 243 Episode T: 300 Reward: 288.000 PseudoReward: [[-13810.862]]
Episode 243, Average Success Rate (last 10 eps): 0.80
Total T: 73200 Episode Num: 244 Episode T: 300 Reward: 267.000 PseudoReward: [[-13782.266]]
Episode 244, Average Success Rate (last 10 eps): 0.90
Total T: 73500 Episode Num: 245 Episode T: 300 Reward: 15.000 PseudoReward: [[-9569.596]]
Episode 245, Average Success Rate (last 10 eps): 0.90
Total T: 73800 Episode Num: 246 Episode T: 300 Reward: 293.000 PseudoReward: [[-13629.637]]
Episode 246, Average Success Rate (last 10 eps): 0.90
Total T: 74100 Episode Num: 247 Episode T: 300 Reward: 263.000 PseudoReward: [[-13650.904]]
Episode 247, Average Success Rate (last 10 eps): 0.90
Total T: 74400 Episode Num: 248 Episode T: 300 Reward: 265.000 PseudoReward: [[-13654.552]]
Episode 248, Average Success Rate (last 10 eps): 0.90
Total T: 74700 Episode Num: 249 Episode T: 300 Reward: 264.000 PseudoReward: [[-13805.482]]
Episode 249, Average Success Rate (last 10 eps): 0.90
Total T: 75000 Episode Num: 250 Episode T: 300 Reward: 256.000 PseudoReward: [[-12550.611]]
Episode 250, Average Success Rate (last 10 eps): 1.00
Total T: 75300 Episode Num: 251 Episode T: 300 Reward: 143.000 PseudoReward: [[-13649.371]]
Episode 251, Average Success Rate (last 10 eps): 1.00
Total T: 75600 Episode Num: 252 Episode T: 300 Reward: 286.000 PseudoReward: [[-13465.247]]
Episode 252, Average Success Rate (last 10 eps): 1.00
Total T: 75900 Episode Num: 253 Episode T: 300 Reward: 111.000 PseudoReward: [[-8431.816]]
Episode 253, Average Success Rate (last 10 eps): 1.00
Total T: 76200 Episode Num: 254 Episode T: 300 Reward: 118.000 PseudoReward: [[-12998.238]]
Episode 254, Average Success Rate (last 10 eps): 1.00
Total T: 76500 Episode Num: 255 Episode T: 300 Reward: 0.000 PseudoReward: [[-13784.508]]
Episode 255, Average Success Rate (last 10 eps): 0.90
Total T: 76800 Episode Num: 256 Episode T: 300 Reward: 104.000 PseudoReward: [[-12438.536]]
Episode 256, Average Success Rate (last 10 eps): 0.90
Total T: 77100 Episode Num: 257 Episode T: 300 Reward: 0.000 PseudoReward: [[-13230.289]]
Episode 257, Average Success Rate (last 10 eps): 0.80
Total T: 77400 Episode Num: 258 Episode T: 300 Reward: 274.000 PseudoReward: [[-11622.971]]
Episode 258, Average Success Rate (last 10 eps): 0.80
Total T: 77700 Episode Num: 259 Episode T: 300 Reward: 0.000 PseudoReward: [[-13652.452]]
Episode 259, Average Success Rate (last 10 eps): 0.70
Total T: 78000 Episode Num: 260 Episode T: 300 Reward: 252.000 PseudoReward: [[-13405.469]]
Episode 260, Average Success Rate (last 10 eps): 0.70
Total T: 78300 Episode Num: 261 Episode T: 300 Reward: 62.000 PseudoReward: [[-12065.292]]
Episode 261, Average Success Rate (last 10 eps): 0.70
Total T: 78600 Episode Num: 262 Episode T: 300 Reward: 236.000 PseudoReward: [[-7660.8833]]
Episode 262, Average Success Rate (last 10 eps): 0.70
Total T: 78900 Episode Num: 263 Episode T: 300 Reward: 174.000 PseudoReward: [[-9811.922]]
Episode 263, Average Success Rate (last 10 eps): 0.70
Total T: 79200 Episode Num: 264 Episode T: 300 Reward: 8.000 PseudoReward: [[-11809.999]]
Episode 264, Average Success Rate (last 10 eps): 0.70
Total T: 79500 Episode Num: 265 Episode T: 300 Reward: 246.000 PseudoReward: [[-12887.474]]
Episode 265, Average Success Rate (last 10 eps): 0.80
Total T: 79800 Episode Num: 266 Episode T: 300 Reward: 0.000 PseudoReward: [[-10082.193]]
Episode 266, Average Success Rate (last 10 eps): 0.70
Total T: 80100 Episode Num: 267 Episode T: 300 Reward: 221.000 PseudoReward: [[-13749.701]]
Episode 267, Average Success Rate (last 10 eps): 0.80
Total T: 80400 Episode Num: 268 Episode T: 300 Reward: 0.000 PseudoReward: [[-11209.989]]
Episode 268, Average Success Rate (last 10 eps): 0.70
Total T: 80700 Episode Num: 269 Episode T: 300 Reward: 273.000 PseudoReward: [[-13480.939]]
Episode 269, Average Success Rate (last 10 eps): 0.80
Total T: 81000 Episode Num: 270 Episode T: 300 Reward: 188.000 PseudoReward: [[-11378.942]]
Episode 270, Average Success Rate (last 10 eps): 0.80
Total T: 81300 Episode Num: 271 Episode T: 300 Reward: 0.000 PseudoReward: [[-13601.6045]]
Episode 271, Average Success Rate (last 10 eps): 0.70
Total T: 81600 Episode Num: 272 Episode T: 300 Reward: 181.000 PseudoReward: [[-13719.792]]
Episode 272, Average Success Rate (last 10 eps): 0.70
Total T: 81900 Episode Num: 273 Episode T: 300 Reward: 294.000 PseudoReward: [[-8952.01]]
Episode 273, Average Success Rate (last 10 eps): 0.70
Total T: 82200 Episode Num: 274 Episode T: 300 Reward: 0.000 PseudoReward: [[-11251.76]]
Episode 274, Average Success Rate (last 10 eps): 0.60
Total T: 82500 Episode Num: 275 Episode T: 300 Reward: 243.000 PseudoReward: [[-11693.128]]
Episode 275, Average Success Rate (last 10 eps): 0.60
Total T: 82800 Episode Num: 276 Episode T: 300 Reward: 288.000 PseudoReward: [[-13300.51]]
Episode 276, Average Success Rate (last 10 eps): 0.70
Total T: 83100 Episode Num: 277 Episode T: 300 Reward: 0.000 PseudoReward: [[-11860.041]]
Episode 277, Average Success Rate (last 10 eps): 0.60
Total T: 83400 Episode Num: 278 Episode T: 300 Reward: 284.000 PseudoReward: [[-13001.215]]
Episode 278, Average Success Rate (last 10 eps): 0.70
Total T: 83700 Episode Num: 279 Episode T: 300 Reward: 0.000 PseudoReward: [[-13654.49]]
Episode 279, Average Success Rate (last 10 eps): 0.60
Total T: 84000 Episode Num: 280 Episode T: 300 Reward: 229.000 PseudoReward: [[-7434.223]]
Episode 280, Average Success Rate (last 10 eps): 0.60
Total T: 84300 Episode Num: 281 Episode T: 300 Reward: 193.000 PseudoReward: [[-11522.988]]
Episode 281, Average Success Rate (last 10 eps): 0.70
Total T: 84600 Episode Num: 282 Episode T: 300 Reward: 108.000 PseudoReward: [[-10266.3125]]
Episode 282, Average Success Rate (last 10 eps): 0.70
Total T: 84900 Episode Num: 283 Episode T: 300 Reward: 0.000 PseudoReward: [[-13046.524]]
Episode 283, Average Success Rate (last 10 eps): 0.60
