/home/xlx9645/miniconda3/envs/maze/lib/python3.9/site-packages/gymnasium/envs/registration.py:642: UserWarning: [33mWARN: Overriding environment TrapMazeEnv already in registry.[0m
  logger.warn(f"Overriding environment {new_spec.id} already in registry.")
wandb: Using wandb-core as the SDK backend.  Please refer to https://wandb.me/wandb-core for more information.
wandb: Currently logged in as: yuxuanli2023 (yuxuanli2023-northwestern-university). Use `wandb login --relogin` to force relogin
wandb: Tracking run with wandb version 0.19.1
wandb: Run data is saved locally in /home/xlx9645/failed/Maze/update_baselines/wandb/run-20241229_184526-pzthva3y
wandb: Run `wandb offline` to turn off syncing.
wandb: Syncing run GAIL_on
wandb: ⭐️ View project at https://wandb.ai/yuxuanli2023-northwestern-university/Main_1229
wandb: 🚀 View run at https://wandb.ai/yuxuanli2023-northwestern-university/Main_1229/runs/pzthva3y
/home/xlx9645/miniconda3/envs/maze/lib/python3.9/site-packages/gymnasium/spaces/box.py:235: UserWarning: [33mWARN: Box low's precision lowered by casting to float32, current low.dtype=float64[0m
  gym.logger.warn(
/home/xlx9645/miniconda3/envs/maze/lib/python3.9/site-packages/gymnasium/spaces/box.py:305: UserWarning: [33mWARN: Box high's precision lowered by casting to float32, current high.dtype=float64[0m
  gym.logger.warn(
/home/xlx9645/miniconda3/envs/maze/lib/python3.9/site-packages/torch/optim/lr_scheduler.py:224: UserWarning: Detected call of `lr_scheduler.step()` before `optimizer.step()`. In PyTorch 1.1.0 and later, you should call them in the opposite order: `optimizer.step()` before `lr_scheduler.step()`.  Failure to do this will result in PyTorch skipping the first value of the learning rate schedule. See more details at https://pytorch.org/docs/stable/optim.html#how-to-adjust-learning-rate
  warnings.warn(
/home/xlx9645/failed/Maze/update_baselines/Main_GAIL2.py:84: FutureWarning: You are using `torch.load` with `weights_only=False` (the current default value), which uses the default pickle module implicitly. It is possible to construct malicious pickle data which will execute arbitrary code during unpickling (See https://github.com/pytorch/pytorch/blob/main/SECURITY.md#untrusted-models for more details). In a future release, the default value for `weights_only` will be flipped to `True`. This limits the functions that could be executed during unpickling. Arbitrary objects will no longer be allowed to be loaded via this mode unless they are explicitly allowlisted by the user via `torch.serialization.add_safe_globals`. We recommend you start setting `weights_only=True` for any use case where you don't have full control of the loaded file. Please open an issue on GitHub for any issues related to this experimental feature.
  reward_net.load_state_dict(torch.load(reward_net_path, map_location=device))
Traceback (most recent call last):
  File "/home/xlx9645/failed/Maze/update_baselines/Main_GAIL2.py", line 291, in <module>
    visualize_bcirl_reward_function(
  File "/home/xlx9645/failed/Maze/update_baselines/Main_GAIL2.py", line 84, in visualize_bcirl_reward_function
    reward_net.load_state_dict(torch.load(reward_net_path, map_location=device))
  File "/home/xlx9645/miniconda3/envs/maze/lib/python3.9/site-packages/torch/serialization.py", line 1360, in load
    return _load(
  File "/home/xlx9645/miniconda3/envs/maze/lib/python3.9/site-packages/torch/serialization.py", line 1848, in _load
    result = unpickler.load()
  File "/home/xlx9645/miniconda3/envs/maze/lib/python3.9/site-packages/torch/serialization.py", line 1812, in persistent_load
    typed_storage = load_tensor(
  File "/home/xlx9645/miniconda3/envs/maze/lib/python3.9/site-packages/torch/serialization.py", line 1772, in load_tensor
    zip_file.get_storage_from_record(name, numel, torch.UntypedStorage)
RuntimeError: PytorchStreamReader failed reading file data/2: file read failed
[1;34mwandb[0m: 🚀 View run [33mGAIL_on[0m at: [34mhttps://wandb.ai/yuxuanli2023-northwestern-university/Main_1229/runs/pzthva3y[0m
[1;34mwandb[0m: Find logs at: [1;35mwandb/run-20241229_184526-pzthva3y/logs[0m
